[2024-04-03T09:58:46.103+0000] {taskinstance.py:1979} INFO - Dependencies all met for dep_context=non-requeueable deps ti=<TaskInstance: dag_allocate_messages.process_error_messages manual__2024-04-03T09:58:44.900667+00:00 [queued]>
[2024-04-03T09:58:46.135+0000] {taskinstance.py:1979} INFO - Dependencies all met for dep_context=requeueable deps ti=<TaskInstance: dag_allocate_messages.process_error_messages manual__2024-04-03T09:58:44.900667+00:00 [queued]>
[2024-04-03T09:58:46.136+0000] {taskinstance.py:2193} INFO - Starting attempt 1 of 6
[2024-04-03T09:58:46.178+0000] {taskinstance.py:2214} INFO - Executing <Task(PythonOperator): process_error_messages> on 2024-04-03 09:58:44.900667+00:00
[2024-04-03T09:58:46.198+0000] {standard_task_runner.py:60} INFO - Started process 14677 to run task
[2024-04-03T09:58:46.227+0000] {standard_task_runner.py:87} INFO - Running: ['***', 'tasks', 'run', 'dag_allocate_messages', 'process_error_messages', 'manual__2024-04-03T09:58:44.900667+00:00', '--job-id', '1296', '--raw', '--subdir', 'DAGS_FOLDER/dag_allocate_messages.py', '--cfg-path', '/tmp/tmp_f7a5yl9']
[2024-04-03T09:58:46.236+0000] {standard_task_runner.py:88} INFO - Job 1296: Subtask process_error_messages
[2024-04-03T09:58:46.490+0000] {task_command.py:423} INFO - Running <TaskInstance: dag_allocate_messages.process_error_messages manual__2024-04-03T09:58:44.900667+00:00 [running]> on host af8488263d95
[2024-04-03T09:58:46.765+0000] {taskinstance.py:2510} INFO - Exporting env vars: AIRFLOW_CTX_DAG_OWNER='daniel' AIRFLOW_CTX_DAG_ID='dag_allocate_messages' AIRFLOW_CTX_TASK_ID='process_error_messages' AIRFLOW_CTX_EXECUTION_DATE='2024-04-03T09:58:44.900667+00:00' AIRFLOW_CTX_TRY_NUMBER='1' AIRFLOW_CTX_DAG_RUN_ID='manual__2024-04-03T09:58:44.900667+00:00'
[2024-04-03T09:58:46.770+0000] {logging_mixin.py:188} INFO - proccess error messages
[2024-04-03T09:58:46.808+0000] {base.py:83} INFO - Using connection ID 'postgres_localhost' for task execution.
[2024-04-03T09:58:46.864+0000] {logging_mixin.py:188} INFO - insert errr ID: 2
[2024-04-03T09:58:46.868+0000] {logging_mixin.py:188} INFO - insert errr ID: 5
[2024-04-03T09:58:46.970+0000] {logging_mixin.py:188} WARNING - /home/***/.local/lib/python3.8/site-packages/***/utils/email.py:154 RemovedInAirflow3Warning: Fetching SMTP credentials from configuration variables will be deprecated in a future release. Please set credentials using a connection instead.
[2024-04-03T09:58:46.972+0000] {email.py:270} INFO - Email alerting: attempt 1
[2024-04-03T09:58:47.230+0000] {email.py:281} INFO - Sent an alert email to ['daniel.stuckenberger@studmail.htw-aalen.de']
[2024-04-03T09:58:47.386+0000] {logging_mixin.py:188} INFO - proccess error messages
[2024-04-03T09:58:47.414+0000] {python.py:202} INFO - Done. Returned value was: None
[2024-04-03T09:58:47.434+0000] {taskinstance.py:1149} INFO - Marking task as SUCCESS. dag_id=dag_allocate_messages, task_id=process_error_messages, execution_date=20240403T095844, start_date=20240403T095846, end_date=20240403T095847
[2024-04-03T09:58:47.494+0000] {local_task_job_runner.py:234} INFO - Task exited with return code 0
[2024-04-03T09:58:47.538+0000] {taskinstance.py:3309} INFO - 1 downstream tasks scheduled from follow-on schedule check
