[2024-03-25T15:26:14.184+0000] {taskinstance.py:1979} INFO - Dependencies all met for dep_context=non-requeueable deps ti=<TaskInstance: dag_with_postgres_operator_v02.delete_data_from_table scheduled__2024-03-24T00:00:00+00:00 [queued]>
[2024-03-25T15:26:14.313+0000] {taskinstance.py:1979} INFO - Dependencies all met for dep_context=requeueable deps ti=<TaskInstance: dag_with_postgres_operator_v02.delete_data_from_table scheduled__2024-03-24T00:00:00+00:00 [queued]>
[2024-03-25T15:26:14.314+0000] {taskinstance.py:2193} INFO - Starting attempt 1 of 6
[2024-03-25T15:26:15.215+0000] {taskinstance.py:2214} INFO - Executing <Task(PostgresOperator): delete_data_from_table> on 2024-03-24 00:00:00+00:00
[2024-03-25T15:26:15.313+0000] {standard_task_runner.py:60} INFO - Started process 1208 to run task
[2024-03-25T15:26:15.416+0000] {standard_task_runner.py:87} INFO - Running: ['***', 'tasks', 'run', 'dag_with_postgres_operator_v02', 'delete_data_from_table', 'scheduled__2024-03-24T00:00:00+00:00', '--job-id', '1029', '--raw', '--subdir', 'DAGS_FOLDER/dag_with_postgres_operator.py', '--cfg-path', '/tmp/tmpn7u32zs6']
[2024-03-25T15:26:15.514+0000] {standard_task_runner.py:88} INFO - Job 1029: Subtask delete_data_from_table
[2024-03-25T15:26:16.003+0000] {task_command.py:423} INFO - Running <TaskInstance: dag_with_postgres_operator_v02.delete_data_from_table scheduled__2024-03-24T00:00:00+00:00 [running]> on host 932f824b7ebb
[2024-03-25T15:26:16.455+0000] {taskinstance.py:2510} INFO - Exporting env vars: AIRFLOW_CTX_DAG_OWNER='daniel' AIRFLOW_CTX_DAG_ID='dag_with_postgres_operator_v02' AIRFLOW_CTX_TASK_ID='delete_data_from_table' AIRFLOW_CTX_EXECUTION_DATE='2024-03-24T00:00:00+00:00' AIRFLOW_CTX_TRY_NUMBER='1' AIRFLOW_CTX_DAG_RUN_ID='scheduled__2024-03-24T00:00:00+00:00'
[2024-03-25T15:26:16.466+0000] {sql.py:276} INFO - Executing: 
            delete from dag_runs where dt = '2024-03-24' and dag_id = 'dag_with_postgres_operator_v02';
        
[2024-03-25T15:26:16.557+0000] {base.py:83} INFO - Using connection ID 'postgres_localhost' for task execution.
[2024-03-25T15:26:16.648+0000] {base.py:83} INFO - Using connection ID 'postgres_localhost' for task execution.
[2024-03-25T15:26:16.714+0000] {sql.py:457} INFO - Running statement: 
            delete from dag_runs where dt = '2024-03-24' and dag_id = 'dag_with_postgres_operator_v02';
        , parameters: None
[2024-03-25T15:26:16.736+0000] {sql.py:466} INFO - Rows affected: 0
[2024-03-25T15:26:16.777+0000] {logging_mixin.py:188} WARNING - /home/***/.local/lib/python3.8/site-packages/***/providers/common/sql/hooks/sql.py:407 AirflowProviderDeprecationWarning: Call to deprecated method _make_common_data_structure. (The `_make_serializable` method is deprecated and support will be removed in a future version of the common.sql provider. Please update the DbApiHook's provider to a version based on common.sql >= 1.9.1.)
[2024-03-25T15:26:16.848+0000] {taskinstance.py:1149} INFO - Marking task as SUCCESS. dag_id=dag_with_postgres_operator_v02, task_id=delete_data_from_table, execution_date=20240324T000000, start_date=20240325T152614, end_date=20240325T152616
[2024-03-25T15:26:17.017+0000] {local_task_job_runner.py:234} INFO - Task exited with return code 0
[2024-03-25T15:26:17.415+0000] {logging_mixin.py:188} WARNING - /home/***/.local/lib/python3.8/site-packages/***/models/baseoperator.py:1201 AirflowProviderDeprecationWarning: Call to deprecated class PostgresOperator. (Please use `***.providers.common.sql.operators.sql.SQLExecuteQueryOperator`.Also, you can provide `hook_params={'schema': <database>}`.)
[2024-03-25T15:26:17.448+0000] {taskinstance.py:3309} INFO - 0 downstream tasks scheduled from follow-on schedule check
