[2024-03-12T11:11:30.842+0000] {taskinstance.py:1979} INFO - Dependencies all met for dep_context=non-requeueable deps ti=<TaskInstance: dag_with_postgres_operator_v02.insert_into_table manual__2024-03-12T11:11:28.612100+00:00 [queued]>
[2024-03-12T11:11:30.862+0000] {taskinstance.py:1979} INFO - Dependencies all met for dep_context=requeueable deps ti=<TaskInstance: dag_with_postgres_operator_v02.insert_into_table manual__2024-03-12T11:11:28.612100+00:00 [queued]>
[2024-03-12T11:11:30.863+0000] {taskinstance.py:2193} INFO - Starting attempt 1 of 6
[2024-03-12T11:11:30.891+0000] {taskinstance.py:2214} INFO - Executing <Task(PostgresOperator): insert_into_table> on 2024-03-12 11:11:28.612100+00:00
[2024-03-12T11:11:30.902+0000] {standard_task_runner.py:60} INFO - Started process 2251 to run task
[2024-03-12T11:11:30.911+0000] {standard_task_runner.py:87} INFO - Running: ['***', 'tasks', 'run', 'dag_with_postgres_operator_v02', 'insert_into_table', 'manual__2024-03-12T11:11:28.612100+00:00', '--job-id', '884', '--raw', '--subdir', 'DAGS_FOLDER/dag_with_postgres_operator.py', '--cfg-path', '/tmp/tmpscucb0fg']
[2024-03-12T11:11:30.916+0000] {standard_task_runner.py:88} INFO - Job 884: Subtask insert_into_table
[2024-03-12T11:11:31.044+0000] {task_command.py:423} INFO - Running <TaskInstance: dag_with_postgres_operator_v02.insert_into_table manual__2024-03-12T11:11:28.612100+00:00 [running]> on host 26e63b1d0d39
[2024-03-12T11:11:31.222+0000] {taskinstance.py:2510} INFO - Exporting env vars: AIRFLOW_CTX_DAG_OWNER='daniel' AIRFLOW_CTX_DAG_ID='dag_with_postgres_operator_v02' AIRFLOW_CTX_TASK_ID='insert_into_table' AIRFLOW_CTX_EXECUTION_DATE='2024-03-12T11:11:28.612100+00:00' AIRFLOW_CTX_TRY_NUMBER='1' AIRFLOW_CTX_DAG_RUN_ID='manual__2024-03-12T11:11:28.612100+00:00'
[2024-03-12T11:11:31.223+0000] {sql.py:276} INFO - Executing:  
            insert into table dag_runs (dt, dag_id) values ('2024-03-12', 'dag_with_postgres_operator_v02' )
        )
[2024-03-12T11:11:31.242+0000] {base.py:83} INFO - Using connection ID 'postgres_localhost' for task execution.
[2024-03-12T11:11:31.261+0000] {base.py:83} INFO - Using connection ID 'postgres_localhost' for task execution.
[2024-03-12T11:11:31.277+0000] {sql.py:457} INFO - Running statement:  
            insert into table dag_runs (dt, dag_id) values ('2024-03-12', 'dag_with_postgres_operator_v02' )
        ), parameters: None
[2024-03-12T11:11:31.283+0000] {taskinstance.py:2728} ERROR - Task failed with exception
Traceback (most recent call last):
  File "/home/airflow/.local/lib/python3.8/site-packages/airflow/models/taskinstance.py", line 444, in _execute_task
    result = _execute_callable(context=context, **execute_callable_kwargs)
  File "/home/airflow/.local/lib/python3.8/site-packages/airflow/models/taskinstance.py", line 414, in _execute_callable
    return execute_callable(context=context, **execute_callable_kwargs)
  File "/home/airflow/.local/lib/python3.8/site-packages/airflow/providers/common/sql/operators/sql.py", line 282, in execute
    output = hook.run(
  File "/home/airflow/.local/lib/python3.8/site-packages/airflow/providers/common/sql/hooks/sql.py", line 404, in run
    self._run_command(cur, sql_statement, parameters)
  File "/home/airflow/.local/lib/python3.8/site-packages/airflow/providers/common/sql/hooks/sql.py", line 462, in _run_command
    cur.execute(sql_statement)
psycopg2.errors.SyntaxError: syntax error at or near "table"
LINE 2:             insert into table dag_runs (dt, dag_id) values (...
                                ^

[2024-03-12T11:11:31.301+0000] {taskinstance.py:1149} INFO - Marking task as UP_FOR_RETRY. dag_id=dag_with_postgres_operator_v02, task_id=insert_into_table, execution_date=20240312T111128, start_date=20240312T111130, end_date=20240312T111131
[2024-03-12T11:11:31.327+0000] {standard_task_runner.py:107} ERROR - Failed to execute job 884 for task insert_into_table (syntax error at or near "table"
LINE 2:             insert into table dag_runs (dt, dag_id) values (...
                                ^
; 2251)
[2024-03-12T11:11:31.365+0000] {local_task_job_runner.py:234} INFO - Task exited with return code 1
[2024-03-12T11:11:31.411+0000] {taskinstance.py:3309} INFO - 0 downstream tasks scheduled from follow-on schedule check
