[2024-03-25T15:25:38.192+0000] {taskinstance.py:1979} INFO - Dependencies all met for dep_context=non-requeueable deps ti=<TaskInstance: dag_with_postgres_operator_v02.create_postgres_table manual__2024-03-25T15:25:36.108475+00:00 [queued]>
[2024-03-25T15:25:38.240+0000] {taskinstance.py:1979} INFO - Dependencies all met for dep_context=requeueable deps ti=<TaskInstance: dag_with_postgres_operator_v02.create_postgres_table manual__2024-03-25T15:25:36.108475+00:00 [queued]>
[2024-03-25T15:25:38.244+0000] {taskinstance.py:2193} INFO - Starting attempt 1 of 6
[2024-03-25T15:25:38.324+0000] {taskinstance.py:2214} INFO - Executing <Task(PostgresOperator): create_postgres_table> on 2024-03-25 15:25:36.108475+00:00
[2024-03-25T15:25:38.344+0000] {standard_task_runner.py:60} INFO - Started process 1093 to run task
[2024-03-25T15:25:38.360+0000] {standard_task_runner.py:87} INFO - Running: ['***', 'tasks', 'run', 'dag_with_postgres_operator_v02', 'create_postgres_table', 'manual__2024-03-25T15:25:36.108475+00:00', '--job-id', '1001', '--raw', '--subdir', 'DAGS_FOLDER/dag_with_postgres_operator.py', '--cfg-path', '/tmp/tmpydhyuivw']
[2024-03-25T15:25:38.367+0000] {standard_task_runner.py:88} INFO - Job 1001: Subtask create_postgres_table
[2024-03-25T15:25:38.488+0000] {task_command.py:423} INFO - Running <TaskInstance: dag_with_postgres_operator_v02.create_postgres_table manual__2024-03-25T15:25:36.108475+00:00 [running]> on host 932f824b7ebb
[2024-03-25T15:25:38.761+0000] {taskinstance.py:2510} INFO - Exporting env vars: AIRFLOW_CTX_DAG_OWNER='daniel' AIRFLOW_CTX_DAG_ID='dag_with_postgres_operator_v02' AIRFLOW_CTX_TASK_ID='create_postgres_table' AIRFLOW_CTX_EXECUTION_DATE='2024-03-25T15:25:36.108475+00:00' AIRFLOW_CTX_TRY_NUMBER='1' AIRFLOW_CTX_DAG_RUN_ID='manual__2024-03-25T15:25:36.108475+00:00'
[2024-03-25T15:25:38.767+0000] {sql.py:276} INFO - Executing:  create table if not exists dag_runs(
                dt date,
                dag_id character varying,
                primary key (dt,dag_id)

        )
[2024-03-25T15:25:38.816+0000] {base.py:83} INFO - Using connection ID 'postgres_localhost' for task execution.
[2024-03-25T15:25:38.878+0000] {base.py:83} INFO - Using connection ID 'postgres_localhost' for task execution.
[2024-03-25T15:25:38.949+0000] {sql.py:457} INFO - Running statement:  create table if not exists dag_runs(
                dt date,
                dag_id character varying,
                primary key (dt,dag_id)

        ), parameters: None
[2024-03-25T15:25:39.016+0000] {logging_mixin.py:188} WARNING - /home/***/.local/lib/python3.8/site-packages/***/providers/common/sql/hooks/sql.py:407 AirflowProviderDeprecationWarning: Call to deprecated method _make_common_data_structure. (The `_make_serializable` method is deprecated and support will be removed in a future version of the common.sql provider. Please update the DbApiHook's provider to a version based on common.sql >= 1.9.1.)
[2024-03-25T15:25:39.048+0000] {taskinstance.py:1149} INFO - Marking task as SUCCESS. dag_id=dag_with_postgres_operator_v02, task_id=create_postgres_table, execution_date=20240325T152536, start_date=20240325T152538, end_date=20240325T152539
[2024-03-25T15:25:39.098+0000] {local_task_job_runner.py:234} INFO - Task exited with return code 0
[2024-03-25T15:25:39.583+0000] {logging_mixin.py:188} WARNING - /home/***/.local/lib/python3.8/site-packages/***/models/baseoperator.py:1201 AirflowProviderDeprecationWarning: Call to deprecated class PostgresOperator. (Please use `***.providers.common.sql.operators.sql.SQLExecuteQueryOperator`.Also, you can provide `hook_params={'schema': <database>}`.)
[2024-03-25T15:25:39.681+0000] {taskinstance.py:3309} INFO - 1 downstream tasks scheduled from follow-on schedule check
