[2024-04-03T09:50:30.960+0000] {taskinstance.py:1979} INFO - Dependencies all met for dep_context=non-requeueable deps ti=<TaskInstance: dag_allocate_messages.delete_original_messages manual__2024-04-03T09:50:26.813730+00:00 [queued]>
[2024-04-03T09:50:30.983+0000] {taskinstance.py:1979} INFO - Dependencies all met for dep_context=requeueable deps ti=<TaskInstance: dag_allocate_messages.delete_original_messages manual__2024-04-03T09:50:26.813730+00:00 [queued]>
[2024-04-03T09:50:30.984+0000] {taskinstance.py:2193} INFO - Starting attempt 1 of 6
[2024-04-03T09:50:31.013+0000] {taskinstance.py:2214} INFO - Executing <Task(PythonOperator): delete_original_messages> on 2024-04-03 09:50:26.813730+00:00
[2024-04-03T09:50:31.022+0000] {standard_task_runner.py:60} INFO - Started process 13722 to run task
[2024-04-03T09:50:31.031+0000] {standard_task_runner.py:87} INFO - Running: ['***', 'tasks', 'run', 'dag_allocate_messages', 'delete_original_messages', 'manual__2024-04-03T09:50:26.813730+00:00', '--job-id', '1270', '--raw', '--subdir', 'DAGS_FOLDER/dag_allocate_messages.py', '--cfg-path', '/tmp/tmpe28w7frl']
[2024-04-03T09:50:31.036+0000] {standard_task_runner.py:88} INFO - Job 1270: Subtask delete_original_messages
[2024-04-03T09:50:31.137+0000] {task_command.py:423} INFO - Running <TaskInstance: dag_allocate_messages.delete_original_messages manual__2024-04-03T09:50:26.813730+00:00 [running]> on host af8488263d95
[2024-04-03T09:50:31.309+0000] {taskinstance.py:2510} INFO - Exporting env vars: AIRFLOW_CTX_DAG_OWNER='daniel' AIRFLOW_CTX_DAG_ID='dag_allocate_messages' AIRFLOW_CTX_TASK_ID='delete_original_messages' AIRFLOW_CTX_EXECUTION_DATE='2024-04-03T09:50:26.813730+00:00' AIRFLOW_CTX_TRY_NUMBER='1' AIRFLOW_CTX_DAG_RUN_ID='manual__2024-04-03T09:50:26.813730+00:00'
[2024-04-03T09:50:31.312+0000] {logging_mixin.py:188} INFO - delete original messages
[2024-04-03T09:50:31.367+0000] {taskinstance.py:2728} ERROR - Task failed with exception
Traceback (most recent call last):
  File "/home/airflow/.local/lib/python3.8/site-packages/airflow/models/taskinstance.py", line 444, in _execute_task
    result = _execute_callable(context=context, **execute_callable_kwargs)
  File "/home/airflow/.local/lib/python3.8/site-packages/airflow/models/taskinstance.py", line 414, in _execute_callable
    return execute_callable(context=context, **execute_callable_kwargs)
  File "/home/airflow/.local/lib/python3.8/site-packages/airflow/operators/python.py", line 200, in execute
    return_value = self.execute_callable()
  File "/home/airflow/.local/lib/python3.8/site-packages/airflow/operators/python.py", line 217, in execute_callable
    return self.python_callable(*self.op_args, **self.op_kwargs)
  File "/opt/airflow/dags/dag_allocate_messages.py", line 150, in delete_original_messages
    message_ids += success_ids
TypeError: 'NoneType' object is not iterable
[2024-04-03T09:50:31.384+0000] {taskinstance.py:1149} INFO - Marking task as UP_FOR_RETRY. dag_id=dag_allocate_messages, task_id=delete_original_messages, execution_date=20240403T095026, start_date=20240403T095030, end_date=20240403T095031
[2024-04-03T09:50:31.408+0000] {standard_task_runner.py:107} ERROR - Failed to execute job 1270 for task delete_original_messages ('NoneType' object is not iterable; 13722)
[2024-04-03T09:50:31.445+0000] {local_task_job_runner.py:234} INFO - Task exited with return code 1
[2024-04-03T09:50:31.478+0000] {taskinstance.py:3309} INFO - 0 downstream tasks scheduled from follow-on schedule check
