[2024-03-12T14:39:29.303+0000] {taskinstance.py:1979} INFO - Dependencies all met for dep_context=non-requeueable deps ti=<TaskInstance: dag_with_python_dependencies_v03.get_matplotlib manual__2024-03-12T14:39:28.170759+00:00 [queued]>
[2024-03-12T14:39:29.332+0000] {taskinstance.py:1979} INFO - Dependencies all met for dep_context=requeueable deps ti=<TaskInstance: dag_with_python_dependencies_v03.get_matplotlib manual__2024-03-12T14:39:28.170759+00:00 [queued]>
[2024-03-12T14:39:29.334+0000] {taskinstance.py:2193} INFO - Starting attempt 1 of 1
[2024-03-12T14:39:29.375+0000] {taskinstance.py:2217} INFO - Executing <Task(PythonOperator): get_matplotlib> on 2024-03-12 14:39:28.170759+00:00
[2024-03-12T14:39:29.388+0000] {standard_task_runner.py:60} INFO - Started process 591 to run task
[2024-03-12T14:39:29.400+0000] {standard_task_runner.py:87} INFO - Running: ['***', 'tasks', 'run', 'dag_with_python_dependencies_v03', 'get_matplotlib', 'manual__2024-03-12T14:39:28.170759+00:00', '--job-id', '954', '--raw', '--subdir', 'DAGS_FOLDER/dag_with_python_dependencies.py', '--cfg-path', '/tmp/tmpp8f_3ok4']
[2024-03-12T14:39:29.407+0000] {standard_task_runner.py:88} INFO - Job 954: Subtask get_matplotlib
[2024-03-12T14:39:29.557+0000] {task_command.py:423} INFO - Running <TaskInstance: dag_with_python_dependencies_v03.get_matplotlib manual__2024-03-12T14:39:28.170759+00:00 [running]> on host 962977f0ff86
[2024-03-12T14:39:29.767+0000] {taskinstance.py:2513} INFO - Exporting env vars: AIRFLOW_CTX_DAG_OWNER='Daniel' AIRFLOW_CTX_DAG_ID='dag_with_python_dependencies_v03' AIRFLOW_CTX_TASK_ID='get_matplotlib' AIRFLOW_CTX_EXECUTION_DATE='2024-03-12T14:39:28.170759+00:00' AIRFLOW_CTX_TRY_NUMBER='1' AIRFLOW_CTX_DAG_RUN_ID='manual__2024-03-12T14:39:28.170759+00:00'
[2024-03-12T14:39:29.772+0000] {taskinstance.py:2731} ERROR - Task failed with exception
Traceback (most recent call last):
  File "/home/airflow/.local/lib/python3.8/site-packages/airflow/models/taskinstance.py", line 444, in _execute_task
    result = _execute_callable(context=context, **execute_callable_kwargs)
  File "/home/airflow/.local/lib/python3.8/site-packages/airflow/models/taskinstance.py", line 414, in _execute_callable
    return execute_callable(context=context, **execute_callable_kwargs)
  File "/home/airflow/.local/lib/python3.8/site-packages/airflow/operators/python.py", line 200, in execute
    return_value = self.execute_callable()
  File "/home/airflow/.local/lib/python3.8/site-packages/airflow/operators/python.py", line 217, in execute_callable
    return self.python_callable(*self.op_args, **self.op_kwargs)
  File "/opt/airflow/dags/dag_with_python_dependencies.py", line 16, in get_matplotlib
    import matplotlib
ModuleNotFoundError: No module named 'matplotlib'
[2024-03-12T14:39:29.790+0000] {taskinstance.py:1149} INFO - Marking task as FAILED. dag_id=dag_with_python_dependencies_v03, task_id=get_matplotlib, execution_date=20240312T143928, start_date=20240312T143929, end_date=20240312T143929
[2024-03-12T14:39:29.814+0000] {standard_task_runner.py:107} ERROR - Failed to execute job 954 for task get_matplotlib (No module named 'matplotlib'; 591)
[2024-03-12T14:39:29.854+0000] {local_task_job_runner.py:234} INFO - Task exited with return code 1
[2024-03-12T14:39:29.891+0000] {taskinstance.py:3312} INFO - 0 downstream tasks scheduled from follow-on schedule check
