[2024-03-25T15:26:14.341+0000] {taskinstance.py:1979} INFO - Dependencies all met for dep_context=non-requeueable deps ti=<TaskInstance: dag_with_postgres_operator_v02.insert_into_table scheduled__2024-03-15T00:00:00+00:00 [queued]>
[2024-03-25T15:26:14.471+0000] {taskinstance.py:1979} INFO - Dependencies all met for dep_context=requeueable deps ti=<TaskInstance: dag_with_postgres_operator_v02.insert_into_table scheduled__2024-03-15T00:00:00+00:00 [queued]>
[2024-03-25T15:26:14.477+0000] {taskinstance.py:2193} INFO - Starting attempt 1 of 6
[2024-03-25T15:26:15.156+0000] {taskinstance.py:2214} INFO - Executing <Task(PostgresOperator): insert_into_table> on 2024-03-15 00:00:00+00:00
[2024-03-25T15:26:15.211+0000] {standard_task_runner.py:60} INFO - Started process 1206 to run task
[2024-03-25T15:26:15.299+0000] {standard_task_runner.py:87} INFO - Running: ['***', 'tasks', 'run', 'dag_with_postgres_operator_v02', 'insert_into_table', 'scheduled__2024-03-15T00:00:00+00:00', '--job-id', '1031', '--raw', '--subdir', 'DAGS_FOLDER/dag_with_postgres_operator.py', '--cfg-path', '/tmp/tmpxz0y6nh0']
[2024-03-25T15:26:15.324+0000] {standard_task_runner.py:88} INFO - Job 1031: Subtask insert_into_table
[2024-03-25T15:26:15.721+0000] {task_command.py:423} INFO - Running <TaskInstance: dag_with_postgres_operator_v02.insert_into_table scheduled__2024-03-15T00:00:00+00:00 [running]> on host 932f824b7ebb
[2024-03-25T15:26:16.365+0000] {taskinstance.py:2510} INFO - Exporting env vars: AIRFLOW_CTX_DAG_OWNER='daniel' AIRFLOW_CTX_DAG_ID='dag_with_postgres_operator_v02' AIRFLOW_CTX_TASK_ID='insert_into_table' AIRFLOW_CTX_EXECUTION_DATE='2024-03-15T00:00:00+00:00' AIRFLOW_CTX_TRY_NUMBER='1' AIRFLOW_CTX_DAG_RUN_ID='scheduled__2024-03-15T00:00:00+00:00'
[2024-03-25T15:26:16.369+0000] {sql.py:276} INFO - Executing: 
            insert into dag_runs (dt, dag_id) values ('2024-03-15', 'dag_with_postgres_operator_v02')
        
[2024-03-25T15:26:16.406+0000] {base.py:83} INFO - Using connection ID 'postgres_localhost' for task execution.
[2024-03-25T15:26:16.519+0000] {base.py:83} INFO - Using connection ID 'postgres_localhost' for task execution.
[2024-03-25T15:26:16.564+0000] {sql.py:457} INFO - Running statement: 
            insert into dag_runs (dt, dag_id) values ('2024-03-15', 'dag_with_postgres_operator_v02')
        , parameters: None
[2024-03-25T15:26:16.623+0000] {sql.py:466} INFO - Rows affected: 1
[2024-03-25T15:26:16.709+0000] {logging_mixin.py:188} WARNING - /home/***/.local/lib/python3.8/site-packages/***/providers/common/sql/hooks/sql.py:407 AirflowProviderDeprecationWarning: Call to deprecated method _make_common_data_structure. (The `_make_serializable` method is deprecated and support will be removed in a future version of the common.sql provider. Please update the DbApiHook's provider to a version based on common.sql >= 1.9.1.)
[2024-03-25T15:26:16.764+0000] {taskinstance.py:1149} INFO - Marking task as SUCCESS. dag_id=dag_with_postgres_operator_v02, task_id=insert_into_table, execution_date=20240315T000000, start_date=20240325T152614, end_date=20240325T152616
[2024-03-25T15:26:17.020+0000] {local_task_job_runner.py:234} INFO - Task exited with return code 0
[2024-03-25T15:26:17.409+0000] {taskinstance.py:3309} INFO - 0 downstream tasks scheduled from follow-on schedule check
