[2024-04-03T09:54:47.045+0000] {taskinstance.py:1979} INFO - Dependencies all met for dep_context=non-requeueable deps ti=<TaskInstance: dag_allocate_messages.delete_original_messages manual__2024-04-03T09:44:40.535367+00:00 [queued]>
[2024-04-03T09:54:47.076+0000] {taskinstance.py:1979} INFO - Dependencies all met for dep_context=requeueable deps ti=<TaskInstance: dag_allocate_messages.delete_original_messages manual__2024-04-03T09:44:40.535367+00:00 [queued]>
[2024-04-03T09:54:47.077+0000] {taskinstance.py:2193} INFO - Starting attempt 3 of 6
[2024-04-03T09:54:47.112+0000] {taskinstance.py:2214} INFO - Executing <Task(PythonOperator): delete_original_messages> on 2024-04-03 09:44:40.535367+00:00
[2024-04-03T09:54:47.124+0000] {standard_task_runner.py:60} INFO - Started process 14222 to run task
[2024-04-03T09:54:47.133+0000] {standard_task_runner.py:87} INFO - Running: ['***', 'tasks', 'run', 'dag_allocate_messages', 'delete_original_messages', 'manual__2024-04-03T09:44:40.535367+00:00', '--job-id', '1291', '--raw', '--subdir', 'DAGS_FOLDER/dag_allocate_messages.py', '--cfg-path', '/tmp/tmpnihbuxa4']
[2024-04-03T09:54:47.140+0000] {standard_task_runner.py:88} INFO - Job 1291: Subtask delete_original_messages
[2024-04-03T09:54:47.246+0000] {task_command.py:423} INFO - Running <TaskInstance: dag_allocate_messages.delete_original_messages manual__2024-04-03T09:44:40.535367+00:00 [running]> on host af8488263d95
[2024-04-03T09:54:47.439+0000] {taskinstance.py:2510} INFO - Exporting env vars: AIRFLOW_CTX_DAG_OWNER='daniel' AIRFLOW_CTX_DAG_ID='dag_allocate_messages' AIRFLOW_CTX_TASK_ID='delete_original_messages' AIRFLOW_CTX_EXECUTION_DATE='2024-04-03T09:44:40.535367+00:00' AIRFLOW_CTX_TRY_NUMBER='3' AIRFLOW_CTX_DAG_RUN_ID='manual__2024-04-03T09:44:40.535367+00:00'
[2024-04-03T09:54:47.443+0000] {logging_mixin.py:188} INFO - delete original messages
[2024-04-03T09:54:47.524+0000] {base.py:83} INFO - Using connection ID 'postgres_localhost' for task execution.
[2024-04-03T09:54:47.558+0000] {taskinstance.py:2728} ERROR - Task failed with exception
Traceback (most recent call last):
  File "/home/airflow/.local/lib/python3.8/site-packages/airflow/models/taskinstance.py", line 444, in _execute_task
    result = _execute_callable(context=context, **execute_callable_kwargs)
  File "/home/airflow/.local/lib/python3.8/site-packages/airflow/models/taskinstance.py", line 414, in _execute_callable
    return execute_callable(context=context, **execute_callable_kwargs)
  File "/home/airflow/.local/lib/python3.8/site-packages/airflow/operators/python.py", line 200, in execute
    return_value = self.execute_callable()
  File "/home/airflow/.local/lib/python3.8/site-packages/airflow/operators/python.py", line 217, in execute_callable
    return self.python_callable(*self.op_args, **self.op_kwargs)
  File "/opt/airflow/dags/dag_allocate_messages.py", line 156, in delete_original_messages
    cursor.execute("DELETE FROM messages WHERE msg_id = {}".format(id))
psycopg2.errors.UndefinedFunction: operator does not exist: character varying = integer
LINE 1: DELETE FROM messages WHERE msg_id = 2
                                          ^
HINT:  No operator matches the given name and argument types. You might need to add explicit type casts.

[2024-04-03T09:54:47.577+0000] {taskinstance.py:1149} INFO - Marking task as UP_FOR_RETRY. dag_id=dag_allocate_messages, task_id=delete_original_messages, execution_date=20240403T094440, start_date=20240403T095447, end_date=20240403T095447
[2024-04-03T09:54:47.601+0000] {standard_task_runner.py:107} ERROR - Failed to execute job 1291 for task delete_original_messages (operator does not exist: character varying = integer
LINE 1: DELETE FROM messages WHERE msg_id = 2
                                          ^
HINT:  No operator matches the given name and argument types. You might need to add explicit type casts.
; 14222)
[2024-04-03T09:54:47.627+0000] {local_task_job_runner.py:234} INFO - Task exited with return code 1
[2024-04-03T09:54:47.664+0000] {taskinstance.py:3309} INFO - 0 downstream tasks scheduled from follow-on schedule check
