[2024-03-25T15:26:04.918+0000] {taskinstance.py:1979} INFO - Dependencies all met for dep_context=non-requeueable deps ti=<TaskInstance: dag_with_postgres_operator_v02.delete_data_from_table scheduled__2024-03-14T00:00:00+00:00 [queued]>
[2024-03-25T15:26:04.991+0000] {taskinstance.py:1979} INFO - Dependencies all met for dep_context=requeueable deps ti=<TaskInstance: dag_with_postgres_operator_v02.delete_data_from_table scheduled__2024-03-14T00:00:00+00:00 [queued]>
[2024-03-25T15:26:05.009+0000] {taskinstance.py:2193} INFO - Starting attempt 1 of 6
[2024-03-25T15:26:05.380+0000] {taskinstance.py:2214} INFO - Executing <Task(PostgresOperator): delete_data_from_table> on 2024-03-14 00:00:00+00:00
[2024-03-25T15:26:05.478+0000] {standard_task_runner.py:60} INFO - Started process 1158 to run task
[2024-03-25T15:26:05.566+0000] {standard_task_runner.py:87} INFO - Running: ['***', 'tasks', 'run', 'dag_with_postgres_operator_v02', 'delete_data_from_table', 'scheduled__2024-03-14T00:00:00+00:00', '--job-id', '1013', '--raw', '--subdir', 'DAGS_FOLDER/dag_with_postgres_operator.py', '--cfg-path', '/tmp/tmp8uc9l5qt']
[2024-03-25T15:26:05.615+0000] {standard_task_runner.py:88} INFO - Job 1013: Subtask delete_data_from_table
[2024-03-25T15:26:06.113+0000] {task_command.py:423} INFO - Running <TaskInstance: dag_with_postgres_operator_v02.delete_data_from_table scheduled__2024-03-14T00:00:00+00:00 [running]> on host 932f824b7ebb
[2024-03-25T15:26:06.961+0000] {taskinstance.py:2510} INFO - Exporting env vars: AIRFLOW_CTX_DAG_OWNER='daniel' AIRFLOW_CTX_DAG_ID='dag_with_postgres_operator_v02' AIRFLOW_CTX_TASK_ID='delete_data_from_table' AIRFLOW_CTX_EXECUTION_DATE='2024-03-14T00:00:00+00:00' AIRFLOW_CTX_TRY_NUMBER='1' AIRFLOW_CTX_DAG_RUN_ID='scheduled__2024-03-14T00:00:00+00:00'
[2024-03-25T15:26:06.973+0000] {sql.py:276} INFO - Executing: 
            delete from dag_runs where dt = '2024-03-14' and dag_id = 'dag_with_postgres_operator_v02';
        
[2024-03-25T15:26:07.059+0000] {base.py:83} INFO - Using connection ID 'postgres_localhost' for task execution.
[2024-03-25T15:26:07.134+0000] {base.py:83} INFO - Using connection ID 'postgres_localhost' for task execution.
[2024-03-25T15:26:07.217+0000] {sql.py:457} INFO - Running statement: 
            delete from dag_runs where dt = '2024-03-14' and dag_id = 'dag_with_postgres_operator_v02';
        , parameters: None
[2024-03-25T15:26:07.237+0000] {sql.py:466} INFO - Rows affected: 0
[2024-03-25T15:26:07.290+0000] {logging_mixin.py:188} WARNING - /home/***/.local/lib/python3.8/site-packages/***/providers/common/sql/hooks/sql.py:407 AirflowProviderDeprecationWarning: Call to deprecated method _make_common_data_structure. (The `_make_serializable` method is deprecated and support will be removed in a future version of the common.sql provider. Please update the DbApiHook's provider to a version based on common.sql >= 1.9.1.)
[2024-03-25T15:26:07.401+0000] {taskinstance.py:1149} INFO - Marking task as SUCCESS. dag_id=dag_with_postgres_operator_v02, task_id=delete_data_from_table, execution_date=20240314T000000, start_date=20240325T152604, end_date=20240325T152607
[2024-03-25T15:26:07.730+0000] {local_task_job_runner.py:234} INFO - Task exited with return code 0
[2024-03-25T15:26:07.859+0000] {logging_mixin.py:188} WARNING - /home/***/.local/lib/python3.8/site-packages/***/models/baseoperator.py:1201 AirflowProviderDeprecationWarning: Call to deprecated class PostgresOperator. (Please use `***.providers.common.sql.operators.sql.SQLExecuteQueryOperator`.Also, you can provide `hook_params={'schema': <database>}`.)
[2024-03-25T15:26:07.998+0000] {taskinstance.py:3309} INFO - 1 downstream tasks scheduled from follow-on schedule check
