[2024-03-30T22:05:29.551+0000] {processor.py:161} INFO - Started process (PID=16867) to work on /opt/airflow/dags/create_dag_with_python_operator.py
[2024-03-30T22:05:29.558+0000] {processor.py:830} INFO - Processing file /opt/airflow/dags/create_dag_with_python_operator.py for tasks to queue
[2024-03-30T22:05:29.566+0000] {logging_mixin.py:188} INFO - [2024-03-30T22:05:29.563+0000] {dagbag.py:540} INFO - Filling up the DagBag from /opt/airflow/dags/create_dag_with_python_operator.py
[2024-03-30T22:05:29.694+0000] {processor.py:840} INFO - DAG(s) 'our_dag_with_python_operator_v06' retrieved from /opt/airflow/dags/create_dag_with_python_operator.py
[2024-03-30T22:05:29.884+0000] {logging_mixin.py:188} INFO - [2024-03-30T22:05:29.883+0000] {dag.py:3047} INFO - Sync 1 DAGs
[2024-03-30T22:05:30.062+0000] {logging_mixin.py:188} INFO - [2024-03-30T22:05:30.061+0000] {dag.py:3834} INFO - Setting next_dagrun for our_dag_with_python_operator_v06 to 2024-03-11 00:00:00+00:00, run_after=2024-03-12 00:00:00+00:00
[2024-03-30T22:05:30.197+0000] {processor.py:183} INFO - Processing /opt/airflow/dags/create_dag_with_python_operator.py took 0.688 seconds
[2024-03-30T22:06:00.841+0000] {processor.py:161} INFO - Started process (PID=16921) to work on /opt/airflow/dags/create_dag_with_python_operator.py
[2024-03-30T22:06:00.846+0000] {processor.py:830} INFO - Processing file /opt/airflow/dags/create_dag_with_python_operator.py for tasks to queue
[2024-03-30T22:06:00.850+0000] {logging_mixin.py:188} INFO - [2024-03-30T22:06:00.849+0000] {dagbag.py:540} INFO - Filling up the DagBag from /opt/airflow/dags/create_dag_with_python_operator.py
[2024-03-30T22:06:00.919+0000] {processor.py:840} INFO - DAG(s) 'our_dag_with_python_operator_v06' retrieved from /opt/airflow/dags/create_dag_with_python_operator.py
[2024-03-30T22:06:01.076+0000] {logging_mixin.py:188} INFO - [2024-03-30T22:06:01.074+0000] {dag.py:3047} INFO - Sync 1 DAGs
[2024-03-30T22:06:01.181+0000] {logging_mixin.py:188} INFO - [2024-03-30T22:06:01.180+0000] {dag.py:3834} INFO - Setting next_dagrun for our_dag_with_python_operator_v06 to 2024-03-11 00:00:00+00:00, run_after=2024-03-12 00:00:00+00:00
[2024-03-30T22:06:01.276+0000] {processor.py:183} INFO - Processing /opt/airflow/dags/create_dag_with_python_operator.py took 0.453 seconds
[2024-03-30T22:06:31.513+0000] {processor.py:161} INFO - Started process (PID=16972) to work on /opt/airflow/dags/create_dag_with_python_operator.py
[2024-03-30T22:06:31.519+0000] {processor.py:830} INFO - Processing file /opt/airflow/dags/create_dag_with_python_operator.py for tasks to queue
[2024-03-30T22:06:31.524+0000] {logging_mixin.py:188} INFO - [2024-03-30T22:06:31.522+0000] {dagbag.py:540} INFO - Filling up the DagBag from /opt/airflow/dags/create_dag_with_python_operator.py
[2024-03-30T22:06:31.609+0000] {processor.py:840} INFO - DAG(s) 'our_dag_with_python_operator_v06' retrieved from /opt/airflow/dags/create_dag_with_python_operator.py
[2024-03-30T22:06:31.760+0000] {logging_mixin.py:188} INFO - [2024-03-30T22:06:31.759+0000] {dag.py:3047} INFO - Sync 1 DAGs
[2024-03-30T22:06:31.879+0000] {logging_mixin.py:188} INFO - [2024-03-30T22:06:31.878+0000] {dag.py:3834} INFO - Setting next_dagrun for our_dag_with_python_operator_v06 to 2024-03-11 00:00:00+00:00, run_after=2024-03-12 00:00:00+00:00
[2024-03-30T22:06:31.969+0000] {processor.py:183} INFO - Processing /opt/airflow/dags/create_dag_with_python_operator.py took 0.477 seconds
[2024-03-30T22:07:02.238+0000] {processor.py:161} INFO - Started process (PID=17024) to work on /opt/airflow/dags/create_dag_with_python_operator.py
[2024-03-30T22:07:02.243+0000] {processor.py:830} INFO - Processing file /opt/airflow/dags/create_dag_with_python_operator.py for tasks to queue
[2024-03-30T22:07:02.248+0000] {logging_mixin.py:188} INFO - [2024-03-30T22:07:02.246+0000] {dagbag.py:540} INFO - Filling up the DagBag from /opt/airflow/dags/create_dag_with_python_operator.py
[2024-03-30T22:07:02.315+0000] {processor.py:840} INFO - DAG(s) 'our_dag_with_python_operator_v06' retrieved from /opt/airflow/dags/create_dag_with_python_operator.py
[2024-03-30T22:07:02.433+0000] {logging_mixin.py:188} INFO - [2024-03-30T22:07:02.432+0000] {dag.py:3047} INFO - Sync 1 DAGs
[2024-03-30T22:07:02.536+0000] {logging_mixin.py:188} INFO - [2024-03-30T22:07:02.535+0000] {dag.py:3834} INFO - Setting next_dagrun for our_dag_with_python_operator_v06 to 2024-03-11 00:00:00+00:00, run_after=2024-03-12 00:00:00+00:00
[2024-03-30T22:07:02.621+0000] {processor.py:183} INFO - Processing /opt/airflow/dags/create_dag_with_python_operator.py took 0.404 seconds
[2024-03-30T22:07:33.291+0000] {processor.py:161} INFO - Started process (PID=17076) to work on /opt/airflow/dags/create_dag_with_python_operator.py
[2024-03-30T22:07:33.296+0000] {processor.py:830} INFO - Processing file /opt/airflow/dags/create_dag_with_python_operator.py for tasks to queue
[2024-03-30T22:07:33.300+0000] {logging_mixin.py:188} INFO - [2024-03-30T22:07:33.298+0000] {dagbag.py:540} INFO - Filling up the DagBag from /opt/airflow/dags/create_dag_with_python_operator.py
[2024-03-30T22:07:33.359+0000] {processor.py:840} INFO - DAG(s) 'our_dag_with_python_operator_v06' retrieved from /opt/airflow/dags/create_dag_with_python_operator.py
[2024-03-30T22:07:33.482+0000] {logging_mixin.py:188} INFO - [2024-03-30T22:07:33.481+0000] {dag.py:3047} INFO - Sync 1 DAGs
[2024-03-30T22:07:33.573+0000] {logging_mixin.py:188} INFO - [2024-03-30T22:07:33.572+0000] {dag.py:3834} INFO - Setting next_dagrun for our_dag_with_python_operator_v06 to 2024-03-11 00:00:00+00:00, run_after=2024-03-12 00:00:00+00:00
[2024-03-30T22:07:33.662+0000] {processor.py:183} INFO - Processing /opt/airflow/dags/create_dag_with_python_operator.py took 0.388 seconds
[2024-03-30T22:08:04.131+0000] {processor.py:161} INFO - Started process (PID=17127) to work on /opt/airflow/dags/create_dag_with_python_operator.py
[2024-03-30T22:08:04.136+0000] {processor.py:830} INFO - Processing file /opt/airflow/dags/create_dag_with_python_operator.py for tasks to queue
[2024-03-30T22:08:04.142+0000] {logging_mixin.py:188} INFO - [2024-03-30T22:08:04.140+0000] {dagbag.py:540} INFO - Filling up the DagBag from /opt/airflow/dags/create_dag_with_python_operator.py
[2024-03-30T22:08:04.200+0000] {processor.py:840} INFO - DAG(s) 'our_dag_with_python_operator_v06' retrieved from /opt/airflow/dags/create_dag_with_python_operator.py
[2024-03-30T22:08:04.336+0000] {logging_mixin.py:188} INFO - [2024-03-30T22:08:04.335+0000] {dag.py:3047} INFO - Sync 1 DAGs
[2024-03-30T22:08:04.475+0000] {logging_mixin.py:188} INFO - [2024-03-30T22:08:04.474+0000] {dag.py:3834} INFO - Setting next_dagrun for our_dag_with_python_operator_v06 to 2024-03-11 00:00:00+00:00, run_after=2024-03-12 00:00:00+00:00
[2024-03-30T22:08:04.573+0000] {processor.py:183} INFO - Processing /opt/airflow/dags/create_dag_with_python_operator.py took 0.463 seconds
[2024-03-30T22:08:35.135+0000] {processor.py:161} INFO - Started process (PID=17179) to work on /opt/airflow/dags/create_dag_with_python_operator.py
[2024-03-30T22:08:35.140+0000] {processor.py:830} INFO - Processing file /opt/airflow/dags/create_dag_with_python_operator.py for tasks to queue
[2024-03-30T22:08:35.145+0000] {logging_mixin.py:188} INFO - [2024-03-30T22:08:35.143+0000] {dagbag.py:540} INFO - Filling up the DagBag from /opt/airflow/dags/create_dag_with_python_operator.py
[2024-03-30T22:08:35.205+0000] {processor.py:840} INFO - DAG(s) 'our_dag_with_python_operator_v06' retrieved from /opt/airflow/dags/create_dag_with_python_operator.py
[2024-03-30T22:08:35.345+0000] {logging_mixin.py:188} INFO - [2024-03-30T22:08:35.343+0000] {dag.py:3047} INFO - Sync 1 DAGs
[2024-03-30T22:08:35.451+0000] {logging_mixin.py:188} INFO - [2024-03-30T22:08:35.450+0000] {dag.py:3834} INFO - Setting next_dagrun for our_dag_with_python_operator_v06 to 2024-03-11 00:00:00+00:00, run_after=2024-03-12 00:00:00+00:00
[2024-03-30T22:08:35.529+0000] {processor.py:183} INFO - Processing /opt/airflow/dags/create_dag_with_python_operator.py took 0.412 seconds
[2024-03-30T22:09:05.723+0000] {processor.py:161} INFO - Started process (PID=17228) to work on /opt/airflow/dags/create_dag_with_python_operator.py
[2024-03-30T22:09:05.733+0000] {processor.py:830} INFO - Processing file /opt/airflow/dags/create_dag_with_python_operator.py for tasks to queue
[2024-03-30T22:09:05.742+0000] {logging_mixin.py:188} INFO - [2024-03-30T22:09:05.740+0000] {dagbag.py:540} INFO - Filling up the DagBag from /opt/airflow/dags/create_dag_with_python_operator.py
[2024-03-30T22:09:05.821+0000] {processor.py:840} INFO - DAG(s) 'our_dag_with_python_operator_v06' retrieved from /opt/airflow/dags/create_dag_with_python_operator.py
[2024-03-30T22:09:05.964+0000] {logging_mixin.py:188} INFO - [2024-03-30T22:09:05.963+0000] {dag.py:3047} INFO - Sync 1 DAGs
[2024-03-30T22:09:06.067+0000] {logging_mixin.py:188} INFO - [2024-03-30T22:09:06.066+0000] {dag.py:3834} INFO - Setting next_dagrun for our_dag_with_python_operator_v06 to 2024-03-11 00:00:00+00:00, run_after=2024-03-12 00:00:00+00:00
[2024-03-30T22:09:06.150+0000] {processor.py:183} INFO - Processing /opt/airflow/dags/create_dag_with_python_operator.py took 0.454 seconds
[2024-03-30T22:09:36.364+0000] {processor.py:161} INFO - Started process (PID=17279) to work on /opt/airflow/dags/create_dag_with_python_operator.py
[2024-03-30T22:09:36.369+0000] {processor.py:830} INFO - Processing file /opt/airflow/dags/create_dag_with_python_operator.py for tasks to queue
[2024-03-30T22:09:36.374+0000] {logging_mixin.py:188} INFO - [2024-03-30T22:09:36.372+0000] {dagbag.py:540} INFO - Filling up the DagBag from /opt/airflow/dags/create_dag_with_python_operator.py
[2024-03-30T22:09:36.439+0000] {processor.py:840} INFO - DAG(s) 'our_dag_with_python_operator_v06' retrieved from /opt/airflow/dags/create_dag_with_python_operator.py
[2024-03-30T22:09:36.579+0000] {logging_mixin.py:188} INFO - [2024-03-30T22:09:36.578+0000] {dag.py:3047} INFO - Sync 1 DAGs
[2024-03-30T22:09:36.696+0000] {logging_mixin.py:188} INFO - [2024-03-30T22:09:36.695+0000] {dag.py:3834} INFO - Setting next_dagrun for our_dag_with_python_operator_v06 to 2024-03-11 00:00:00+00:00, run_after=2024-03-12 00:00:00+00:00
[2024-03-30T22:09:36.787+0000] {processor.py:183} INFO - Processing /opt/airflow/dags/create_dag_with_python_operator.py took 0.442 seconds
[2024-03-30T22:10:07.523+0000] {processor.py:161} INFO - Started process (PID=17330) to work on /opt/airflow/dags/create_dag_with_python_operator.py
[2024-03-30T22:10:07.529+0000] {processor.py:830} INFO - Processing file /opt/airflow/dags/create_dag_with_python_operator.py for tasks to queue
[2024-03-30T22:10:07.537+0000] {logging_mixin.py:188} INFO - [2024-03-30T22:10:07.534+0000] {dagbag.py:540} INFO - Filling up the DagBag from /opt/airflow/dags/create_dag_with_python_operator.py
[2024-03-30T22:10:07.602+0000] {processor.py:840} INFO - DAG(s) 'our_dag_with_python_operator_v06' retrieved from /opt/airflow/dags/create_dag_with_python_operator.py
[2024-03-30T22:10:07.747+0000] {logging_mixin.py:188} INFO - [2024-03-30T22:10:07.746+0000] {dag.py:3047} INFO - Sync 1 DAGs
[2024-03-30T22:10:07.887+0000] {logging_mixin.py:188} INFO - [2024-03-30T22:10:07.886+0000] {dag.py:3834} INFO - Setting next_dagrun for our_dag_with_python_operator_v06 to 2024-03-11 00:00:00+00:00, run_after=2024-03-12 00:00:00+00:00
[2024-03-30T22:10:07.968+0000] {processor.py:183} INFO - Processing /opt/airflow/dags/create_dag_with_python_operator.py took 0.470 seconds
[2024-03-30T22:10:38.662+0000] {processor.py:161} INFO - Started process (PID=17383) to work on /opt/airflow/dags/create_dag_with_python_operator.py
[2024-03-30T22:10:38.666+0000] {processor.py:830} INFO - Processing file /opt/airflow/dags/create_dag_with_python_operator.py for tasks to queue
[2024-03-30T22:10:38.671+0000] {logging_mixin.py:188} INFO - [2024-03-30T22:10:38.669+0000] {dagbag.py:540} INFO - Filling up the DagBag from /opt/airflow/dags/create_dag_with_python_operator.py
[2024-03-30T22:10:38.756+0000] {processor.py:840} INFO - DAG(s) 'our_dag_with_python_operator_v06' retrieved from /opt/airflow/dags/create_dag_with_python_operator.py
[2024-03-30T22:10:38.990+0000] {logging_mixin.py:188} INFO - [2024-03-30T22:10:38.989+0000] {dag.py:3047} INFO - Sync 1 DAGs
[2024-03-30T22:10:39.229+0000] {logging_mixin.py:188} INFO - [2024-03-30T22:10:39.228+0000] {dag.py:3834} INFO - Setting next_dagrun for our_dag_with_python_operator_v06 to 2024-03-11 00:00:00+00:00, run_after=2024-03-12 00:00:00+00:00
[2024-03-30T22:10:39.355+0000] {processor.py:183} INFO - Processing /opt/airflow/dags/create_dag_with_python_operator.py took 0.709 seconds
[2024-03-30T22:11:10.119+0000] {processor.py:161} INFO - Started process (PID=17438) to work on /opt/airflow/dags/create_dag_with_python_operator.py
[2024-03-30T22:11:10.125+0000] {processor.py:830} INFO - Processing file /opt/airflow/dags/create_dag_with_python_operator.py for tasks to queue
[2024-03-30T22:11:10.131+0000] {logging_mixin.py:188} INFO - [2024-03-30T22:11:10.129+0000] {dagbag.py:540} INFO - Filling up the DagBag from /opt/airflow/dags/create_dag_with_python_operator.py
[2024-03-30T22:11:10.204+0000] {processor.py:840} INFO - DAG(s) 'our_dag_with_python_operator_v06' retrieved from /opt/airflow/dags/create_dag_with_python_operator.py
[2024-03-30T22:11:10.335+0000] {logging_mixin.py:188} INFO - [2024-03-30T22:11:10.334+0000] {dag.py:3047} INFO - Sync 1 DAGs
[2024-03-30T22:11:10.447+0000] {logging_mixin.py:188} INFO - [2024-03-30T22:11:10.446+0000] {dag.py:3834} INFO - Setting next_dagrun for our_dag_with_python_operator_v06 to 2024-03-11 00:00:00+00:00, run_after=2024-03-12 00:00:00+00:00
[2024-03-30T22:11:10.543+0000] {processor.py:183} INFO - Processing /opt/airflow/dags/create_dag_with_python_operator.py took 0.447 seconds
[2024-03-30T22:11:41.293+0000] {processor.py:161} INFO - Started process (PID=17489) to work on /opt/airflow/dags/create_dag_with_python_operator.py
[2024-03-30T22:11:41.298+0000] {processor.py:830} INFO - Processing file /opt/airflow/dags/create_dag_with_python_operator.py for tasks to queue
[2024-03-30T22:11:41.302+0000] {logging_mixin.py:188} INFO - [2024-03-30T22:11:41.301+0000] {dagbag.py:540} INFO - Filling up the DagBag from /opt/airflow/dags/create_dag_with_python_operator.py
[2024-03-30T22:11:41.375+0000] {processor.py:840} INFO - DAG(s) 'our_dag_with_python_operator_v06' retrieved from /opt/airflow/dags/create_dag_with_python_operator.py
[2024-03-30T22:11:41.494+0000] {logging_mixin.py:188} INFO - [2024-03-30T22:11:41.493+0000] {dag.py:3047} INFO - Sync 1 DAGs
[2024-03-30T22:11:41.606+0000] {logging_mixin.py:188} INFO - [2024-03-30T22:11:41.605+0000] {dag.py:3834} INFO - Setting next_dagrun for our_dag_with_python_operator_v06 to 2024-03-11 00:00:00+00:00, run_after=2024-03-12 00:00:00+00:00
[2024-03-30T22:11:41.689+0000] {processor.py:183} INFO - Processing /opt/airflow/dags/create_dag_with_python_operator.py took 0.413 seconds
[2024-03-30T22:12:12.353+0000] {processor.py:161} INFO - Started process (PID=17541) to work on /opt/airflow/dags/create_dag_with_python_operator.py
[2024-03-30T22:12:12.358+0000] {processor.py:830} INFO - Processing file /opt/airflow/dags/create_dag_with_python_operator.py for tasks to queue
[2024-03-30T22:12:12.365+0000] {logging_mixin.py:188} INFO - [2024-03-30T22:12:12.363+0000] {dagbag.py:540} INFO - Filling up the DagBag from /opt/airflow/dags/create_dag_with_python_operator.py
[2024-03-30T22:12:12.448+0000] {processor.py:840} INFO - DAG(s) 'our_dag_with_python_operator_v06' retrieved from /opt/airflow/dags/create_dag_with_python_operator.py
[2024-03-30T22:12:12.572+0000] {logging_mixin.py:188} INFO - [2024-03-30T22:12:12.571+0000] {dag.py:3047} INFO - Sync 1 DAGs
[2024-03-30T22:12:12.686+0000] {logging_mixin.py:188} INFO - [2024-03-30T22:12:12.685+0000] {dag.py:3834} INFO - Setting next_dagrun for our_dag_with_python_operator_v06 to 2024-03-11 00:00:00+00:00, run_after=2024-03-12 00:00:00+00:00
[2024-03-30T22:12:12.767+0000] {processor.py:183} INFO - Processing /opt/airflow/dags/create_dag_with_python_operator.py took 0.433 seconds
[2024-03-30T22:12:43.476+0000] {processor.py:161} INFO - Started process (PID=17594) to work on /opt/airflow/dags/create_dag_with_python_operator.py
[2024-03-30T22:12:43.481+0000] {processor.py:830} INFO - Processing file /opt/airflow/dags/create_dag_with_python_operator.py for tasks to queue
[2024-03-30T22:12:43.486+0000] {logging_mixin.py:188} INFO - [2024-03-30T22:12:43.484+0000] {dagbag.py:540} INFO - Filling up the DagBag from /opt/airflow/dags/create_dag_with_python_operator.py
[2024-03-30T22:12:43.546+0000] {processor.py:840} INFO - DAG(s) 'our_dag_with_python_operator_v06' retrieved from /opt/airflow/dags/create_dag_with_python_operator.py
[2024-03-30T22:12:43.675+0000] {logging_mixin.py:188} INFO - [2024-03-30T22:12:43.674+0000] {dag.py:3047} INFO - Sync 1 DAGs
[2024-03-30T22:12:43.782+0000] {logging_mixin.py:188} INFO - [2024-03-30T22:12:43.781+0000] {dag.py:3834} INFO - Setting next_dagrun for our_dag_with_python_operator_v06 to 2024-03-11 00:00:00+00:00, run_after=2024-03-12 00:00:00+00:00
[2024-03-30T22:12:43.877+0000] {processor.py:183} INFO - Processing /opt/airflow/dags/create_dag_with_python_operator.py took 0.416 seconds
[2024-03-30T22:13:14.049+0000] {processor.py:161} INFO - Started process (PID=17643) to work on /opt/airflow/dags/create_dag_with_python_operator.py
[2024-03-30T22:13:14.054+0000] {processor.py:830} INFO - Processing file /opt/airflow/dags/create_dag_with_python_operator.py for tasks to queue
[2024-03-30T22:13:14.059+0000] {logging_mixin.py:188} INFO - [2024-03-30T22:13:14.057+0000] {dagbag.py:540} INFO - Filling up the DagBag from /opt/airflow/dags/create_dag_with_python_operator.py
[2024-03-30T22:13:14.121+0000] {processor.py:840} INFO - DAG(s) 'our_dag_with_python_operator_v06' retrieved from /opt/airflow/dags/create_dag_with_python_operator.py
[2024-03-30T22:13:14.246+0000] {logging_mixin.py:188} INFO - [2024-03-30T22:13:14.245+0000] {dag.py:3047} INFO - Sync 1 DAGs
[2024-03-30T22:13:14.377+0000] {logging_mixin.py:188} INFO - [2024-03-30T22:13:14.375+0000] {dag.py:3834} INFO - Setting next_dagrun for our_dag_with_python_operator_v06 to 2024-03-11 00:00:00+00:00, run_after=2024-03-12 00:00:00+00:00
[2024-03-30T22:13:14.477+0000] {processor.py:183} INFO - Processing /opt/airflow/dags/create_dag_with_python_operator.py took 0.446 seconds
[2024-03-30T22:13:45.111+0000] {processor.py:161} INFO - Started process (PID=17694) to work on /opt/airflow/dags/create_dag_with_python_operator.py
[2024-03-30T22:13:45.117+0000] {processor.py:830} INFO - Processing file /opt/airflow/dags/create_dag_with_python_operator.py for tasks to queue
[2024-03-30T22:13:45.124+0000] {logging_mixin.py:188} INFO - [2024-03-30T22:13:45.121+0000] {dagbag.py:540} INFO - Filling up the DagBag from /opt/airflow/dags/create_dag_with_python_operator.py
[2024-03-30T22:13:45.191+0000] {processor.py:840} INFO - DAG(s) 'our_dag_with_python_operator_v06' retrieved from /opt/airflow/dags/create_dag_with_python_operator.py
[2024-03-30T22:13:45.327+0000] {logging_mixin.py:188} INFO - [2024-03-30T22:13:45.326+0000] {dag.py:3047} INFO - Sync 1 DAGs
[2024-03-30T22:13:45.445+0000] {logging_mixin.py:188} INFO - [2024-03-30T22:13:45.443+0000] {dag.py:3834} INFO - Setting next_dagrun for our_dag_with_python_operator_v06 to 2024-03-11 00:00:00+00:00, run_after=2024-03-12 00:00:00+00:00
[2024-03-30T22:13:45.532+0000] {processor.py:183} INFO - Processing /opt/airflow/dags/create_dag_with_python_operator.py took 0.444 seconds
[2024-03-30T22:14:16.402+0000] {processor.py:161} INFO - Started process (PID=17745) to work on /opt/airflow/dags/create_dag_with_python_operator.py
[2024-03-30T22:14:16.408+0000] {processor.py:830} INFO - Processing file /opt/airflow/dags/create_dag_with_python_operator.py for tasks to queue
[2024-03-30T22:14:16.415+0000] {logging_mixin.py:188} INFO - [2024-03-30T22:14:16.413+0000] {dagbag.py:540} INFO - Filling up the DagBag from /opt/airflow/dags/create_dag_with_python_operator.py
[2024-03-30T22:14:16.495+0000] {processor.py:840} INFO - DAG(s) 'our_dag_with_python_operator_v06' retrieved from /opt/airflow/dags/create_dag_with_python_operator.py
[2024-03-30T22:14:16.647+0000] {logging_mixin.py:188} INFO - [2024-03-30T22:14:16.646+0000] {dag.py:3047} INFO - Sync 1 DAGs
[2024-03-30T22:14:16.785+0000] {logging_mixin.py:188} INFO - [2024-03-30T22:14:16.783+0000] {dag.py:3834} INFO - Setting next_dagrun for our_dag_with_python_operator_v06 to 2024-03-11 00:00:00+00:00, run_after=2024-03-12 00:00:00+00:00
[2024-03-30T22:14:16.900+0000] {processor.py:183} INFO - Processing /opt/airflow/dags/create_dag_with_python_operator.py took 0.523 seconds
[2024-03-30T22:14:47.309+0000] {processor.py:161} INFO - Started process (PID=17798) to work on /opt/airflow/dags/create_dag_with_python_operator.py
[2024-03-30T22:14:47.313+0000] {processor.py:830} INFO - Processing file /opt/airflow/dags/create_dag_with_python_operator.py for tasks to queue
[2024-03-30T22:14:47.318+0000] {logging_mixin.py:188} INFO - [2024-03-30T22:14:47.316+0000] {dagbag.py:540} INFO - Filling up the DagBag from /opt/airflow/dags/create_dag_with_python_operator.py
[2024-03-30T22:14:47.378+0000] {processor.py:840} INFO - DAG(s) 'our_dag_with_python_operator_v06' retrieved from /opt/airflow/dags/create_dag_with_python_operator.py
[2024-03-30T22:14:47.495+0000] {logging_mixin.py:188} INFO - [2024-03-30T22:14:47.494+0000] {dag.py:3047} INFO - Sync 1 DAGs
[2024-03-30T22:14:47.601+0000] {logging_mixin.py:188} INFO - [2024-03-30T22:14:47.601+0000] {dag.py:3834} INFO - Setting next_dagrun for our_dag_with_python_operator_v06 to 2024-03-11 00:00:00+00:00, run_after=2024-03-12 00:00:00+00:00
[2024-03-30T22:14:47.687+0000] {processor.py:183} INFO - Processing /opt/airflow/dags/create_dag_with_python_operator.py took 0.394 seconds
[2024-03-30T22:15:18.342+0000] {processor.py:161} INFO - Started process (PID=17849) to work on /opt/airflow/dags/create_dag_with_python_operator.py
[2024-03-30T22:15:18.348+0000] {processor.py:830} INFO - Processing file /opt/airflow/dags/create_dag_with_python_operator.py for tasks to queue
[2024-03-30T22:15:18.353+0000] {logging_mixin.py:188} INFO - [2024-03-30T22:15:18.352+0000] {dagbag.py:540} INFO - Filling up the DagBag from /opt/airflow/dags/create_dag_with_python_operator.py
[2024-03-30T22:15:18.417+0000] {processor.py:840} INFO - DAG(s) 'our_dag_with_python_operator_v06' retrieved from /opt/airflow/dags/create_dag_with_python_operator.py
[2024-03-30T22:15:18.543+0000] {logging_mixin.py:188} INFO - [2024-03-30T22:15:18.542+0000] {dag.py:3047} INFO - Sync 1 DAGs
[2024-03-30T22:15:18.649+0000] {logging_mixin.py:188} INFO - [2024-03-30T22:15:18.648+0000] {dag.py:3834} INFO - Setting next_dagrun for our_dag_with_python_operator_v06 to 2024-03-11 00:00:00+00:00, run_after=2024-03-12 00:00:00+00:00
[2024-03-30T22:15:18.726+0000] {processor.py:183} INFO - Processing /opt/airflow/dags/create_dag_with_python_operator.py took 0.404 seconds
[2024-03-30T22:15:49.260+0000] {processor.py:161} INFO - Started process (PID=17898) to work on /opt/airflow/dags/create_dag_with_python_operator.py
[2024-03-30T22:15:49.265+0000] {processor.py:830} INFO - Processing file /opt/airflow/dags/create_dag_with_python_operator.py for tasks to queue
[2024-03-30T22:15:49.269+0000] {logging_mixin.py:188} INFO - [2024-03-30T22:15:49.268+0000] {dagbag.py:540} INFO - Filling up the DagBag from /opt/airflow/dags/create_dag_with_python_operator.py
[2024-03-30T22:15:49.330+0000] {processor.py:840} INFO - DAG(s) 'our_dag_with_python_operator_v06' retrieved from /opt/airflow/dags/create_dag_with_python_operator.py
[2024-03-30T22:15:49.458+0000] {logging_mixin.py:188} INFO - [2024-03-30T22:15:49.456+0000] {dag.py:3047} INFO - Sync 1 DAGs
[2024-03-30T22:15:49.596+0000] {logging_mixin.py:188} INFO - [2024-03-30T22:15:49.595+0000] {dag.py:3834} INFO - Setting next_dagrun for our_dag_with_python_operator_v06 to 2024-03-11 00:00:00+00:00, run_after=2024-03-12 00:00:00+00:00
[2024-03-30T22:15:49.693+0000] {processor.py:183} INFO - Processing /opt/airflow/dags/create_dag_with_python_operator.py took 0.458 seconds
[2024-03-30T22:16:20.258+0000] {processor.py:161} INFO - Started process (PID=17955) to work on /opt/airflow/dags/create_dag_with_python_operator.py
[2024-03-30T22:16:20.263+0000] {processor.py:830} INFO - Processing file /opt/airflow/dags/create_dag_with_python_operator.py for tasks to queue
[2024-03-30T22:16:20.268+0000] {logging_mixin.py:188} INFO - [2024-03-30T22:16:20.267+0000] {dagbag.py:540} INFO - Filling up the DagBag from /opt/airflow/dags/create_dag_with_python_operator.py
[2024-03-30T22:16:20.330+0000] {processor.py:840} INFO - DAG(s) 'our_dag_with_python_operator_v06' retrieved from /opt/airflow/dags/create_dag_with_python_operator.py
[2024-03-30T22:16:20.461+0000] {logging_mixin.py:188} INFO - [2024-03-30T22:16:20.460+0000] {dag.py:3047} INFO - Sync 1 DAGs
[2024-03-30T22:16:20.569+0000] {logging_mixin.py:188} INFO - [2024-03-30T22:16:20.568+0000] {dag.py:3834} INFO - Setting next_dagrun for our_dag_with_python_operator_v06 to 2024-03-11 00:00:00+00:00, run_after=2024-03-12 00:00:00+00:00
[2024-03-30T22:16:20.648+0000] {processor.py:183} INFO - Processing /opt/airflow/dags/create_dag_with_python_operator.py took 0.411 seconds
[2024-03-30T22:16:51.184+0000] {processor.py:161} INFO - Started process (PID=18007) to work on /opt/airflow/dags/create_dag_with_python_operator.py
[2024-03-30T22:16:51.189+0000] {processor.py:830} INFO - Processing file /opt/airflow/dags/create_dag_with_python_operator.py for tasks to queue
[2024-03-30T22:16:51.193+0000] {logging_mixin.py:188} INFO - [2024-03-30T22:16:51.191+0000] {dagbag.py:540} INFO - Filling up the DagBag from /opt/airflow/dags/create_dag_with_python_operator.py
[2024-03-30T22:16:51.257+0000] {processor.py:840} INFO - DAG(s) 'our_dag_with_python_operator_v06' retrieved from /opt/airflow/dags/create_dag_with_python_operator.py
[2024-03-30T22:16:51.391+0000] {logging_mixin.py:188} INFO - [2024-03-30T22:16:51.390+0000] {dag.py:3047} INFO - Sync 1 DAGs
[2024-03-30T22:16:51.491+0000] {logging_mixin.py:188} INFO - [2024-03-30T22:16:51.490+0000] {dag.py:3834} INFO - Setting next_dagrun for our_dag_with_python_operator_v06 to 2024-03-11 00:00:00+00:00, run_after=2024-03-12 00:00:00+00:00
[2024-03-30T22:16:51.574+0000] {processor.py:183} INFO - Processing /opt/airflow/dags/create_dag_with_python_operator.py took 0.410 seconds
[2024-03-30T22:17:22.648+0000] {processor.py:161} INFO - Started process (PID=18060) to work on /opt/airflow/dags/create_dag_with_python_operator.py
[2024-03-30T22:17:22.653+0000] {processor.py:830} INFO - Processing file /opt/airflow/dags/create_dag_with_python_operator.py for tasks to queue
[2024-03-30T22:17:22.658+0000] {logging_mixin.py:188} INFO - [2024-03-30T22:17:22.656+0000] {dagbag.py:540} INFO - Filling up the DagBag from /opt/airflow/dags/create_dag_with_python_operator.py
[2024-03-30T22:17:22.719+0000] {processor.py:840} INFO - DAG(s) 'our_dag_with_python_operator_v06' retrieved from /opt/airflow/dags/create_dag_with_python_operator.py
[2024-03-30T22:17:22.844+0000] {logging_mixin.py:188} INFO - [2024-03-30T22:17:22.843+0000] {dag.py:3047} INFO - Sync 1 DAGs
[2024-03-30T22:17:22.952+0000] {logging_mixin.py:188} INFO - [2024-03-30T22:17:22.951+0000] {dag.py:3834} INFO - Setting next_dagrun for our_dag_with_python_operator_v06 to 2024-03-11 00:00:00+00:00, run_after=2024-03-12 00:00:00+00:00
[2024-03-30T22:17:23.031+0000] {processor.py:183} INFO - Processing /opt/airflow/dags/create_dag_with_python_operator.py took 0.401 seconds
[2024-03-30T22:17:53.207+0000] {processor.py:161} INFO - Started process (PID=18111) to work on /opt/airflow/dags/create_dag_with_python_operator.py
[2024-03-30T22:17:53.212+0000] {processor.py:830} INFO - Processing file /opt/airflow/dags/create_dag_with_python_operator.py for tasks to queue
[2024-03-30T22:17:53.217+0000] {logging_mixin.py:188} INFO - [2024-03-30T22:17:53.215+0000] {dagbag.py:540} INFO - Filling up the DagBag from /opt/airflow/dags/create_dag_with_python_operator.py
[2024-03-30T22:17:53.279+0000] {processor.py:840} INFO - DAG(s) 'our_dag_with_python_operator_v06' retrieved from /opt/airflow/dags/create_dag_with_python_operator.py
[2024-03-30T22:17:53.402+0000] {logging_mixin.py:188} INFO - [2024-03-30T22:17:53.400+0000] {dag.py:3047} INFO - Sync 1 DAGs
[2024-03-30T22:17:53.539+0000] {logging_mixin.py:188} INFO - [2024-03-30T22:17:53.538+0000] {dag.py:3834} INFO - Setting next_dagrun for our_dag_with_python_operator_v06 to 2024-03-11 00:00:00+00:00, run_after=2024-03-12 00:00:00+00:00
[2024-03-30T22:17:53.626+0000] {processor.py:183} INFO - Processing /opt/airflow/dags/create_dag_with_python_operator.py took 0.436 seconds
[2024-03-30T22:18:24.415+0000] {processor.py:161} INFO - Started process (PID=18161) to work on /opt/airflow/dags/create_dag_with_python_operator.py
[2024-03-30T22:18:24.423+0000] {processor.py:830} INFO - Processing file /opt/airflow/dags/create_dag_with_python_operator.py for tasks to queue
[2024-03-30T22:18:24.430+0000] {logging_mixin.py:188} INFO - [2024-03-30T22:18:24.427+0000] {dagbag.py:540} INFO - Filling up the DagBag from /opt/airflow/dags/create_dag_with_python_operator.py
[2024-03-30T22:18:24.507+0000] {processor.py:840} INFO - DAG(s) 'our_dag_with_python_operator_v06' retrieved from /opt/airflow/dags/create_dag_with_python_operator.py
[2024-03-30T22:18:24.630+0000] {logging_mixin.py:188} INFO - [2024-03-30T22:18:24.629+0000] {dag.py:3047} INFO - Sync 1 DAGs
[2024-03-30T22:18:24.758+0000] {logging_mixin.py:188} INFO - [2024-03-30T22:18:24.756+0000] {dag.py:3834} INFO - Setting next_dagrun for our_dag_with_python_operator_v06 to 2024-03-11 00:00:00+00:00, run_after=2024-03-12 00:00:00+00:00
[2024-03-30T22:18:24.846+0000] {processor.py:183} INFO - Processing /opt/airflow/dags/create_dag_with_python_operator.py took 0.461 seconds
[2024-03-30T22:18:55.513+0000] {processor.py:161} INFO - Started process (PID=18214) to work on /opt/airflow/dags/create_dag_with_python_operator.py
[2024-03-30T22:18:55.518+0000] {processor.py:830} INFO - Processing file /opt/airflow/dags/create_dag_with_python_operator.py for tasks to queue
[2024-03-30T22:18:55.524+0000] {logging_mixin.py:188} INFO - [2024-03-30T22:18:55.522+0000] {dagbag.py:540} INFO - Filling up the DagBag from /opt/airflow/dags/create_dag_with_python_operator.py
[2024-03-30T22:18:55.605+0000] {processor.py:840} INFO - DAG(s) 'our_dag_with_python_operator_v06' retrieved from /opt/airflow/dags/create_dag_with_python_operator.py
[2024-03-30T22:18:55.732+0000] {logging_mixin.py:188} INFO - [2024-03-30T22:18:55.731+0000] {dag.py:3047} INFO - Sync 1 DAGs
[2024-03-30T22:18:55.844+0000] {logging_mixin.py:188} INFO - [2024-03-30T22:18:55.843+0000] {dag.py:3834} INFO - Setting next_dagrun for our_dag_with_python_operator_v06 to 2024-03-11 00:00:00+00:00, run_after=2024-03-12 00:00:00+00:00
[2024-03-30T22:18:55.924+0000] {processor.py:183} INFO - Processing /opt/airflow/dags/create_dag_with_python_operator.py took 0.427 seconds
[2024-03-30T22:19:26.150+0000] {processor.py:161} INFO - Started process (PID=18263) to work on /opt/airflow/dags/create_dag_with_python_operator.py
[2024-03-30T22:19:26.155+0000] {processor.py:830} INFO - Processing file /opt/airflow/dags/create_dag_with_python_operator.py for tasks to queue
[2024-03-30T22:19:26.160+0000] {logging_mixin.py:188} INFO - [2024-03-30T22:19:26.158+0000] {dagbag.py:540} INFO - Filling up the DagBag from /opt/airflow/dags/create_dag_with_python_operator.py
[2024-03-30T22:19:26.232+0000] {processor.py:840} INFO - DAG(s) 'our_dag_with_python_operator_v06' retrieved from /opt/airflow/dags/create_dag_with_python_operator.py
[2024-03-30T22:19:26.339+0000] {logging_mixin.py:188} INFO - [2024-03-30T22:19:26.338+0000] {dag.py:3047} INFO - Sync 1 DAGs
[2024-03-30T22:19:26.424+0000] {logging_mixin.py:188} INFO - [2024-03-30T22:19:26.423+0000] {dag.py:3834} INFO - Setting next_dagrun for our_dag_with_python_operator_v06 to 2024-03-11 00:00:00+00:00, run_after=2024-03-12 00:00:00+00:00
[2024-03-30T22:19:26.500+0000] {processor.py:183} INFO - Processing /opt/airflow/dags/create_dag_with_python_operator.py took 0.371 seconds
[2024-03-30T22:19:57.064+0000] {processor.py:161} INFO - Started process (PID=18317) to work on /opt/airflow/dags/create_dag_with_python_operator.py
[2024-03-30T22:19:57.069+0000] {processor.py:830} INFO - Processing file /opt/airflow/dags/create_dag_with_python_operator.py for tasks to queue
[2024-03-30T22:19:57.074+0000] {logging_mixin.py:188} INFO - [2024-03-30T22:19:57.072+0000] {dagbag.py:540} INFO - Filling up the DagBag from /opt/airflow/dags/create_dag_with_python_operator.py
[2024-03-30T22:19:57.149+0000] {processor.py:840} INFO - DAG(s) 'our_dag_with_python_operator_v06' retrieved from /opt/airflow/dags/create_dag_with_python_operator.py
[2024-03-30T22:19:57.270+0000] {logging_mixin.py:188} INFO - [2024-03-30T22:19:57.269+0000] {dag.py:3047} INFO - Sync 1 DAGs
[2024-03-30T22:19:57.371+0000] {logging_mixin.py:188} INFO - [2024-03-30T22:19:57.370+0000] {dag.py:3834} INFO - Setting next_dagrun for our_dag_with_python_operator_v06 to 2024-03-11 00:00:00+00:00, run_after=2024-03-12 00:00:00+00:00
[2024-03-30T22:19:57.457+0000] {processor.py:183} INFO - Processing /opt/airflow/dags/create_dag_with_python_operator.py took 0.410 seconds
