[2024-03-30T22:05:21.677+0000] {processor.py:161} INFO - Started process (PID=16826) to work on /opt/airflow/dags/dag_allocate_messages.py
[2024-03-30T22:05:21.682+0000] {processor.py:830} INFO - Processing file /opt/airflow/dags/dag_allocate_messages.py for tasks to queue
[2024-03-30T22:05:21.690+0000] {logging_mixin.py:188} INFO - [2024-03-30T22:05:21.687+0000] {dagbag.py:540} INFO - Filling up the DagBag from /opt/airflow/dags/dag_allocate_messages.py
[2024-03-30T22:05:22.245+0000] {processor.py:840} INFO - DAG(s) 'dag_allocate_messages' retrieved from /opt/airflow/dags/dag_allocate_messages.py
[2024-03-30T22:05:22.862+0000] {logging_mixin.py:188} INFO - [2024-03-30T22:05:22.861+0000] {dag.py:3047} INFO - Sync 1 DAGs
[2024-03-30T22:05:23.441+0000] {logging_mixin.py:188} INFO - [2024-03-30T22:05:23.438+0000] {dag.py:3834} INFO - Setting next_dagrun for dag_allocate_messages to 2024-03-29 00:00:00+00:00, run_after=2024-03-30 00:00:00+00:00
[2024-03-30T22:05:23.793+0000] {processor.py:183} INFO - Processing /opt/airflow/dags/dag_allocate_messages.py took 2.242 seconds
[2024-03-30T22:05:54.133+0000] {processor.py:161} INFO - Started process (PID=16886) to work on /opt/airflow/dags/dag_allocate_messages.py
[2024-03-30T22:05:54.139+0000] {processor.py:830} INFO - Processing file /opt/airflow/dags/dag_allocate_messages.py for tasks to queue
[2024-03-30T22:05:54.144+0000] {logging_mixin.py:188} INFO - [2024-03-30T22:05:54.142+0000] {dagbag.py:540} INFO - Filling up the DagBag from /opt/airflow/dags/dag_allocate_messages.py
[2024-03-30T22:05:54.216+0000] {processor.py:840} INFO - DAG(s) 'dag_allocate_messages' retrieved from /opt/airflow/dags/dag_allocate_messages.py
[2024-03-30T22:05:54.355+0000] {logging_mixin.py:188} INFO - [2024-03-30T22:05:54.354+0000] {dag.py:3047} INFO - Sync 1 DAGs
[2024-03-30T22:05:54.464+0000] {logging_mixin.py:188} INFO - [2024-03-30T22:05:54.463+0000] {dag.py:3834} INFO - Setting next_dagrun for dag_allocate_messages to 2024-03-30 00:00:00+00:00, run_after=2024-03-31 00:00:00+00:00
[2024-03-30T22:05:54.561+0000] {processor.py:183} INFO - Processing /opt/airflow/dags/dag_allocate_messages.py took 0.448 seconds
[2024-03-30T22:06:25.139+0000] {processor.py:161} INFO - Started process (PID=16937) to work on /opt/airflow/dags/dag_allocate_messages.py
[2024-03-30T22:06:25.147+0000] {processor.py:830} INFO - Processing file /opt/airflow/dags/dag_allocate_messages.py for tasks to queue
[2024-03-30T22:06:25.153+0000] {logging_mixin.py:188} INFO - [2024-03-30T22:06:25.151+0000] {dagbag.py:540} INFO - Filling up the DagBag from /opt/airflow/dags/dag_allocate_messages.py
[2024-03-30T22:06:25.248+0000] {processor.py:840} INFO - DAG(s) 'dag_allocate_messages' retrieved from /opt/airflow/dags/dag_allocate_messages.py
[2024-03-30T22:06:25.458+0000] {logging_mixin.py:188} INFO - [2024-03-30T22:06:25.456+0000] {dag.py:3047} INFO - Sync 1 DAGs
[2024-03-30T22:06:25.637+0000] {logging_mixin.py:188} INFO - [2024-03-30T22:06:25.636+0000] {dag.py:3834} INFO - Setting next_dagrun for dag_allocate_messages to 2024-03-30 00:00:00+00:00, run_after=2024-03-31 00:00:00+00:00
[2024-03-30T22:06:25.752+0000] {processor.py:183} INFO - Processing /opt/airflow/dags/dag_allocate_messages.py took 0.645 seconds
[2024-03-30T22:06:56.889+0000] {processor.py:161} INFO - Started process (PID=16990) to work on /opt/airflow/dags/dag_allocate_messages.py
[2024-03-30T22:06:56.896+0000] {processor.py:830} INFO - Processing file /opt/airflow/dags/dag_allocate_messages.py for tasks to queue
[2024-03-30T22:06:56.903+0000] {logging_mixin.py:188} INFO - [2024-03-30T22:06:56.901+0000] {dagbag.py:540} INFO - Filling up the DagBag from /opt/airflow/dags/dag_allocate_messages.py
[2024-03-30T22:06:56.977+0000] {processor.py:840} INFO - DAG(s) 'dag_allocate_messages' retrieved from /opt/airflow/dags/dag_allocate_messages.py
[2024-03-30T22:06:57.128+0000] {logging_mixin.py:188} INFO - [2024-03-30T22:06:57.127+0000] {dag.py:3047} INFO - Sync 1 DAGs
[2024-03-30T22:06:57.270+0000] {logging_mixin.py:188} INFO - [2024-03-30T22:06:57.269+0000] {dag.py:3834} INFO - Setting next_dagrun for dag_allocate_messages to 2024-03-30 00:00:00+00:00, run_after=2024-03-31 00:00:00+00:00
[2024-03-30T22:06:57.367+0000] {processor.py:183} INFO - Processing /opt/airflow/dags/dag_allocate_messages.py took 0.508 seconds
[2024-03-30T22:07:27.528+0000] {processor.py:161} INFO - Started process (PID=17041) to work on /opt/airflow/dags/dag_allocate_messages.py
[2024-03-30T22:07:27.533+0000] {processor.py:830} INFO - Processing file /opt/airflow/dags/dag_allocate_messages.py for tasks to queue
[2024-03-30T22:07:27.541+0000] {logging_mixin.py:188} INFO - [2024-03-30T22:07:27.538+0000] {dagbag.py:540} INFO - Filling up the DagBag from /opt/airflow/dags/dag_allocate_messages.py
[2024-03-30T22:07:27.619+0000] {processor.py:840} INFO - DAG(s) 'dag_allocate_messages' retrieved from /opt/airflow/dags/dag_allocate_messages.py
[2024-03-30T22:07:27.756+0000] {logging_mixin.py:188} INFO - [2024-03-30T22:07:27.755+0000] {dag.py:3047} INFO - Sync 1 DAGs
[2024-03-30T22:07:27.882+0000] {logging_mixin.py:188} INFO - [2024-03-30T22:07:27.881+0000] {dag.py:3834} INFO - Setting next_dagrun for dag_allocate_messages to 2024-03-30 00:00:00+00:00, run_after=2024-03-31 00:00:00+00:00
[2024-03-30T22:07:27.967+0000] {processor.py:183} INFO - Processing /opt/airflow/dags/dag_allocate_messages.py took 0.463 seconds
[2024-03-30T22:07:58.536+0000] {processor.py:161} INFO - Started process (PID=17092) to work on /opt/airflow/dags/dag_allocate_messages.py
[2024-03-30T22:07:58.542+0000] {processor.py:830} INFO - Processing file /opt/airflow/dags/dag_allocate_messages.py for tasks to queue
[2024-03-30T22:07:58.548+0000] {logging_mixin.py:188} INFO - [2024-03-30T22:07:58.546+0000] {dagbag.py:540} INFO - Filling up the DagBag from /opt/airflow/dags/dag_allocate_messages.py
[2024-03-30T22:07:58.613+0000] {processor.py:840} INFO - DAG(s) 'dag_allocate_messages' retrieved from /opt/airflow/dags/dag_allocate_messages.py
[2024-03-30T22:07:58.740+0000] {logging_mixin.py:188} INFO - [2024-03-30T22:07:58.739+0000] {dag.py:3047} INFO - Sync 1 DAGs
[2024-03-30T22:07:58.854+0000] {logging_mixin.py:188} INFO - [2024-03-30T22:07:58.853+0000] {dag.py:3834} INFO - Setting next_dagrun for dag_allocate_messages to 2024-03-30 00:00:00+00:00, run_after=2024-03-31 00:00:00+00:00
[2024-03-30T22:07:58.954+0000] {processor.py:183} INFO - Processing /opt/airflow/dags/dag_allocate_messages.py took 0.443 seconds
[2024-03-30T22:08:29.407+0000] {processor.py:161} INFO - Started process (PID=17144) to work on /opt/airflow/dags/dag_allocate_messages.py
[2024-03-30T22:08:29.413+0000] {processor.py:830} INFO - Processing file /opt/airflow/dags/dag_allocate_messages.py for tasks to queue
[2024-03-30T22:08:29.419+0000] {logging_mixin.py:188} INFO - [2024-03-30T22:08:29.417+0000] {dagbag.py:540} INFO - Filling up the DagBag from /opt/airflow/dags/dag_allocate_messages.py
[2024-03-30T22:08:29.490+0000] {processor.py:840} INFO - DAG(s) 'dag_allocate_messages' retrieved from /opt/airflow/dags/dag_allocate_messages.py
[2024-03-30T22:08:29.640+0000] {logging_mixin.py:188} INFO - [2024-03-30T22:08:29.638+0000] {dag.py:3047} INFO - Sync 1 DAGs
[2024-03-30T22:08:29.796+0000] {logging_mixin.py:188} INFO - [2024-03-30T22:08:29.795+0000] {dag.py:3834} INFO - Setting next_dagrun for dag_allocate_messages to 2024-03-30 00:00:00+00:00, run_after=2024-03-31 00:00:00+00:00
[2024-03-30T22:08:29.886+0000] {processor.py:183} INFO - Processing /opt/airflow/dags/dag_allocate_messages.py took 0.502 seconds
[2024-03-30T22:09:00.424+0000] {processor.py:161} INFO - Started process (PID=17195) to work on /opt/airflow/dags/dag_allocate_messages.py
[2024-03-30T22:09:00.429+0000] {processor.py:830} INFO - Processing file /opt/airflow/dags/dag_allocate_messages.py for tasks to queue
[2024-03-30T22:09:00.435+0000] {logging_mixin.py:188} INFO - [2024-03-30T22:09:00.433+0000] {dagbag.py:540} INFO - Filling up the DagBag from /opt/airflow/dags/dag_allocate_messages.py
[2024-03-30T22:09:00.509+0000] {processor.py:840} INFO - DAG(s) 'dag_allocate_messages' retrieved from /opt/airflow/dags/dag_allocate_messages.py
[2024-03-30T22:09:00.665+0000] {logging_mixin.py:188} INFO - [2024-03-30T22:09:00.664+0000] {dag.py:3047} INFO - Sync 1 DAGs
[2024-03-30T22:09:00.798+0000] {logging_mixin.py:188} INFO - [2024-03-30T22:09:00.797+0000] {dag.py:3834} INFO - Setting next_dagrun for dag_allocate_messages to 2024-03-30 00:00:00+00:00, run_after=2024-03-31 00:00:00+00:00
[2024-03-30T22:09:00.914+0000] {processor.py:183} INFO - Processing /opt/airflow/dags/dag_allocate_messages.py took 0.512 seconds
[2024-03-30T22:09:31.537+0000] {processor.py:161} INFO - Started process (PID=17246) to work on /opt/airflow/dags/dag_allocate_messages.py
[2024-03-30T22:09:31.543+0000] {processor.py:830} INFO - Processing file /opt/airflow/dags/dag_allocate_messages.py for tasks to queue
[2024-03-30T22:09:31.548+0000] {logging_mixin.py:188} INFO - [2024-03-30T22:09:31.546+0000] {dagbag.py:540} INFO - Filling up the DagBag from /opt/airflow/dags/dag_allocate_messages.py
[2024-03-30T22:09:31.618+0000] {processor.py:840} INFO - DAG(s) 'dag_allocate_messages' retrieved from /opt/airflow/dags/dag_allocate_messages.py
[2024-03-30T22:09:31.778+0000] {logging_mixin.py:188} INFO - [2024-03-30T22:09:31.777+0000] {dag.py:3047} INFO - Sync 1 DAGs
[2024-03-30T22:09:31.908+0000] {logging_mixin.py:188} INFO - [2024-03-30T22:09:31.907+0000] {dag.py:3834} INFO - Setting next_dagrun for dag_allocate_messages to 2024-03-30 00:00:00+00:00, run_after=2024-03-31 00:00:00+00:00
[2024-03-30T22:09:32.013+0000] {processor.py:183} INFO - Processing /opt/airflow/dags/dag_allocate_messages.py took 0.495 seconds
[2024-03-30T22:10:02.158+0000] {processor.py:161} INFO - Started process (PID=17297) to work on /opt/airflow/dags/dag_allocate_messages.py
[2024-03-30T22:10:02.163+0000] {processor.py:830} INFO - Processing file /opt/airflow/dags/dag_allocate_messages.py for tasks to queue
[2024-03-30T22:10:02.169+0000] {logging_mixin.py:188} INFO - [2024-03-30T22:10:02.167+0000] {dagbag.py:540} INFO - Filling up the DagBag from /opt/airflow/dags/dag_allocate_messages.py
[2024-03-30T22:10:02.239+0000] {processor.py:840} INFO - DAG(s) 'dag_allocate_messages' retrieved from /opt/airflow/dags/dag_allocate_messages.py
[2024-03-30T22:10:02.376+0000] {logging_mixin.py:188} INFO - [2024-03-30T22:10:02.375+0000] {dag.py:3047} INFO - Sync 1 DAGs
[2024-03-30T22:10:02.482+0000] {logging_mixin.py:188} INFO - [2024-03-30T22:10:02.481+0000] {dag.py:3834} INFO - Setting next_dagrun for dag_allocate_messages to 2024-03-30 00:00:00+00:00, run_after=2024-03-31 00:00:00+00:00
[2024-03-30T22:10:02.563+0000] {processor.py:183} INFO - Processing /opt/airflow/dags/dag_allocate_messages.py took 0.422 seconds
[2024-03-30T22:10:33.483+0000] {processor.py:161} INFO - Started process (PID=17348) to work on /opt/airflow/dags/dag_allocate_messages.py
[2024-03-30T22:10:33.489+0000] {processor.py:830} INFO - Processing file /opt/airflow/dags/dag_allocate_messages.py for tasks to queue
[2024-03-30T22:10:33.498+0000] {logging_mixin.py:188} INFO - [2024-03-30T22:10:33.493+0000] {dagbag.py:540} INFO - Filling up the DagBag from /opt/airflow/dags/dag_allocate_messages.py
[2024-03-30T22:10:33.561+0000] {processor.py:840} INFO - DAG(s) 'dag_allocate_messages' retrieved from /opt/airflow/dags/dag_allocate_messages.py
[2024-03-30T22:10:33.739+0000] {logging_mixin.py:188} INFO - [2024-03-30T22:10:33.738+0000] {dag.py:3047} INFO - Sync 1 DAGs
[2024-03-30T22:10:33.862+0000] {logging_mixin.py:188} INFO - [2024-03-30T22:10:33.861+0000] {dag.py:3834} INFO - Setting next_dagrun for dag_allocate_messages to 2024-03-30 00:00:00+00:00, run_after=2024-03-31 00:00:00+00:00
[2024-03-30T22:10:33.948+0000] {processor.py:183} INFO - Processing /opt/airflow/dags/dag_allocate_messages.py took 0.483 seconds
[2024-03-30T22:11:04.798+0000] {processor.py:161} INFO - Started process (PID=17405) to work on /opt/airflow/dags/dag_allocate_messages.py
[2024-03-30T22:11:04.804+0000] {processor.py:830} INFO - Processing file /opt/airflow/dags/dag_allocate_messages.py for tasks to queue
[2024-03-30T22:11:04.809+0000] {logging_mixin.py:188} INFO - [2024-03-30T22:11:04.807+0000] {dagbag.py:540} INFO - Filling up the DagBag from /opt/airflow/dags/dag_allocate_messages.py
[2024-03-30T22:11:04.882+0000] {processor.py:840} INFO - DAG(s) 'dag_allocate_messages' retrieved from /opt/airflow/dags/dag_allocate_messages.py
[2024-03-30T22:11:05.023+0000] {logging_mixin.py:188} INFO - [2024-03-30T22:11:05.022+0000] {dag.py:3047} INFO - Sync 1 DAGs
[2024-03-30T22:11:05.151+0000] {logging_mixin.py:188} INFO - [2024-03-30T22:11:05.150+0000] {dag.py:3834} INFO - Setting next_dagrun for dag_allocate_messages to 2024-03-30 00:00:00+00:00, run_after=2024-03-31 00:00:00+00:00
[2024-03-30T22:11:05.250+0000] {processor.py:183} INFO - Processing /opt/airflow/dags/dag_allocate_messages.py took 0.472 seconds
[2024-03-30T22:11:35.965+0000] {processor.py:161} INFO - Started process (PID=17456) to work on /opt/airflow/dags/dag_allocate_messages.py
[2024-03-30T22:11:35.971+0000] {processor.py:830} INFO - Processing file /opt/airflow/dags/dag_allocate_messages.py for tasks to queue
[2024-03-30T22:11:35.976+0000] {logging_mixin.py:188} INFO - [2024-03-30T22:11:35.974+0000] {dagbag.py:540} INFO - Filling up the DagBag from /opt/airflow/dags/dag_allocate_messages.py
[2024-03-30T22:11:36.051+0000] {processor.py:840} INFO - DAG(s) 'dag_allocate_messages' retrieved from /opt/airflow/dags/dag_allocate_messages.py
[2024-03-30T22:11:36.203+0000] {logging_mixin.py:188} INFO - [2024-03-30T22:11:36.202+0000] {dag.py:3047} INFO - Sync 1 DAGs
[2024-03-30T22:11:36.330+0000] {logging_mixin.py:188} INFO - [2024-03-30T22:11:36.329+0000] {dag.py:3834} INFO - Setting next_dagrun for dag_allocate_messages to 2024-03-30 00:00:00+00:00, run_after=2024-03-31 00:00:00+00:00
[2024-03-30T22:11:36.427+0000] {processor.py:183} INFO - Processing /opt/airflow/dags/dag_allocate_messages.py took 0.482 seconds
[2024-03-30T22:12:07.119+0000] {processor.py:161} INFO - Started process (PID=17508) to work on /opt/airflow/dags/dag_allocate_messages.py
[2024-03-30T22:12:07.125+0000] {processor.py:830} INFO - Processing file /opt/airflow/dags/dag_allocate_messages.py for tasks to queue
[2024-03-30T22:12:07.131+0000] {logging_mixin.py:188} INFO - [2024-03-30T22:12:07.129+0000] {dagbag.py:540} INFO - Filling up the DagBag from /opt/airflow/dags/dag_allocate_messages.py
[2024-03-30T22:12:07.236+0000] {processor.py:840} INFO - DAG(s) 'dag_allocate_messages' retrieved from /opt/airflow/dags/dag_allocate_messages.py
[2024-03-30T22:12:07.384+0000] {logging_mixin.py:188} INFO - [2024-03-30T22:12:07.383+0000] {dag.py:3047} INFO - Sync 1 DAGs
[2024-03-30T22:12:07.511+0000] {logging_mixin.py:188} INFO - [2024-03-30T22:12:07.509+0000] {dag.py:3834} INFO - Setting next_dagrun for dag_allocate_messages to 2024-03-30 00:00:00+00:00, run_after=2024-03-31 00:00:00+00:00
[2024-03-30T22:12:07.604+0000] {processor.py:183} INFO - Processing /opt/airflow/dags/dag_allocate_messages.py took 0.506 seconds
[2024-03-30T22:12:38.153+0000] {processor.py:161} INFO - Started process (PID=17559) to work on /opt/airflow/dags/dag_allocate_messages.py
[2024-03-30T22:12:38.158+0000] {processor.py:830} INFO - Processing file /opt/airflow/dags/dag_allocate_messages.py for tasks to queue
[2024-03-30T22:12:38.163+0000] {logging_mixin.py:188} INFO - [2024-03-30T22:12:38.161+0000] {dagbag.py:540} INFO - Filling up the DagBag from /opt/airflow/dags/dag_allocate_messages.py
[2024-03-30T22:12:38.242+0000] {processor.py:840} INFO - DAG(s) 'dag_allocate_messages' retrieved from /opt/airflow/dags/dag_allocate_messages.py
[2024-03-30T22:12:38.457+0000] {logging_mixin.py:188} INFO - [2024-03-30T22:12:38.456+0000] {dag.py:3047} INFO - Sync 1 DAGs
[2024-03-30T22:12:38.605+0000] {logging_mixin.py:188} INFO - [2024-03-30T22:12:38.603+0000] {dag.py:3834} INFO - Setting next_dagrun for dag_allocate_messages to 2024-03-30 00:00:00+00:00, run_after=2024-03-31 00:00:00+00:00
[2024-03-30T22:12:38.695+0000] {processor.py:183} INFO - Processing /opt/airflow/dags/dag_allocate_messages.py took 0.560 seconds
[2024-03-30T22:13:09.302+0000] {processor.py:161} INFO - Started process (PID=17610) to work on /opt/airflow/dags/dag_allocate_messages.py
[2024-03-30T22:13:09.307+0000] {processor.py:830} INFO - Processing file /opt/airflow/dags/dag_allocate_messages.py for tasks to queue
[2024-03-30T22:13:09.314+0000] {logging_mixin.py:188} INFO - [2024-03-30T22:13:09.311+0000] {dagbag.py:540} INFO - Filling up the DagBag from /opt/airflow/dags/dag_allocate_messages.py
[2024-03-30T22:13:09.379+0000] {processor.py:840} INFO - DAG(s) 'dag_allocate_messages' retrieved from /opt/airflow/dags/dag_allocate_messages.py
[2024-03-30T22:13:09.505+0000] {logging_mixin.py:188} INFO - [2024-03-30T22:13:09.504+0000] {dag.py:3047} INFO - Sync 1 DAGs
[2024-03-30T22:13:09.627+0000] {logging_mixin.py:188} INFO - [2024-03-30T22:13:09.626+0000] {dag.py:3834} INFO - Setting next_dagrun for dag_allocate_messages to 2024-03-30 00:00:00+00:00, run_after=2024-03-31 00:00:00+00:00
[2024-03-30T22:13:09.719+0000] {processor.py:183} INFO - Processing /opt/airflow/dags/dag_allocate_messages.py took 0.435 seconds
[2024-03-30T22:13:39.882+0000] {processor.py:161} INFO - Started process (PID=17661) to work on /opt/airflow/dags/dag_allocate_messages.py
[2024-03-30T22:13:39.888+0000] {processor.py:830} INFO - Processing file /opt/airflow/dags/dag_allocate_messages.py for tasks to queue
[2024-03-30T22:13:39.894+0000] {logging_mixin.py:188} INFO - [2024-03-30T22:13:39.892+0000] {dagbag.py:540} INFO - Filling up the DagBag from /opt/airflow/dags/dag_allocate_messages.py
[2024-03-30T22:13:39.963+0000] {processor.py:840} INFO - DAG(s) 'dag_allocate_messages' retrieved from /opt/airflow/dags/dag_allocate_messages.py
[2024-03-30T22:13:40.118+0000] {logging_mixin.py:188} INFO - [2024-03-30T22:13:40.117+0000] {dag.py:3047} INFO - Sync 1 DAGs
[2024-03-30T22:13:40.282+0000] {logging_mixin.py:188} INFO - [2024-03-30T22:13:40.281+0000] {dag.py:3834} INFO - Setting next_dagrun for dag_allocate_messages to 2024-03-30 00:00:00+00:00, run_after=2024-03-31 00:00:00+00:00
[2024-03-30T22:13:40.392+0000] {processor.py:183} INFO - Processing /opt/airflow/dags/dag_allocate_messages.py took 0.529 seconds
[2024-03-30T22:14:10.927+0000] {processor.py:161} INFO - Started process (PID=17712) to work on /opt/airflow/dags/dag_allocate_messages.py
[2024-03-30T22:14:10.932+0000] {processor.py:830} INFO - Processing file /opt/airflow/dags/dag_allocate_messages.py for tasks to queue
[2024-03-30T22:14:10.938+0000] {logging_mixin.py:188} INFO - [2024-03-30T22:14:10.935+0000] {dagbag.py:540} INFO - Filling up the DagBag from /opt/airflow/dags/dag_allocate_messages.py
[2024-03-30T22:14:11.009+0000] {processor.py:840} INFO - DAG(s) 'dag_allocate_messages' retrieved from /opt/airflow/dags/dag_allocate_messages.py
[2024-03-30T22:14:11.160+0000] {logging_mixin.py:188} INFO - [2024-03-30T22:14:11.159+0000] {dag.py:3047} INFO - Sync 1 DAGs
[2024-03-30T22:14:11.280+0000] {logging_mixin.py:188} INFO - [2024-03-30T22:14:11.279+0000] {dag.py:3834} INFO - Setting next_dagrun for dag_allocate_messages to 2024-03-30 00:00:00+00:00, run_after=2024-03-31 00:00:00+00:00
[2024-03-30T22:14:11.377+0000] {processor.py:183} INFO - Processing /opt/airflow/dags/dag_allocate_messages.py took 0.471 seconds
[2024-03-30T22:14:41.523+0000] {processor.py:161} INFO - Started process (PID=17763) to work on /opt/airflow/dags/dag_allocate_messages.py
[2024-03-30T22:14:41.528+0000] {processor.py:830} INFO - Processing file /opt/airflow/dags/dag_allocate_messages.py for tasks to queue
[2024-03-30T22:14:41.533+0000] {logging_mixin.py:188} INFO - [2024-03-30T22:14:41.532+0000] {dagbag.py:540} INFO - Filling up the DagBag from /opt/airflow/dags/dag_allocate_messages.py
[2024-03-30T22:14:41.604+0000] {processor.py:840} INFO - DAG(s) 'dag_allocate_messages' retrieved from /opt/airflow/dags/dag_allocate_messages.py
[2024-03-30T22:14:41.756+0000] {logging_mixin.py:188} INFO - [2024-03-30T22:14:41.752+0000] {dag.py:3047} INFO - Sync 1 DAGs
[2024-03-30T22:14:41.895+0000] {logging_mixin.py:188} INFO - [2024-03-30T22:14:41.894+0000] {dag.py:3834} INFO - Setting next_dagrun for dag_allocate_messages to 2024-03-30 00:00:00+00:00, run_after=2024-03-31 00:00:00+00:00
[2024-03-30T22:14:41.976+0000] {processor.py:183} INFO - Processing /opt/airflow/dags/dag_allocate_messages.py took 0.473 seconds
[2024-03-30T22:15:13.084+0000] {processor.py:161} INFO - Started process (PID=17814) to work on /opt/airflow/dags/dag_allocate_messages.py
[2024-03-30T22:15:13.090+0000] {processor.py:830} INFO - Processing file /opt/airflow/dags/dag_allocate_messages.py for tasks to queue
[2024-03-30T22:15:13.095+0000] {logging_mixin.py:188} INFO - [2024-03-30T22:15:13.093+0000] {dagbag.py:540} INFO - Filling up the DagBag from /opt/airflow/dags/dag_allocate_messages.py
[2024-03-30T22:15:13.156+0000] {processor.py:840} INFO - DAG(s) 'dag_allocate_messages' retrieved from /opt/airflow/dags/dag_allocate_messages.py
[2024-03-30T22:15:13.286+0000] {logging_mixin.py:188} INFO - [2024-03-30T22:15:13.285+0000] {dag.py:3047} INFO - Sync 1 DAGs
[2024-03-30T22:15:13.406+0000] {logging_mixin.py:188} INFO - [2024-03-30T22:15:13.405+0000] {dag.py:3834} INFO - Setting next_dagrun for dag_allocate_messages to 2024-03-30 00:00:00+00:00, run_after=2024-03-31 00:00:00+00:00
[2024-03-30T22:15:13.486+0000] {processor.py:183} INFO - Processing /opt/airflow/dags/dag_allocate_messages.py took 0.429 seconds
[2024-03-30T22:15:44.276+0000] {processor.py:161} INFO - Started process (PID=17865) to work on /opt/airflow/dags/dag_allocate_messages.py
[2024-03-30T22:15:44.281+0000] {processor.py:830} INFO - Processing file /opt/airflow/dags/dag_allocate_messages.py for tasks to queue
[2024-03-30T22:15:44.287+0000] {logging_mixin.py:188} INFO - [2024-03-30T22:15:44.285+0000] {dagbag.py:540} INFO - Filling up the DagBag from /opt/airflow/dags/dag_allocate_messages.py
[2024-03-30T22:15:44.379+0000] {processor.py:840} INFO - DAG(s) 'dag_allocate_messages' retrieved from /opt/airflow/dags/dag_allocate_messages.py
[2024-03-30T22:15:44.512+0000] {logging_mixin.py:188} INFO - [2024-03-30T22:15:44.511+0000] {dag.py:3047} INFO - Sync 1 DAGs
[2024-03-30T22:15:44.639+0000] {logging_mixin.py:188} INFO - [2024-03-30T22:15:44.638+0000] {dag.py:3834} INFO - Setting next_dagrun for dag_allocate_messages to 2024-03-30 00:00:00+00:00, run_after=2024-03-31 00:00:00+00:00
[2024-03-30T22:15:44.722+0000] {processor.py:183} INFO - Processing /opt/airflow/dags/dag_allocate_messages.py took 0.464 seconds
[2024-03-30T22:16:15.100+0000] {processor.py:161} INFO - Started process (PID=17922) to work on /opt/airflow/dags/dag_allocate_messages.py
[2024-03-30T22:16:15.106+0000] {processor.py:830} INFO - Processing file /opt/airflow/dags/dag_allocate_messages.py for tasks to queue
[2024-03-30T22:16:15.111+0000] {logging_mixin.py:188} INFO - [2024-03-30T22:16:15.109+0000] {dagbag.py:540} INFO - Filling up the DagBag from /opt/airflow/dags/dag_allocate_messages.py
[2024-03-30T22:16:15.184+0000] {processor.py:840} INFO - DAG(s) 'dag_allocate_messages' retrieved from /opt/airflow/dags/dag_allocate_messages.py
[2024-03-30T22:16:15.328+0000] {logging_mixin.py:188} INFO - [2024-03-30T22:16:15.327+0000] {dag.py:3047} INFO - Sync 1 DAGs
[2024-03-30T22:16:15.449+0000] {logging_mixin.py:188} INFO - [2024-03-30T22:16:15.448+0000] {dag.py:3834} INFO - Setting next_dagrun for dag_allocate_messages to 2024-03-30 00:00:00+00:00, run_after=2024-03-31 00:00:00+00:00
[2024-03-30T22:16:15.545+0000] {processor.py:183} INFO - Processing /opt/airflow/dags/dag_allocate_messages.py took 0.465 seconds
[2024-03-30T22:16:46.085+0000] {processor.py:161} INFO - Started process (PID=17974) to work on /opt/airflow/dags/dag_allocate_messages.py
[2024-03-30T22:16:46.091+0000] {processor.py:830} INFO - Processing file /opt/airflow/dags/dag_allocate_messages.py for tasks to queue
[2024-03-30T22:16:46.096+0000] {logging_mixin.py:188} INFO - [2024-03-30T22:16:46.094+0000] {dagbag.py:540} INFO - Filling up the DagBag from /opt/airflow/dags/dag_allocate_messages.py
[2024-03-30T22:16:46.167+0000] {processor.py:840} INFO - DAG(s) 'dag_allocate_messages' retrieved from /opt/airflow/dags/dag_allocate_messages.py
[2024-03-30T22:16:46.327+0000] {logging_mixin.py:188} INFO - [2024-03-30T22:16:46.326+0000] {dag.py:3047} INFO - Sync 1 DAGs
[2024-03-30T22:16:46.490+0000] {logging_mixin.py:188} INFO - [2024-03-30T22:16:46.489+0000] {dag.py:3834} INFO - Setting next_dagrun for dag_allocate_messages to 2024-03-30 00:00:00+00:00, run_after=2024-03-31 00:00:00+00:00
[2024-03-30T22:16:46.573+0000] {processor.py:183} INFO - Processing /opt/airflow/dags/dag_allocate_messages.py took 0.514 seconds
[2024-03-30T22:17:16.979+0000] {processor.py:161} INFO - Started process (PID=18025) to work on /opt/airflow/dags/dag_allocate_messages.py
[2024-03-30T22:17:16.985+0000] {processor.py:830} INFO - Processing file /opt/airflow/dags/dag_allocate_messages.py for tasks to queue
[2024-03-30T22:17:16.989+0000] {logging_mixin.py:188} INFO - [2024-03-30T22:17:16.988+0000] {dagbag.py:540} INFO - Filling up the DagBag from /opt/airflow/dags/dag_allocate_messages.py
[2024-03-30T22:17:17.060+0000] {processor.py:840} INFO - DAG(s) 'dag_allocate_messages' retrieved from /opt/airflow/dags/dag_allocate_messages.py
[2024-03-30T22:17:17.198+0000] {logging_mixin.py:188} INFO - [2024-03-30T22:17:17.197+0000] {dag.py:3047} INFO - Sync 1 DAGs
[2024-03-30T22:17:17.314+0000] {logging_mixin.py:188} INFO - [2024-03-30T22:17:17.312+0000] {dag.py:3834} INFO - Setting next_dagrun for dag_allocate_messages to 2024-03-30 00:00:00+00:00, run_after=2024-03-31 00:00:00+00:00
[2024-03-30T22:17:17.403+0000] {processor.py:183} INFO - Processing /opt/airflow/dags/dag_allocate_messages.py took 0.451 seconds
[2024-03-30T22:17:48.427+0000] {processor.py:161} INFO - Started process (PID=18076) to work on /opt/airflow/dags/dag_allocate_messages.py
[2024-03-30T22:17:48.432+0000] {processor.py:830} INFO - Processing file /opt/airflow/dags/dag_allocate_messages.py for tasks to queue
[2024-03-30T22:17:48.438+0000] {logging_mixin.py:188} INFO - [2024-03-30T22:17:48.436+0000] {dagbag.py:540} INFO - Filling up the DagBag from /opt/airflow/dags/dag_allocate_messages.py
[2024-03-30T22:17:48.507+0000] {processor.py:840} INFO - DAG(s) 'dag_allocate_messages' retrieved from /opt/airflow/dags/dag_allocate_messages.py
[2024-03-30T22:17:48.643+0000] {logging_mixin.py:188} INFO - [2024-03-30T22:17:48.642+0000] {dag.py:3047} INFO - Sync 1 DAGs
[2024-03-30T22:17:48.752+0000] {logging_mixin.py:188} INFO - [2024-03-30T22:17:48.751+0000] {dag.py:3834} INFO - Setting next_dagrun for dag_allocate_messages to 2024-03-30 00:00:00+00:00, run_after=2024-03-31 00:00:00+00:00
[2024-03-30T22:17:48.850+0000] {processor.py:183} INFO - Processing /opt/airflow/dags/dag_allocate_messages.py took 0.443 seconds
[2024-03-30T22:18:19.046+0000] {processor.py:161} INFO - Started process (PID=18128) to work on /opt/airflow/dags/dag_allocate_messages.py
[2024-03-30T22:18:19.052+0000] {processor.py:830} INFO - Processing file /opt/airflow/dags/dag_allocate_messages.py for tasks to queue
[2024-03-30T22:18:19.058+0000] {logging_mixin.py:188} INFO - [2024-03-30T22:18:19.056+0000] {dagbag.py:540} INFO - Filling up the DagBag from /opt/airflow/dags/dag_allocate_messages.py
[2024-03-30T22:18:19.165+0000] {processor.py:840} INFO - DAG(s) 'dag_allocate_messages' retrieved from /opt/airflow/dags/dag_allocate_messages.py
[2024-03-30T22:18:19.325+0000] {logging_mixin.py:188} INFO - [2024-03-30T22:18:19.324+0000] {dag.py:3047} INFO - Sync 1 DAGs
[2024-03-30T22:18:19.438+0000] {logging_mixin.py:188} INFO - [2024-03-30T22:18:19.437+0000] {dag.py:3834} INFO - Setting next_dagrun for dag_allocate_messages to 2024-03-30 00:00:00+00:00, run_after=2024-03-31 00:00:00+00:00
[2024-03-30T22:18:19.526+0000] {processor.py:183} INFO - Processing /opt/airflow/dags/dag_allocate_messages.py took 0.504 seconds
[2024-03-30T22:18:50.268+0000] {processor.py:161} INFO - Started process (PID=18179) to work on /opt/airflow/dags/dag_allocate_messages.py
[2024-03-30T22:18:50.274+0000] {processor.py:830} INFO - Processing file /opt/airflow/dags/dag_allocate_messages.py for tasks to queue
[2024-03-30T22:18:50.281+0000] {logging_mixin.py:188} INFO - [2024-03-30T22:18:50.278+0000] {dagbag.py:540} INFO - Filling up the DagBag from /opt/airflow/dags/dag_allocate_messages.py
[2024-03-30T22:18:50.358+0000] {processor.py:840} INFO - DAG(s) 'dag_allocate_messages' retrieved from /opt/airflow/dags/dag_allocate_messages.py
[2024-03-30T22:18:50.542+0000] {logging_mixin.py:188} INFO - [2024-03-30T22:18:50.541+0000] {dag.py:3047} INFO - Sync 1 DAGs
[2024-03-30T22:18:50.662+0000] {logging_mixin.py:188} INFO - [2024-03-30T22:18:50.661+0000] {dag.py:3834} INFO - Setting next_dagrun for dag_allocate_messages to 2024-03-30 00:00:00+00:00, run_after=2024-03-31 00:00:00+00:00
[2024-03-30T22:18:50.746+0000] {processor.py:183} INFO - Processing /opt/airflow/dags/dag_allocate_messages.py took 0.499 seconds
[2024-03-30T22:19:21.856+0000] {processor.py:161} INFO - Started process (PID=18230) to work on /opt/airflow/dags/dag_allocate_messages.py
[2024-03-30T22:19:21.861+0000] {processor.py:830} INFO - Processing file /opt/airflow/dags/dag_allocate_messages.py for tasks to queue
[2024-03-30T22:19:21.866+0000] {logging_mixin.py:188} INFO - [2024-03-30T22:19:21.864+0000] {dagbag.py:540} INFO - Filling up the DagBag from /opt/airflow/dags/dag_allocate_messages.py
[2024-03-30T22:19:21.942+0000] {processor.py:840} INFO - DAG(s) 'dag_allocate_messages' retrieved from /opt/airflow/dags/dag_allocate_messages.py
[2024-03-30T22:19:22.086+0000] {logging_mixin.py:188} INFO - [2024-03-30T22:19:22.085+0000] {dag.py:3047} INFO - Sync 1 DAGs
[2024-03-30T22:19:22.210+0000] {logging_mixin.py:188} INFO - [2024-03-30T22:19:22.209+0000] {dag.py:3834} INFO - Setting next_dagrun for dag_allocate_messages to 2024-03-30 00:00:00+00:00, run_after=2024-03-31 00:00:00+00:00
[2024-03-30T22:19:22.314+0000] {processor.py:183} INFO - Processing /opt/airflow/dags/dag_allocate_messages.py took 0.478 seconds
[2024-03-30T22:19:52.912+0000] {processor.py:161} INFO - Started process (PID=18282) to work on /opt/airflow/dags/dag_allocate_messages.py
[2024-03-30T22:19:52.918+0000] {processor.py:830} INFO - Processing file /opt/airflow/dags/dag_allocate_messages.py for tasks to queue
[2024-03-30T22:19:52.923+0000] {logging_mixin.py:188} INFO - [2024-03-30T22:19:52.921+0000] {dagbag.py:540} INFO - Filling up the DagBag from /opt/airflow/dags/dag_allocate_messages.py
[2024-03-30T22:19:52.996+0000] {processor.py:840} INFO - DAG(s) 'dag_allocate_messages' retrieved from /opt/airflow/dags/dag_allocate_messages.py
[2024-03-30T22:19:53.152+0000] {logging_mixin.py:188} INFO - [2024-03-30T22:19:53.150+0000] {dag.py:3047} INFO - Sync 1 DAGs
[2024-03-30T22:19:53.280+0000] {logging_mixin.py:188} INFO - [2024-03-30T22:19:53.279+0000] {dag.py:3834} INFO - Setting next_dagrun for dag_allocate_messages to 2024-03-30 00:00:00+00:00, run_after=2024-03-31 00:00:00+00:00
[2024-03-30T22:19:53.380+0000] {processor.py:183} INFO - Processing /opt/airflow/dags/dag_allocate_messages.py took 0.488 seconds
