[2024-03-30T22:05:27.713+0000] {processor.py:161} INFO - Started process (PID=16855) to work on /opt/airflow/dags/dag_with_cron_expression.py
[2024-03-30T22:05:27.742+0000] {processor.py:830} INFO - Processing file /opt/airflow/dags/dag_with_cron_expression.py for tasks to queue
[2024-03-30T22:05:27.756+0000] {logging_mixin.py:188} INFO - [2024-03-30T22:05:27.754+0000] {dagbag.py:540} INFO - Filling up the DagBag from /opt/airflow/dags/dag_with_cron_expression.py
[2024-03-30T22:05:27.967+0000] {processor.py:840} INFO - DAG(s) 'dag_with_cron_expression_v3' retrieved from /opt/airflow/dags/dag_with_cron_expression.py
[2024-03-30T22:05:28.404+0000] {logging_mixin.py:188} INFO - [2024-03-30T22:05:28.403+0000] {dag.py:3047} INFO - Sync 1 DAGs
[2024-03-30T22:05:28.827+0000] {logging_mixin.py:188} INFO - [2024-03-30T22:05:28.818+0000] {dag.py:3834} INFO - Setting next_dagrun for dag_with_cron_expression_v3 to 2024-03-05 09:50:00+00:00, run_after=2024-03-12 09:50:00+00:00
[2024-03-30T22:05:29.137+0000] {processor.py:183} INFO - Processing /opt/airflow/dags/dag_with_cron_expression.py took 1.537 seconds
[2024-03-30T22:06:00.237+0000] {processor.py:161} INFO - Started process (PID=16911) to work on /opt/airflow/dags/dag_with_cron_expression.py
[2024-03-30T22:06:00.243+0000] {processor.py:830} INFO - Processing file /opt/airflow/dags/dag_with_cron_expression.py for tasks to queue
[2024-03-30T22:06:00.249+0000] {logging_mixin.py:188} INFO - [2024-03-30T22:06:00.247+0000] {dagbag.py:540} INFO - Filling up the DagBag from /opt/airflow/dags/dag_with_cron_expression.py
[2024-03-30T22:06:00.315+0000] {processor.py:840} INFO - DAG(s) 'dag_with_cron_expression_v3' retrieved from /opt/airflow/dags/dag_with_cron_expression.py
[2024-03-30T22:06:00.459+0000] {logging_mixin.py:188} INFO - [2024-03-30T22:06:00.458+0000] {dag.py:3047} INFO - Sync 1 DAGs
[2024-03-30T22:06:00.600+0000] {logging_mixin.py:188} INFO - [2024-03-30T22:06:00.599+0000] {dag.py:3834} INFO - Setting next_dagrun for dag_with_cron_expression_v3 to 2024-03-05 09:50:00+00:00, run_after=2024-03-12 09:50:00+00:00
[2024-03-30T22:06:00.704+0000] {processor.py:183} INFO - Processing /opt/airflow/dags/dag_with_cron_expression.py took 0.491 seconds
[2024-03-30T22:06:30.895+0000] {processor.py:161} INFO - Started process (PID=16962) to work on /opt/airflow/dags/dag_with_cron_expression.py
[2024-03-30T22:06:30.904+0000] {processor.py:830} INFO - Processing file /opt/airflow/dags/dag_with_cron_expression.py for tasks to queue
[2024-03-30T22:06:30.909+0000] {logging_mixin.py:188} INFO - [2024-03-30T22:06:30.907+0000] {dagbag.py:540} INFO - Filling up the DagBag from /opt/airflow/dags/dag_with_cron_expression.py
[2024-03-30T22:06:30.987+0000] {processor.py:840} INFO - DAG(s) 'dag_with_cron_expression_v3' retrieved from /opt/airflow/dags/dag_with_cron_expression.py
[2024-03-30T22:06:31.138+0000] {logging_mixin.py:188} INFO - [2024-03-30T22:06:31.136+0000] {dag.py:3047} INFO - Sync 1 DAGs
[2024-03-30T22:06:31.274+0000] {logging_mixin.py:188} INFO - [2024-03-30T22:06:31.272+0000] {dag.py:3834} INFO - Setting next_dagrun for dag_with_cron_expression_v3 to 2024-03-05 09:50:00+00:00, run_after=2024-03-12 09:50:00+00:00
[2024-03-30T22:06:31.380+0000] {processor.py:183} INFO - Processing /opt/airflow/dags/dag_with_cron_expression.py took 0.510 seconds
[2024-03-30T22:07:01.669+0000] {processor.py:161} INFO - Started process (PID=17015) to work on /opt/airflow/dags/dag_with_cron_expression.py
[2024-03-30T22:07:01.676+0000] {processor.py:830} INFO - Processing file /opt/airflow/dags/dag_with_cron_expression.py for tasks to queue
[2024-03-30T22:07:01.682+0000] {logging_mixin.py:188} INFO - [2024-03-30T22:07:01.680+0000] {dagbag.py:540} INFO - Filling up the DagBag from /opt/airflow/dags/dag_with_cron_expression.py
[2024-03-30T22:07:01.748+0000] {processor.py:840} INFO - DAG(s) 'dag_with_cron_expression_v3' retrieved from /opt/airflow/dags/dag_with_cron_expression.py
[2024-03-30T22:07:01.893+0000] {logging_mixin.py:188} INFO - [2024-03-30T22:07:01.891+0000] {dag.py:3047} INFO - Sync 1 DAGs
[2024-03-30T22:07:02.010+0000] {logging_mixin.py:188} INFO - [2024-03-30T22:07:02.008+0000] {dag.py:3834} INFO - Setting next_dagrun for dag_with_cron_expression_v3 to 2024-03-05 09:50:00+00:00, run_after=2024-03-12 09:50:00+00:00
[2024-03-30T22:07:02.106+0000] {processor.py:183} INFO - Processing /opt/airflow/dags/dag_with_cron_expression.py took 0.467 seconds
[2024-03-30T22:07:32.258+0000] {processor.py:161} INFO - Started process (PID=17066) to work on /opt/airflow/dags/dag_with_cron_expression.py
[2024-03-30T22:07:32.264+0000] {processor.py:830} INFO - Processing file /opt/airflow/dags/dag_with_cron_expression.py for tasks to queue
[2024-03-30T22:07:32.270+0000] {logging_mixin.py:188} INFO - [2024-03-30T22:07:32.268+0000] {dagbag.py:540} INFO - Filling up the DagBag from /opt/airflow/dags/dag_with_cron_expression.py
[2024-03-30T22:07:32.336+0000] {processor.py:840} INFO - DAG(s) 'dag_with_cron_expression_v3' retrieved from /opt/airflow/dags/dag_with_cron_expression.py
[2024-03-30T22:07:32.465+0000] {logging_mixin.py:188} INFO - [2024-03-30T22:07:32.463+0000] {dag.py:3047} INFO - Sync 1 DAGs
[2024-03-30T22:07:32.589+0000] {logging_mixin.py:188} INFO - [2024-03-30T22:07:32.587+0000] {dag.py:3834} INFO - Setting next_dagrun for dag_with_cron_expression_v3 to 2024-03-05 09:50:00+00:00, run_after=2024-03-12 09:50:00+00:00
[2024-03-30T22:07:32.675+0000] {processor.py:183} INFO - Processing /opt/airflow/dags/dag_with_cron_expression.py took 0.437 seconds
[2024-03-30T22:08:03.115+0000] {processor.py:161} INFO - Started process (PID=17117) to work on /opt/airflow/dags/dag_with_cron_expression.py
[2024-03-30T22:08:03.120+0000] {processor.py:830} INFO - Processing file /opt/airflow/dags/dag_with_cron_expression.py for tasks to queue
[2024-03-30T22:08:03.124+0000] {logging_mixin.py:188} INFO - [2024-03-30T22:08:03.122+0000] {dagbag.py:540} INFO - Filling up the DagBag from /opt/airflow/dags/dag_with_cron_expression.py
[2024-03-30T22:08:03.185+0000] {processor.py:840} INFO - DAG(s) 'dag_with_cron_expression_v3' retrieved from /opt/airflow/dags/dag_with_cron_expression.py
[2024-03-30T22:08:03.302+0000] {logging_mixin.py:188} INFO - [2024-03-30T22:08:03.301+0000] {dag.py:3047} INFO - Sync 1 DAGs
[2024-03-30T22:08:03.415+0000] {logging_mixin.py:188} INFO - [2024-03-30T22:08:03.413+0000] {dag.py:3834} INFO - Setting next_dagrun for dag_with_cron_expression_v3 to 2024-03-05 09:50:00+00:00, run_after=2024-03-12 09:50:00+00:00
[2024-03-30T22:08:03.499+0000] {processor.py:183} INFO - Processing /opt/airflow/dags/dag_with_cron_expression.py took 0.402 seconds
[2024-03-30T22:08:33.610+0000] {processor.py:161} INFO - Started process (PID=17169) to work on /opt/airflow/dags/dag_with_cron_expression.py
[2024-03-30T22:08:33.615+0000] {processor.py:830} INFO - Processing file /opt/airflow/dags/dag_with_cron_expression.py for tasks to queue
[2024-03-30T22:08:33.620+0000] {logging_mixin.py:188} INFO - [2024-03-30T22:08:33.618+0000] {dagbag.py:540} INFO - Filling up the DagBag from /opt/airflow/dags/dag_with_cron_expression.py
[2024-03-30T22:08:33.678+0000] {processor.py:840} INFO - DAG(s) 'dag_with_cron_expression_v3' retrieved from /opt/airflow/dags/dag_with_cron_expression.py
[2024-03-30T22:08:33.798+0000] {logging_mixin.py:188} INFO - [2024-03-30T22:08:33.797+0000] {dag.py:3047} INFO - Sync 1 DAGs
[2024-03-30T22:08:33.903+0000] {logging_mixin.py:188} INFO - [2024-03-30T22:08:33.902+0000] {dag.py:3834} INFO - Setting next_dagrun for dag_with_cron_expression_v3 to 2024-03-05 09:50:00+00:00, run_after=2024-03-12 09:50:00+00:00
[2024-03-30T22:08:33.984+0000] {processor.py:183} INFO - Processing /opt/airflow/dags/dag_with_cron_expression.py took 0.392 seconds
[2024-03-30T22:09:04.181+0000] {processor.py:161} INFO - Started process (PID=17218) to work on /opt/airflow/dags/dag_with_cron_expression.py
[2024-03-30T22:09:04.187+0000] {processor.py:830} INFO - Processing file /opt/airflow/dags/dag_with_cron_expression.py for tasks to queue
[2024-03-30T22:09:04.193+0000] {logging_mixin.py:188} INFO - [2024-03-30T22:09:04.191+0000] {dagbag.py:540} INFO - Filling up the DagBag from /opt/airflow/dags/dag_with_cron_expression.py
[2024-03-30T22:09:04.251+0000] {processor.py:840} INFO - DAG(s) 'dag_with_cron_expression_v3' retrieved from /opt/airflow/dags/dag_with_cron_expression.py
[2024-03-30T22:09:04.365+0000] {logging_mixin.py:188} INFO - [2024-03-30T22:09:04.364+0000] {dag.py:3047} INFO - Sync 1 DAGs
[2024-03-30T22:09:04.473+0000] {logging_mixin.py:188} INFO - [2024-03-30T22:09:04.472+0000] {dag.py:3834} INFO - Setting next_dagrun for dag_with_cron_expression_v3 to 2024-03-05 09:50:00+00:00, run_after=2024-03-12 09:50:00+00:00
[2024-03-30T22:09:04.556+0000] {processor.py:183} INFO - Processing /opt/airflow/dags/dag_with_cron_expression.py took 0.395 seconds
[2024-03-30T22:09:35.263+0000] {processor.py:161} INFO - Started process (PID=17271) to work on /opt/airflow/dags/dag_with_cron_expression.py
[2024-03-30T22:09:35.268+0000] {processor.py:830} INFO - Processing file /opt/airflow/dags/dag_with_cron_expression.py for tasks to queue
[2024-03-30T22:09:35.273+0000] {logging_mixin.py:188} INFO - [2024-03-30T22:09:35.271+0000] {dagbag.py:540} INFO - Filling up the DagBag from /opt/airflow/dags/dag_with_cron_expression.py
[2024-03-30T22:09:35.326+0000] {processor.py:840} INFO - DAG(s) 'dag_with_cron_expression_v3' retrieved from /opt/airflow/dags/dag_with_cron_expression.py
[2024-03-30T22:09:35.440+0000] {logging_mixin.py:188} INFO - [2024-03-30T22:09:35.439+0000] {dag.py:3047} INFO - Sync 1 DAGs
[2024-03-30T22:09:35.539+0000] {logging_mixin.py:188} INFO - [2024-03-30T22:09:35.538+0000] {dag.py:3834} INFO - Setting next_dagrun for dag_with_cron_expression_v3 to 2024-03-05 09:50:00+00:00, run_after=2024-03-12 09:50:00+00:00
[2024-03-30T22:09:35.621+0000] {processor.py:183} INFO - Processing /opt/airflow/dags/dag_with_cron_expression.py took 0.377 seconds
[2024-03-30T22:10:06.827+0000] {processor.py:161} INFO - Started process (PID=17322) to work on /opt/airflow/dags/dag_with_cron_expression.py
[2024-03-30T22:10:06.834+0000] {processor.py:830} INFO - Processing file /opt/airflow/dags/dag_with_cron_expression.py for tasks to queue
[2024-03-30T22:10:06.842+0000] {logging_mixin.py:188} INFO - [2024-03-30T22:10:06.839+0000] {dagbag.py:540} INFO - Filling up the DagBag from /opt/airflow/dags/dag_with_cron_expression.py
[2024-03-30T22:10:06.933+0000] {processor.py:840} INFO - DAG(s) 'dag_with_cron_expression_v3' retrieved from /opt/airflow/dags/dag_with_cron_expression.py
[2024-03-30T22:10:07.108+0000] {logging_mixin.py:188} INFO - [2024-03-30T22:10:07.107+0000] {dag.py:3047} INFO - Sync 1 DAGs
[2024-03-30T22:10:07.253+0000] {logging_mixin.py:188} INFO - [2024-03-30T22:10:07.252+0000] {dag.py:3834} INFO - Setting next_dagrun for dag_with_cron_expression_v3 to 2024-03-05 09:50:00+00:00, run_after=2024-03-12 09:50:00+00:00
[2024-03-30T22:10:07.358+0000] {processor.py:183} INFO - Processing /opt/airflow/dags/dag_with_cron_expression.py took 0.556 seconds
[2024-03-30T22:10:38.144+0000] {processor.py:161} INFO - Started process (PID=17373) to work on /opt/airflow/dags/dag_with_cron_expression.py
[2024-03-30T22:10:38.149+0000] {processor.py:830} INFO - Processing file /opt/airflow/dags/dag_with_cron_expression.py for tasks to queue
[2024-03-30T22:10:38.154+0000] {logging_mixin.py:188} INFO - [2024-03-30T22:10:38.152+0000] {dagbag.py:540} INFO - Filling up the DagBag from /opt/airflow/dags/dag_with_cron_expression.py
[2024-03-30T22:10:38.209+0000] {processor.py:840} INFO - DAG(s) 'dag_with_cron_expression_v3' retrieved from /opt/airflow/dags/dag_with_cron_expression.py
[2024-03-30T22:10:38.334+0000] {logging_mixin.py:188} INFO - [2024-03-30T22:10:38.333+0000] {dag.py:3047} INFO - Sync 1 DAGs
[2024-03-30T22:10:38.441+0000] {logging_mixin.py:188} INFO - [2024-03-30T22:10:38.440+0000] {dag.py:3834} INFO - Setting next_dagrun for dag_with_cron_expression_v3 to 2024-03-05 09:50:00+00:00, run_after=2024-03-12 09:50:00+00:00
[2024-03-30T22:10:38.521+0000] {processor.py:183} INFO - Processing /opt/airflow/dags/dag_with_cron_expression.py took 0.394 seconds
[2024-03-30T22:11:09.529+0000] {processor.py:161} INFO - Started process (PID=17430) to work on /opt/airflow/dags/dag_with_cron_expression.py
[2024-03-30T22:11:09.535+0000] {processor.py:830} INFO - Processing file /opt/airflow/dags/dag_with_cron_expression.py for tasks to queue
[2024-03-30T22:11:09.541+0000] {logging_mixin.py:188} INFO - [2024-03-30T22:11:09.539+0000] {dagbag.py:540} INFO - Filling up the DagBag from /opt/airflow/dags/dag_with_cron_expression.py
[2024-03-30T22:11:09.610+0000] {processor.py:840} INFO - DAG(s) 'dag_with_cron_expression_v3' retrieved from /opt/airflow/dags/dag_with_cron_expression.py
[2024-03-30T22:11:09.745+0000] {logging_mixin.py:188} INFO - [2024-03-30T22:11:09.743+0000] {dag.py:3047} INFO - Sync 1 DAGs
[2024-03-30T22:11:09.884+0000] {logging_mixin.py:188} INFO - [2024-03-30T22:11:09.882+0000] {dag.py:3834} INFO - Setting next_dagrun for dag_with_cron_expression_v3 to 2024-03-05 09:50:00+00:00, run_after=2024-03-12 09:50:00+00:00
[2024-03-30T22:11:09.975+0000] {processor.py:183} INFO - Processing /opt/airflow/dags/dag_with_cron_expression.py took 0.470 seconds
[2024-03-30T22:11:40.706+0000] {processor.py:161} INFO - Started process (PID=17481) to work on /opt/airflow/dags/dag_with_cron_expression.py
[2024-03-30T22:11:40.711+0000] {processor.py:830} INFO - Processing file /opt/airflow/dags/dag_with_cron_expression.py for tasks to queue
[2024-03-30T22:11:40.717+0000] {logging_mixin.py:188} INFO - [2024-03-30T22:11:40.715+0000] {dagbag.py:540} INFO - Filling up the DagBag from /opt/airflow/dags/dag_with_cron_expression.py
[2024-03-30T22:11:40.784+0000] {processor.py:840} INFO - DAG(s) 'dag_with_cron_expression_v3' retrieved from /opt/airflow/dags/dag_with_cron_expression.py
[2024-03-30T22:11:40.932+0000] {logging_mixin.py:188} INFO - [2024-03-30T22:11:40.931+0000] {dag.py:3047} INFO - Sync 1 DAGs
[2024-03-30T22:11:41.050+0000] {logging_mixin.py:188} INFO - [2024-03-30T22:11:41.048+0000] {dag.py:3834} INFO - Setting next_dagrun for dag_with_cron_expression_v3 to 2024-03-05 09:50:00+00:00, run_after=2024-03-12 09:50:00+00:00
[2024-03-30T22:11:41.147+0000] {processor.py:183} INFO - Processing /opt/airflow/dags/dag_with_cron_expression.py took 0.458 seconds
[2024-03-30T22:12:11.858+0000] {processor.py:161} INFO - Started process (PID=17533) to work on /opt/airflow/dags/dag_with_cron_expression.py
[2024-03-30T22:12:11.863+0000] {processor.py:830} INFO - Processing file /opt/airflow/dags/dag_with_cron_expression.py for tasks to queue
[2024-03-30T22:12:11.867+0000] {logging_mixin.py:188} INFO - [2024-03-30T22:12:11.866+0000] {dagbag.py:540} INFO - Filling up the DagBag from /opt/airflow/dags/dag_with_cron_expression.py
[2024-03-30T22:12:11.921+0000] {processor.py:840} INFO - DAG(s) 'dag_with_cron_expression_v3' retrieved from /opt/airflow/dags/dag_with_cron_expression.py
[2024-03-30T22:12:12.036+0000] {logging_mixin.py:188} INFO - [2024-03-30T22:12:12.035+0000] {dag.py:3047} INFO - Sync 1 DAGs
[2024-03-30T22:12:12.138+0000] {logging_mixin.py:188} INFO - [2024-03-30T22:12:12.137+0000] {dag.py:3834} INFO - Setting next_dagrun for dag_with_cron_expression_v3 to 2024-03-05 09:50:00+00:00, run_after=2024-03-12 09:50:00+00:00
[2024-03-30T22:12:12.218+0000] {processor.py:183} INFO - Processing /opt/airflow/dags/dag_with_cron_expression.py took 0.377 seconds
[2024-03-30T22:12:42.943+0000] {processor.py:161} INFO - Started process (PID=17584) to work on /opt/airflow/dags/dag_with_cron_expression.py
[2024-03-30T22:12:42.948+0000] {processor.py:830} INFO - Processing file /opt/airflow/dags/dag_with_cron_expression.py for tasks to queue
[2024-03-30T22:12:42.952+0000] {logging_mixin.py:188} INFO - [2024-03-30T22:12:42.951+0000] {dagbag.py:540} INFO - Filling up the DagBag from /opt/airflow/dags/dag_with_cron_expression.py
[2024-03-30T22:12:43.009+0000] {processor.py:840} INFO - DAG(s) 'dag_with_cron_expression_v3' retrieved from /opt/airflow/dags/dag_with_cron_expression.py
[2024-03-30T22:12:43.150+0000] {logging_mixin.py:188} INFO - [2024-03-30T22:12:43.148+0000] {dag.py:3047} INFO - Sync 1 DAGs
[2024-03-30T22:12:43.275+0000] {logging_mixin.py:188} INFO - [2024-03-30T22:12:43.274+0000] {dag.py:3834} INFO - Setting next_dagrun for dag_with_cron_expression_v3 to 2024-03-05 09:50:00+00:00, run_after=2024-03-12 09:50:00+00:00
[2024-03-30T22:12:43.358+0000] {processor.py:183} INFO - Processing /opt/airflow/dags/dag_with_cron_expression.py took 0.431 seconds
[2024-03-30T22:13:13.499+0000] {processor.py:161} INFO - Started process (PID=17633) to work on /opt/airflow/dags/dag_with_cron_expression.py
[2024-03-30T22:13:13.506+0000] {processor.py:830} INFO - Processing file /opt/airflow/dags/dag_with_cron_expression.py for tasks to queue
[2024-03-30T22:13:13.513+0000] {logging_mixin.py:188} INFO - [2024-03-30T22:13:13.510+0000] {dagbag.py:540} INFO - Filling up the DagBag from /opt/airflow/dags/dag_with_cron_expression.py
[2024-03-30T22:13:13.575+0000] {processor.py:840} INFO - DAG(s) 'dag_with_cron_expression_v3' retrieved from /opt/airflow/dags/dag_with_cron_expression.py
[2024-03-30T22:13:13.701+0000] {logging_mixin.py:188} INFO - [2024-03-30T22:13:13.700+0000] {dag.py:3047} INFO - Sync 1 DAGs
[2024-03-30T22:13:13.821+0000] {logging_mixin.py:188} INFO - [2024-03-30T22:13:13.820+0000] {dag.py:3834} INFO - Setting next_dagrun for dag_with_cron_expression_v3 to 2024-03-05 09:50:00+00:00, run_after=2024-03-12 09:50:00+00:00
[2024-03-30T22:13:13.904+0000] {processor.py:183} INFO - Processing /opt/airflow/dags/dag_with_cron_expression.py took 0.432 seconds
[2024-03-30T22:13:44.602+0000] {processor.py:161} INFO - Started process (PID=17686) to work on /opt/airflow/dags/dag_with_cron_expression.py
[2024-03-30T22:13:44.607+0000] {processor.py:830} INFO - Processing file /opt/airflow/dags/dag_with_cron_expression.py for tasks to queue
[2024-03-30T22:13:44.612+0000] {logging_mixin.py:188} INFO - [2024-03-30T22:13:44.610+0000] {dagbag.py:540} INFO - Filling up the DagBag from /opt/airflow/dags/dag_with_cron_expression.py
[2024-03-30T22:13:44.671+0000] {processor.py:840} INFO - DAG(s) 'dag_with_cron_expression_v3' retrieved from /opt/airflow/dags/dag_with_cron_expression.py
[2024-03-30T22:13:44.795+0000] {logging_mixin.py:188} INFO - [2024-03-30T22:13:44.794+0000] {dag.py:3047} INFO - Sync 1 DAGs
[2024-03-30T22:13:44.887+0000] {logging_mixin.py:188} INFO - [2024-03-30T22:13:44.886+0000] {dag.py:3834} INFO - Setting next_dagrun for dag_with_cron_expression_v3 to 2024-03-05 09:50:00+00:00, run_after=2024-03-12 09:50:00+00:00
[2024-03-30T22:13:44.959+0000] {processor.py:183} INFO - Processing /opt/airflow/dags/dag_with_cron_expression.py took 0.375 seconds
[2024-03-30T22:14:15.702+0000] {processor.py:161} INFO - Started process (PID=17735) to work on /opt/airflow/dags/dag_with_cron_expression.py
[2024-03-30T22:14:15.711+0000] {processor.py:830} INFO - Processing file /opt/airflow/dags/dag_with_cron_expression.py for tasks to queue
[2024-03-30T22:14:15.718+0000] {logging_mixin.py:188} INFO - [2024-03-30T22:14:15.715+0000] {dagbag.py:540} INFO - Filling up the DagBag from /opt/airflow/dags/dag_with_cron_expression.py
[2024-03-30T22:14:15.802+0000] {processor.py:840} INFO - DAG(s) 'dag_with_cron_expression_v3' retrieved from /opt/airflow/dags/dag_with_cron_expression.py
[2024-03-30T22:14:15.972+0000] {logging_mixin.py:188} INFO - [2024-03-30T22:14:15.971+0000] {dag.py:3047} INFO - Sync 1 DAGs
[2024-03-30T22:14:16.144+0000] {logging_mixin.py:188} INFO - [2024-03-30T22:14:16.142+0000] {dag.py:3834} INFO - Setting next_dagrun for dag_with_cron_expression_v3 to 2024-03-05 09:50:00+00:00, run_after=2024-03-12 09:50:00+00:00
[2024-03-30T22:14:16.253+0000] {processor.py:183} INFO - Processing /opt/airflow/dags/dag_with_cron_expression.py took 0.573 seconds
[2024-03-30T22:14:46.760+0000] {processor.py:161} INFO - Started process (PID=17788) to work on /opt/airflow/dags/dag_with_cron_expression.py
[2024-03-30T22:14:46.766+0000] {processor.py:830} INFO - Processing file /opt/airflow/dags/dag_with_cron_expression.py for tasks to queue
[2024-03-30T22:14:46.773+0000] {logging_mixin.py:188} INFO - [2024-03-30T22:14:46.770+0000] {dagbag.py:540} INFO - Filling up the DagBag from /opt/airflow/dags/dag_with_cron_expression.py
[2024-03-30T22:14:46.842+0000] {processor.py:840} INFO - DAG(s) 'dag_with_cron_expression_v3' retrieved from /opt/airflow/dags/dag_with_cron_expression.py
[2024-03-30T22:14:46.992+0000] {logging_mixin.py:188} INFO - [2024-03-30T22:14:46.990+0000] {dag.py:3047} INFO - Sync 1 DAGs
[2024-03-30T22:14:47.108+0000] {logging_mixin.py:188} INFO - [2024-03-30T22:14:47.107+0000] {dag.py:3834} INFO - Setting next_dagrun for dag_with_cron_expression_v3 to 2024-03-05 09:50:00+00:00, run_after=2024-03-12 09:50:00+00:00
[2024-03-30T22:14:47.191+0000] {processor.py:183} INFO - Processing /opt/airflow/dags/dag_with_cron_expression.py took 0.458 seconds
[2024-03-30T22:15:17.778+0000] {processor.py:161} INFO - Started process (PID=17839) to work on /opt/airflow/dags/dag_with_cron_expression.py
[2024-03-30T22:15:17.784+0000] {processor.py:830} INFO - Processing file /opt/airflow/dags/dag_with_cron_expression.py for tasks to queue
[2024-03-30T22:15:17.791+0000] {logging_mixin.py:188} INFO - [2024-03-30T22:15:17.788+0000] {dagbag.py:540} INFO - Filling up the DagBag from /opt/airflow/dags/dag_with_cron_expression.py
[2024-03-30T22:15:17.858+0000] {processor.py:840} INFO - DAG(s) 'dag_with_cron_expression_v3' retrieved from /opt/airflow/dags/dag_with_cron_expression.py
[2024-03-30T22:15:18.015+0000] {logging_mixin.py:188} INFO - [2024-03-30T22:15:18.014+0000] {dag.py:3047} INFO - Sync 1 DAGs
[2024-03-30T22:15:18.122+0000] {logging_mixin.py:188} INFO - [2024-03-30T22:15:18.121+0000] {dag.py:3834} INFO - Setting next_dagrun for dag_with_cron_expression_v3 to 2024-03-05 09:50:00+00:00, run_after=2024-03-12 09:50:00+00:00
[2024-03-30T22:15:18.204+0000] {processor.py:183} INFO - Processing /opt/airflow/dags/dag_with_cron_expression.py took 0.452 seconds
[2024-03-30T22:15:48.629+0000] {processor.py:161} INFO - Started process (PID=17888) to work on /opt/airflow/dags/dag_with_cron_expression.py
[2024-03-30T22:15:48.634+0000] {processor.py:830} INFO - Processing file /opt/airflow/dags/dag_with_cron_expression.py for tasks to queue
[2024-03-30T22:15:48.639+0000] {logging_mixin.py:188} INFO - [2024-03-30T22:15:48.637+0000] {dagbag.py:540} INFO - Filling up the DagBag from /opt/airflow/dags/dag_with_cron_expression.py
[2024-03-30T22:15:48.699+0000] {processor.py:840} INFO - DAG(s) 'dag_with_cron_expression_v3' retrieved from /opt/airflow/dags/dag_with_cron_expression.py
[2024-03-30T22:15:48.851+0000] {logging_mixin.py:188} INFO - [2024-03-30T22:15:48.850+0000] {dag.py:3047} INFO - Sync 1 DAGs
[2024-03-30T22:15:48.997+0000] {logging_mixin.py:188} INFO - [2024-03-30T22:15:48.995+0000] {dag.py:3834} INFO - Setting next_dagrun for dag_with_cron_expression_v3 to 2024-03-05 09:50:00+00:00, run_after=2024-03-12 09:50:00+00:00
[2024-03-30T22:15:49.098+0000] {processor.py:183} INFO - Processing /opt/airflow/dags/dag_with_cron_expression.py took 0.494 seconds
[2024-03-30T22:16:19.754+0000] {processor.py:161} INFO - Started process (PID=17947) to work on /opt/airflow/dags/dag_with_cron_expression.py
[2024-03-30T22:16:19.761+0000] {processor.py:830} INFO - Processing file /opt/airflow/dags/dag_with_cron_expression.py for tasks to queue
[2024-03-30T22:16:19.767+0000] {logging_mixin.py:188} INFO - [2024-03-30T22:16:19.765+0000] {dagbag.py:540} INFO - Filling up the DagBag from /opt/airflow/dags/dag_with_cron_expression.py
[2024-03-30T22:16:19.826+0000] {processor.py:840} INFO - DAG(s) 'dag_with_cron_expression_v3' retrieved from /opt/airflow/dags/dag_with_cron_expression.py
[2024-03-30T22:16:19.943+0000] {logging_mixin.py:188} INFO - [2024-03-30T22:16:19.942+0000] {dag.py:3047} INFO - Sync 1 DAGs
[2024-03-30T22:16:20.038+0000] {logging_mixin.py:188} INFO - [2024-03-30T22:16:20.037+0000] {dag.py:3834} INFO - Setting next_dagrun for dag_with_cron_expression_v3 to 2024-03-05 09:50:00+00:00, run_after=2024-03-12 09:50:00+00:00
[2024-03-30T22:16:20.110+0000] {processor.py:183} INFO - Processing /opt/airflow/dags/dag_with_cron_expression.py took 0.373 seconds
[2024-03-30T22:16:50.636+0000] {processor.py:161} INFO - Started process (PID=17999) to work on /opt/airflow/dags/dag_with_cron_expression.py
[2024-03-30T22:16:50.641+0000] {processor.py:830} INFO - Processing file /opt/airflow/dags/dag_with_cron_expression.py for tasks to queue
[2024-03-30T22:16:50.645+0000] {logging_mixin.py:188} INFO - [2024-03-30T22:16:50.644+0000] {dagbag.py:540} INFO - Filling up the DagBag from /opt/airflow/dags/dag_with_cron_expression.py
[2024-03-30T22:16:50.713+0000] {processor.py:840} INFO - DAG(s) 'dag_with_cron_expression_v3' retrieved from /opt/airflow/dags/dag_with_cron_expression.py
[2024-03-30T22:16:50.851+0000] {logging_mixin.py:188} INFO - [2024-03-30T22:16:50.850+0000] {dag.py:3047} INFO - Sync 1 DAGs
[2024-03-30T22:16:50.949+0000] {logging_mixin.py:188} INFO - [2024-03-30T22:16:50.948+0000] {dag.py:3834} INFO - Setting next_dagrun for dag_with_cron_expression_v3 to 2024-03-05 09:50:00+00:00, run_after=2024-03-12 09:50:00+00:00
[2024-03-30T22:16:51.041+0000] {processor.py:183} INFO - Processing /opt/airflow/dags/dag_with_cron_expression.py took 0.422 seconds
[2024-03-30T22:17:21.657+0000] {processor.py:161} INFO - Started process (PID=18050) to work on /opt/airflow/dags/dag_with_cron_expression.py
[2024-03-30T22:17:21.662+0000] {processor.py:830} INFO - Processing file /opt/airflow/dags/dag_with_cron_expression.py for tasks to queue
[2024-03-30T22:17:21.666+0000] {logging_mixin.py:188} INFO - [2024-03-30T22:17:21.665+0000] {dagbag.py:540} INFO - Filling up the DagBag from /opt/airflow/dags/dag_with_cron_expression.py
[2024-03-30T22:17:21.725+0000] {processor.py:840} INFO - DAG(s) 'dag_with_cron_expression_v3' retrieved from /opt/airflow/dags/dag_with_cron_expression.py
[2024-03-30T22:17:21.846+0000] {logging_mixin.py:188} INFO - [2024-03-30T22:17:21.845+0000] {dag.py:3047} INFO - Sync 1 DAGs
[2024-03-30T22:17:21.954+0000] {logging_mixin.py:188} INFO - [2024-03-30T22:17:21.953+0000] {dag.py:3834} INFO - Setting next_dagrun for dag_with_cron_expression_v3 to 2024-03-05 09:50:00+00:00, run_after=2024-03-12 09:50:00+00:00
[2024-03-30T22:17:22.036+0000] {processor.py:183} INFO - Processing /opt/airflow/dags/dag_with_cron_expression.py took 0.396 seconds
[2024-03-30T22:17:52.237+0000] {processor.py:161} INFO - Started process (PID=18099) to work on /opt/airflow/dags/dag_with_cron_expression.py
[2024-03-30T22:17:52.243+0000] {processor.py:830} INFO - Processing file /opt/airflow/dags/dag_with_cron_expression.py for tasks to queue
[2024-03-30T22:17:52.249+0000] {logging_mixin.py:188} INFO - [2024-03-30T22:17:52.247+0000] {dagbag.py:540} INFO - Filling up the DagBag from /opt/airflow/dags/dag_with_cron_expression.py
[2024-03-30T22:17:52.327+0000] {processor.py:840} INFO - DAG(s) 'dag_with_cron_expression_v3' retrieved from /opt/airflow/dags/dag_with_cron_expression.py
[2024-03-30T22:17:52.473+0000] {logging_mixin.py:188} INFO - [2024-03-30T22:17:52.472+0000] {dag.py:3047} INFO - Sync 1 DAGs
[2024-03-30T22:17:52.590+0000] {logging_mixin.py:188} INFO - [2024-03-30T22:17:52.589+0000] {dag.py:3834} INFO - Setting next_dagrun for dag_with_cron_expression_v3 to 2024-03-05 09:50:00+00:00, run_after=2024-03-12 09:50:00+00:00
[2024-03-30T22:17:52.667+0000] {processor.py:183} INFO - Processing /opt/airflow/dags/dag_with_cron_expression.py took 0.448 seconds
[2024-03-30T22:18:23.314+0000] {processor.py:161} INFO - Started process (PID=18151) to work on /opt/airflow/dags/dag_with_cron_expression.py
[2024-03-30T22:18:23.319+0000] {processor.py:830} INFO - Processing file /opt/airflow/dags/dag_with_cron_expression.py for tasks to queue
[2024-03-30T22:18:23.324+0000] {logging_mixin.py:188} INFO - [2024-03-30T22:18:23.322+0000] {dagbag.py:540} INFO - Filling up the DagBag from /opt/airflow/dags/dag_with_cron_expression.py
[2024-03-30T22:18:23.381+0000] {processor.py:840} INFO - DAG(s) 'dag_with_cron_expression_v3' retrieved from /opt/airflow/dags/dag_with_cron_expression.py
[2024-03-30T22:18:23.516+0000] {logging_mixin.py:188} INFO - [2024-03-30T22:18:23.514+0000] {dag.py:3047} INFO - Sync 1 DAGs
[2024-03-30T22:18:23.653+0000] {logging_mixin.py:188} INFO - [2024-03-30T22:18:23.652+0000] {dag.py:3834} INFO - Setting next_dagrun for dag_with_cron_expression_v3 to 2024-03-05 09:50:00+00:00, run_after=2024-03-12 09:50:00+00:00
[2024-03-30T22:18:23.772+0000] {processor.py:183} INFO - Processing /opt/airflow/dags/dag_with_cron_expression.py took 0.475 seconds
[2024-03-30T22:18:54.462+0000] {processor.py:161} INFO - Started process (PID=18204) to work on /opt/airflow/dags/dag_with_cron_expression.py
[2024-03-30T22:18:54.468+0000] {processor.py:830} INFO - Processing file /opt/airflow/dags/dag_with_cron_expression.py for tasks to queue
[2024-03-30T22:18:54.473+0000] {logging_mixin.py:188} INFO - [2024-03-30T22:18:54.471+0000] {dagbag.py:540} INFO - Filling up the DagBag from /opt/airflow/dags/dag_with_cron_expression.py
[2024-03-30T22:18:54.533+0000] {processor.py:840} INFO - DAG(s) 'dag_with_cron_expression_v3' retrieved from /opt/airflow/dags/dag_with_cron_expression.py
[2024-03-30T22:18:54.685+0000] {logging_mixin.py:188} INFO - [2024-03-30T22:18:54.684+0000] {dag.py:3047} INFO - Sync 1 DAGs
[2024-03-30T22:18:54.798+0000] {logging_mixin.py:188} INFO - [2024-03-30T22:18:54.797+0000] {dag.py:3834} INFO - Setting next_dagrun for dag_with_cron_expression_v3 to 2024-03-05 09:50:00+00:00, run_after=2024-03-12 09:50:00+00:00
[2024-03-30T22:18:54.892+0000] {processor.py:183} INFO - Processing /opt/airflow/dags/dag_with_cron_expression.py took 0.448 seconds
[2024-03-30T22:19:25.585+0000] {processor.py:161} INFO - Started process (PID=18253) to work on /opt/airflow/dags/dag_with_cron_expression.py
[2024-03-30T22:19:25.591+0000] {processor.py:830} INFO - Processing file /opt/airflow/dags/dag_with_cron_expression.py for tasks to queue
[2024-03-30T22:19:25.597+0000] {logging_mixin.py:188} INFO - [2024-03-30T22:19:25.595+0000] {dagbag.py:540} INFO - Filling up the DagBag from /opt/airflow/dags/dag_with_cron_expression.py
[2024-03-30T22:19:25.663+0000] {processor.py:840} INFO - DAG(s) 'dag_with_cron_expression_v3' retrieved from /opt/airflow/dags/dag_with_cron_expression.py
[2024-03-30T22:19:25.810+0000] {logging_mixin.py:188} INFO - [2024-03-30T22:19:25.809+0000] {dag.py:3047} INFO - Sync 1 DAGs
[2024-03-30T22:19:25.921+0000] {logging_mixin.py:188} INFO - [2024-03-30T22:19:25.919+0000] {dag.py:3834} INFO - Setting next_dagrun for dag_with_cron_expression_v3 to 2024-03-05 09:50:00+00:00, run_after=2024-03-12 09:50:00+00:00
[2024-03-30T22:19:26.017+0000] {processor.py:183} INFO - Processing /opt/airflow/dags/dag_with_cron_expression.py took 0.452 seconds
[2024-03-30T22:19:56.531+0000] {processor.py:161} INFO - Started process (PID=18307) to work on /opt/airflow/dags/dag_with_cron_expression.py
[2024-03-30T22:19:56.537+0000] {processor.py:830} INFO - Processing file /opt/airflow/dags/dag_with_cron_expression.py for tasks to queue
[2024-03-30T22:19:56.542+0000] {logging_mixin.py:188} INFO - [2024-03-30T22:19:56.540+0000] {dagbag.py:540} INFO - Filling up the DagBag from /opt/airflow/dags/dag_with_cron_expression.py
[2024-03-30T22:19:56.601+0000] {processor.py:840} INFO - DAG(s) 'dag_with_cron_expression_v3' retrieved from /opt/airflow/dags/dag_with_cron_expression.py
[2024-03-30T22:19:56.721+0000] {logging_mixin.py:188} INFO - [2024-03-30T22:19:56.720+0000] {dag.py:3047} INFO - Sync 1 DAGs
[2024-03-30T22:19:56.830+0000] {logging_mixin.py:188} INFO - [2024-03-30T22:19:56.829+0000] {dag.py:3834} INFO - Setting next_dagrun for dag_with_cron_expression_v3 to 2024-03-05 09:50:00+00:00, run_after=2024-03-12 09:50:00+00:00
[2024-03-30T22:19:56.924+0000] {processor.py:183} INFO - Processing /opt/airflow/dags/dag_with_cron_expression.py took 0.416 seconds
