[2024-03-30T22:05:26.561+0000] {processor.py:161} INFO - Started process (PID=16849) to work on /opt/airflow/dags/dag_with_postgres_operator.py
[2024-03-30T22:05:26.592+0000] {processor.py:830} INFO - Processing file /opt/airflow/dags/dag_with_postgres_operator.py for tasks to queue
[2024-03-30T22:05:26.621+0000] {logging_mixin.py:188} INFO - [2024-03-30T22:05:26.613+0000] {dagbag.py:540} INFO - Filling up the DagBag from /opt/airflow/dags/dag_with_postgres_operator.py
[2024-03-30T22:05:27.025+0000] {processor.py:840} INFO - DAG(s) 'dag_with_postgres_operator_v02' retrieved from /opt/airflow/dags/dag_with_postgres_operator.py
[2024-03-30T22:05:27.488+0000] {logging_mixin.py:188} INFO - [2024-03-30T22:05:27.474+0000] {dag.py:3047} INFO - Sync 1 DAGs
[2024-03-30T22:05:27.883+0000] {logging_mixin.py:188} INFO - [2024-03-30T22:05:27.881+0000] {dag.py:3834} INFO - Setting next_dagrun for dag_with_postgres_operator_v02 to 2024-03-27 00:00:00+00:00, run_after=2024-03-28 00:00:00+00:00
[2024-03-30T22:05:28.143+0000] {processor.py:183} INFO - Processing /opt/airflow/dags/dag_with_postgres_operator.py took 1.700 seconds
[2024-03-30T22:05:58.693+0000] {processor.py:161} INFO - Started process (PID=16906) to work on /opt/airflow/dags/dag_with_postgres_operator.py
[2024-03-30T22:05:58.698+0000] {processor.py:830} INFO - Processing file /opt/airflow/dags/dag_with_postgres_operator.py for tasks to queue
[2024-03-30T22:05:58.702+0000] {logging_mixin.py:188} INFO - [2024-03-30T22:05:58.701+0000] {dagbag.py:540} INFO - Filling up the DagBag from /opt/airflow/dags/dag_with_postgres_operator.py
[2024-03-30T22:05:58.781+0000] {processor.py:840} INFO - DAG(s) 'dag_with_postgres_operator_v02' retrieved from /opt/airflow/dags/dag_with_postgres_operator.py
[2024-03-30T22:05:58.924+0000] {logging_mixin.py:188} INFO - [2024-03-30T22:05:58.923+0000] {dag.py:3047} INFO - Sync 1 DAGs
[2024-03-30T22:05:59.047+0000] {logging_mixin.py:188} INFO - [2024-03-30T22:05:59.046+0000] {dag.py:3834} INFO - Setting next_dagrun for dag_with_postgres_operator_v02 to 2024-03-27 00:00:00+00:00, run_after=2024-03-28 00:00:00+00:00
[2024-03-30T22:05:59.140+0000] {processor.py:183} INFO - Processing /opt/airflow/dags/dag_with_postgres_operator.py took 0.464 seconds
[2024-03-30T22:06:29.802+0000] {processor.py:161} INFO - Started process (PID=16957) to work on /opt/airflow/dags/dag_with_postgres_operator.py
[2024-03-30T22:06:29.808+0000] {processor.py:830} INFO - Processing file /opt/airflow/dags/dag_with_postgres_operator.py for tasks to queue
[2024-03-30T22:06:29.813+0000] {logging_mixin.py:188} INFO - [2024-03-30T22:06:29.811+0000] {dagbag.py:540} INFO - Filling up the DagBag from /opt/airflow/dags/dag_with_postgres_operator.py
[2024-03-30T22:06:29.883+0000] {processor.py:840} INFO - DAG(s) 'dag_with_postgres_operator_v02' retrieved from /opt/airflow/dags/dag_with_postgres_operator.py
[2024-03-30T22:06:30.025+0000] {logging_mixin.py:188} INFO - [2024-03-30T22:06:30.024+0000] {dag.py:3047} INFO - Sync 1 DAGs
[2024-03-30T22:06:30.149+0000] {logging_mixin.py:188} INFO - [2024-03-30T22:06:30.148+0000] {dag.py:3834} INFO - Setting next_dagrun for dag_with_postgres_operator_v02 to 2024-03-27 00:00:00+00:00, run_after=2024-03-28 00:00:00+00:00
[2024-03-30T22:06:30.248+0000] {processor.py:183} INFO - Processing /opt/airflow/dags/dag_with_postgres_operator.py took 0.469 seconds
[2024-03-30T22:07:00.590+0000] {processor.py:161} INFO - Started process (PID=17010) to work on /opt/airflow/dags/dag_with_postgres_operator.py
[2024-03-30T22:07:00.594+0000] {processor.py:830} INFO - Processing file /opt/airflow/dags/dag_with_postgres_operator.py for tasks to queue
[2024-03-30T22:07:00.600+0000] {logging_mixin.py:188} INFO - [2024-03-30T22:07:00.598+0000] {dagbag.py:540} INFO - Filling up the DagBag from /opt/airflow/dags/dag_with_postgres_operator.py
[2024-03-30T22:07:00.666+0000] {processor.py:840} INFO - DAG(s) 'dag_with_postgres_operator_v02' retrieved from /opt/airflow/dags/dag_with_postgres_operator.py
[2024-03-30T22:07:00.788+0000] {logging_mixin.py:188} INFO - [2024-03-30T22:07:00.787+0000] {dag.py:3047} INFO - Sync 1 DAGs
[2024-03-30T22:07:00.894+0000] {logging_mixin.py:188} INFO - [2024-03-30T22:07:00.893+0000] {dag.py:3834} INFO - Setting next_dagrun for dag_with_postgres_operator_v02 to 2024-03-27 00:00:00+00:00, run_after=2024-03-28 00:00:00+00:00
[2024-03-30T22:07:00.975+0000] {processor.py:183} INFO - Processing /opt/airflow/dags/dag_with_postgres_operator.py took 0.402 seconds
[2024-03-30T22:07:31.713+0000] {processor.py:161} INFO - Started process (PID=17061) to work on /opt/airflow/dags/dag_with_postgres_operator.py
[2024-03-30T22:07:31.719+0000] {processor.py:830} INFO - Processing file /opt/airflow/dags/dag_with_postgres_operator.py for tasks to queue
[2024-03-30T22:07:31.724+0000] {logging_mixin.py:188} INFO - [2024-03-30T22:07:31.722+0000] {dagbag.py:540} INFO - Filling up the DagBag from /opt/airflow/dags/dag_with_postgres_operator.py
[2024-03-30T22:07:31.803+0000] {processor.py:840} INFO - DAG(s) 'dag_with_postgres_operator_v02' retrieved from /opt/airflow/dags/dag_with_postgres_operator.py
[2024-03-30T22:07:31.938+0000] {logging_mixin.py:188} INFO - [2024-03-30T22:07:31.937+0000] {dag.py:3047} INFO - Sync 1 DAGs
[2024-03-30T22:07:32.048+0000] {logging_mixin.py:188} INFO - [2024-03-30T22:07:32.046+0000] {dag.py:3834} INFO - Setting next_dagrun for dag_with_postgres_operator_v02 to 2024-03-27 00:00:00+00:00, run_after=2024-03-28 00:00:00+00:00
[2024-03-30T22:07:32.135+0000] {processor.py:183} INFO - Processing /opt/airflow/dags/dag_with_postgres_operator.py took 0.439 seconds
[2024-03-30T22:08:02.632+0000] {processor.py:161} INFO - Started process (PID=17112) to work on /opt/airflow/dags/dag_with_postgres_operator.py
[2024-03-30T22:08:02.636+0000] {processor.py:830} INFO - Processing file /opt/airflow/dags/dag_with_postgres_operator.py for tasks to queue
[2024-03-30T22:08:02.641+0000] {logging_mixin.py:188} INFO - [2024-03-30T22:08:02.639+0000] {dagbag.py:540} INFO - Filling up the DagBag from /opt/airflow/dags/dag_with_postgres_operator.py
[2024-03-30T22:08:02.702+0000] {processor.py:840} INFO - DAG(s) 'dag_with_postgres_operator_v02' retrieved from /opt/airflow/dags/dag_with_postgres_operator.py
[2024-03-30T22:08:02.819+0000] {logging_mixin.py:188} INFO - [2024-03-30T22:08:02.818+0000] {dag.py:3047} INFO - Sync 1 DAGs
[2024-03-30T22:08:02.927+0000] {logging_mixin.py:188} INFO - [2024-03-30T22:08:02.926+0000] {dag.py:3834} INFO - Setting next_dagrun for dag_with_postgres_operator_v02 to 2024-03-27 00:00:00+00:00, run_after=2024-03-28 00:00:00+00:00
[2024-03-30T22:08:03.007+0000] {processor.py:183} INFO - Processing /opt/airflow/dags/dag_with_postgres_operator.py took 0.392 seconds
[2024-03-30T22:08:33.111+0000] {processor.py:161} INFO - Started process (PID=17164) to work on /opt/airflow/dags/dag_with_postgres_operator.py
[2024-03-30T22:08:33.116+0000] {processor.py:830} INFO - Processing file /opt/airflow/dags/dag_with_postgres_operator.py for tasks to queue
[2024-03-30T22:08:33.120+0000] {logging_mixin.py:188} INFO - [2024-03-30T22:08:33.119+0000] {dagbag.py:540} INFO - Filling up the DagBag from /opt/airflow/dags/dag_with_postgres_operator.py
[2024-03-30T22:08:33.185+0000] {processor.py:840} INFO - DAG(s) 'dag_with_postgres_operator_v02' retrieved from /opt/airflow/dags/dag_with_postgres_operator.py
[2024-03-30T22:08:33.307+0000] {logging_mixin.py:188} INFO - [2024-03-30T22:08:33.306+0000] {dag.py:3047} INFO - Sync 1 DAGs
[2024-03-30T22:08:33.414+0000] {logging_mixin.py:188} INFO - [2024-03-30T22:08:33.413+0000] {dag.py:3834} INFO - Setting next_dagrun for dag_with_postgres_operator_v02 to 2024-03-27 00:00:00+00:00, run_after=2024-03-28 00:00:00+00:00
[2024-03-30T22:08:33.495+0000] {processor.py:183} INFO - Processing /opt/airflow/dags/dag_with_postgres_operator.py took 0.402 seconds
[2024-03-30T22:09:03.683+0000] {processor.py:161} INFO - Started process (PID=17215) to work on /opt/airflow/dags/dag_with_postgres_operator.py
[2024-03-30T22:09:03.688+0000] {processor.py:830} INFO - Processing file /opt/airflow/dags/dag_with_postgres_operator.py for tasks to queue
[2024-03-30T22:09:03.692+0000] {logging_mixin.py:188} INFO - [2024-03-30T22:09:03.690+0000] {dagbag.py:540} INFO - Filling up the DagBag from /opt/airflow/dags/dag_with_postgres_operator.py
[2024-03-30T22:09:03.757+0000] {processor.py:840} INFO - DAG(s) 'dag_with_postgres_operator_v02' retrieved from /opt/airflow/dags/dag_with_postgres_operator.py
[2024-03-30T22:09:03.880+0000] {logging_mixin.py:188} INFO - [2024-03-30T22:09:03.879+0000] {dag.py:3047} INFO - Sync 1 DAGs
[2024-03-30T22:09:04.021+0000] {logging_mixin.py:188} INFO - [2024-03-30T22:09:04.019+0000] {dag.py:3834} INFO - Setting next_dagrun for dag_with_postgres_operator_v02 to 2024-03-27 00:00:00+00:00, run_after=2024-03-28 00:00:00+00:00
[2024-03-30T22:09:04.133+0000] {processor.py:183} INFO - Processing /opt/airflow/dags/dag_with_postgres_operator.py took 0.469 seconds
[2024-03-30T22:09:34.772+0000] {processor.py:161} INFO - Started process (PID=17266) to work on /opt/airflow/dags/dag_with_postgres_operator.py
[2024-03-30T22:09:34.777+0000] {processor.py:830} INFO - Processing file /opt/airflow/dags/dag_with_postgres_operator.py for tasks to queue
[2024-03-30T22:09:34.784+0000] {logging_mixin.py:188} INFO - [2024-03-30T22:09:34.782+0000] {dagbag.py:540} INFO - Filling up the DagBag from /opt/airflow/dags/dag_with_postgres_operator.py
[2024-03-30T22:09:34.858+0000] {processor.py:840} INFO - DAG(s) 'dag_with_postgres_operator_v02' retrieved from /opt/airflow/dags/dag_with_postgres_operator.py
[2024-03-30T22:09:34.995+0000] {logging_mixin.py:188} INFO - [2024-03-30T22:09:34.994+0000] {dag.py:3047} INFO - Sync 1 DAGs
[2024-03-30T22:09:35.100+0000] {logging_mixin.py:188} INFO - [2024-03-30T22:09:35.099+0000] {dag.py:3834} INFO - Setting next_dagrun for dag_with_postgres_operator_v02 to 2024-03-27 00:00:00+00:00, run_after=2024-03-28 00:00:00+00:00
[2024-03-30T22:09:35.182+0000] {processor.py:183} INFO - Processing /opt/airflow/dags/dag_with_postgres_operator.py took 0.434 seconds
[2024-03-30T22:10:06.306+0000] {processor.py:161} INFO - Started process (PID=17317) to work on /opt/airflow/dags/dag_with_postgres_operator.py
[2024-03-30T22:10:06.311+0000] {processor.py:830} INFO - Processing file /opt/airflow/dags/dag_with_postgres_operator.py for tasks to queue
[2024-03-30T22:10:06.316+0000] {logging_mixin.py:188} INFO - [2024-03-30T22:10:06.314+0000] {dagbag.py:540} INFO - Filling up the DagBag from /opt/airflow/dags/dag_with_postgres_operator.py
[2024-03-30T22:10:06.380+0000] {processor.py:840} INFO - DAG(s) 'dag_with_postgres_operator_v02' retrieved from /opt/airflow/dags/dag_with_postgres_operator.py
[2024-03-30T22:10:06.504+0000] {logging_mixin.py:188} INFO - [2024-03-30T22:10:06.503+0000] {dag.py:3047} INFO - Sync 1 DAGs
[2024-03-30T22:10:06.615+0000] {logging_mixin.py:188} INFO - [2024-03-30T22:10:06.614+0000] {dag.py:3834} INFO - Setting next_dagrun for dag_with_postgres_operator_v02 to 2024-03-27 00:00:00+00:00, run_after=2024-03-28 00:00:00+00:00
[2024-03-30T22:10:06.735+0000] {processor.py:183} INFO - Processing /opt/airflow/dags/dag_with_postgres_operator.py took 0.447 seconds
[2024-03-30T22:10:37.638+0000] {processor.py:161} INFO - Started process (PID=17368) to work on /opt/airflow/dags/dag_with_postgres_operator.py
[2024-03-30T22:10:37.643+0000] {processor.py:830} INFO - Processing file /opt/airflow/dags/dag_with_postgres_operator.py for tasks to queue
[2024-03-30T22:10:37.647+0000] {logging_mixin.py:188} INFO - [2024-03-30T22:10:37.646+0000] {dagbag.py:540} INFO - Filling up the DagBag from /opt/airflow/dags/dag_with_postgres_operator.py
[2024-03-30T22:10:37.709+0000] {processor.py:840} INFO - DAG(s) 'dag_with_postgres_operator_v02' retrieved from /opt/airflow/dags/dag_with_postgres_operator.py
[2024-03-30T22:10:37.837+0000] {logging_mixin.py:188} INFO - [2024-03-30T22:10:37.836+0000] {dag.py:3047} INFO - Sync 1 DAGs
[2024-03-30T22:10:37.945+0000] {logging_mixin.py:188} INFO - [2024-03-30T22:10:37.944+0000] {dag.py:3834} INFO - Setting next_dagrun for dag_with_postgres_operator_v02 to 2024-03-27 00:00:00+00:00, run_after=2024-03-28 00:00:00+00:00
[2024-03-30T22:10:38.039+0000] {processor.py:183} INFO - Processing /opt/airflow/dags/dag_with_postgres_operator.py took 0.418 seconds
[2024-03-30T22:11:09.038+0000] {processor.py:161} INFO - Started process (PID=17425) to work on /opt/airflow/dags/dag_with_postgres_operator.py
[2024-03-30T22:11:09.044+0000] {processor.py:830} INFO - Processing file /opt/airflow/dags/dag_with_postgres_operator.py for tasks to queue
[2024-03-30T22:11:09.049+0000] {logging_mixin.py:188} INFO - [2024-03-30T22:11:09.047+0000] {dagbag.py:540} INFO - Filling up the DagBag from /opt/airflow/dags/dag_with_postgres_operator.py
[2024-03-30T22:11:09.119+0000] {processor.py:840} INFO - DAG(s) 'dag_with_postgres_operator_v02' retrieved from /opt/airflow/dags/dag_with_postgres_operator.py
[2024-03-30T22:11:09.238+0000] {logging_mixin.py:188} INFO - [2024-03-30T22:11:09.237+0000] {dag.py:3047} INFO - Sync 1 DAGs
[2024-03-30T22:11:09.347+0000] {logging_mixin.py:188} INFO - [2024-03-30T22:11:09.346+0000] {dag.py:3834} INFO - Setting next_dagrun for dag_with_postgres_operator_v02 to 2024-03-27 00:00:00+00:00, run_after=2024-03-28 00:00:00+00:00
[2024-03-30T22:11:09.430+0000] {processor.py:183} INFO - Processing /opt/airflow/dags/dag_with_postgres_operator.py took 0.412 seconds
[2024-03-30T22:11:40.205+0000] {processor.py:161} INFO - Started process (PID=17476) to work on /opt/airflow/dags/dag_with_postgres_operator.py
[2024-03-30T22:11:40.210+0000] {processor.py:830} INFO - Processing file /opt/airflow/dags/dag_with_postgres_operator.py for tasks to queue
[2024-03-30T22:11:40.214+0000] {logging_mixin.py:188} INFO - [2024-03-30T22:11:40.213+0000] {dagbag.py:540} INFO - Filling up the DagBag from /opt/airflow/dags/dag_with_postgres_operator.py
[2024-03-30T22:11:40.278+0000] {processor.py:840} INFO - DAG(s) 'dag_with_postgres_operator_v02' retrieved from /opt/airflow/dags/dag_with_postgres_operator.py
[2024-03-30T22:11:40.401+0000] {logging_mixin.py:188} INFO - [2024-03-30T22:11:40.400+0000] {dag.py:3047} INFO - Sync 1 DAGs
[2024-03-30T22:11:40.522+0000] {logging_mixin.py:188} INFO - [2024-03-30T22:11:40.521+0000] {dag.py:3834} INFO - Setting next_dagrun for dag_with_postgres_operator_v02 to 2024-03-27 00:00:00+00:00, run_after=2024-03-28 00:00:00+00:00
[2024-03-30T22:11:40.619+0000] {processor.py:183} INFO - Processing /opt/airflow/dags/dag_with_postgres_operator.py took 0.432 seconds
[2024-03-30T22:12:11.350+0000] {processor.py:161} INFO - Started process (PID=17528) to work on /opt/airflow/dags/dag_with_postgres_operator.py
[2024-03-30T22:12:11.355+0000] {processor.py:830} INFO - Processing file /opt/airflow/dags/dag_with_postgres_operator.py for tasks to queue
[2024-03-30T22:12:11.359+0000] {logging_mixin.py:188} INFO - [2024-03-30T22:12:11.358+0000] {dagbag.py:540} INFO - Filling up the DagBag from /opt/airflow/dags/dag_with_postgres_operator.py
[2024-03-30T22:12:11.428+0000] {processor.py:840} INFO - DAG(s) 'dag_with_postgres_operator_v02' retrieved from /opt/airflow/dags/dag_with_postgres_operator.py
[2024-03-30T22:12:11.562+0000] {logging_mixin.py:188} INFO - [2024-03-30T22:12:11.561+0000] {dag.py:3047} INFO - Sync 1 DAGs
[2024-03-30T22:12:11.677+0000] {logging_mixin.py:188} INFO - [2024-03-30T22:12:11.676+0000] {dag.py:3834} INFO - Setting next_dagrun for dag_with_postgres_operator_v02 to 2024-03-27 00:00:00+00:00, run_after=2024-03-28 00:00:00+00:00
[2024-03-30T22:12:11.757+0000] {processor.py:183} INFO - Processing /opt/airflow/dags/dag_with_postgres_operator.py took 0.427 seconds
[2024-03-30T22:12:42.455+0000] {processor.py:161} INFO - Started process (PID=17579) to work on /opt/airflow/dags/dag_with_postgres_operator.py
[2024-03-30T22:12:42.460+0000] {processor.py:830} INFO - Processing file /opt/airflow/dags/dag_with_postgres_operator.py for tasks to queue
[2024-03-30T22:12:42.465+0000] {logging_mixin.py:188} INFO - [2024-03-30T22:12:42.463+0000] {dagbag.py:540} INFO - Filling up the DagBag from /opt/airflow/dags/dag_with_postgres_operator.py
[2024-03-30T22:12:42.529+0000] {processor.py:840} INFO - DAG(s) 'dag_with_postgres_operator_v02' retrieved from /opt/airflow/dags/dag_with_postgres_operator.py
[2024-03-30T22:12:42.653+0000] {logging_mixin.py:188} INFO - [2024-03-30T22:12:42.652+0000] {dag.py:3047} INFO - Sync 1 DAGs
[2024-03-30T22:12:42.753+0000] {logging_mixin.py:188} INFO - [2024-03-30T22:12:42.752+0000] {dag.py:3834} INFO - Setting next_dagrun for dag_with_postgres_operator_v02 to 2024-03-27 00:00:00+00:00, run_after=2024-03-28 00:00:00+00:00
[2024-03-30T22:12:42.838+0000] {processor.py:183} INFO - Processing /opt/airflow/dags/dag_with_postgres_operator.py took 0.399 seconds
[2024-03-30T22:13:13.407+0000] {processor.py:161} INFO - Started process (PID=17628) to work on /opt/airflow/dags/dag_with_postgres_operator.py
[2024-03-30T22:13:13.412+0000] {processor.py:830} INFO - Processing file /opt/airflow/dags/dag_with_postgres_operator.py for tasks to queue
[2024-03-30T22:13:13.417+0000] {logging_mixin.py:188} INFO - [2024-03-30T22:13:13.415+0000] {dagbag.py:540} INFO - Filling up the DagBag from /opt/airflow/dags/dag_with_postgres_operator.py
[2024-03-30T22:13:13.478+0000] {processor.py:840} INFO - DAG(s) 'dag_with_postgres_operator_v02' retrieved from /opt/airflow/dags/dag_with_postgres_operator.py
[2024-03-30T22:13:13.619+0000] {logging_mixin.py:188} INFO - [2024-03-30T22:13:13.618+0000] {dag.py:3047} INFO - Sync 1 DAGs
[2024-03-30T22:13:13.739+0000] {logging_mixin.py:188} INFO - [2024-03-30T22:13:13.738+0000] {dag.py:3834} INFO - Setting next_dagrun for dag_with_postgres_operator_v02 to 2024-03-27 00:00:00+00:00, run_after=2024-03-28 00:00:00+00:00
[2024-03-30T22:13:13.831+0000] {processor.py:183} INFO - Processing /opt/airflow/dags/dag_with_postgres_operator.py took 0.445 seconds
[2024-03-30T22:13:44.117+0000] {processor.py:161} INFO - Started process (PID=17681) to work on /opt/airflow/dags/dag_with_postgres_operator.py
[2024-03-30T22:13:44.123+0000] {processor.py:830} INFO - Processing file /opt/airflow/dags/dag_with_postgres_operator.py for tasks to queue
[2024-03-30T22:13:44.128+0000] {logging_mixin.py:188} INFO - [2024-03-30T22:13:44.126+0000] {dagbag.py:540} INFO - Filling up the DagBag from /opt/airflow/dags/dag_with_postgres_operator.py
[2024-03-30T22:13:44.200+0000] {processor.py:840} INFO - DAG(s) 'dag_with_postgres_operator_v02' retrieved from /opt/airflow/dags/dag_with_postgres_operator.py
[2024-03-30T22:13:44.329+0000] {logging_mixin.py:188} INFO - [2024-03-30T22:13:44.328+0000] {dag.py:3047} INFO - Sync 1 DAGs
[2024-03-30T22:13:44.434+0000] {logging_mixin.py:188} INFO - [2024-03-30T22:13:44.433+0000] {dag.py:3834} INFO - Setting next_dagrun for dag_with_postgres_operator_v02 to 2024-03-27 00:00:00+00:00, run_after=2024-03-28 00:00:00+00:00
[2024-03-30T22:13:44.515+0000] {processor.py:183} INFO - Processing /opt/airflow/dags/dag_with_postgres_operator.py took 0.419 seconds
[2024-03-30T22:14:15.259+0000] {processor.py:161} INFO - Started process (PID=17732) to work on /opt/airflow/dags/dag_with_postgres_operator.py
[2024-03-30T22:14:15.264+0000] {processor.py:830} INFO - Processing file /opt/airflow/dags/dag_with_postgres_operator.py for tasks to queue
[2024-03-30T22:14:15.269+0000] {logging_mixin.py:188} INFO - [2024-03-30T22:14:15.267+0000] {dagbag.py:540} INFO - Filling up the DagBag from /opt/airflow/dags/dag_with_postgres_operator.py
[2024-03-30T22:14:15.352+0000] {processor.py:840} INFO - DAG(s) 'dag_with_postgres_operator_v02' retrieved from /opt/airflow/dags/dag_with_postgres_operator.py
[2024-03-30T22:14:15.518+0000] {logging_mixin.py:188} INFO - [2024-03-30T22:14:15.517+0000] {dag.py:3047} INFO - Sync 1 DAGs
[2024-03-30T22:14:15.666+0000] {logging_mixin.py:188} INFO - [2024-03-30T22:14:15.664+0000] {dag.py:3834} INFO - Setting next_dagrun for dag_with_postgres_operator_v02 to 2024-03-27 00:00:00+00:00, run_after=2024-03-28 00:00:00+00:00
[2024-03-30T22:14:15.786+0000] {processor.py:183} INFO - Processing /opt/airflow/dags/dag_with_postgres_operator.py took 0.549 seconds
[2024-03-30T22:14:46.242+0000] {processor.py:161} INFO - Started process (PID=17783) to work on /opt/airflow/dags/dag_with_postgres_operator.py
[2024-03-30T22:14:46.246+0000] {processor.py:830} INFO - Processing file /opt/airflow/dags/dag_with_postgres_operator.py for tasks to queue
[2024-03-30T22:14:46.251+0000] {logging_mixin.py:188} INFO - [2024-03-30T22:14:46.250+0000] {dagbag.py:540} INFO - Filling up the DagBag from /opt/airflow/dags/dag_with_postgres_operator.py
[2024-03-30T22:14:46.312+0000] {processor.py:840} INFO - DAG(s) 'dag_with_postgres_operator_v02' retrieved from /opt/airflow/dags/dag_with_postgres_operator.py
[2024-03-30T22:14:46.430+0000] {logging_mixin.py:188} INFO - [2024-03-30T22:14:46.429+0000] {dag.py:3047} INFO - Sync 1 DAGs
[2024-03-30T22:14:46.537+0000] {logging_mixin.py:188} INFO - [2024-03-30T22:14:46.536+0000] {dag.py:3834} INFO - Setting next_dagrun for dag_with_postgres_operator_v02 to 2024-03-27 00:00:00+00:00, run_after=2024-03-28 00:00:00+00:00
[2024-03-30T22:14:46.626+0000] {processor.py:183} INFO - Processing /opt/airflow/dags/dag_with_postgres_operator.py took 0.401 seconds
[2024-03-30T22:15:17.275+0000] {processor.py:161} INFO - Started process (PID=17834) to work on /opt/airflow/dags/dag_with_postgres_operator.py
[2024-03-30T22:15:17.280+0000] {processor.py:830} INFO - Processing file /opt/airflow/dags/dag_with_postgres_operator.py for tasks to queue
[2024-03-30T22:15:17.284+0000] {logging_mixin.py:188} INFO - [2024-03-30T22:15:17.283+0000] {dagbag.py:540} INFO - Filling up the DagBag from /opt/airflow/dags/dag_with_postgres_operator.py
[2024-03-30T22:15:17.348+0000] {processor.py:840} INFO - DAG(s) 'dag_with_postgres_operator_v02' retrieved from /opt/airflow/dags/dag_with_postgres_operator.py
[2024-03-30T22:15:17.469+0000] {logging_mixin.py:188} INFO - [2024-03-30T22:15:17.469+0000] {dag.py:3047} INFO - Sync 1 DAGs
[2024-03-30T22:15:17.577+0000] {logging_mixin.py:188} INFO - [2024-03-30T22:15:17.576+0000] {dag.py:3834} INFO - Setting next_dagrun for dag_with_postgres_operator_v02 to 2024-03-27 00:00:00+00:00, run_after=2024-03-28 00:00:00+00:00
[2024-03-30T22:15:17.659+0000] {processor.py:183} INFO - Processing /opt/airflow/dags/dag_with_postgres_operator.py took 0.401 seconds
[2024-03-30T22:15:48.547+0000] {processor.py:161} INFO - Started process (PID=17885) to work on /opt/airflow/dags/dag_with_postgres_operator.py
[2024-03-30T22:15:48.554+0000] {processor.py:830} INFO - Processing file /opt/airflow/dags/dag_with_postgres_operator.py for tasks to queue
[2024-03-30T22:15:48.560+0000] {logging_mixin.py:188} INFO - [2024-03-30T22:15:48.559+0000] {dagbag.py:540} INFO - Filling up the DagBag from /opt/airflow/dags/dag_with_postgres_operator.py
[2024-03-30T22:15:48.641+0000] {processor.py:840} INFO - DAG(s) 'dag_with_postgres_operator_v02' retrieved from /opt/airflow/dags/dag_with_postgres_operator.py
[2024-03-30T22:15:48.780+0000] {logging_mixin.py:188} INFO - [2024-03-30T22:15:48.779+0000] {dag.py:3047} INFO - Sync 1 DAGs
[2024-03-30T22:15:48.936+0000] {logging_mixin.py:188} INFO - [2024-03-30T22:15:48.934+0000] {dag.py:3834} INFO - Setting next_dagrun for dag_with_postgres_operator_v02 to 2024-03-27 00:00:00+00:00, run_after=2024-03-28 00:00:00+00:00
[2024-03-30T22:15:49.032+0000] {processor.py:183} INFO - Processing /opt/airflow/dags/dag_with_postgres_operator.py took 0.508 seconds
[2024-03-30T22:16:19.266+0000] {processor.py:161} INFO - Started process (PID=17942) to work on /opt/airflow/dags/dag_with_postgres_operator.py
[2024-03-30T22:16:19.271+0000] {processor.py:830} INFO - Processing file /opt/airflow/dags/dag_with_postgres_operator.py for tasks to queue
[2024-03-30T22:16:19.276+0000] {logging_mixin.py:188} INFO - [2024-03-30T22:16:19.274+0000] {dagbag.py:540} INFO - Filling up the DagBag from /opt/airflow/dags/dag_with_postgres_operator.py
[2024-03-30T22:16:19.348+0000] {processor.py:840} INFO - DAG(s) 'dag_with_postgres_operator_v02' retrieved from /opt/airflow/dags/dag_with_postgres_operator.py
[2024-03-30T22:16:19.468+0000] {logging_mixin.py:188} INFO - [2024-03-30T22:16:19.467+0000] {dag.py:3047} INFO - Sync 1 DAGs
[2024-03-30T22:16:19.572+0000] {logging_mixin.py:188} INFO - [2024-03-30T22:16:19.571+0000] {dag.py:3834} INFO - Setting next_dagrun for dag_with_postgres_operator_v02 to 2024-03-27 00:00:00+00:00, run_after=2024-03-28 00:00:00+00:00
[2024-03-30T22:16:19.648+0000] {processor.py:183} INFO - Processing /opt/airflow/dags/dag_with_postgres_operator.py took 0.402 seconds
[2024-03-30T22:16:50.137+0000] {processor.py:161} INFO - Started process (PID=17994) to work on /opt/airflow/dags/dag_with_postgres_operator.py
[2024-03-30T22:16:50.142+0000] {processor.py:830} INFO - Processing file /opt/airflow/dags/dag_with_postgres_operator.py for tasks to queue
[2024-03-30T22:16:50.147+0000] {logging_mixin.py:188} INFO - [2024-03-30T22:16:50.145+0000] {dagbag.py:540} INFO - Filling up the DagBag from /opt/airflow/dags/dag_with_postgres_operator.py
[2024-03-30T22:16:50.212+0000] {processor.py:840} INFO - DAG(s) 'dag_with_postgres_operator_v02' retrieved from /opt/airflow/dags/dag_with_postgres_operator.py
[2024-03-30T22:16:50.348+0000] {logging_mixin.py:188} INFO - [2024-03-30T22:16:50.347+0000] {dag.py:3047} INFO - Sync 1 DAGs
[2024-03-30T22:16:50.449+0000] {logging_mixin.py:188} INFO - [2024-03-30T22:16:50.448+0000] {dag.py:3834} INFO - Setting next_dagrun for dag_with_postgres_operator_v02 to 2024-03-27 00:00:00+00:00, run_after=2024-03-28 00:00:00+00:00
[2024-03-30T22:16:50.524+0000] {processor.py:183} INFO - Processing /opt/airflow/dags/dag_with_postgres_operator.py took 0.405 seconds
[2024-03-30T22:17:21.168+0000] {processor.py:161} INFO - Started process (PID=18045) to work on /opt/airflow/dags/dag_with_postgres_operator.py
[2024-03-30T22:17:21.174+0000] {processor.py:830} INFO - Processing file /opt/airflow/dags/dag_with_postgres_operator.py for tasks to queue
[2024-03-30T22:17:21.181+0000] {logging_mixin.py:188} INFO - [2024-03-30T22:17:21.178+0000] {dagbag.py:540} INFO - Filling up the DagBag from /opt/airflow/dags/dag_with_postgres_operator.py
[2024-03-30T22:17:21.246+0000] {processor.py:840} INFO - DAG(s) 'dag_with_postgres_operator_v02' retrieved from /opt/airflow/dags/dag_with_postgres_operator.py
[2024-03-30T22:17:21.369+0000] {logging_mixin.py:188} INFO - [2024-03-30T22:17:21.368+0000] {dag.py:3047} INFO - Sync 1 DAGs
[2024-03-30T22:17:21.476+0000] {logging_mixin.py:188} INFO - [2024-03-30T22:17:21.475+0000] {dag.py:3834} INFO - Setting next_dagrun for dag_with_postgres_operator_v02 to 2024-03-27 00:00:00+00:00, run_after=2024-03-28 00:00:00+00:00
[2024-03-30T22:17:21.555+0000] {processor.py:183} INFO - Processing /opt/airflow/dags/dag_with_postgres_operator.py took 0.408 seconds
[2024-03-30T22:17:52.181+0000] {processor.py:161} INFO - Started process (PID=18096) to work on /opt/airflow/dags/dag_with_postgres_operator.py
[2024-03-30T22:17:52.185+0000] {processor.py:830} INFO - Processing file /opt/airflow/dags/dag_with_postgres_operator.py for tasks to queue
[2024-03-30T22:17:52.189+0000] {logging_mixin.py:188} INFO - [2024-03-30T22:17:52.187+0000] {dagbag.py:540} INFO - Filling up the DagBag from /opt/airflow/dags/dag_with_postgres_operator.py
[2024-03-30T22:17:52.257+0000] {processor.py:840} INFO - DAG(s) 'dag_with_postgres_operator_v02' retrieved from /opt/airflow/dags/dag_with_postgres_operator.py
[2024-03-30T22:17:52.405+0000] {logging_mixin.py:188} INFO - [2024-03-30T22:17:52.403+0000] {dag.py:3047} INFO - Sync 1 DAGs
[2024-03-30T22:17:52.550+0000] {logging_mixin.py:188} INFO - [2024-03-30T22:17:52.549+0000] {dag.py:3834} INFO - Setting next_dagrun for dag_with_postgres_operator_v02 to 2024-03-27 00:00:00+00:00, run_after=2024-03-28 00:00:00+00:00
[2024-03-30T22:17:52.625+0000] {processor.py:183} INFO - Processing /opt/airflow/dags/dag_with_postgres_operator.py took 0.460 seconds
[2024-03-30T22:18:23.246+0000] {processor.py:161} INFO - Started process (PID=18148) to work on /opt/airflow/dags/dag_with_postgres_operator.py
[2024-03-30T22:18:23.251+0000] {processor.py:830} INFO - Processing file /opt/airflow/dags/dag_with_postgres_operator.py for tasks to queue
[2024-03-30T22:18:23.256+0000] {logging_mixin.py:188} INFO - [2024-03-30T22:18:23.254+0000] {dagbag.py:540} INFO - Filling up the DagBag from /opt/airflow/dags/dag_with_postgres_operator.py
[2024-03-30T22:18:23.333+0000] {processor.py:840} INFO - DAG(s) 'dag_with_postgres_operator_v02' retrieved from /opt/airflow/dags/dag_with_postgres_operator.py
[2024-03-30T22:18:23.476+0000] {logging_mixin.py:188} INFO - [2024-03-30T22:18:23.475+0000] {dag.py:3047} INFO - Sync 1 DAGs
[2024-03-30T22:18:23.604+0000] {logging_mixin.py:188} INFO - [2024-03-30T22:18:23.603+0000] {dag.py:3834} INFO - Setting next_dagrun for dag_with_postgres_operator_v02 to 2024-03-27 00:00:00+00:00, run_after=2024-03-28 00:00:00+00:00
[2024-03-30T22:18:23.724+0000] {processor.py:183} INFO - Processing /opt/airflow/dags/dag_with_postgres_operator.py took 0.494 seconds
[2024-03-30T22:18:53.948+0000] {processor.py:161} INFO - Started process (PID=18199) to work on /opt/airflow/dags/dag_with_postgres_operator.py
[2024-03-30T22:18:53.952+0000] {processor.py:830} INFO - Processing file /opt/airflow/dags/dag_with_postgres_operator.py for tasks to queue
[2024-03-30T22:18:53.957+0000] {logging_mixin.py:188} INFO - [2024-03-30T22:18:53.955+0000] {dagbag.py:540} INFO - Filling up the DagBag from /opt/airflow/dags/dag_with_postgres_operator.py
[2024-03-30T22:18:54.032+0000] {processor.py:840} INFO - DAG(s) 'dag_with_postgres_operator_v02' retrieved from /opt/airflow/dags/dag_with_postgres_operator.py
[2024-03-30T22:18:54.165+0000] {logging_mixin.py:188} INFO - [2024-03-30T22:18:54.164+0000] {dag.py:3047} INFO - Sync 1 DAGs
[2024-03-30T22:18:54.270+0000] {logging_mixin.py:188} INFO - [2024-03-30T22:18:54.269+0000] {dag.py:3834} INFO - Setting next_dagrun for dag_with_postgres_operator_v02 to 2024-03-27 00:00:00+00:00, run_after=2024-03-28 00:00:00+00:00
[2024-03-30T22:18:54.345+0000] {processor.py:183} INFO - Processing /opt/airflow/dags/dag_with_postgres_operator.py took 0.415 seconds
[2024-03-30T22:19:25.056+0000] {processor.py:161} INFO - Started process (PID=18250) to work on /opt/airflow/dags/dag_with_postgres_operator.py
[2024-03-30T22:19:25.064+0000] {processor.py:830} INFO - Processing file /opt/airflow/dags/dag_with_postgres_operator.py for tasks to queue
[2024-03-30T22:19:25.071+0000] {logging_mixin.py:188} INFO - [2024-03-30T22:19:25.069+0000] {dagbag.py:540} INFO - Filling up the DagBag from /opt/airflow/dags/dag_with_postgres_operator.py
[2024-03-30T22:19:25.165+0000] {processor.py:840} INFO - DAG(s) 'dag_with_postgres_operator_v02' retrieved from /opt/airflow/dags/dag_with_postgres_operator.py
[2024-03-30T22:19:25.325+0000] {logging_mixin.py:188} INFO - [2024-03-30T22:19:25.324+0000] {dag.py:3047} INFO - Sync 1 DAGs
[2024-03-30T22:19:25.459+0000] {logging_mixin.py:188} INFO - [2024-03-30T22:19:25.458+0000] {dag.py:3834} INFO - Setting next_dagrun for dag_with_postgres_operator_v02 to 2024-03-27 00:00:00+00:00, run_after=2024-03-28 00:00:00+00:00
[2024-03-30T22:19:25.555+0000] {processor.py:183} INFO - Processing /opt/airflow/dags/dag_with_postgres_operator.py took 0.524 seconds
[2024-03-30T22:19:56.028+0000] {processor.py:161} INFO - Started process (PID=18302) to work on /opt/airflow/dags/dag_with_postgres_operator.py
[2024-03-30T22:19:56.033+0000] {processor.py:830} INFO - Processing file /opt/airflow/dags/dag_with_postgres_operator.py for tasks to queue
[2024-03-30T22:19:56.038+0000] {logging_mixin.py:188} INFO - [2024-03-30T22:19:56.036+0000] {dagbag.py:540} INFO - Filling up the DagBag from /opt/airflow/dags/dag_with_postgres_operator.py
[2024-03-30T22:19:56.100+0000] {processor.py:840} INFO - DAG(s) 'dag_with_postgres_operator_v02' retrieved from /opt/airflow/dags/dag_with_postgres_operator.py
[2024-03-30T22:19:56.217+0000] {logging_mixin.py:188} INFO - [2024-03-30T22:19:56.216+0000] {dag.py:3047} INFO - Sync 1 DAGs
[2024-03-30T22:19:56.321+0000] {logging_mixin.py:188} INFO - [2024-03-30T22:19:56.320+0000] {dag.py:3834} INFO - Setting next_dagrun for dag_with_postgres_operator_v02 to 2024-03-27 00:00:00+00:00, run_after=2024-03-28 00:00:00+00:00
[2024-03-30T22:19:56.407+0000] {processor.py:183} INFO - Processing /opt/airflow/dags/dag_with_postgres_operator.py took 0.398 seconds
