[2024-03-30T22:05:24.959+0000] {processor.py:161} INFO - Started process (PID=16843) to work on /opt/airflow/dags/dag_with_python_dependencies.py
[2024-03-30T22:05:24.980+0000] {processor.py:830} INFO - Processing file /opt/airflow/dags/dag_with_python_dependencies.py for tasks to queue
[2024-03-30T22:05:25.003+0000] {logging_mixin.py:188} INFO - [2024-03-30T22:05:24.998+0000] {dagbag.py:540} INFO - Filling up the DagBag from /opt/airflow/dags/dag_with_python_dependencies.py
[2024-03-30T22:05:25.205+0000] {processor.py:840} INFO - DAG(s) 'dag_with_python_dependencies_v03' retrieved from /opt/airflow/dags/dag_with_python_dependencies.py
[2024-03-30T22:05:25.821+0000] {logging_mixin.py:188} INFO - [2024-03-30T22:05:25.808+0000] {dag.py:3047} INFO - Sync 1 DAGs
[2024-03-30T22:05:26.363+0000] {logging_mixin.py:188} INFO - [2024-03-30T22:05:26.360+0000] {dag.py:3834} INFO - Setting next_dagrun for dag_with_python_dependencies_v03 to 2024-03-12 00:00:00+00:00, run_after=2024-03-13 00:00:00+00:00
[2024-03-30T22:05:26.753+0000] {processor.py:183} INFO - Processing /opt/airflow/dags/dag_with_python_dependencies.py took 1.867 seconds
[2024-03-30T22:05:57.175+0000] {processor.py:161} INFO - Started process (PID=16901) to work on /opt/airflow/dags/dag_with_python_dependencies.py
[2024-03-30T22:05:57.180+0000] {processor.py:830} INFO - Processing file /opt/airflow/dags/dag_with_python_dependencies.py for tasks to queue
[2024-03-30T22:05:57.185+0000] {logging_mixin.py:188} INFO - [2024-03-30T22:05:57.183+0000] {dagbag.py:540} INFO - Filling up the DagBag from /opt/airflow/dags/dag_with_python_dependencies.py
[2024-03-30T22:05:57.249+0000] {processor.py:840} INFO - DAG(s) 'dag_with_python_dependencies_v03' retrieved from /opt/airflow/dags/dag_with_python_dependencies.py
[2024-03-30T22:05:57.369+0000] {logging_mixin.py:188} INFO - [2024-03-30T22:05:57.368+0000] {dag.py:3047} INFO - Sync 1 DAGs
[2024-03-30T22:05:57.473+0000] {logging_mixin.py:188} INFO - [2024-03-30T22:05:57.472+0000] {dag.py:3834} INFO - Setting next_dagrun for dag_with_python_dependencies_v03 to 2024-03-12 00:00:00+00:00, run_after=2024-03-13 00:00:00+00:00
[2024-03-30T22:05:57.560+0000] {processor.py:183} INFO - Processing /opt/airflow/dags/dag_with_python_dependencies.py took 0.405 seconds
[2024-03-30T22:06:27.982+0000] {processor.py:161} INFO - Started process (PID=16950) to work on /opt/airflow/dags/dag_with_python_dependencies.py
[2024-03-30T22:06:27.989+0000] {processor.py:830} INFO - Processing file /opt/airflow/dags/dag_with_python_dependencies.py for tasks to queue
[2024-03-30T22:06:27.997+0000] {logging_mixin.py:188} INFO - [2024-03-30T22:06:27.994+0000] {dagbag.py:540} INFO - Filling up the DagBag from /opt/airflow/dags/dag_with_python_dependencies.py
[2024-03-30T22:06:28.081+0000] {processor.py:840} INFO - DAG(s) 'dag_with_python_dependencies_v03' retrieved from /opt/airflow/dags/dag_with_python_dependencies.py
[2024-03-30T22:06:28.328+0000] {logging_mixin.py:188} INFO - [2024-03-30T22:06:28.326+0000] {dag.py:3047} INFO - Sync 1 DAGs
[2024-03-30T22:06:28.538+0000] {logging_mixin.py:188} INFO - [2024-03-30T22:06:28.536+0000] {dag.py:3834} INFO - Setting next_dagrun for dag_with_python_dependencies_v03 to 2024-03-12 00:00:00+00:00, run_after=2024-03-13 00:00:00+00:00
[2024-03-30T22:06:28.704+0000] {processor.py:183} INFO - Processing /opt/airflow/dags/dag_with_python_dependencies.py took 0.752 seconds
[2024-03-30T22:06:59.049+0000] {processor.py:161} INFO - Started process (PID=17003) to work on /opt/airflow/dags/dag_with_python_dependencies.py
[2024-03-30T22:06:59.054+0000] {processor.py:830} INFO - Processing file /opt/airflow/dags/dag_with_python_dependencies.py for tasks to queue
[2024-03-30T22:06:59.060+0000] {logging_mixin.py:188} INFO - [2024-03-30T22:06:59.058+0000] {dagbag.py:540} INFO - Filling up the DagBag from /opt/airflow/dags/dag_with_python_dependencies.py
[2024-03-30T22:06:59.136+0000] {processor.py:840} INFO - DAG(s) 'dag_with_python_dependencies_v03' retrieved from /opt/airflow/dags/dag_with_python_dependencies.py
[2024-03-30T22:06:59.276+0000] {logging_mixin.py:188} INFO - [2024-03-30T22:06:59.275+0000] {dag.py:3047} INFO - Sync 1 DAGs
[2024-03-30T22:06:59.397+0000] {logging_mixin.py:188} INFO - [2024-03-30T22:06:59.396+0000] {dag.py:3834} INFO - Setting next_dagrun for dag_with_python_dependencies_v03 to 2024-03-12 00:00:00+00:00, run_after=2024-03-13 00:00:00+00:00
[2024-03-30T22:06:59.481+0000] {processor.py:183} INFO - Processing /opt/airflow/dags/dag_with_python_dependencies.py took 0.454 seconds
[2024-03-30T22:07:30.145+0000] {processor.py:161} INFO - Started process (PID=17054) to work on /opt/airflow/dags/dag_with_python_dependencies.py
[2024-03-30T22:07:30.150+0000] {processor.py:830} INFO - Processing file /opt/airflow/dags/dag_with_python_dependencies.py for tasks to queue
[2024-03-30T22:07:30.156+0000] {logging_mixin.py:188} INFO - [2024-03-30T22:07:30.154+0000] {dagbag.py:540} INFO - Filling up the DagBag from /opt/airflow/dags/dag_with_python_dependencies.py
[2024-03-30T22:07:30.232+0000] {processor.py:840} INFO - DAG(s) 'dag_with_python_dependencies_v03' retrieved from /opt/airflow/dags/dag_with_python_dependencies.py
[2024-03-30T22:07:30.369+0000] {logging_mixin.py:188} INFO - [2024-03-30T22:07:30.368+0000] {dag.py:3047} INFO - Sync 1 DAGs
[2024-03-30T22:07:30.513+0000] {logging_mixin.py:188} INFO - [2024-03-30T22:07:30.512+0000] {dag.py:3834} INFO - Setting next_dagrun for dag_with_python_dependencies_v03 to 2024-03-12 00:00:00+00:00, run_after=2024-03-13 00:00:00+00:00
[2024-03-30T22:07:30.612+0000] {processor.py:183} INFO - Processing /opt/airflow/dags/dag_with_python_dependencies.py took 0.486 seconds
[2024-03-30T22:08:01.137+0000] {processor.py:161} INFO - Started process (PID=17105) to work on /opt/airflow/dags/dag_with_python_dependencies.py
[2024-03-30T22:08:01.143+0000] {processor.py:830} INFO - Processing file /opt/airflow/dags/dag_with_python_dependencies.py for tasks to queue
[2024-03-30T22:08:01.148+0000] {logging_mixin.py:188} INFO - [2024-03-30T22:08:01.146+0000] {dagbag.py:540} INFO - Filling up the DagBag from /opt/airflow/dags/dag_with_python_dependencies.py
[2024-03-30T22:08:01.207+0000] {processor.py:840} INFO - DAG(s) 'dag_with_python_dependencies_v03' retrieved from /opt/airflow/dags/dag_with_python_dependencies.py
[2024-03-30T22:08:01.326+0000] {logging_mixin.py:188} INFO - [2024-03-30T22:08:01.325+0000] {dag.py:3047} INFO - Sync 1 DAGs
[2024-03-30T22:08:01.431+0000] {logging_mixin.py:188} INFO - [2024-03-30T22:08:01.430+0000] {dag.py:3834} INFO - Setting next_dagrun for dag_with_python_dependencies_v03 to 2024-03-12 00:00:00+00:00, run_after=2024-03-13 00:00:00+00:00
[2024-03-30T22:08:01.513+0000] {processor.py:183} INFO - Processing /opt/airflow/dags/dag_with_python_dependencies.py took 0.402 seconds
[2024-03-30T22:08:32.052+0000] {processor.py:161} INFO - Started process (PID=17157) to work on /opt/airflow/dags/dag_with_python_dependencies.py
[2024-03-30T22:08:32.057+0000] {processor.py:830} INFO - Processing file /opt/airflow/dags/dag_with_python_dependencies.py for tasks to queue
[2024-03-30T22:08:32.063+0000] {logging_mixin.py:188} INFO - [2024-03-30T22:08:32.061+0000] {dagbag.py:540} INFO - Filling up the DagBag from /opt/airflow/dags/dag_with_python_dependencies.py
[2024-03-30T22:08:32.132+0000] {processor.py:840} INFO - DAG(s) 'dag_with_python_dependencies_v03' retrieved from /opt/airflow/dags/dag_with_python_dependencies.py
[2024-03-30T22:08:32.270+0000] {logging_mixin.py:188} INFO - [2024-03-30T22:08:32.269+0000] {dag.py:3047} INFO - Sync 1 DAGs
[2024-03-30T22:08:32.395+0000] {logging_mixin.py:188} INFO - [2024-03-30T22:08:32.393+0000] {dag.py:3834} INFO - Setting next_dagrun for dag_with_python_dependencies_v03 to 2024-03-12 00:00:00+00:00, run_after=2024-03-13 00:00:00+00:00
[2024-03-30T22:08:32.486+0000] {processor.py:183} INFO - Processing /opt/airflow/dags/dag_with_python_dependencies.py took 0.452 seconds
[2024-03-30T22:09:03.091+0000] {processor.py:161} INFO - Started process (PID=17208) to work on /opt/airflow/dags/dag_with_python_dependencies.py
[2024-03-30T22:09:03.097+0000] {processor.py:830} INFO - Processing file /opt/airflow/dags/dag_with_python_dependencies.py for tasks to queue
[2024-03-30T22:09:03.103+0000] {logging_mixin.py:188} INFO - [2024-03-30T22:09:03.101+0000] {dagbag.py:540} INFO - Filling up the DagBag from /opt/airflow/dags/dag_with_python_dependencies.py
[2024-03-30T22:09:03.176+0000] {processor.py:840} INFO - DAG(s) 'dag_with_python_dependencies_v03' retrieved from /opt/airflow/dags/dag_with_python_dependencies.py
[2024-03-30T22:09:03.316+0000] {logging_mixin.py:188} INFO - [2024-03-30T22:09:03.314+0000] {dag.py:3047} INFO - Sync 1 DAGs
[2024-03-30T22:09:03.459+0000] {logging_mixin.py:188} INFO - [2024-03-30T22:09:03.457+0000] {dag.py:3834} INFO - Setting next_dagrun for dag_with_python_dependencies_v03 to 2024-03-12 00:00:00+00:00, run_after=2024-03-13 00:00:00+00:00
[2024-03-30T22:09:03.553+0000] {processor.py:183} INFO - Processing /opt/airflow/dags/dag_with_python_dependencies.py took 0.479 seconds
[2024-03-30T22:09:34.188+0000] {processor.py:161} INFO - Started process (PID=17259) to work on /opt/airflow/dags/dag_with_python_dependencies.py
[2024-03-30T22:09:34.192+0000] {processor.py:830} INFO - Processing file /opt/airflow/dags/dag_with_python_dependencies.py for tasks to queue
[2024-03-30T22:09:34.197+0000] {logging_mixin.py:188} INFO - [2024-03-30T22:09:34.195+0000] {dagbag.py:540} INFO - Filling up the DagBag from /opt/airflow/dags/dag_with_python_dependencies.py
[2024-03-30T22:09:34.265+0000] {processor.py:840} INFO - DAG(s) 'dag_with_python_dependencies_v03' retrieved from /opt/airflow/dags/dag_with_python_dependencies.py
[2024-03-30T22:09:34.416+0000] {logging_mixin.py:188} INFO - [2024-03-30T22:09:34.415+0000] {dag.py:3047} INFO - Sync 1 DAGs
[2024-03-30T22:09:34.537+0000] {logging_mixin.py:188} INFO - [2024-03-30T22:09:34.536+0000] {dag.py:3834} INFO - Setting next_dagrun for dag_with_python_dependencies_v03 to 2024-03-12 00:00:00+00:00, run_after=2024-03-13 00:00:00+00:00
[2024-03-30T22:09:34.634+0000] {processor.py:183} INFO - Processing /opt/airflow/dags/dag_with_python_dependencies.py took 0.466 seconds
[2024-03-30T22:10:05.740+0000] {processor.py:161} INFO - Started process (PID=17310) to work on /opt/airflow/dags/dag_with_python_dependencies.py
[2024-03-30T22:10:05.746+0000] {processor.py:830} INFO - Processing file /opt/airflow/dags/dag_with_python_dependencies.py for tasks to queue
[2024-03-30T22:10:05.753+0000] {logging_mixin.py:188} INFO - [2024-03-30T22:10:05.751+0000] {dagbag.py:540} INFO - Filling up the DagBag from /opt/airflow/dags/dag_with_python_dependencies.py
[2024-03-30T22:10:05.823+0000] {processor.py:840} INFO - DAG(s) 'dag_with_python_dependencies_v03' retrieved from /opt/airflow/dags/dag_with_python_dependencies.py
[2024-03-30T22:10:05.957+0000] {logging_mixin.py:188} INFO - [2024-03-30T22:10:05.956+0000] {dag.py:3047} INFO - Sync 1 DAGs
[2024-03-30T22:10:06.088+0000] {logging_mixin.py:188} INFO - [2024-03-30T22:10:06.087+0000] {dag.py:3834} INFO - Setting next_dagrun for dag_with_python_dependencies_v03 to 2024-03-12 00:00:00+00:00, run_after=2024-03-13 00:00:00+00:00
[2024-03-30T22:10:06.179+0000] {processor.py:183} INFO - Processing /opt/airflow/dags/dag_with_python_dependencies.py took 0.462 seconds
[2024-03-30T22:10:37.104+0000] {processor.py:161} INFO - Started process (PID=17361) to work on /opt/airflow/dags/dag_with_python_dependencies.py
[2024-03-30T22:10:37.110+0000] {processor.py:830} INFO - Processing file /opt/airflow/dags/dag_with_python_dependencies.py for tasks to queue
[2024-03-30T22:10:37.116+0000] {logging_mixin.py:188} INFO - [2024-03-30T22:10:37.114+0000] {dagbag.py:540} INFO - Filling up the DagBag from /opt/airflow/dags/dag_with_python_dependencies.py
[2024-03-30T22:10:37.190+0000] {processor.py:840} INFO - DAG(s) 'dag_with_python_dependencies_v03' retrieved from /opt/airflow/dags/dag_with_python_dependencies.py
[2024-03-30T22:10:37.316+0000] {logging_mixin.py:188} INFO - [2024-03-30T22:10:37.314+0000] {dag.py:3047} INFO - Sync 1 DAGs
[2024-03-30T22:10:37.457+0000] {logging_mixin.py:188} INFO - [2024-03-30T22:10:37.456+0000] {dag.py:3834} INFO - Setting next_dagrun for dag_with_python_dependencies_v03 to 2024-03-12 00:00:00+00:00, run_after=2024-03-13 00:00:00+00:00
[2024-03-30T22:10:37.550+0000] {processor.py:183} INFO - Processing /opt/airflow/dags/dag_with_python_dependencies.py took 0.466 seconds
[2024-03-30T22:11:08.453+0000] {processor.py:161} INFO - Started process (PID=17418) to work on /opt/airflow/dags/dag_with_python_dependencies.py
[2024-03-30T22:11:08.458+0000] {processor.py:830} INFO - Processing file /opt/airflow/dags/dag_with_python_dependencies.py for tasks to queue
[2024-03-30T22:11:08.464+0000] {logging_mixin.py:188} INFO - [2024-03-30T22:11:08.462+0000] {dagbag.py:540} INFO - Filling up the DagBag from /opt/airflow/dags/dag_with_python_dependencies.py
[2024-03-30T22:11:08.557+0000] {processor.py:840} INFO - DAG(s) 'dag_with_python_dependencies_v03' retrieved from /opt/airflow/dags/dag_with_python_dependencies.py
[2024-03-30T22:11:08.702+0000] {logging_mixin.py:188} INFO - [2024-03-30T22:11:08.701+0000] {dag.py:3047} INFO - Sync 1 DAGs
[2024-03-30T22:11:08.833+0000] {logging_mixin.py:188} INFO - [2024-03-30T22:11:08.832+0000] {dag.py:3834} INFO - Setting next_dagrun for dag_with_python_dependencies_v03 to 2024-03-12 00:00:00+00:00, run_after=2024-03-13 00:00:00+00:00
[2024-03-30T22:11:08.925+0000] {processor.py:183} INFO - Processing /opt/airflow/dags/dag_with_python_dependencies.py took 0.490 seconds
[2024-03-30T22:11:39.626+0000] {processor.py:161} INFO - Started process (PID=17469) to work on /opt/airflow/dags/dag_with_python_dependencies.py
[2024-03-30T22:11:39.631+0000] {processor.py:830} INFO - Processing file /opt/airflow/dags/dag_with_python_dependencies.py for tasks to queue
[2024-03-30T22:11:39.636+0000] {logging_mixin.py:188} INFO - [2024-03-30T22:11:39.635+0000] {dagbag.py:540} INFO - Filling up the DagBag from /opt/airflow/dags/dag_with_python_dependencies.py
[2024-03-30T22:11:39.705+0000] {processor.py:840} INFO - DAG(s) 'dag_with_python_dependencies_v03' retrieved from /opt/airflow/dags/dag_with_python_dependencies.py
[2024-03-30T22:11:39.850+0000] {logging_mixin.py:188} INFO - [2024-03-30T22:11:39.849+0000] {dag.py:3047} INFO - Sync 1 DAGs
[2024-03-30T22:11:39.973+0000] {logging_mixin.py:188} INFO - [2024-03-30T22:11:39.972+0000] {dag.py:3834} INFO - Setting next_dagrun for dag_with_python_dependencies_v03 to 2024-03-12 00:00:00+00:00, run_after=2024-03-13 00:00:00+00:00
[2024-03-30T22:11:40.071+0000] {processor.py:183} INFO - Processing /opt/airflow/dags/dag_with_python_dependencies.py took 0.464 seconds
[2024-03-30T22:12:10.795+0000] {processor.py:161} INFO - Started process (PID=17521) to work on /opt/airflow/dags/dag_with_python_dependencies.py
[2024-03-30T22:12:10.800+0000] {processor.py:830} INFO - Processing file /opt/airflow/dags/dag_with_python_dependencies.py for tasks to queue
[2024-03-30T22:12:10.805+0000] {logging_mixin.py:188} INFO - [2024-03-30T22:12:10.803+0000] {dagbag.py:540} INFO - Filling up the DagBag from /opt/airflow/dags/dag_with_python_dependencies.py
[2024-03-30T22:12:10.877+0000] {processor.py:840} INFO - DAG(s) 'dag_with_python_dependencies_v03' retrieved from /opt/airflow/dags/dag_with_python_dependencies.py
[2024-03-30T22:12:11.014+0000] {logging_mixin.py:188} INFO - [2024-03-30T22:12:11.013+0000] {dag.py:3047} INFO - Sync 1 DAGs
[2024-03-30T22:12:11.141+0000] {logging_mixin.py:188} INFO - [2024-03-30T22:12:11.140+0000] {dag.py:3834} INFO - Setting next_dagrun for dag_with_python_dependencies_v03 to 2024-03-12 00:00:00+00:00, run_after=2024-03-13 00:00:00+00:00
[2024-03-30T22:12:11.242+0000] {processor.py:183} INFO - Processing /opt/airflow/dags/dag_with_python_dependencies.py took 0.465 seconds
[2024-03-30T22:12:41.889+0000] {processor.py:161} INFO - Started process (PID=17572) to work on /opt/airflow/dags/dag_with_python_dependencies.py
[2024-03-30T22:12:41.894+0000] {processor.py:830} INFO - Processing file /opt/airflow/dags/dag_with_python_dependencies.py for tasks to queue
[2024-03-30T22:12:41.899+0000] {logging_mixin.py:188} INFO - [2024-03-30T22:12:41.897+0000] {dagbag.py:540} INFO - Filling up the DagBag from /opt/airflow/dags/dag_with_python_dependencies.py
[2024-03-30T22:12:41.973+0000] {processor.py:840} INFO - DAG(s) 'dag_with_python_dependencies_v03' retrieved from /opt/airflow/dags/dag_with_python_dependencies.py
[2024-03-30T22:12:42.144+0000] {logging_mixin.py:188} INFO - [2024-03-30T22:12:42.143+0000] {dag.py:3047} INFO - Sync 1 DAGs
[2024-03-30T22:12:42.261+0000] {logging_mixin.py:188} INFO - [2024-03-30T22:12:42.260+0000] {dag.py:3834} INFO - Setting next_dagrun for dag_with_python_dependencies_v03 to 2024-03-12 00:00:00+00:00, run_after=2024-03-13 00:00:00+00:00
[2024-03-30T22:12:42.340+0000] {processor.py:183} INFO - Processing /opt/airflow/dags/dag_with_python_dependencies.py took 0.470 seconds
[2024-03-30T22:13:12.925+0000] {processor.py:161} INFO - Started process (PID=17623) to work on /opt/airflow/dags/dag_with_python_dependencies.py
[2024-03-30T22:13:12.930+0000] {processor.py:830} INFO - Processing file /opt/airflow/dags/dag_with_python_dependencies.py for tasks to queue
[2024-03-30T22:13:12.936+0000] {logging_mixin.py:188} INFO - [2024-03-30T22:13:12.934+0000] {dagbag.py:540} INFO - Filling up the DagBag from /opt/airflow/dags/dag_with_python_dependencies.py
[2024-03-30T22:13:12.997+0000] {processor.py:840} INFO - DAG(s) 'dag_with_python_dependencies_v03' retrieved from /opt/airflow/dags/dag_with_python_dependencies.py
[2024-03-30T22:13:13.142+0000] {logging_mixin.py:188} INFO - [2024-03-30T22:13:13.141+0000] {dag.py:3047} INFO - Sync 1 DAGs
[2024-03-30T22:13:13.255+0000] {logging_mixin.py:188} INFO - [2024-03-30T22:13:13.254+0000] {dag.py:3834} INFO - Setting next_dagrun for dag_with_python_dependencies_v03 to 2024-03-12 00:00:00+00:00, run_after=2024-03-13 00:00:00+00:00
[2024-03-30T22:13:13.348+0000] {processor.py:183} INFO - Processing /opt/airflow/dags/dag_with_python_dependencies.py took 0.446 seconds
[2024-03-30T22:13:43.569+0000] {processor.py:161} INFO - Started process (PID=17674) to work on /opt/airflow/dags/dag_with_python_dependencies.py
[2024-03-30T22:13:43.575+0000] {processor.py:830} INFO - Processing file /opt/airflow/dags/dag_with_python_dependencies.py for tasks to queue
[2024-03-30T22:13:43.580+0000] {logging_mixin.py:188} INFO - [2024-03-30T22:13:43.579+0000] {dagbag.py:540} INFO - Filling up the DagBag from /opt/airflow/dags/dag_with_python_dependencies.py
[2024-03-30T22:13:43.653+0000] {processor.py:840} INFO - DAG(s) 'dag_with_python_dependencies_v03' retrieved from /opt/airflow/dags/dag_with_python_dependencies.py
[2024-03-30T22:13:43.799+0000] {logging_mixin.py:188} INFO - [2024-03-30T22:13:43.798+0000] {dag.py:3047} INFO - Sync 1 DAGs
[2024-03-30T22:13:43.907+0000] {logging_mixin.py:188} INFO - [2024-03-30T22:13:43.906+0000] {dag.py:3834} INFO - Setting next_dagrun for dag_with_python_dependencies_v03 to 2024-03-12 00:00:00+00:00, run_after=2024-03-13 00:00:00+00:00
[2024-03-30T22:13:44.016+0000] {processor.py:183} INFO - Processing /opt/airflow/dags/dag_with_python_dependencies.py took 0.468 seconds
[2024-03-30T22:14:14.609+0000] {processor.py:161} INFO - Started process (PID=17725) to work on /opt/airflow/dags/dag_with_python_dependencies.py
[2024-03-30T22:14:14.615+0000] {processor.py:830} INFO - Processing file /opt/airflow/dags/dag_with_python_dependencies.py for tasks to queue
[2024-03-30T22:14:14.621+0000] {logging_mixin.py:188} INFO - [2024-03-30T22:14:14.619+0000] {dagbag.py:540} INFO - Filling up the DagBag from /opt/airflow/dags/dag_with_python_dependencies.py
[2024-03-30T22:14:14.722+0000] {processor.py:840} INFO - DAG(s) 'dag_with_python_dependencies_v03' retrieved from /opt/airflow/dags/dag_with_python_dependencies.py
[2024-03-30T22:14:14.896+0000] {logging_mixin.py:188} INFO - [2024-03-30T22:14:14.894+0000] {dag.py:3047} INFO - Sync 1 DAGs
[2024-03-30T22:14:15.044+0000] {logging_mixin.py:188} INFO - [2024-03-30T22:14:15.042+0000] {dag.py:3834} INFO - Setting next_dagrun for dag_with_python_dependencies_v03 to 2024-03-12 00:00:00+00:00, run_after=2024-03-13 00:00:00+00:00
[2024-03-30T22:14:15.152+0000] {processor.py:183} INFO - Processing /opt/airflow/dags/dag_with_python_dependencies.py took 0.569 seconds
[2024-03-30T22:14:45.651+0000] {processor.py:161} INFO - Started process (PID=17776) to work on /opt/airflow/dags/dag_with_python_dependencies.py
[2024-03-30T22:14:45.657+0000] {processor.py:830} INFO - Processing file /opt/airflow/dags/dag_with_python_dependencies.py for tasks to queue
[2024-03-30T22:14:45.663+0000] {logging_mixin.py:188} INFO - [2024-03-30T22:14:45.661+0000] {dagbag.py:540} INFO - Filling up the DagBag from /opt/airflow/dags/dag_with_python_dependencies.py
[2024-03-30T22:14:45.736+0000] {processor.py:840} INFO - DAG(s) 'dag_with_python_dependencies_v03' retrieved from /opt/airflow/dags/dag_with_python_dependencies.py
[2024-03-30T22:14:45.875+0000] {logging_mixin.py:188} INFO - [2024-03-30T22:14:45.874+0000] {dag.py:3047} INFO - Sync 1 DAGs
[2024-03-30T22:14:46.007+0000] {logging_mixin.py:188} INFO - [2024-03-30T22:14:46.005+0000] {dag.py:3834} INFO - Setting next_dagrun for dag_with_python_dependencies_v03 to 2024-03-12 00:00:00+00:00, run_after=2024-03-13 00:00:00+00:00
[2024-03-30T22:14:46.109+0000] {processor.py:183} INFO - Processing /opt/airflow/dags/dag_with_python_dependencies.py took 0.478 seconds
[2024-03-30T22:15:16.697+0000] {processor.py:161} INFO - Started process (PID=17827) to work on /opt/airflow/dags/dag_with_python_dependencies.py
[2024-03-30T22:15:16.703+0000] {processor.py:830} INFO - Processing file /opt/airflow/dags/dag_with_python_dependencies.py for tasks to queue
[2024-03-30T22:15:16.710+0000] {logging_mixin.py:188} INFO - [2024-03-30T22:15:16.708+0000] {dagbag.py:540} INFO - Filling up the DagBag from /opt/airflow/dags/dag_with_python_dependencies.py
[2024-03-30T22:15:16.796+0000] {processor.py:840} INFO - DAG(s) 'dag_with_python_dependencies_v03' retrieved from /opt/airflow/dags/dag_with_python_dependencies.py
[2024-03-30T22:15:16.939+0000] {logging_mixin.py:188} INFO - [2024-03-30T22:15:16.938+0000] {dag.py:3047} INFO - Sync 1 DAGs
[2024-03-30T22:15:17.078+0000] {logging_mixin.py:188} INFO - [2024-03-30T22:15:17.077+0000] {dag.py:3834} INFO - Setting next_dagrun for dag_with_python_dependencies_v03 to 2024-03-12 00:00:00+00:00, run_after=2024-03-13 00:00:00+00:00
[2024-03-30T22:15:17.178+0000] {processor.py:183} INFO - Processing /opt/airflow/dags/dag_with_python_dependencies.py took 0.505 seconds
[2024-03-30T22:15:47.908+0000] {processor.py:161} INFO - Started process (PID=17878) to work on /opt/airflow/dags/dag_with_python_dependencies.py
[2024-03-30T22:15:47.913+0000] {processor.py:830} INFO - Processing file /opt/airflow/dags/dag_with_python_dependencies.py for tasks to queue
[2024-03-30T22:15:47.920+0000] {logging_mixin.py:188} INFO - [2024-03-30T22:15:47.917+0000] {dagbag.py:540} INFO - Filling up the DagBag from /opt/airflow/dags/dag_with_python_dependencies.py
[2024-03-30T22:15:48.006+0000] {processor.py:840} INFO - DAG(s) 'dag_with_python_dependencies_v03' retrieved from /opt/airflow/dags/dag_with_python_dependencies.py
[2024-03-30T22:15:48.180+0000] {logging_mixin.py:188} INFO - [2024-03-30T22:15:48.179+0000] {dag.py:3047} INFO - Sync 1 DAGs
[2024-03-30T22:15:48.360+0000] {logging_mixin.py:188} INFO - [2024-03-30T22:15:48.359+0000] {dag.py:3834} INFO - Setting next_dagrun for dag_with_python_dependencies_v03 to 2024-03-12 00:00:00+00:00, run_after=2024-03-13 00:00:00+00:00
[2024-03-30T22:15:48.454+0000] {processor.py:183} INFO - Processing /opt/airflow/dags/dag_with_python_dependencies.py took 0.568 seconds
[2024-03-30T22:16:18.723+0000] {processor.py:161} INFO - Started process (PID=17935) to work on /opt/airflow/dags/dag_with_python_dependencies.py
[2024-03-30T22:16:18.728+0000] {processor.py:830} INFO - Processing file /opt/airflow/dags/dag_with_python_dependencies.py for tasks to queue
[2024-03-30T22:16:18.732+0000] {logging_mixin.py:188} INFO - [2024-03-30T22:16:18.730+0000] {dagbag.py:540} INFO - Filling up the DagBag from /opt/airflow/dags/dag_with_python_dependencies.py
[2024-03-30T22:16:18.799+0000] {processor.py:840} INFO - DAG(s) 'dag_with_python_dependencies_v03' retrieved from /opt/airflow/dags/dag_with_python_dependencies.py
[2024-03-30T22:16:18.932+0000] {logging_mixin.py:188} INFO - [2024-03-30T22:16:18.931+0000] {dag.py:3047} INFO - Sync 1 DAGs
[2024-03-30T22:16:19.054+0000] {logging_mixin.py:188} INFO - [2024-03-30T22:16:19.053+0000] {dag.py:3834} INFO - Setting next_dagrun for dag_with_python_dependencies_v03 to 2024-03-12 00:00:00+00:00, run_after=2024-03-13 00:00:00+00:00
[2024-03-30T22:16:19.158+0000] {processor.py:183} INFO - Processing /opt/airflow/dags/dag_with_python_dependencies.py took 0.451 seconds
[2024-03-30T22:16:49.572+0000] {processor.py:161} INFO - Started process (PID=17987) to work on /opt/airflow/dags/dag_with_python_dependencies.py
[2024-03-30T22:16:49.577+0000] {processor.py:830} INFO - Processing file /opt/airflow/dags/dag_with_python_dependencies.py for tasks to queue
[2024-03-30T22:16:49.583+0000] {logging_mixin.py:188} INFO - [2024-03-30T22:16:49.581+0000] {dagbag.py:540} INFO - Filling up the DagBag from /opt/airflow/dags/dag_with_python_dependencies.py
[2024-03-30T22:16:49.669+0000] {processor.py:840} INFO - DAG(s) 'dag_with_python_dependencies_v03' retrieved from /opt/airflow/dags/dag_with_python_dependencies.py
[2024-03-30T22:16:49.822+0000] {logging_mixin.py:188} INFO - [2024-03-30T22:16:49.821+0000] {dag.py:3047} INFO - Sync 1 DAGs
[2024-03-30T22:16:49.951+0000] {logging_mixin.py:188} INFO - [2024-03-30T22:16:49.950+0000] {dag.py:3834} INFO - Setting next_dagrun for dag_with_python_dependencies_v03 to 2024-03-12 00:00:00+00:00, run_after=2024-03-13 00:00:00+00:00
[2024-03-30T22:16:50.034+0000] {processor.py:183} INFO - Processing /opt/airflow/dags/dag_with_python_dependencies.py took 0.478 seconds
[2024-03-30T22:17:20.596+0000] {processor.py:161} INFO - Started process (PID=18038) to work on /opt/airflow/dags/dag_with_python_dependencies.py
[2024-03-30T22:17:20.601+0000] {processor.py:830} INFO - Processing file /opt/airflow/dags/dag_with_python_dependencies.py for tasks to queue
[2024-03-30T22:17:20.607+0000] {logging_mixin.py:188} INFO - [2024-03-30T22:17:20.605+0000] {dagbag.py:540} INFO - Filling up the DagBag from /opt/airflow/dags/dag_with_python_dependencies.py
[2024-03-30T22:17:20.676+0000] {processor.py:840} INFO - DAG(s) 'dag_with_python_dependencies_v03' retrieved from /opt/airflow/dags/dag_with_python_dependencies.py
[2024-03-30T22:17:20.813+0000] {logging_mixin.py:188} INFO - [2024-03-30T22:17:20.812+0000] {dag.py:3047} INFO - Sync 1 DAGs
[2024-03-30T22:17:20.948+0000] {logging_mixin.py:188} INFO - [2024-03-30T22:17:20.947+0000] {dag.py:3834} INFO - Setting next_dagrun for dag_with_python_dependencies_v03 to 2024-03-12 00:00:00+00:00, run_after=2024-03-13 00:00:00+00:00
[2024-03-30T22:17:21.032+0000] {processor.py:183} INFO - Processing /opt/airflow/dags/dag_with_python_dependencies.py took 0.457 seconds
[2024-03-30T22:17:51.586+0000] {processor.py:161} INFO - Started process (PID=18089) to work on /opt/airflow/dags/dag_with_python_dependencies.py
[2024-03-30T22:17:51.592+0000] {processor.py:830} INFO - Processing file /opt/airflow/dags/dag_with_python_dependencies.py for tasks to queue
[2024-03-30T22:17:51.597+0000] {logging_mixin.py:188} INFO - [2024-03-30T22:17:51.595+0000] {dagbag.py:540} INFO - Filling up the DagBag from /opt/airflow/dags/dag_with_python_dependencies.py
[2024-03-30T22:17:51.671+0000] {processor.py:840} INFO - DAG(s) 'dag_with_python_dependencies_v03' retrieved from /opt/airflow/dags/dag_with_python_dependencies.py
[2024-03-30T22:17:51.842+0000] {logging_mixin.py:188} INFO - [2024-03-30T22:17:51.841+0000] {dag.py:3047} INFO - Sync 1 DAGs
[2024-03-30T22:17:51.996+0000] {logging_mixin.py:188} INFO - [2024-03-30T22:17:51.995+0000] {dag.py:3834} INFO - Setting next_dagrun for dag_with_python_dependencies_v03 to 2024-03-12 00:00:00+00:00, run_after=2024-03-13 00:00:00+00:00
[2024-03-30T22:17:52.091+0000] {processor.py:183} INFO - Processing /opt/airflow/dags/dag_with_python_dependencies.py took 0.526 seconds
[2024-03-30T22:18:22.745+0000] {processor.py:161} INFO - Started process (PID=18141) to work on /opt/airflow/dags/dag_with_python_dependencies.py
[2024-03-30T22:18:22.751+0000] {processor.py:830} INFO - Processing file /opt/airflow/dags/dag_with_python_dependencies.py for tasks to queue
[2024-03-30T22:18:22.758+0000] {logging_mixin.py:188} INFO - [2024-03-30T22:18:22.755+0000] {dagbag.py:540} INFO - Filling up the DagBag from /opt/airflow/dags/dag_with_python_dependencies.py
[2024-03-30T22:18:22.835+0000] {processor.py:840} INFO - DAG(s) 'dag_with_python_dependencies_v03' retrieved from /opt/airflow/dags/dag_with_python_dependencies.py
[2024-03-30T22:18:22.980+0000] {logging_mixin.py:188} INFO - [2024-03-30T22:18:22.979+0000] {dag.py:3047} INFO - Sync 1 DAGs
[2024-03-30T22:18:23.094+0000] {logging_mixin.py:188} INFO - [2024-03-30T22:18:23.093+0000] {dag.py:3834} INFO - Setting next_dagrun for dag_with_python_dependencies_v03 to 2024-03-12 00:00:00+00:00, run_after=2024-03-13 00:00:00+00:00
[2024-03-30T22:18:23.176+0000] {processor.py:183} INFO - Processing /opt/airflow/dags/dag_with_python_dependencies.py took 0.453 seconds
[2024-03-30T22:18:53.425+0000] {processor.py:161} INFO - Started process (PID=18192) to work on /opt/airflow/dags/dag_with_python_dependencies.py
[2024-03-30T22:18:53.430+0000] {processor.py:830} INFO - Processing file /opt/airflow/dags/dag_with_python_dependencies.py for tasks to queue
[2024-03-30T22:18:53.436+0000] {logging_mixin.py:188} INFO - [2024-03-30T22:18:53.434+0000] {dagbag.py:540} INFO - Filling up the DagBag from /opt/airflow/dags/dag_with_python_dependencies.py
[2024-03-30T22:18:53.500+0000] {processor.py:840} INFO - DAG(s) 'dag_with_python_dependencies_v03' retrieved from /opt/airflow/dags/dag_with_python_dependencies.py
[2024-03-30T22:18:53.638+0000] {logging_mixin.py:188} INFO - [2024-03-30T22:18:53.637+0000] {dag.py:3047} INFO - Sync 1 DAGs
[2024-03-30T22:18:53.752+0000] {logging_mixin.py:188} INFO - [2024-03-30T22:18:53.751+0000] {dag.py:3834} INFO - Setting next_dagrun for dag_with_python_dependencies_v03 to 2024-03-12 00:00:00+00:00, run_after=2024-03-13 00:00:00+00:00
[2024-03-30T22:18:53.850+0000] {processor.py:183} INFO - Processing /opt/airflow/dags/dag_with_python_dependencies.py took 0.445 seconds
[2024-03-30T22:19:24.497+0000] {processor.py:161} INFO - Started process (PID=18243) to work on /opt/airflow/dags/dag_with_python_dependencies.py
[2024-03-30T22:19:24.502+0000] {processor.py:830} INFO - Processing file /opt/airflow/dags/dag_with_python_dependencies.py for tasks to queue
[2024-03-30T22:19:24.507+0000] {logging_mixin.py:188} INFO - [2024-03-30T22:19:24.505+0000] {dagbag.py:540} INFO - Filling up the DagBag from /opt/airflow/dags/dag_with_python_dependencies.py
[2024-03-30T22:19:24.569+0000] {processor.py:840} INFO - DAG(s) 'dag_with_python_dependencies_v03' retrieved from /opt/airflow/dags/dag_with_python_dependencies.py
[2024-03-30T22:19:24.701+0000] {logging_mixin.py:188} INFO - [2024-03-30T22:19:24.700+0000] {dag.py:3047} INFO - Sync 1 DAGs
[2024-03-30T22:19:24.827+0000] {logging_mixin.py:188} INFO - [2024-03-30T22:19:24.826+0000] {dag.py:3834} INFO - Setting next_dagrun for dag_with_python_dependencies_v03 to 2024-03-12 00:00:00+00:00, run_after=2024-03-13 00:00:00+00:00
[2024-03-30T22:19:24.933+0000] {processor.py:183} INFO - Processing /opt/airflow/dags/dag_with_python_dependencies.py took 0.457 seconds
[2024-03-30T22:19:55.428+0000] {processor.py:161} INFO - Started process (PID=18295) to work on /opt/airflow/dags/dag_with_python_dependencies.py
[2024-03-30T22:19:55.433+0000] {processor.py:830} INFO - Processing file /opt/airflow/dags/dag_with_python_dependencies.py for tasks to queue
[2024-03-30T22:19:55.439+0000] {logging_mixin.py:188} INFO - [2024-03-30T22:19:55.437+0000] {dagbag.py:540} INFO - Filling up the DagBag from /opt/airflow/dags/dag_with_python_dependencies.py
[2024-03-30T22:19:55.511+0000] {processor.py:840} INFO - DAG(s) 'dag_with_python_dependencies_v03' retrieved from /opt/airflow/dags/dag_with_python_dependencies.py
[2024-03-30T22:19:55.661+0000] {logging_mixin.py:188} INFO - [2024-03-30T22:19:55.660+0000] {dag.py:3047} INFO - Sync 1 DAGs
[2024-03-30T22:19:55.828+0000] {logging_mixin.py:188} INFO - [2024-03-30T22:19:55.827+0000] {dag.py:3834} INFO - Setting next_dagrun for dag_with_python_dependencies_v03 to 2024-03-12 00:00:00+00:00, run_after=2024-03-13 00:00:00+00:00
[2024-03-30T22:19:55.930+0000] {processor.py:183} INFO - Processing /opt/airflow/dags/dag_with_python_dependencies.py took 0.521 seconds
