[2024-03-30T22:05:24.186+0000] {processor.py:161} INFO - Started process (PID=16839) to work on /opt/airflow/dags/dag_with_catchup_and_backfill.py
[2024-03-30T22:05:24.196+0000] {processor.py:830} INFO - Processing file /opt/airflow/dags/dag_with_catchup_and_backfill.py for tasks to queue
[2024-03-30T22:05:24.215+0000] {logging_mixin.py:188} INFO - [2024-03-30T22:05:24.212+0000] {dagbag.py:540} INFO - Filling up the DagBag from /opt/airflow/dags/dag_with_catchup_and_backfill.py
[2024-03-30T22:05:24.473+0000] {processor.py:840} INFO - DAG(s) 'dag_with_catchup_backfill_v03' retrieved from /opt/airflow/dags/dag_with_catchup_and_backfill.py
[2024-03-30T22:05:24.708+0000] {logging_mixin.py:188} INFO - [2024-03-30T22:05:24.707+0000] {dag.py:3047} INFO - Sync 1 DAGs
[2024-03-30T22:05:25.189+0000] {logging_mixin.py:188} INFO - [2024-03-30T22:05:25.188+0000] {dag.py:3834} INFO - Setting next_dagrun for dag_with_catchup_backfill_v03 to 2024-03-29 00:00:00+00:00, run_after=2024-03-30 00:00:00+00:00
[2024-03-30T22:05:25.545+0000] {processor.py:183} INFO - Processing /opt/airflow/dags/dag_with_catchup_and_backfill.py took 1.434 seconds
[2024-03-30T22:05:56.664+0000] {processor.py:161} INFO - Started process (PID=16896) to work on /opt/airflow/dags/dag_with_catchup_and_backfill.py
[2024-03-30T22:05:56.669+0000] {processor.py:830} INFO - Processing file /opt/airflow/dags/dag_with_catchup_and_backfill.py for tasks to queue
[2024-03-30T22:05:56.675+0000] {logging_mixin.py:188} INFO - [2024-03-30T22:05:56.673+0000] {dagbag.py:540} INFO - Filling up the DagBag from /opt/airflow/dags/dag_with_catchup_and_backfill.py
[2024-03-30T22:05:56.738+0000] {processor.py:840} INFO - DAG(s) 'dag_with_catchup_backfill_v03' retrieved from /opt/airflow/dags/dag_with_catchup_and_backfill.py
[2024-03-30T22:05:56.864+0000] {logging_mixin.py:188} INFO - [2024-03-30T22:05:56.863+0000] {dag.py:3047} INFO - Sync 1 DAGs
[2024-03-30T22:05:56.970+0000] {logging_mixin.py:188} INFO - [2024-03-30T22:05:56.969+0000] {dag.py:3834} INFO - Setting next_dagrun for dag_with_catchup_backfill_v03 to 2024-03-29 00:00:00+00:00, run_after=2024-03-30 00:00:00+00:00
[2024-03-30T22:05:57.057+0000] {processor.py:183} INFO - Processing /opt/airflow/dags/dag_with_catchup_and_backfill.py took 0.413 seconds
[2024-03-30T22:06:27.938+0000] {processor.py:161} INFO - Started process (PID=16947) to work on /opt/airflow/dags/dag_with_catchup_and_backfill.py
[2024-03-30T22:06:27.947+0000] {processor.py:830} INFO - Processing file /opt/airflow/dags/dag_with_catchup_and_backfill.py for tasks to queue
[2024-03-30T22:06:27.954+0000] {logging_mixin.py:188} INFO - [2024-03-30T22:06:27.952+0000] {dagbag.py:540} INFO - Filling up the DagBag from /opt/airflow/dags/dag_with_catchup_and_backfill.py
[2024-03-30T22:06:28.036+0000] {processor.py:840} INFO - DAG(s) 'dag_with_catchup_backfill_v03' retrieved from /opt/airflow/dags/dag_with_catchup_and_backfill.py
[2024-03-30T22:06:28.267+0000] {logging_mixin.py:188} INFO - [2024-03-30T22:06:28.266+0000] {dag.py:3047} INFO - Sync 1 DAGs
[2024-03-30T22:06:28.464+0000] {logging_mixin.py:188} INFO - [2024-03-30T22:06:28.462+0000] {dag.py:3834} INFO - Setting next_dagrun for dag_with_catchup_backfill_v03 to 2024-03-29 00:00:00+00:00, run_after=2024-03-30 00:00:00+00:00
[2024-03-30T22:06:28.641+0000] {processor.py:183} INFO - Processing /opt/airflow/dags/dag_with_catchup_and_backfill.py took 0.735 seconds
[2024-03-30T22:06:59.011+0000] {processor.py:161} INFO - Started process (PID=17000) to work on /opt/airflow/dags/dag_with_catchup_and_backfill.py
[2024-03-30T22:06:59.020+0000] {processor.py:830} INFO - Processing file /opt/airflow/dags/dag_with_catchup_and_backfill.py for tasks to queue
[2024-03-30T22:06:59.026+0000] {logging_mixin.py:188} INFO - [2024-03-30T22:06:59.023+0000] {dagbag.py:540} INFO - Filling up the DagBag from /opt/airflow/dags/dag_with_catchup_and_backfill.py
[2024-03-30T22:06:59.109+0000] {processor.py:840} INFO - DAG(s) 'dag_with_catchup_backfill_v03' retrieved from /opt/airflow/dags/dag_with_catchup_and_backfill.py
[2024-03-30T22:06:59.249+0000] {logging_mixin.py:188} INFO - [2024-03-30T22:06:59.248+0000] {dag.py:3047} INFO - Sync 1 DAGs
[2024-03-30T22:06:59.374+0000] {logging_mixin.py:188} INFO - [2024-03-30T22:06:59.372+0000] {dag.py:3834} INFO - Setting next_dagrun for dag_with_catchup_backfill_v03 to 2024-03-29 00:00:00+00:00, run_after=2024-03-30 00:00:00+00:00
[2024-03-30T22:06:59.460+0000] {processor.py:183} INFO - Processing /opt/airflow/dags/dag_with_catchup_and_backfill.py took 0.472 seconds
[2024-03-30T22:07:30.101+0000] {processor.py:161} INFO - Started process (PID=17051) to work on /opt/airflow/dags/dag_with_catchup_and_backfill.py
[2024-03-30T22:07:30.106+0000] {processor.py:830} INFO - Processing file /opt/airflow/dags/dag_with_catchup_and_backfill.py for tasks to queue
[2024-03-30T22:07:30.111+0000] {logging_mixin.py:188} INFO - [2024-03-30T22:07:30.110+0000] {dagbag.py:540} INFO - Filling up the DagBag from /opt/airflow/dags/dag_with_catchup_and_backfill.py
[2024-03-30T22:07:30.182+0000] {processor.py:840} INFO - DAG(s) 'dag_with_catchup_backfill_v03' retrieved from /opt/airflow/dags/dag_with_catchup_and_backfill.py
[2024-03-30T22:07:30.326+0000] {logging_mixin.py:188} INFO - [2024-03-30T22:07:30.324+0000] {dag.py:3047} INFO - Sync 1 DAGs
[2024-03-30T22:07:30.460+0000] {logging_mixin.py:188} INFO - [2024-03-30T22:07:30.458+0000] {dag.py:3834} INFO - Setting next_dagrun for dag_with_catchup_backfill_v03 to 2024-03-29 00:00:00+00:00, run_after=2024-03-30 00:00:00+00:00
[2024-03-30T22:07:30.567+0000] {processor.py:183} INFO - Processing /opt/airflow/dags/dag_with_catchup_and_backfill.py took 0.487 seconds
[2024-03-30T22:08:01.095+0000] {processor.py:161} INFO - Started process (PID=17102) to work on /opt/airflow/dags/dag_with_catchup_and_backfill.py
[2024-03-30T22:08:01.100+0000] {processor.py:830} INFO - Processing file /opt/airflow/dags/dag_with_catchup_and_backfill.py for tasks to queue
[2024-03-30T22:08:01.104+0000] {logging_mixin.py:188} INFO - [2024-03-30T22:08:01.103+0000] {dagbag.py:540} INFO - Filling up the DagBag from /opt/airflow/dags/dag_with_catchup_and_backfill.py
[2024-03-30T22:08:01.165+0000] {processor.py:840} INFO - DAG(s) 'dag_with_catchup_backfill_v03' retrieved from /opt/airflow/dags/dag_with_catchup_and_backfill.py
[2024-03-30T22:08:01.285+0000] {logging_mixin.py:188} INFO - [2024-03-30T22:08:01.284+0000] {dag.py:3047} INFO - Sync 1 DAGs
[2024-03-30T22:08:01.394+0000] {logging_mixin.py:188} INFO - [2024-03-30T22:08:01.393+0000] {dag.py:3834} INFO - Setting next_dagrun for dag_with_catchup_backfill_v03 to 2024-03-29 00:00:00+00:00, run_after=2024-03-30 00:00:00+00:00
[2024-03-30T22:08:01.477+0000] {processor.py:183} INFO - Processing /opt/airflow/dags/dag_with_catchup_and_backfill.py took 0.399 seconds
[2024-03-30T22:08:32.023+0000] {processor.py:161} INFO - Started process (PID=17154) to work on /opt/airflow/dags/dag_with_catchup_and_backfill.py
[2024-03-30T22:08:32.028+0000] {processor.py:830} INFO - Processing file /opt/airflow/dags/dag_with_catchup_and_backfill.py for tasks to queue
[2024-03-30T22:08:32.033+0000] {logging_mixin.py:188} INFO - [2024-03-30T22:08:32.031+0000] {dagbag.py:540} INFO - Filling up the DagBag from /opt/airflow/dags/dag_with_catchup_and_backfill.py
[2024-03-30T22:08:32.106+0000] {processor.py:840} INFO - DAG(s) 'dag_with_catchup_backfill_v03' retrieved from /opt/airflow/dags/dag_with_catchup_and_backfill.py
[2024-03-30T22:08:32.251+0000] {logging_mixin.py:188} INFO - [2024-03-30T22:08:32.250+0000] {dag.py:3047} INFO - Sync 1 DAGs
[2024-03-30T22:08:32.378+0000] {logging_mixin.py:188} INFO - [2024-03-30T22:08:32.377+0000] {dag.py:3834} INFO - Setting next_dagrun for dag_with_catchup_backfill_v03 to 2024-03-29 00:00:00+00:00, run_after=2024-03-30 00:00:00+00:00
[2024-03-30T22:08:32.472+0000] {processor.py:183} INFO - Processing /opt/airflow/dags/dag_with_catchup_and_backfill.py took 0.470 seconds
[2024-03-30T22:09:03.062+0000] {processor.py:161} INFO - Started process (PID=17205) to work on /opt/airflow/dags/dag_with_catchup_and_backfill.py
[2024-03-30T22:09:03.067+0000] {processor.py:830} INFO - Processing file /opt/airflow/dags/dag_with_catchup_and_backfill.py for tasks to queue
[2024-03-30T22:09:03.073+0000] {logging_mixin.py:188} INFO - [2024-03-30T22:09:03.071+0000] {dagbag.py:540} INFO - Filling up the DagBag from /opt/airflow/dags/dag_with_catchup_and_backfill.py
[2024-03-30T22:09:03.158+0000] {processor.py:840} INFO - DAG(s) 'dag_with_catchup_backfill_v03' retrieved from /opt/airflow/dags/dag_with_catchup_and_backfill.py
[2024-03-30T22:09:03.318+0000] {logging_mixin.py:188} INFO - [2024-03-30T22:09:03.316+0000] {dag.py:3047} INFO - Sync 1 DAGs
[2024-03-30T22:09:03.468+0000] {logging_mixin.py:188} INFO - [2024-03-30T22:09:03.467+0000] {dag.py:3834} INFO - Setting next_dagrun for dag_with_catchup_backfill_v03 to 2024-03-29 00:00:00+00:00, run_after=2024-03-30 00:00:00+00:00
[2024-03-30T22:09:03.553+0000] {processor.py:183} INFO - Processing /opt/airflow/dags/dag_with_catchup_and_backfill.py took 0.511 seconds
[2024-03-30T22:09:34.158+0000] {processor.py:161} INFO - Started process (PID=17256) to work on /opt/airflow/dags/dag_with_catchup_and_backfill.py
[2024-03-30T22:09:34.164+0000] {processor.py:830} INFO - Processing file /opt/airflow/dags/dag_with_catchup_and_backfill.py for tasks to queue
[2024-03-30T22:09:34.171+0000] {logging_mixin.py:188} INFO - [2024-03-30T22:09:34.168+0000] {dagbag.py:540} INFO - Filling up the DagBag from /opt/airflow/dags/dag_with_catchup_and_backfill.py
[2024-03-30T22:09:34.239+0000] {processor.py:840} INFO - DAG(s) 'dag_with_catchup_backfill_v03' retrieved from /opt/airflow/dags/dag_with_catchup_and_backfill.py
[2024-03-30T22:09:34.396+0000] {logging_mixin.py:188} INFO - [2024-03-30T22:09:34.394+0000] {dag.py:3047} INFO - Sync 1 DAGs
[2024-03-30T22:09:34.531+0000] {logging_mixin.py:188} INFO - [2024-03-30T22:09:34.529+0000] {dag.py:3834} INFO - Setting next_dagrun for dag_with_catchup_backfill_v03 to 2024-03-29 00:00:00+00:00, run_after=2024-03-30 00:00:00+00:00
[2024-03-30T22:09:34.634+0000] {processor.py:183} INFO - Processing /opt/airflow/dags/dag_with_catchup_and_backfill.py took 0.495 seconds
[2024-03-30T22:10:05.703+0000] {processor.py:161} INFO - Started process (PID=17307) to work on /opt/airflow/dags/dag_with_catchup_and_backfill.py
[2024-03-30T22:10:05.709+0000] {processor.py:830} INFO - Processing file /opt/airflow/dags/dag_with_catchup_and_backfill.py for tasks to queue
[2024-03-30T22:10:05.715+0000] {logging_mixin.py:188} INFO - [2024-03-30T22:10:05.713+0000] {dagbag.py:540} INFO - Filling up the DagBag from /opt/airflow/dags/dag_with_catchup_and_backfill.py
[2024-03-30T22:10:05.787+0000] {processor.py:840} INFO - DAG(s) 'dag_with_catchup_backfill_v03' retrieved from /opt/airflow/dags/dag_with_catchup_and_backfill.py
[2024-03-30T22:10:05.931+0000] {logging_mixin.py:188} INFO - [2024-03-30T22:10:05.930+0000] {dag.py:3047} INFO - Sync 1 DAGs
[2024-03-30T22:10:06.096+0000] {logging_mixin.py:188} INFO - [2024-03-30T22:10:06.094+0000] {dag.py:3834} INFO - Setting next_dagrun for dag_with_catchup_backfill_v03 to 2024-03-29 00:00:00+00:00, run_after=2024-03-30 00:00:00+00:00
[2024-03-30T22:10:06.185+0000] {processor.py:183} INFO - Processing /opt/airflow/dags/dag_with_catchup_and_backfill.py took 0.502 seconds
[2024-03-30T22:10:37.067+0000] {processor.py:161} INFO - Started process (PID=17358) to work on /opt/airflow/dags/dag_with_catchup_and_backfill.py
[2024-03-30T22:10:37.074+0000] {processor.py:830} INFO - Processing file /opt/airflow/dags/dag_with_catchup_and_backfill.py for tasks to queue
[2024-03-30T22:10:37.080+0000] {logging_mixin.py:188} INFO - [2024-03-30T22:10:37.078+0000] {dagbag.py:540} INFO - Filling up the DagBag from /opt/airflow/dags/dag_with_catchup_and_backfill.py
[2024-03-30T22:10:37.149+0000] {processor.py:840} INFO - DAG(s) 'dag_with_catchup_backfill_v03' retrieved from /opt/airflow/dags/dag_with_catchup_and_backfill.py
[2024-03-30T22:10:37.306+0000] {logging_mixin.py:188} INFO - [2024-03-30T22:10:37.304+0000] {dag.py:3047} INFO - Sync 1 DAGs
[2024-03-30T22:10:37.434+0000] {logging_mixin.py:188} INFO - [2024-03-30T22:10:37.433+0000] {dag.py:3834} INFO - Setting next_dagrun for dag_with_catchup_backfill_v03 to 2024-03-29 00:00:00+00:00, run_after=2024-03-30 00:00:00+00:00
[2024-03-30T22:10:37.526+0000] {processor.py:183} INFO - Processing /opt/airflow/dags/dag_with_catchup_and_backfill.py took 0.482 seconds
[2024-03-30T22:11:08.443+0000] {processor.py:161} INFO - Started process (PID=17415) to work on /opt/airflow/dags/dag_with_catchup_and_backfill.py
[2024-03-30T22:11:08.449+0000] {processor.py:830} INFO - Processing file /opt/airflow/dags/dag_with_catchup_and_backfill.py for tasks to queue
[2024-03-30T22:11:08.454+0000] {logging_mixin.py:188} INFO - [2024-03-30T22:11:08.452+0000] {dagbag.py:540} INFO - Filling up the DagBag from /opt/airflow/dags/dag_with_catchup_and_backfill.py
[2024-03-30T22:11:08.526+0000] {processor.py:840} INFO - DAG(s) 'dag_with_catchup_backfill_v03' retrieved from /opt/airflow/dags/dag_with_catchup_and_backfill.py
[2024-03-30T22:11:08.665+0000] {logging_mixin.py:188} INFO - [2024-03-30T22:11:08.663+0000] {dag.py:3047} INFO - Sync 1 DAGs
[2024-03-30T22:11:08.800+0000] {logging_mixin.py:188} INFO - [2024-03-30T22:11:08.798+0000] {dag.py:3834} INFO - Setting next_dagrun for dag_with_catchup_backfill_v03 to 2024-03-29 00:00:00+00:00, run_after=2024-03-30 00:00:00+00:00
[2024-03-30T22:11:08.903+0000] {processor.py:183} INFO - Processing /opt/airflow/dags/dag_with_catchup_and_backfill.py took 0.482 seconds
[2024-03-30T22:11:39.589+0000] {processor.py:161} INFO - Started process (PID=17466) to work on /opt/airflow/dags/dag_with_catchup_and_backfill.py
[2024-03-30T22:11:39.594+0000] {processor.py:830} INFO - Processing file /opt/airflow/dags/dag_with_catchup_and_backfill.py for tasks to queue
[2024-03-30T22:11:39.600+0000] {logging_mixin.py:188} INFO - [2024-03-30T22:11:39.598+0000] {dagbag.py:540} INFO - Filling up the DagBag from /opt/airflow/dags/dag_with_catchup_and_backfill.py
[2024-03-30T22:11:39.670+0000] {processor.py:840} INFO - DAG(s) 'dag_with_catchup_backfill_v03' retrieved from /opt/airflow/dags/dag_with_catchup_and_backfill.py
[2024-03-30T22:11:39.820+0000] {logging_mixin.py:188} INFO - [2024-03-30T22:11:39.819+0000] {dag.py:3047} INFO - Sync 1 DAGs
[2024-03-30T22:11:39.954+0000] {logging_mixin.py:188} INFO - [2024-03-30T22:11:39.953+0000] {dag.py:3834} INFO - Setting next_dagrun for dag_with_catchup_backfill_v03 to 2024-03-29 00:00:00+00:00, run_after=2024-03-30 00:00:00+00:00
[2024-03-30T22:11:40.060+0000] {processor.py:183} INFO - Processing /opt/airflow/dags/dag_with_catchup_and_backfill.py took 0.491 seconds
[2024-03-30T22:12:10.763+0000] {processor.py:161} INFO - Started process (PID=17518) to work on /opt/airflow/dags/dag_with_catchup_and_backfill.py
[2024-03-30T22:12:10.770+0000] {processor.py:830} INFO - Processing file /opt/airflow/dags/dag_with_catchup_and_backfill.py for tasks to queue
[2024-03-30T22:12:10.775+0000] {logging_mixin.py:188} INFO - [2024-03-30T22:12:10.773+0000] {dagbag.py:540} INFO - Filling up the DagBag from /opt/airflow/dags/dag_with_catchup_and_backfill.py
[2024-03-30T22:12:10.841+0000] {processor.py:840} INFO - DAG(s) 'dag_with_catchup_backfill_v03' retrieved from /opt/airflow/dags/dag_with_catchup_and_backfill.py
[2024-03-30T22:12:10.981+0000] {logging_mixin.py:188} INFO - [2024-03-30T22:12:10.979+0000] {dag.py:3047} INFO - Sync 1 DAGs
[2024-03-30T22:12:11.105+0000] {logging_mixin.py:188} INFO - [2024-03-30T22:12:11.104+0000] {dag.py:3834} INFO - Setting next_dagrun for dag_with_catchup_backfill_v03 to 2024-03-29 00:00:00+00:00, run_after=2024-03-30 00:00:00+00:00
[2024-03-30T22:12:11.209+0000] {processor.py:183} INFO - Processing /opt/airflow/dags/dag_with_catchup_and_backfill.py took 0.468 seconds
[2024-03-30T22:12:41.866+0000] {processor.py:161} INFO - Started process (PID=17569) to work on /opt/airflow/dags/dag_with_catchup_and_backfill.py
[2024-03-30T22:12:41.874+0000] {processor.py:830} INFO - Processing file /opt/airflow/dags/dag_with_catchup_and_backfill.py for tasks to queue
[2024-03-30T22:12:41.879+0000] {logging_mixin.py:188} INFO - [2024-03-30T22:12:41.877+0000] {dagbag.py:540} INFO - Filling up the DagBag from /opt/airflow/dags/dag_with_catchup_and_backfill.py
[2024-03-30T22:12:41.948+0000] {processor.py:840} INFO - DAG(s) 'dag_with_catchup_backfill_v03' retrieved from /opt/airflow/dags/dag_with_catchup_and_backfill.py
[2024-03-30T22:12:42.123+0000] {logging_mixin.py:188} INFO - [2024-03-30T22:12:42.121+0000] {dag.py:3047} INFO - Sync 1 DAGs
[2024-03-30T22:12:42.253+0000] {logging_mixin.py:188} INFO - [2024-03-30T22:12:42.252+0000] {dag.py:3834} INFO - Setting next_dagrun for dag_with_catchup_backfill_v03 to 2024-03-29 00:00:00+00:00, run_after=2024-03-30 00:00:00+00:00
[2024-03-30T22:12:42.338+0000] {processor.py:183} INFO - Processing /opt/airflow/dags/dag_with_catchup_and_backfill.py took 0.501 seconds
[2024-03-30T22:13:12.875+0000] {processor.py:161} INFO - Started process (PID=17620) to work on /opt/airflow/dags/dag_with_catchup_and_backfill.py
[2024-03-30T22:13:12.881+0000] {processor.py:830} INFO - Processing file /opt/airflow/dags/dag_with_catchup_and_backfill.py for tasks to queue
[2024-03-30T22:13:12.887+0000] {logging_mixin.py:188} INFO - [2024-03-30T22:13:12.885+0000] {dagbag.py:540} INFO - Filling up the DagBag from /opt/airflow/dags/dag_with_catchup_and_backfill.py
[2024-03-30T22:13:12.952+0000] {processor.py:840} INFO - DAG(s) 'dag_with_catchup_backfill_v03' retrieved from /opt/airflow/dags/dag_with_catchup_and_backfill.py
[2024-03-30T22:13:13.076+0000] {logging_mixin.py:188} INFO - [2024-03-30T22:13:13.075+0000] {dag.py:3047} INFO - Sync 1 DAGs
[2024-03-30T22:13:13.195+0000] {logging_mixin.py:188} INFO - [2024-03-30T22:13:13.194+0000] {dag.py:3834} INFO - Setting next_dagrun for dag_with_catchup_backfill_v03 to 2024-03-29 00:00:00+00:00, run_after=2024-03-30 00:00:00+00:00
[2024-03-30T22:13:13.281+0000] {processor.py:183} INFO - Processing /opt/airflow/dags/dag_with_catchup_and_backfill.py took 0.426 seconds
[2024-03-30T22:13:43.538+0000] {processor.py:161} INFO - Started process (PID=17671) to work on /opt/airflow/dags/dag_with_catchup_and_backfill.py
[2024-03-30T22:13:43.545+0000] {processor.py:830} INFO - Processing file /opt/airflow/dags/dag_with_catchup_and_backfill.py for tasks to queue
[2024-03-30T22:13:43.551+0000] {logging_mixin.py:188} INFO - [2024-03-30T22:13:43.549+0000] {dagbag.py:540} INFO - Filling up the DagBag from /opt/airflow/dags/dag_with_catchup_and_backfill.py
[2024-03-30T22:13:43.622+0000] {processor.py:840} INFO - DAG(s) 'dag_with_catchup_backfill_v03' retrieved from /opt/airflow/dags/dag_with_catchup_and_backfill.py
[2024-03-30T22:13:43.768+0000] {logging_mixin.py:188} INFO - [2024-03-30T22:13:43.767+0000] {dag.py:3047} INFO - Sync 1 DAGs
[2024-03-30T22:13:43.881+0000] {logging_mixin.py:188} INFO - [2024-03-30T22:13:43.880+0000] {dag.py:3834} INFO - Setting next_dagrun for dag_with_catchup_backfill_v03 to 2024-03-29 00:00:00+00:00, run_after=2024-03-30 00:00:00+00:00
[2024-03-30T22:13:43.971+0000] {processor.py:183} INFO - Processing /opt/airflow/dags/dag_with_catchup_and_backfill.py took 0.455 seconds
[2024-03-30T22:14:14.567+0000] {processor.py:161} INFO - Started process (PID=17722) to work on /opt/airflow/dags/dag_with_catchup_and_backfill.py
[2024-03-30T22:14:14.576+0000] {processor.py:830} INFO - Processing file /opt/airflow/dags/dag_with_catchup_and_backfill.py for tasks to queue
[2024-03-30T22:14:14.584+0000] {logging_mixin.py:188} INFO - [2024-03-30T22:14:14.581+0000] {dagbag.py:540} INFO - Filling up the DagBag from /opt/airflow/dags/dag_with_catchup_and_backfill.py
[2024-03-30T22:14:14.675+0000] {processor.py:840} INFO - DAG(s) 'dag_with_catchup_backfill_v03' retrieved from /opt/airflow/dags/dag_with_catchup_and_backfill.py
[2024-03-30T22:14:14.868+0000] {logging_mixin.py:188} INFO - [2024-03-30T22:14:14.866+0000] {dag.py:3047} INFO - Sync 1 DAGs
[2024-03-30T22:14:15.008+0000] {logging_mixin.py:188} INFO - [2024-03-30T22:14:15.006+0000] {dag.py:3834} INFO - Setting next_dagrun for dag_with_catchup_backfill_v03 to 2024-03-29 00:00:00+00:00, run_after=2024-03-30 00:00:00+00:00
[2024-03-30T22:14:15.118+0000] {processor.py:183} INFO - Processing /opt/airflow/dags/dag_with_catchup_and_backfill.py took 0.578 seconds
[2024-03-30T22:14:45.617+0000] {processor.py:161} INFO - Started process (PID=17773) to work on /opt/airflow/dags/dag_with_catchup_and_backfill.py
[2024-03-30T22:14:45.622+0000] {processor.py:830} INFO - Processing file /opt/airflow/dags/dag_with_catchup_and_backfill.py for tasks to queue
[2024-03-30T22:14:45.627+0000] {logging_mixin.py:188} INFO - [2024-03-30T22:14:45.625+0000] {dagbag.py:540} INFO - Filling up the DagBag from /opt/airflow/dags/dag_with_catchup_and_backfill.py
[2024-03-30T22:14:45.695+0000] {processor.py:840} INFO - DAG(s) 'dag_with_catchup_backfill_v03' retrieved from /opt/airflow/dags/dag_with_catchup_and_backfill.py
[2024-03-30T22:14:45.833+0000] {logging_mixin.py:188} INFO - [2024-03-30T22:14:45.832+0000] {dag.py:3047} INFO - Sync 1 DAGs
[2024-03-30T22:14:45.979+0000] {logging_mixin.py:188} INFO - [2024-03-30T22:14:45.977+0000] {dag.py:3834} INFO - Setting next_dagrun for dag_with_catchup_backfill_v03 to 2024-03-29 00:00:00+00:00, run_after=2024-03-30 00:00:00+00:00
[2024-03-30T22:14:46.095+0000] {processor.py:183} INFO - Processing /opt/airflow/dags/dag_with_catchup_and_backfill.py took 0.498 seconds
[2024-03-30T22:15:16.658+0000] {processor.py:161} INFO - Started process (PID=17824) to work on /opt/airflow/dags/dag_with_catchup_and_backfill.py
[2024-03-30T22:15:16.664+0000] {processor.py:830} INFO - Processing file /opt/airflow/dags/dag_with_catchup_and_backfill.py for tasks to queue
[2024-03-30T22:15:16.670+0000] {logging_mixin.py:188} INFO - [2024-03-30T22:15:16.668+0000] {dagbag.py:540} INFO - Filling up the DagBag from /opt/airflow/dags/dag_with_catchup_and_backfill.py
[2024-03-30T22:15:16.748+0000] {processor.py:840} INFO - DAG(s) 'dag_with_catchup_backfill_v03' retrieved from /opt/airflow/dags/dag_with_catchup_and_backfill.py
[2024-03-30T22:15:16.908+0000] {logging_mixin.py:188} INFO - [2024-03-30T22:15:16.906+0000] {dag.py:3047} INFO - Sync 1 DAGs
[2024-03-30T22:15:17.041+0000] {logging_mixin.py:188} INFO - [2024-03-30T22:15:17.040+0000] {dag.py:3834} INFO - Setting next_dagrun for dag_with_catchup_backfill_v03 to 2024-03-29 00:00:00+00:00, run_after=2024-03-30 00:00:00+00:00
[2024-03-30T22:15:17.146+0000] {processor.py:183} INFO - Processing /opt/airflow/dags/dag_with_catchup_and_backfill.py took 0.516 seconds
[2024-03-30T22:15:47.870+0000] {processor.py:161} INFO - Started process (PID=17875) to work on /opt/airflow/dags/dag_with_catchup_and_backfill.py
[2024-03-30T22:15:47.875+0000] {processor.py:830} INFO - Processing file /opt/airflow/dags/dag_with_catchup_and_backfill.py for tasks to queue
[2024-03-30T22:15:47.882+0000] {logging_mixin.py:188} INFO - [2024-03-30T22:15:47.880+0000] {dagbag.py:540} INFO - Filling up the DagBag from /opt/airflow/dags/dag_with_catchup_and_backfill.py
[2024-03-30T22:15:47.954+0000] {processor.py:840} INFO - DAG(s) 'dag_with_catchup_backfill_v03' retrieved from /opt/airflow/dags/dag_with_catchup_and_backfill.py
[2024-03-30T22:15:48.094+0000] {logging_mixin.py:188} INFO - [2024-03-30T22:15:48.093+0000] {dag.py:3047} INFO - Sync 1 DAGs
[2024-03-30T22:15:48.272+0000] {logging_mixin.py:188} INFO - [2024-03-30T22:15:48.271+0000] {dag.py:3834} INFO - Setting next_dagrun for dag_with_catchup_backfill_v03 to 2024-03-29 00:00:00+00:00, run_after=2024-03-30 00:00:00+00:00
[2024-03-30T22:15:48.386+0000] {processor.py:183} INFO - Processing /opt/airflow/dags/dag_with_catchup_and_backfill.py took 0.539 seconds
[2024-03-30T22:16:18.702+0000] {processor.py:161} INFO - Started process (PID=17932) to work on /opt/airflow/dags/dag_with_catchup_and_backfill.py
[2024-03-30T22:16:18.708+0000] {processor.py:830} INFO - Processing file /opt/airflow/dags/dag_with_catchup_and_backfill.py for tasks to queue
[2024-03-30T22:16:18.714+0000] {logging_mixin.py:188} INFO - [2024-03-30T22:16:18.712+0000] {dagbag.py:540} INFO - Filling up the DagBag from /opt/airflow/dags/dag_with_catchup_and_backfill.py
[2024-03-30T22:16:18.778+0000] {processor.py:840} INFO - DAG(s) 'dag_with_catchup_backfill_v03' retrieved from /opt/airflow/dags/dag_with_catchup_and_backfill.py
[2024-03-30T22:16:18.917+0000] {logging_mixin.py:188} INFO - [2024-03-30T22:16:18.916+0000] {dag.py:3047} INFO - Sync 1 DAGs
[2024-03-30T22:16:19.037+0000] {logging_mixin.py:188} INFO - [2024-03-30T22:16:19.036+0000] {dag.py:3834} INFO - Setting next_dagrun for dag_with_catchup_backfill_v03 to 2024-03-29 00:00:00+00:00, run_after=2024-03-30 00:00:00+00:00
[2024-03-30T22:16:19.130+0000] {processor.py:183} INFO - Processing /opt/airflow/dags/dag_with_catchup_and_backfill.py took 0.454 seconds
[2024-03-30T22:16:49.542+0000] {processor.py:161} INFO - Started process (PID=17984) to work on /opt/airflow/dags/dag_with_catchup_and_backfill.py
[2024-03-30T22:16:49.547+0000] {processor.py:830} INFO - Processing file /opt/airflow/dags/dag_with_catchup_and_backfill.py for tasks to queue
[2024-03-30T22:16:49.552+0000] {logging_mixin.py:188} INFO - [2024-03-30T22:16:49.550+0000] {dagbag.py:540} INFO - Filling up the DagBag from /opt/airflow/dags/dag_with_catchup_and_backfill.py
[2024-03-30T22:16:49.620+0000] {processor.py:840} INFO - DAG(s) 'dag_with_catchup_backfill_v03' retrieved from /opt/airflow/dags/dag_with_catchup_and_backfill.py
[2024-03-30T22:16:49.778+0000] {logging_mixin.py:188} INFO - [2024-03-30T22:16:49.776+0000] {dag.py:3047} INFO - Sync 1 DAGs
[2024-03-30T22:16:49.939+0000] {logging_mixin.py:188} INFO - [2024-03-30T22:16:49.938+0000] {dag.py:3834} INFO - Setting next_dagrun for dag_with_catchup_backfill_v03 to 2024-03-29 00:00:00+00:00, run_after=2024-03-30 00:00:00+00:00
[2024-03-30T22:16:50.023+0000] {processor.py:183} INFO - Processing /opt/airflow/dags/dag_with_catchup_and_backfill.py took 0.498 seconds
[2024-03-30T22:17:20.558+0000] {processor.py:161} INFO - Started process (PID=18035) to work on /opt/airflow/dags/dag_with_catchup_and_backfill.py
[2024-03-30T22:17:20.564+0000] {processor.py:830} INFO - Processing file /opt/airflow/dags/dag_with_catchup_and_backfill.py for tasks to queue
[2024-03-30T22:17:20.571+0000] {logging_mixin.py:188} INFO - [2024-03-30T22:17:20.568+0000] {dagbag.py:540} INFO - Filling up the DagBag from /opt/airflow/dags/dag_with_catchup_and_backfill.py
[2024-03-30T22:17:20.644+0000] {processor.py:840} INFO - DAG(s) 'dag_with_catchup_backfill_v03' retrieved from /opt/airflow/dags/dag_with_catchup_and_backfill.py
[2024-03-30T22:17:20.785+0000] {logging_mixin.py:188} INFO - [2024-03-30T22:17:20.784+0000] {dag.py:3047} INFO - Sync 1 DAGs
[2024-03-30T22:17:20.934+0000] {logging_mixin.py:188} INFO - [2024-03-30T22:17:20.933+0000] {dag.py:3834} INFO - Setting next_dagrun for dag_with_catchup_backfill_v03 to 2024-03-29 00:00:00+00:00, run_after=2024-03-30 00:00:00+00:00
[2024-03-30T22:17:21.026+0000] {processor.py:183} INFO - Processing /opt/airflow/dags/dag_with_catchup_and_backfill.py took 0.488 seconds
[2024-03-30T22:17:51.551+0000] {processor.py:161} INFO - Started process (PID=18086) to work on /opt/airflow/dags/dag_with_catchup_and_backfill.py
[2024-03-30T22:17:51.557+0000] {processor.py:830} INFO - Processing file /opt/airflow/dags/dag_with_catchup_and_backfill.py for tasks to queue
[2024-03-30T22:17:51.563+0000] {logging_mixin.py:188} INFO - [2024-03-30T22:17:51.561+0000] {dagbag.py:540} INFO - Filling up the DagBag from /opt/airflow/dags/dag_with_catchup_and_backfill.py
[2024-03-30T22:17:51.638+0000] {processor.py:840} INFO - DAG(s) 'dag_with_catchup_backfill_v03' retrieved from /opt/airflow/dags/dag_with_catchup_and_backfill.py
[2024-03-30T22:17:51.807+0000] {logging_mixin.py:188} INFO - [2024-03-30T22:17:51.806+0000] {dag.py:3047} INFO - Sync 1 DAGs
[2024-03-30T22:17:51.959+0000] {logging_mixin.py:188} INFO - [2024-03-30T22:17:51.958+0000] {dag.py:3834} INFO - Setting next_dagrun for dag_with_catchup_backfill_v03 to 2024-03-29 00:00:00+00:00, run_after=2024-03-30 00:00:00+00:00
[2024-03-30T22:17:52.060+0000] {processor.py:183} INFO - Processing /opt/airflow/dags/dag_with_catchup_and_backfill.py took 0.534 seconds
[2024-03-30T22:18:22.688+0000] {processor.py:161} INFO - Started process (PID=18138) to work on /opt/airflow/dags/dag_with_catchup_and_backfill.py
[2024-03-30T22:18:22.694+0000] {processor.py:830} INFO - Processing file /opt/airflow/dags/dag_with_catchup_and_backfill.py for tasks to queue
[2024-03-30T22:18:22.702+0000] {logging_mixin.py:188} INFO - [2024-03-30T22:18:22.700+0000] {dagbag.py:540} INFO - Filling up the DagBag from /opt/airflow/dags/dag_with_catchup_and_backfill.py
[2024-03-30T22:18:22.790+0000] {processor.py:840} INFO - DAG(s) 'dag_with_catchup_backfill_v03' retrieved from /opt/airflow/dags/dag_with_catchup_and_backfill.py
[2024-03-30T22:18:22.927+0000] {logging_mixin.py:188} INFO - [2024-03-30T22:18:22.926+0000] {dag.py:3047} INFO - Sync 1 DAGs
[2024-03-30T22:18:23.038+0000] {logging_mixin.py:188} INFO - [2024-03-30T22:18:23.037+0000] {dag.py:3834} INFO - Setting next_dagrun for dag_with_catchup_backfill_v03 to 2024-03-29 00:00:00+00:00, run_after=2024-03-30 00:00:00+00:00
[2024-03-30T22:18:23.125+0000] {processor.py:183} INFO - Processing /opt/airflow/dags/dag_with_catchup_and_backfill.py took 0.464 seconds
[2024-03-30T22:18:53.394+0000] {processor.py:161} INFO - Started process (PID=18189) to work on /opt/airflow/dags/dag_with_catchup_and_backfill.py
[2024-03-30T22:18:53.400+0000] {processor.py:830} INFO - Processing file /opt/airflow/dags/dag_with_catchup_and_backfill.py for tasks to queue
[2024-03-30T22:18:53.406+0000] {logging_mixin.py:188} INFO - [2024-03-30T22:18:53.404+0000] {dagbag.py:540} INFO - Filling up the DagBag from /opt/airflow/dags/dag_with_catchup_and_backfill.py
[2024-03-30T22:18:53.468+0000] {processor.py:840} INFO - DAG(s) 'dag_with_catchup_backfill_v03' retrieved from /opt/airflow/dags/dag_with_catchup_and_backfill.py
[2024-03-30T22:18:53.603+0000] {logging_mixin.py:188} INFO - [2024-03-30T22:18:53.602+0000] {dag.py:3047} INFO - Sync 1 DAGs
[2024-03-30T22:18:53.720+0000] {logging_mixin.py:188} INFO - [2024-03-30T22:18:53.719+0000] {dag.py:3834} INFO - Setting next_dagrun for dag_with_catchup_backfill_v03 to 2024-03-29 00:00:00+00:00, run_after=2024-03-30 00:00:00+00:00
[2024-03-30T22:18:53.815+0000] {processor.py:183} INFO - Processing /opt/airflow/dags/dag_with_catchup_and_backfill.py took 0.445 seconds
[2024-03-30T22:19:24.471+0000] {processor.py:161} INFO - Started process (PID=18240) to work on /opt/airflow/dags/dag_with_catchup_and_backfill.py
[2024-03-30T22:19:24.477+0000] {processor.py:830} INFO - Processing file /opt/airflow/dags/dag_with_catchup_and_backfill.py for tasks to queue
[2024-03-30T22:19:24.481+0000] {logging_mixin.py:188} INFO - [2024-03-30T22:19:24.480+0000] {dagbag.py:540} INFO - Filling up the DagBag from /opt/airflow/dags/dag_with_catchup_and_backfill.py
[2024-03-30T22:19:24.544+0000] {processor.py:840} INFO - DAG(s) 'dag_with_catchup_backfill_v03' retrieved from /opt/airflow/dags/dag_with_catchup_and_backfill.py
[2024-03-30T22:19:24.683+0000] {logging_mixin.py:188} INFO - [2024-03-30T22:19:24.681+0000] {dag.py:3047} INFO - Sync 1 DAGs
[2024-03-30T22:19:24.807+0000] {logging_mixin.py:188} INFO - [2024-03-30T22:19:24.806+0000] {dag.py:3834} INFO - Setting next_dagrun for dag_with_catchup_backfill_v03 to 2024-03-29 00:00:00+00:00, run_after=2024-03-30 00:00:00+00:00
[2024-03-30T22:19:24.911+0000] {processor.py:183} INFO - Processing /opt/airflow/dags/dag_with_catchup_and_backfill.py took 0.465 seconds
[2024-03-30T22:19:55.390+0000] {processor.py:161} INFO - Started process (PID=18292) to work on /opt/airflow/dags/dag_with_catchup_and_backfill.py
[2024-03-30T22:19:55.395+0000] {processor.py:830} INFO - Processing file /opt/airflow/dags/dag_with_catchup_and_backfill.py for tasks to queue
[2024-03-30T22:19:55.401+0000] {logging_mixin.py:188} INFO - [2024-03-30T22:19:55.399+0000] {dagbag.py:540} INFO - Filling up the DagBag from /opt/airflow/dags/dag_with_catchup_and_backfill.py
[2024-03-30T22:19:55.468+0000] {processor.py:840} INFO - DAG(s) 'dag_with_catchup_backfill_v03' retrieved from /opt/airflow/dags/dag_with_catchup_and_backfill.py
[2024-03-30T22:19:55.625+0000] {logging_mixin.py:188} INFO - [2024-03-30T22:19:55.623+0000] {dag.py:3047} INFO - Sync 1 DAGs
[2024-03-30T22:19:55.798+0000] {logging_mixin.py:188} INFO - [2024-03-30T22:19:55.797+0000] {dag.py:3834} INFO - Setting next_dagrun for dag_with_catchup_backfill_v03 to 2024-03-29 00:00:00+00:00, run_after=2024-03-30 00:00:00+00:00
[2024-03-30T22:19:55.900+0000] {processor.py:183} INFO - Processing /opt/airflow/dags/dag_with_catchup_and_backfill.py took 0.530 seconds
