[2024-03-30T22:05:29.918+0000] {processor.py:161} INFO - Started process (PID=16872) to work on /opt/airflow/dags/our_first_dag.py
[2024-03-30T22:05:29.925+0000] {processor.py:830} INFO - Processing file /opt/airflow/dags/our_first_dag.py for tasks to queue
[2024-03-30T22:05:29.932+0000] {logging_mixin.py:188} INFO - [2024-03-30T22:05:29.929+0000] {dagbag.py:540} INFO - Filling up the DagBag from /opt/airflow/dags/our_first_dag.py
[2024-03-30T22:05:30.023+0000] {processor.py:840} INFO - DAG(s) 'our_first_dag_v5' retrieved from /opt/airflow/dags/our_first_dag.py
[2024-03-30T22:05:30.254+0000] {logging_mixin.py:188} INFO - [2024-03-30T22:05:30.252+0000] {dag.py:3047} INFO - Sync 1 DAGs
[2024-03-30T22:05:30.458+0000] {logging_mixin.py:188} INFO - [2024-03-30T22:05:30.456+0000] {dag.py:3834} INFO - Setting next_dagrun for our_first_dag_v5 to 2023-01-16 00:00:00+00:00, run_after=2023-01-17 00:00:00+00:00
[2024-03-30T22:05:30.619+0000] {processor.py:183} INFO - Processing /opt/airflow/dags/our_first_dag.py took 0.730 seconds
[2024-03-30T22:06:01.341+0000] {processor.py:161} INFO - Started process (PID=16924) to work on /opt/airflow/dags/our_first_dag.py
[2024-03-30T22:06:01.347+0000] {processor.py:830} INFO - Processing file /opt/airflow/dags/our_first_dag.py for tasks to queue
[2024-03-30T22:06:01.351+0000] {logging_mixin.py:188} INFO - [2024-03-30T22:06:01.350+0000] {dagbag.py:540} INFO - Filling up the DagBag from /opt/airflow/dags/our_first_dag.py
[2024-03-30T22:06:01.413+0000] {processor.py:840} INFO - DAG(s) 'our_first_dag_v5' retrieved from /opt/airflow/dags/our_first_dag.py
[2024-03-30T22:06:01.529+0000] {logging_mixin.py:188} INFO - [2024-03-30T22:06:01.528+0000] {dag.py:3047} INFO - Sync 1 DAGs
[2024-03-30T22:06:01.638+0000] {logging_mixin.py:188} INFO - [2024-03-30T22:06:01.637+0000] {dag.py:3834} INFO - Setting next_dagrun for our_first_dag_v5 to 2023-01-16 00:00:00+00:00, run_after=2023-01-17 00:00:00+00:00
[2024-03-30T22:06:01.728+0000] {processor.py:183} INFO - Processing /opt/airflow/dags/our_first_dag.py took 0.412 seconds
[2024-03-30T22:06:32.086+0000] {processor.py:161} INFO - Started process (PID=16977) to work on /opt/airflow/dags/our_first_dag.py
[2024-03-30T22:06:32.091+0000] {processor.py:830} INFO - Processing file /opt/airflow/dags/our_first_dag.py for tasks to queue
[2024-03-30T22:06:32.096+0000] {logging_mixin.py:188} INFO - [2024-03-30T22:06:32.094+0000] {dagbag.py:540} INFO - Filling up the DagBag from /opt/airflow/dags/our_first_dag.py
[2024-03-30T22:06:32.167+0000] {processor.py:840} INFO - DAG(s) 'our_first_dag_v5' retrieved from /opt/airflow/dags/our_first_dag.py
[2024-03-30T22:06:32.303+0000] {logging_mixin.py:188} INFO - [2024-03-30T22:06:32.302+0000] {dag.py:3047} INFO - Sync 1 DAGs
[2024-03-30T22:06:32.424+0000] {logging_mixin.py:188} INFO - [2024-03-30T22:06:32.423+0000] {dag.py:3834} INFO - Setting next_dagrun for our_first_dag_v5 to 2023-01-16 00:00:00+00:00, run_after=2023-01-17 00:00:00+00:00
[2024-03-30T22:06:32.512+0000] {processor.py:183} INFO - Processing /opt/airflow/dags/our_first_dag.py took 0.446 seconds
[2024-03-30T22:07:02.734+0000] {processor.py:161} INFO - Started process (PID=17030) to work on /opt/airflow/dags/our_first_dag.py
[2024-03-30T22:07:02.739+0000] {processor.py:830} INFO - Processing file /opt/airflow/dags/our_first_dag.py for tasks to queue
[2024-03-30T22:07:02.744+0000] {logging_mixin.py:188} INFO - [2024-03-30T22:07:02.742+0000] {dagbag.py:540} INFO - Filling up the DagBag from /opt/airflow/dags/our_first_dag.py
[2024-03-30T22:07:02.813+0000] {processor.py:840} INFO - DAG(s) 'our_first_dag_v5' retrieved from /opt/airflow/dags/our_first_dag.py
[2024-03-30T22:07:02.954+0000] {logging_mixin.py:188} INFO - [2024-03-30T22:07:02.953+0000] {dag.py:3047} INFO - Sync 1 DAGs
[2024-03-30T22:07:03.059+0000] {logging_mixin.py:188} INFO - [2024-03-30T22:07:03.058+0000] {dag.py:3834} INFO - Setting next_dagrun for our_first_dag_v5 to 2023-01-16 00:00:00+00:00, run_after=2023-01-17 00:00:00+00:00
[2024-03-30T22:07:03.147+0000] {processor.py:183} INFO - Processing /opt/airflow/dags/our_first_dag.py took 0.430 seconds
[2024-03-30T22:07:33.780+0000] {processor.py:161} INFO - Started process (PID=17081) to work on /opt/airflow/dags/our_first_dag.py
[2024-03-30T22:07:33.784+0000] {processor.py:830} INFO - Processing file /opt/airflow/dags/our_first_dag.py for tasks to queue
[2024-03-30T22:07:33.789+0000] {logging_mixin.py:188} INFO - [2024-03-30T22:07:33.788+0000] {dagbag.py:540} INFO - Filling up the DagBag from /opt/airflow/dags/our_first_dag.py
[2024-03-30T22:07:33.852+0000] {processor.py:840} INFO - DAG(s) 'our_first_dag_v5' retrieved from /opt/airflow/dags/our_first_dag.py
[2024-03-30T22:07:33.979+0000] {logging_mixin.py:188} INFO - [2024-03-30T22:07:33.978+0000] {dag.py:3047} INFO - Sync 1 DAGs
[2024-03-30T22:07:34.095+0000] {logging_mixin.py:188} INFO - [2024-03-30T22:07:34.094+0000] {dag.py:3834} INFO - Setting next_dagrun for our_first_dag_v5 to 2023-01-16 00:00:00+00:00, run_after=2023-01-17 00:00:00+00:00
[2024-03-30T22:07:34.177+0000] {processor.py:183} INFO - Processing /opt/airflow/dags/our_first_dag.py took 0.418 seconds
[2024-03-30T22:08:04.650+0000] {processor.py:161} INFO - Started process (PID=17132) to work on /opt/airflow/dags/our_first_dag.py
[2024-03-30T22:08:04.655+0000] {processor.py:830} INFO - Processing file /opt/airflow/dags/our_first_dag.py for tasks to queue
[2024-03-30T22:08:04.660+0000] {logging_mixin.py:188} INFO - [2024-03-30T22:08:04.658+0000] {dagbag.py:540} INFO - Filling up the DagBag from /opt/airflow/dags/our_first_dag.py
[2024-03-30T22:08:04.722+0000] {processor.py:840} INFO - DAG(s) 'our_first_dag_v5' retrieved from /opt/airflow/dags/our_first_dag.py
[2024-03-30T22:08:04.851+0000] {logging_mixin.py:188} INFO - [2024-03-30T22:08:04.850+0000] {dag.py:3047} INFO - Sync 1 DAGs
[2024-03-30T22:08:04.959+0000] {logging_mixin.py:188} INFO - [2024-03-30T22:08:04.958+0000] {dag.py:3834} INFO - Setting next_dagrun for our_first_dag_v5 to 2023-01-16 00:00:00+00:00, run_after=2023-01-17 00:00:00+00:00
[2024-03-30T22:08:05.044+0000] {processor.py:183} INFO - Processing /opt/airflow/dags/our_first_dag.py took 0.408 seconds
[2024-03-30T22:08:35.644+0000] {processor.py:161} INFO - Started process (PID=17184) to work on /opt/airflow/dags/our_first_dag.py
[2024-03-30T22:08:35.650+0000] {processor.py:830} INFO - Processing file /opt/airflow/dags/our_first_dag.py for tasks to queue
[2024-03-30T22:08:35.655+0000] {logging_mixin.py:188} INFO - [2024-03-30T22:08:35.653+0000] {dagbag.py:540} INFO - Filling up the DagBag from /opt/airflow/dags/our_first_dag.py
[2024-03-30T22:08:35.728+0000] {processor.py:840} INFO - DAG(s) 'our_first_dag_v5' retrieved from /opt/airflow/dags/our_first_dag.py
[2024-03-30T22:08:35.879+0000] {logging_mixin.py:188} INFO - [2024-03-30T22:08:35.878+0000] {dag.py:3047} INFO - Sync 1 DAGs
[2024-03-30T22:08:35.989+0000] {logging_mixin.py:188} INFO - [2024-03-30T22:08:35.988+0000] {dag.py:3834} INFO - Setting next_dagrun for our_first_dag_v5 to 2023-01-16 00:00:00+00:00, run_after=2023-01-17 00:00:00+00:00
[2024-03-30T22:08:36.069+0000] {processor.py:183} INFO - Processing /opt/airflow/dags/our_first_dag.py took 0.447 seconds
[2024-03-30T22:09:06.258+0000] {processor.py:161} INFO - Started process (PID=17235) to work on /opt/airflow/dags/our_first_dag.py
[2024-03-30T22:09:06.263+0000] {processor.py:830} INFO - Processing file /opt/airflow/dags/our_first_dag.py for tasks to queue
[2024-03-30T22:09:06.268+0000] {logging_mixin.py:188} INFO - [2024-03-30T22:09:06.266+0000] {dagbag.py:540} INFO - Filling up the DagBag from /opt/airflow/dags/our_first_dag.py
[2024-03-30T22:09:06.329+0000] {processor.py:840} INFO - DAG(s) 'our_first_dag_v5' retrieved from /opt/airflow/dags/our_first_dag.py
[2024-03-30T22:09:06.450+0000] {logging_mixin.py:188} INFO - [2024-03-30T22:09:06.449+0000] {dag.py:3047} INFO - Sync 1 DAGs
[2024-03-30T22:09:06.546+0000] {logging_mixin.py:188} INFO - [2024-03-30T22:09:06.545+0000] {dag.py:3834} INFO - Setting next_dagrun for our_first_dag_v5 to 2023-01-16 00:00:00+00:00, run_after=2023-01-17 00:00:00+00:00
[2024-03-30T22:09:06.618+0000] {processor.py:183} INFO - Processing /opt/airflow/dags/our_first_dag.py took 0.378 seconds
[2024-03-30T22:09:36.902+0000] {processor.py:161} INFO - Started process (PID=17286) to work on /opt/airflow/dags/our_first_dag.py
[2024-03-30T22:09:36.907+0000] {processor.py:830} INFO - Processing file /opt/airflow/dags/our_first_dag.py for tasks to queue
[2024-03-30T22:09:36.911+0000] {logging_mixin.py:188} INFO - [2024-03-30T22:09:36.909+0000] {dagbag.py:540} INFO - Filling up the DagBag from /opt/airflow/dags/our_first_dag.py
[2024-03-30T22:09:36.972+0000] {processor.py:840} INFO - DAG(s) 'our_first_dag_v5' retrieved from /opt/airflow/dags/our_first_dag.py
[2024-03-30T22:09:37.104+0000] {logging_mixin.py:188} INFO - [2024-03-30T22:09:37.103+0000] {dag.py:3047} INFO - Sync 1 DAGs
[2024-03-30T22:09:37.214+0000] {logging_mixin.py:188} INFO - [2024-03-30T22:09:37.213+0000] {dag.py:3834} INFO - Setting next_dagrun for our_first_dag_v5 to 2023-01-16 00:00:00+00:00, run_after=2023-01-17 00:00:00+00:00
[2024-03-30T22:09:37.291+0000] {processor.py:183} INFO - Processing /opt/airflow/dags/our_first_dag.py took 0.406 seconds
[2024-03-30T22:10:07.629+0000] {processor.py:161} INFO - Started process (PID=17335) to work on /opt/airflow/dags/our_first_dag.py
[2024-03-30T22:10:07.635+0000] {processor.py:830} INFO - Processing file /opt/airflow/dags/our_first_dag.py for tasks to queue
[2024-03-30T22:10:07.640+0000] {logging_mixin.py:188} INFO - [2024-03-30T22:10:07.639+0000] {dagbag.py:540} INFO - Filling up the DagBag from /opt/airflow/dags/our_first_dag.py
[2024-03-30T22:10:07.705+0000] {processor.py:840} INFO - DAG(s) 'our_first_dag_v5' retrieved from /opt/airflow/dags/our_first_dag.py
[2024-03-30T22:10:07.831+0000] {logging_mixin.py:188} INFO - [2024-03-30T22:10:07.830+0000] {dag.py:3047} INFO - Sync 1 DAGs
[2024-03-30T22:10:07.950+0000] {logging_mixin.py:188} INFO - [2024-03-30T22:10:07.949+0000] {dag.py:3834} INFO - Setting next_dagrun for our_first_dag_v5 to 2023-01-16 00:00:00+00:00, run_after=2023-01-17 00:00:00+00:00
[2024-03-30T22:10:08.033+0000] {processor.py:183} INFO - Processing /opt/airflow/dags/our_first_dag.py took 0.430 seconds
[2024-03-30T22:10:38.844+0000] {processor.py:161} INFO - Started process (PID=17387) to work on /opt/airflow/dags/our_first_dag.py
[2024-03-30T22:10:38.866+0000] {processor.py:830} INFO - Processing file /opt/airflow/dags/our_first_dag.py for tasks to queue
[2024-03-30T22:10:38.873+0000] {logging_mixin.py:188} INFO - [2024-03-30T22:10:38.871+0000] {dagbag.py:540} INFO - Filling up the DagBag from /opt/airflow/dags/our_first_dag.py
[2024-03-30T22:10:38.979+0000] {processor.py:840} INFO - DAG(s) 'our_first_dag_v5' retrieved from /opt/airflow/dags/our_first_dag.py
[2024-03-30T22:10:39.154+0000] {logging_mixin.py:188} INFO - [2024-03-30T22:10:39.153+0000] {dag.py:3047} INFO - Sync 1 DAGs
[2024-03-30T22:10:39.319+0000] {logging_mixin.py:188} INFO - [2024-03-30T22:10:39.318+0000] {dag.py:3834} INFO - Setting next_dagrun for our_first_dag_v5 to 2023-01-16 00:00:00+00:00, run_after=2023-01-17 00:00:00+00:00
[2024-03-30T22:10:39.419+0000] {processor.py:183} INFO - Processing /opt/airflow/dags/our_first_dag.py took 0.629 seconds
[2024-03-30T22:11:10.251+0000] {processor.py:161} INFO - Started process (PID=17443) to work on /opt/airflow/dags/our_first_dag.py
[2024-03-30T22:11:10.256+0000] {processor.py:830} INFO - Processing file /opt/airflow/dags/our_first_dag.py for tasks to queue
[2024-03-30T22:11:10.262+0000] {logging_mixin.py:188} INFO - [2024-03-30T22:11:10.260+0000] {dagbag.py:540} INFO - Filling up the DagBag from /opt/airflow/dags/our_first_dag.py
[2024-03-30T22:11:10.327+0000] {processor.py:840} INFO - DAG(s) 'our_first_dag_v5' retrieved from /opt/airflow/dags/our_first_dag.py
[2024-03-30T22:11:10.455+0000] {logging_mixin.py:188} INFO - [2024-03-30T22:11:10.455+0000] {dag.py:3047} INFO - Sync 1 DAGs
[2024-03-30T22:11:10.590+0000] {logging_mixin.py:188} INFO - [2024-03-30T22:11:10.589+0000] {dag.py:3834} INFO - Setting next_dagrun for our_first_dag_v5 to 2023-01-16 00:00:00+00:00, run_after=2023-01-17 00:00:00+00:00
[2024-03-30T22:11:10.672+0000] {processor.py:183} INFO - Processing /opt/airflow/dags/our_first_dag.py took 0.442 seconds
[2024-03-30T22:11:41.383+0000] {processor.py:161} INFO - Started process (PID=17494) to work on /opt/airflow/dags/our_first_dag.py
[2024-03-30T22:11:41.389+0000] {processor.py:830} INFO - Processing file /opt/airflow/dags/our_first_dag.py for tasks to queue
[2024-03-30T22:11:41.395+0000] {logging_mixin.py:188} INFO - [2024-03-30T22:11:41.393+0000] {dagbag.py:540} INFO - Filling up the DagBag from /opt/airflow/dags/our_first_dag.py
[2024-03-30T22:11:41.459+0000] {processor.py:840} INFO - DAG(s) 'our_first_dag_v5' retrieved from /opt/airflow/dags/our_first_dag.py
[2024-03-30T22:11:41.592+0000] {logging_mixin.py:188} INFO - [2024-03-30T22:11:41.591+0000] {dag.py:3047} INFO - Sync 1 DAGs
[2024-03-30T22:11:41.708+0000] {logging_mixin.py:188} INFO - [2024-03-30T22:11:41.707+0000] {dag.py:3834} INFO - Setting next_dagrun for our_first_dag_v5 to 2023-01-16 00:00:00+00:00, run_after=2023-01-17 00:00:00+00:00
[2024-03-30T22:11:41.809+0000] {processor.py:183} INFO - Processing /opt/airflow/dags/our_first_dag.py took 0.445 seconds
[2024-03-30T22:12:12.838+0000] {processor.py:161} INFO - Started process (PID=17548) to work on /opt/airflow/dags/our_first_dag.py
[2024-03-30T22:12:12.842+0000] {processor.py:830} INFO - Processing file /opt/airflow/dags/our_first_dag.py for tasks to queue
[2024-03-30T22:12:12.846+0000] {logging_mixin.py:188} INFO - [2024-03-30T22:12:12.845+0000] {dagbag.py:540} INFO - Filling up the DagBag from /opt/airflow/dags/our_first_dag.py
[2024-03-30T22:12:12.908+0000] {processor.py:840} INFO - DAG(s) 'our_first_dag_v5' retrieved from /opt/airflow/dags/our_first_dag.py
[2024-03-30T22:12:13.028+0000] {logging_mixin.py:188} INFO - [2024-03-30T22:12:13.027+0000] {dag.py:3047} INFO - Sync 1 DAGs
[2024-03-30T22:12:13.140+0000] {logging_mixin.py:188} INFO - [2024-03-30T22:12:13.139+0000] {dag.py:3834} INFO - Setting next_dagrun for our_first_dag_v5 to 2023-01-16 00:00:00+00:00, run_after=2023-01-17 00:00:00+00:00
[2024-03-30T22:12:13.216+0000] {processor.py:183} INFO - Processing /opt/airflow/dags/our_first_dag.py took 0.393 seconds
[2024-03-30T22:12:43.540+0000] {processor.py:161} INFO - Started process (PID=17597) to work on /opt/airflow/dags/our_first_dag.py
[2024-03-30T22:12:43.545+0000] {processor.py:830} INFO - Processing file /opt/airflow/dags/our_first_dag.py for tasks to queue
[2024-03-30T22:12:43.552+0000] {logging_mixin.py:188} INFO - [2024-03-30T22:12:43.549+0000] {dagbag.py:540} INFO - Filling up the DagBag from /opt/airflow/dags/our_first_dag.py
[2024-03-30T22:12:43.616+0000] {processor.py:840} INFO - DAG(s) 'our_first_dag_v5' retrieved from /opt/airflow/dags/our_first_dag.py
[2024-03-30T22:12:43.743+0000] {logging_mixin.py:188} INFO - [2024-03-30T22:12:43.742+0000] {dag.py:3047} INFO - Sync 1 DAGs
[2024-03-30T22:12:43.868+0000] {logging_mixin.py:188} INFO - [2024-03-30T22:12:43.867+0000] {dag.py:3834} INFO - Setting next_dagrun for our_first_dag_v5 to 2023-01-16 00:00:00+00:00, run_after=2023-01-17 00:00:00+00:00
[2024-03-30T22:12:43.950+0000] {processor.py:183} INFO - Processing /opt/airflow/dags/our_first_dag.py took 0.428 seconds
[2024-03-30T22:13:14.510+0000] {processor.py:161} INFO - Started process (PID=17648) to work on /opt/airflow/dags/our_first_dag.py
[2024-03-30T22:13:14.520+0000] {processor.py:830} INFO - Processing file /opt/airflow/dags/our_first_dag.py for tasks to queue
[2024-03-30T22:13:14.527+0000] {logging_mixin.py:188} INFO - [2024-03-30T22:13:14.525+0000] {dagbag.py:540} INFO - Filling up the DagBag from /opt/airflow/dags/our_first_dag.py
[2024-03-30T22:13:14.593+0000] {processor.py:840} INFO - DAG(s) 'our_first_dag_v5' retrieved from /opt/airflow/dags/our_first_dag.py
[2024-03-30T22:13:14.705+0000] {logging_mixin.py:188} INFO - [2024-03-30T22:13:14.704+0000] {dag.py:3047} INFO - Sync 1 DAGs
[2024-03-30T22:13:14.830+0000] {logging_mixin.py:188} INFO - [2024-03-30T22:13:14.829+0000] {dag.py:3834} INFO - Setting next_dagrun for our_first_dag_v5 to 2023-01-16 00:00:00+00:00, run_after=2023-01-17 00:00:00+00:00
[2024-03-30T22:13:14.931+0000] {processor.py:183} INFO - Processing /opt/airflow/dags/our_first_dag.py took 0.447 seconds
[2024-03-30T22:13:45.653+0000] {processor.py:161} INFO - Started process (PID=17701) to work on /opt/airflow/dags/our_first_dag.py
[2024-03-30T22:13:45.658+0000] {processor.py:830} INFO - Processing file /opt/airflow/dags/our_first_dag.py for tasks to queue
[2024-03-30T22:13:45.663+0000] {logging_mixin.py:188} INFO - [2024-03-30T22:13:45.661+0000] {dagbag.py:540} INFO - Filling up the DagBag from /opt/airflow/dags/our_first_dag.py
[2024-03-30T22:13:45.722+0000] {processor.py:840} INFO - DAG(s) 'our_first_dag_v5' retrieved from /opt/airflow/dags/our_first_dag.py
[2024-03-30T22:13:45.839+0000] {logging_mixin.py:188} INFO - [2024-03-30T22:13:45.838+0000] {dag.py:3047} INFO - Sync 1 DAGs
[2024-03-30T22:13:45.934+0000] {logging_mixin.py:188} INFO - [2024-03-30T22:13:45.933+0000] {dag.py:3834} INFO - Setting next_dagrun for our_first_dag_v5 to 2023-01-16 00:00:00+00:00, run_after=2023-01-17 00:00:00+00:00
[2024-03-30T22:13:46.005+0000] {processor.py:183} INFO - Processing /opt/airflow/dags/our_first_dag.py took 0.370 seconds
[2024-03-30T22:14:16.644+0000] {processor.py:161} INFO - Started process (PID=17750) to work on /opt/airflow/dags/our_first_dag.py
[2024-03-30T22:14:16.650+0000] {processor.py:830} INFO - Processing file /opt/airflow/dags/our_first_dag.py for tasks to queue
[2024-03-30T22:14:16.655+0000] {logging_mixin.py:188} INFO - [2024-03-30T22:14:16.654+0000] {dagbag.py:540} INFO - Filling up the DagBag from /opt/airflow/dags/our_first_dag.py
[2024-03-30T22:14:16.758+0000] {processor.py:840} INFO - DAG(s) 'our_first_dag_v5' retrieved from /opt/airflow/dags/our_first_dag.py
[2024-03-30T22:14:16.920+0000] {logging_mixin.py:188} INFO - [2024-03-30T22:14:16.919+0000] {dag.py:3047} INFO - Sync 1 DAGs
[2024-03-30T22:14:17.062+0000] {logging_mixin.py:188} INFO - [2024-03-30T22:14:17.061+0000] {dag.py:3834} INFO - Setting next_dagrun for our_first_dag_v5 to 2023-01-16 00:00:00+00:00, run_after=2023-01-17 00:00:00+00:00
[2024-03-30T22:14:17.150+0000] {processor.py:183} INFO - Processing /opt/airflow/dags/our_first_dag.py took 0.530 seconds
[2024-03-30T22:14:47.375+0000] {processor.py:161} INFO - Started process (PID=17801) to work on /opt/airflow/dags/our_first_dag.py
[2024-03-30T22:14:47.379+0000] {processor.py:830} INFO - Processing file /opt/airflow/dags/our_first_dag.py for tasks to queue
[2024-03-30T22:14:47.384+0000] {logging_mixin.py:188} INFO - [2024-03-30T22:14:47.382+0000] {dagbag.py:540} INFO - Filling up the DagBag from /opt/airflow/dags/our_first_dag.py
[2024-03-30T22:14:47.448+0000] {processor.py:840} INFO - DAG(s) 'our_first_dag_v5' retrieved from /opt/airflow/dags/our_first_dag.py
[2024-03-30T22:14:47.575+0000] {logging_mixin.py:188} INFO - [2024-03-30T22:14:47.574+0000] {dag.py:3047} INFO - Sync 1 DAGs
[2024-03-30T22:14:47.686+0000] {logging_mixin.py:188} INFO - [2024-03-30T22:14:47.685+0000] {dag.py:3834} INFO - Setting next_dagrun for our_first_dag_v5 to 2023-01-16 00:00:00+00:00, run_after=2023-01-17 00:00:00+00:00
[2024-03-30T22:14:47.771+0000] {processor.py:183} INFO - Processing /opt/airflow/dags/our_first_dag.py took 0.414 seconds
[2024-03-30T22:15:18.385+0000] {processor.py:161} INFO - Started process (PID=17852) to work on /opt/airflow/dags/our_first_dag.py
[2024-03-30T22:15:18.391+0000] {processor.py:830} INFO - Processing file /opt/airflow/dags/our_first_dag.py for tasks to queue
[2024-03-30T22:15:18.397+0000] {logging_mixin.py:188} INFO - [2024-03-30T22:15:18.395+0000] {dagbag.py:540} INFO - Filling up the DagBag from /opt/airflow/dags/our_first_dag.py
[2024-03-30T22:15:18.474+0000] {processor.py:840} INFO - DAG(s) 'our_first_dag_v5' retrieved from /opt/airflow/dags/our_first_dag.py
[2024-03-30T22:15:18.604+0000] {logging_mixin.py:188} INFO - [2024-03-30T22:15:18.604+0000] {dag.py:3047} INFO - Sync 1 DAGs
[2024-03-30T22:15:18.716+0000] {logging_mixin.py:188} INFO - [2024-03-30T22:15:18.715+0000] {dag.py:3834} INFO - Setting next_dagrun for our_first_dag_v5 to 2023-01-16 00:00:00+00:00, run_after=2023-01-17 00:00:00+00:00
[2024-03-30T22:15:18.804+0000] {processor.py:183} INFO - Processing /opt/airflow/dags/our_first_dag.py took 0.447 seconds
[2024-03-30T22:15:49.736+0000] {processor.py:161} INFO - Started process (PID=17903) to work on /opt/airflow/dags/our_first_dag.py
[2024-03-30T22:15:49.742+0000] {processor.py:830} INFO - Processing file /opt/airflow/dags/our_first_dag.py for tasks to queue
[2024-03-30T22:15:49.747+0000] {logging_mixin.py:188} INFO - [2024-03-30T22:15:49.745+0000] {dagbag.py:540} INFO - Filling up the DagBag from /opt/airflow/dags/our_first_dag.py
[2024-03-30T22:15:49.854+0000] {processor.py:840} INFO - DAG(s) 'our_first_dag_v5' retrieved from /opt/airflow/dags/our_first_dag.py
[2024-03-30T22:15:49.990+0000] {logging_mixin.py:188} INFO - [2024-03-30T22:15:49.989+0000] {dag.py:3047} INFO - Sync 1 DAGs
[2024-03-30T22:15:50.103+0000] {logging_mixin.py:188} INFO - [2024-03-30T22:15:50.102+0000] {dag.py:3834} INFO - Setting next_dagrun for our_first_dag_v5 to 2023-01-16 00:00:00+00:00, run_after=2023-01-17 00:00:00+00:00
[2024-03-30T22:15:50.194+0000] {processor.py:183} INFO - Processing /opt/airflow/dags/our_first_dag.py took 0.491 seconds
[2024-03-30T22:16:20.762+0000] {processor.py:161} INFO - Started process (PID=17962) to work on /opt/airflow/dags/our_first_dag.py
[2024-03-30T22:16:20.767+0000] {processor.py:830} INFO - Processing file /opt/airflow/dags/our_first_dag.py for tasks to queue
[2024-03-30T22:16:20.772+0000] {logging_mixin.py:188} INFO - [2024-03-30T22:16:20.770+0000] {dagbag.py:540} INFO - Filling up the DagBag from /opt/airflow/dags/our_first_dag.py
[2024-03-30T22:16:20.831+0000] {processor.py:840} INFO - DAG(s) 'our_first_dag_v5' retrieved from /opt/airflow/dags/our_first_dag.py
[2024-03-30T22:16:20.951+0000] {logging_mixin.py:188} INFO - [2024-03-30T22:16:20.950+0000] {dag.py:3047} INFO - Sync 1 DAGs
[2024-03-30T22:16:21.061+0000] {logging_mixin.py:188} INFO - [2024-03-30T22:16:21.060+0000] {dag.py:3834} INFO - Setting next_dagrun for our_first_dag_v5 to 2023-01-16 00:00:00+00:00, run_after=2023-01-17 00:00:00+00:00
[2024-03-30T22:16:21.146+0000] {processor.py:183} INFO - Processing /opt/airflow/dags/our_first_dag.py took 0.403 seconds
[2024-03-30T22:16:51.661+0000] {processor.py:161} INFO - Started process (PID=18014) to work on /opt/airflow/dags/our_first_dag.py
[2024-03-30T22:16:51.667+0000] {processor.py:830} INFO - Processing file /opt/airflow/dags/our_first_dag.py for tasks to queue
[2024-03-30T22:16:51.671+0000] {logging_mixin.py:188} INFO - [2024-03-30T22:16:51.670+0000] {dagbag.py:540} INFO - Filling up the DagBag from /opt/airflow/dags/our_first_dag.py
[2024-03-30T22:16:51.728+0000] {processor.py:840} INFO - DAG(s) 'our_first_dag_v5' retrieved from /opt/airflow/dags/our_first_dag.py
[2024-03-30T22:16:51.848+0000] {logging_mixin.py:188} INFO - [2024-03-30T22:16:51.847+0000] {dag.py:3047} INFO - Sync 1 DAGs
[2024-03-30T22:16:51.934+0000] {logging_mixin.py:188} INFO - [2024-03-30T22:16:51.933+0000] {dag.py:3834} INFO - Setting next_dagrun for our_first_dag_v5 to 2023-01-16 00:00:00+00:00, run_after=2023-01-17 00:00:00+00:00
[2024-03-30T22:16:52.003+0000] {processor.py:183} INFO - Processing /opt/airflow/dags/our_first_dag.py took 0.359 seconds
[2024-03-30T22:17:22.678+0000] {processor.py:161} INFO - Started process (PID=18063) to work on /opt/airflow/dags/our_first_dag.py
[2024-03-30T22:17:22.683+0000] {processor.py:830} INFO - Processing file /opt/airflow/dags/our_first_dag.py for tasks to queue
[2024-03-30T22:17:22.687+0000] {logging_mixin.py:188} INFO - [2024-03-30T22:17:22.686+0000] {dagbag.py:540} INFO - Filling up the DagBag from /opt/airflow/dags/our_first_dag.py
[2024-03-30T22:17:22.746+0000] {processor.py:840} INFO - DAG(s) 'our_first_dag_v5' retrieved from /opt/airflow/dags/our_first_dag.py
[2024-03-30T22:17:22.870+0000] {logging_mixin.py:188} INFO - [2024-03-30T22:17:22.869+0000] {dag.py:3047} INFO - Sync 1 DAGs
[2024-03-30T22:17:22.992+0000] {logging_mixin.py:188} INFO - [2024-03-30T22:17:22.991+0000] {dag.py:3834} INFO - Setting next_dagrun for our_first_dag_v5 to 2023-01-16 00:00:00+00:00, run_after=2023-01-17 00:00:00+00:00
[2024-03-30T22:17:23.074+0000] {processor.py:183} INFO - Processing /opt/airflow/dags/our_first_dag.py took 0.415 seconds
[2024-03-30T22:17:53.237+0000] {processor.py:161} INFO - Started process (PID=18114) to work on /opt/airflow/dags/our_first_dag.py
[2024-03-30T22:17:53.242+0000] {processor.py:830} INFO - Processing file /opt/airflow/dags/our_first_dag.py for tasks to queue
[2024-03-30T22:17:53.247+0000] {logging_mixin.py:188} INFO - [2024-03-30T22:17:53.245+0000] {dagbag.py:540} INFO - Filling up the DagBag from /opt/airflow/dags/our_first_dag.py
[2024-03-30T22:17:53.311+0000] {processor.py:840} INFO - DAG(s) 'our_first_dag_v5' retrieved from /opt/airflow/dags/our_first_dag.py
[2024-03-30T22:17:53.444+0000] {logging_mixin.py:188} INFO - [2024-03-30T22:17:53.442+0000] {dag.py:3047} INFO - Sync 1 DAGs
[2024-03-30T22:17:53.571+0000] {logging_mixin.py:188} INFO - [2024-03-30T22:17:53.570+0000] {dag.py:3834} INFO - Setting next_dagrun for our_first_dag_v5 to 2023-01-16 00:00:00+00:00, run_after=2023-01-17 00:00:00+00:00
[2024-03-30T22:17:53.657+0000] {processor.py:183} INFO - Processing /opt/airflow/dags/our_first_dag.py took 0.437 seconds
[2024-03-30T22:18:24.529+0000] {processor.py:161} INFO - Started process (PID=18166) to work on /opt/airflow/dags/our_first_dag.py
[2024-03-30T22:18:24.534+0000] {processor.py:830} INFO - Processing file /opt/airflow/dags/our_first_dag.py for tasks to queue
[2024-03-30T22:18:24.539+0000] {logging_mixin.py:188} INFO - [2024-03-30T22:18:24.537+0000] {dagbag.py:540} INFO - Filling up the DagBag from /opt/airflow/dags/our_first_dag.py
[2024-03-30T22:18:24.605+0000] {processor.py:840} INFO - DAG(s) 'our_first_dag_v5' retrieved from /opt/airflow/dags/our_first_dag.py
[2024-03-30T22:18:24.726+0000] {logging_mixin.py:188} INFO - [2024-03-30T22:18:24.725+0000] {dag.py:3047} INFO - Sync 1 DAGs
[2024-03-30T22:18:24.839+0000] {logging_mixin.py:188} INFO - [2024-03-30T22:18:24.838+0000] {dag.py:3834} INFO - Setting next_dagrun for our_first_dag_v5 to 2023-01-16 00:00:00+00:00, run_after=2023-01-17 00:00:00+00:00
[2024-03-30T22:18:24.925+0000] {processor.py:183} INFO - Processing /opt/airflow/dags/our_first_dag.py took 0.415 seconds
[2024-03-30T22:18:56.091+0000] {processor.py:161} INFO - Started process (PID=18219) to work on /opt/airflow/dags/our_first_dag.py
[2024-03-30T22:18:56.097+0000] {processor.py:830} INFO - Processing file /opt/airflow/dags/our_first_dag.py for tasks to queue
[2024-03-30T22:18:56.103+0000] {logging_mixin.py:188} INFO - [2024-03-30T22:18:56.101+0000] {dagbag.py:540} INFO - Filling up the DagBag from /opt/airflow/dags/our_first_dag.py
[2024-03-30T22:18:56.193+0000] {processor.py:840} INFO - DAG(s) 'our_first_dag_v5' retrieved from /opt/airflow/dags/our_first_dag.py
[2024-03-30T22:18:56.312+0000] {logging_mixin.py:188} INFO - [2024-03-30T22:18:56.312+0000] {dag.py:3047} INFO - Sync 1 DAGs
[2024-03-30T22:18:56.419+0000] {logging_mixin.py:188} INFO - [2024-03-30T22:18:56.418+0000] {dag.py:3834} INFO - Setting next_dagrun for our_first_dag_v5 to 2023-01-16 00:00:00+00:00, run_after=2023-01-17 00:00:00+00:00
[2024-03-30T22:18:56.507+0000] {processor.py:183} INFO - Processing /opt/airflow/dags/our_first_dag.py took 0.440 seconds
[2024-03-30T22:19:26.608+0000] {processor.py:161} INFO - Started process (PID=18270) to work on /opt/airflow/dags/our_first_dag.py
[2024-03-30T22:19:26.613+0000] {processor.py:830} INFO - Processing file /opt/airflow/dags/our_first_dag.py for tasks to queue
[2024-03-30T22:19:26.617+0000] {logging_mixin.py:188} INFO - [2024-03-30T22:19:26.616+0000] {dagbag.py:540} INFO - Filling up the DagBag from /opt/airflow/dags/our_first_dag.py
[2024-03-30T22:19:26.677+0000] {processor.py:840} INFO - DAG(s) 'our_first_dag_v5' retrieved from /opt/airflow/dags/our_first_dag.py
[2024-03-30T22:19:26.804+0000] {logging_mixin.py:188} INFO - [2024-03-30T22:19:26.803+0000] {dag.py:3047} INFO - Sync 1 DAGs
[2024-03-30T22:19:26.901+0000] {logging_mixin.py:188} INFO - [2024-03-30T22:19:26.900+0000] {dag.py:3834} INFO - Setting next_dagrun for our_first_dag_v5 to 2023-01-16 00:00:00+00:00, run_after=2023-01-17 00:00:00+00:00
[2024-03-30T22:19:26.977+0000] {processor.py:183} INFO - Processing /opt/airflow/dags/our_first_dag.py took 0.386 seconds
[2024-03-30T22:19:57.135+0000] {processor.py:161} INFO - Started process (PID=18320) to work on /opt/airflow/dags/our_first_dag.py
[2024-03-30T22:19:57.141+0000] {processor.py:830} INFO - Processing file /opt/airflow/dags/our_first_dag.py for tasks to queue
[2024-03-30T22:19:57.147+0000] {logging_mixin.py:188} INFO - [2024-03-30T22:19:57.145+0000] {dagbag.py:540} INFO - Filling up the DagBag from /opt/airflow/dags/our_first_dag.py
[2024-03-30T22:19:57.211+0000] {processor.py:840} INFO - DAG(s) 'our_first_dag_v5' retrieved from /opt/airflow/dags/our_first_dag.py
[2024-03-30T22:19:57.330+0000] {logging_mixin.py:188} INFO - [2024-03-30T22:19:57.329+0000] {dag.py:3047} INFO - Sync 1 DAGs
[2024-03-30T22:19:57.439+0000] {logging_mixin.py:188} INFO - [2024-03-30T22:19:57.437+0000] {dag.py:3834} INFO - Setting next_dagrun for our_first_dag_v5 to 2023-01-16 00:00:00+00:00, run_after=2023-01-17 00:00:00+00:00
[2024-03-30T22:19:57.528+0000] {processor.py:183} INFO - Processing /opt/airflow/dags/our_first_dag.py took 0.416 seconds
