[2024-03-25T15:26:04.951+0000] {taskinstance.py:1979} INFO - Dependencies all met for dep_context=non-requeueable deps ti=<TaskInstance: dag_with_postgres_operator_v02.create_postgres_table scheduled__2024-03-17T00:00:00+00:00 [queued]>
[2024-03-25T15:26:05.056+0000] {taskinstance.py:1979} INFO - Dependencies all met for dep_context=requeueable deps ti=<TaskInstance: dag_with_postgres_operator_v02.create_postgres_table scheduled__2024-03-17T00:00:00+00:00 [queued]>
[2024-03-25T15:26:05.072+0000] {taskinstance.py:2193} INFO - Starting attempt 2 of 6
[2024-03-25T15:26:05.384+0000] {taskinstance.py:2214} INFO - Executing <Task(PostgresOperator): create_postgres_table> on 2024-03-17 00:00:00+00:00
[2024-03-25T15:26:05.505+0000] {standard_task_runner.py:60} INFO - Started process 1159 to run task
[2024-03-25T15:26:05.568+0000] {standard_task_runner.py:87} INFO - Running: ['***', 'tasks', 'run', 'dag_with_postgres_operator_v02', 'create_postgres_table', 'scheduled__2024-03-17T00:00:00+00:00', '--job-id', '1014', '--raw', '--subdir', 'DAGS_FOLDER/dag_with_postgres_operator.py', '--cfg-path', '/tmp/tmp2nx4ncb3']
[2024-03-25T15:26:05.590+0000] {standard_task_runner.py:88} INFO - Job 1014: Subtask create_postgres_table
[2024-03-25T15:26:06.291+0000] {task_command.py:423} INFO - Running <TaskInstance: dag_with_postgres_operator_v02.create_postgres_table scheduled__2024-03-17T00:00:00+00:00 [running]> on host 932f824b7ebb
[2024-03-25T15:26:07.331+0000] {taskinstance.py:2510} INFO - Exporting env vars: AIRFLOW_CTX_DAG_OWNER='daniel' AIRFLOW_CTX_DAG_ID='dag_with_postgres_operator_v02' AIRFLOW_CTX_TASK_ID='create_postgres_table' AIRFLOW_CTX_EXECUTION_DATE='2024-03-17T00:00:00+00:00' AIRFLOW_CTX_TRY_NUMBER='2' AIRFLOW_CTX_DAG_RUN_ID='scheduled__2024-03-17T00:00:00+00:00'
[2024-03-25T15:26:07.345+0000] {sql.py:276} INFO - Executing:  create table if not exists dag_runs(
                dt date,
                dag_id character varying,
                primary key (dt,dag_id)

        )
[2024-03-25T15:26:07.420+0000] {base.py:83} INFO - Using connection ID 'postgres_localhost' for task execution.
[2024-03-25T15:26:07.638+0000] {base.py:83} INFO - Using connection ID 'postgres_localhost' for task execution.
[2024-03-25T15:26:07.736+0000] {sql.py:457} INFO - Running statement:  create table if not exists dag_runs(
                dt date,
                dag_id character varying,
                primary key (dt,dag_id)

        ), parameters: None
[2024-03-25T15:26:07.814+0000] {logging_mixin.py:188} WARNING - /home/***/.local/lib/python3.8/site-packages/***/providers/common/sql/hooks/sql.py:407 AirflowProviderDeprecationWarning: Call to deprecated method _make_common_data_structure. (The `_make_serializable` method is deprecated and support will be removed in a future version of the common.sql provider. Please update the DbApiHook's provider to a version based on common.sql >= 1.9.1.)
[2024-03-25T15:26:07.880+0000] {taskinstance.py:1149} INFO - Marking task as SUCCESS. dag_id=dag_with_postgres_operator_v02, task_id=create_postgres_table, execution_date=20240317T000000, start_date=20240325T152604, end_date=20240325T152607
[2024-03-25T15:26:08.215+0000] {local_task_job_runner.py:234} INFO - Task exited with return code 0
[2024-03-25T15:26:08.501+0000] {logging_mixin.py:188} WARNING - /home/***/.local/lib/python3.8/site-packages/***/models/baseoperator.py:1201 AirflowProviderDeprecationWarning: Call to deprecated class PostgresOperator. (Please use `***.providers.common.sql.operators.sql.SQLExecuteQueryOperator`.Also, you can provide `hook_params={'schema': <database>}`.)
[2024-03-25T15:26:08.743+0000] {taskinstance.py:3309} INFO - 1 downstream tasks scheduled from follow-on schedule check
