[2024-03-25T15:16:19.355+0000] {processor.py:161} INFO - Started process (PID=202) to work on /opt/airflow/dags/create_dag_with_python_operator.py
[2024-03-25T15:16:19.372+0000] {processor.py:830} INFO - Processing file /opt/airflow/dags/create_dag_with_python_operator.py for tasks to queue
[2024-03-25T15:16:19.377+0000] {logging_mixin.py:188} INFO - [2024-03-25T15:16:19.376+0000] {dagbag.py:540} INFO - Filling up the DagBag from /opt/airflow/dags/create_dag_with_python_operator.py
[2024-03-25T15:16:19.443+0000] {processor.py:840} INFO - DAG(s) 'our_dag_with_python_operator_v06' retrieved from /opt/airflow/dags/create_dag_with_python_operator.py
[2024-03-25T15:16:20.393+0000] {logging_mixin.py:188} INFO - [2024-03-25T15:16:20.392+0000] {dag.py:3047} INFO - Sync 1 DAGs
[2024-03-25T15:16:20.638+0000] {logging_mixin.py:188} INFO - [2024-03-25T15:16:20.637+0000] {dag.py:3834} INFO - Setting next_dagrun for our_dag_with_python_operator_v06 to 2024-03-11 00:00:00+00:00, run_after=2024-03-12 00:00:00+00:00
[2024-03-25T15:16:20.817+0000] {processor.py:183} INFO - Processing /opt/airflow/dags/create_dag_with_python_operator.py took 1.482 seconds
[2024-03-25T15:16:51.377+0000] {processor.py:161} INFO - Started process (PID=265) to work on /opt/airflow/dags/create_dag_with_python_operator.py
[2024-03-25T15:16:51.381+0000] {processor.py:830} INFO - Processing file /opt/airflow/dags/create_dag_with_python_operator.py for tasks to queue
[2024-03-25T15:16:51.385+0000] {logging_mixin.py:188} INFO - [2024-03-25T15:16:51.384+0000] {dagbag.py:540} INFO - Filling up the DagBag from /opt/airflow/dags/create_dag_with_python_operator.py
[2024-03-25T15:16:51.414+0000] {processor.py:840} INFO - DAG(s) 'our_dag_with_python_operator_v06' retrieved from /opt/airflow/dags/create_dag_with_python_operator.py
[2024-03-25T15:16:51.469+0000] {logging_mixin.py:188} INFO - [2024-03-25T15:16:51.469+0000] {dag.py:3047} INFO - Sync 1 DAGs
[2024-03-25T15:16:51.529+0000] {logging_mixin.py:188} INFO - [2024-03-25T15:16:51.529+0000] {dag.py:3834} INFO - Setting next_dagrun for our_dag_with_python_operator_v06 to 2024-03-11 00:00:00+00:00, run_after=2024-03-12 00:00:00+00:00
[2024-03-25T15:16:51.600+0000] {processor.py:183} INFO - Processing /opt/airflow/dags/create_dag_with_python_operator.py took 0.232 seconds
[2024-03-25T15:17:21.761+0000] {processor.py:161} INFO - Started process (PID=309) to work on /opt/airflow/dags/create_dag_with_python_operator.py
[2024-03-25T15:17:21.766+0000] {processor.py:830} INFO - Processing file /opt/airflow/dags/create_dag_with_python_operator.py for tasks to queue
[2024-03-25T15:17:21.771+0000] {logging_mixin.py:188} INFO - [2024-03-25T15:17:21.769+0000] {dagbag.py:540} INFO - Filling up the DagBag from /opt/airflow/dags/create_dag_with_python_operator.py
[2024-03-25T15:17:21.806+0000] {processor.py:840} INFO - DAG(s) 'our_dag_with_python_operator_v06' retrieved from /opt/airflow/dags/create_dag_with_python_operator.py
[2024-03-25T15:17:21.877+0000] {logging_mixin.py:188} INFO - [2024-03-25T15:17:21.876+0000] {dag.py:3047} INFO - Sync 1 DAGs
[2024-03-25T15:17:21.930+0000] {logging_mixin.py:188} INFO - [2024-03-25T15:17:21.930+0000] {dag.py:3834} INFO - Setting next_dagrun for our_dag_with_python_operator_v06 to 2024-03-11 00:00:00+00:00, run_after=2024-03-12 00:00:00+00:00
[2024-03-25T15:17:21.977+0000] {processor.py:183} INFO - Processing /opt/airflow/dags/create_dag_with_python_operator.py took 0.227 seconds
[2024-03-25T15:17:52.168+0000] {processor.py:161} INFO - Started process (PID=355) to work on /opt/airflow/dags/create_dag_with_python_operator.py
[2024-03-25T15:17:52.173+0000] {processor.py:830} INFO - Processing file /opt/airflow/dags/create_dag_with_python_operator.py for tasks to queue
[2024-03-25T15:17:52.179+0000] {logging_mixin.py:188} INFO - [2024-03-25T15:17:52.177+0000] {dagbag.py:540} INFO - Filling up the DagBag from /opt/airflow/dags/create_dag_with_python_operator.py
[2024-03-25T15:17:52.244+0000] {processor.py:840} INFO - DAG(s) 'our_dag_with_python_operator_v06' retrieved from /opt/airflow/dags/create_dag_with_python_operator.py
[2024-03-25T15:17:52.367+0000] {logging_mixin.py:188} INFO - [2024-03-25T15:17:52.366+0000] {dag.py:3047} INFO - Sync 1 DAGs
[2024-03-25T15:17:52.417+0000] {logging_mixin.py:188} INFO - [2024-03-25T15:17:52.417+0000] {dag.py:3834} INFO - Setting next_dagrun for our_dag_with_python_operator_v06 to 2024-03-11 00:00:00+00:00, run_after=2024-03-12 00:00:00+00:00
[2024-03-25T15:17:52.451+0000] {processor.py:183} INFO - Processing /opt/airflow/dags/create_dag_with_python_operator.py took 0.312 seconds
[2024-03-25T15:18:23.431+0000] {processor.py:161} INFO - Started process (PID=402) to work on /opt/airflow/dags/create_dag_with_python_operator.py
[2024-03-25T15:18:23.438+0000] {processor.py:830} INFO - Processing file /opt/airflow/dags/create_dag_with_python_operator.py for tasks to queue
[2024-03-25T15:18:23.445+0000] {logging_mixin.py:188} INFO - [2024-03-25T15:18:23.443+0000] {dagbag.py:540} INFO - Filling up the DagBag from /opt/airflow/dags/create_dag_with_python_operator.py
[2024-03-25T15:18:23.504+0000] {processor.py:840} INFO - DAG(s) 'our_dag_with_python_operator_v06' retrieved from /opt/airflow/dags/create_dag_with_python_operator.py
[2024-03-25T15:18:23.663+0000] {logging_mixin.py:188} INFO - [2024-03-25T15:18:23.661+0000] {dag.py:3047} INFO - Sync 1 DAGs
[2024-03-25T15:18:23.789+0000] {logging_mixin.py:188} INFO - [2024-03-25T15:18:23.788+0000] {dag.py:3834} INFO - Setting next_dagrun for our_dag_with_python_operator_v06 to 2024-03-11 00:00:00+00:00, run_after=2024-03-12 00:00:00+00:00
[2024-03-25T15:18:23.891+0000] {processor.py:183} INFO - Processing /opt/airflow/dags/create_dag_with_python_operator.py took 0.495 seconds
[2024-03-25T15:18:54.187+0000] {processor.py:161} INFO - Started process (PID=448) to work on /opt/airflow/dags/create_dag_with_python_operator.py
[2024-03-25T15:18:54.192+0000] {processor.py:830} INFO - Processing file /opt/airflow/dags/create_dag_with_python_operator.py for tasks to queue
[2024-03-25T15:18:54.198+0000] {logging_mixin.py:188} INFO - [2024-03-25T15:18:54.196+0000] {dagbag.py:540} INFO - Filling up the DagBag from /opt/airflow/dags/create_dag_with_python_operator.py
[2024-03-25T15:18:54.258+0000] {processor.py:840} INFO - DAG(s) 'our_dag_with_python_operator_v06' retrieved from /opt/airflow/dags/create_dag_with_python_operator.py
[2024-03-25T15:18:54.394+0000] {logging_mixin.py:188} INFO - [2024-03-25T15:18:54.393+0000] {dag.py:3047} INFO - Sync 1 DAGs
[2024-03-25T15:18:54.490+0000] {logging_mixin.py:188} INFO - [2024-03-25T15:18:54.489+0000] {dag.py:3834} INFO - Setting next_dagrun for our_dag_with_python_operator_v06 to 2024-03-11 00:00:00+00:00, run_after=2024-03-12 00:00:00+00:00
[2024-03-25T15:18:54.554+0000] {processor.py:183} INFO - Processing /opt/airflow/dags/create_dag_with_python_operator.py took 0.386 seconds
[2024-03-25T15:19:24.634+0000] {processor.py:161} INFO - Started process (PID=492) to work on /opt/airflow/dags/create_dag_with_python_operator.py
[2024-03-25T15:19:24.636+0000] {processor.py:830} INFO - Processing file /opt/airflow/dags/create_dag_with_python_operator.py for tasks to queue
[2024-03-25T15:19:24.640+0000] {logging_mixin.py:188} INFO - [2024-03-25T15:19:24.639+0000] {dagbag.py:540} INFO - Filling up the DagBag from /opt/airflow/dags/create_dag_with_python_operator.py
[2024-03-25T15:19:24.671+0000] {processor.py:840} INFO - DAG(s) 'our_dag_with_python_operator_v06' retrieved from /opt/airflow/dags/create_dag_with_python_operator.py
[2024-03-25T15:19:24.729+0000] {logging_mixin.py:188} INFO - [2024-03-25T15:19:24.728+0000] {dag.py:3047} INFO - Sync 1 DAGs
[2024-03-25T15:19:24.776+0000] {logging_mixin.py:188} INFO - [2024-03-25T15:19:24.775+0000] {dag.py:3834} INFO - Setting next_dagrun for our_dag_with_python_operator_v06 to 2024-03-11 00:00:00+00:00, run_after=2024-03-12 00:00:00+00:00
[2024-03-25T15:19:24.826+0000] {processor.py:183} INFO - Processing /opt/airflow/dags/create_dag_with_python_operator.py took 0.200 seconds
[2024-03-25T15:19:55.469+0000] {processor.py:161} INFO - Started process (PID=538) to work on /opt/airflow/dags/create_dag_with_python_operator.py
[2024-03-25T15:19:55.478+0000] {processor.py:830} INFO - Processing file /opt/airflow/dags/create_dag_with_python_operator.py for tasks to queue
[2024-03-25T15:19:55.486+0000] {logging_mixin.py:188} INFO - [2024-03-25T15:19:55.483+0000] {dagbag.py:540} INFO - Filling up the DagBag from /opt/airflow/dags/create_dag_with_python_operator.py
[2024-03-25T15:19:55.577+0000] {processor.py:840} INFO - DAG(s) 'our_dag_with_python_operator_v06' retrieved from /opt/airflow/dags/create_dag_with_python_operator.py
[2024-03-25T15:19:55.794+0000] {logging_mixin.py:188} INFO - [2024-03-25T15:19:55.791+0000] {dag.py:3047} INFO - Sync 1 DAGs
[2024-03-25T15:19:55.984+0000] {logging_mixin.py:188} INFO - [2024-03-25T15:19:55.983+0000] {dag.py:3834} INFO - Setting next_dagrun for our_dag_with_python_operator_v06 to 2024-03-11 00:00:00+00:00, run_after=2024-03-12 00:00:00+00:00
[2024-03-25T15:19:56.133+0000] {processor.py:183} INFO - Processing /opt/airflow/dags/create_dag_with_python_operator.py took 0.685 seconds
[2024-03-25T15:20:27.165+0000] {processor.py:161} INFO - Started process (PID=587) to work on /opt/airflow/dags/create_dag_with_python_operator.py
[2024-03-25T15:20:27.170+0000] {processor.py:830} INFO - Processing file /opt/airflow/dags/create_dag_with_python_operator.py for tasks to queue
[2024-03-25T15:20:27.177+0000] {logging_mixin.py:188} INFO - [2024-03-25T15:20:27.174+0000] {dagbag.py:540} INFO - Filling up the DagBag from /opt/airflow/dags/create_dag_with_python_operator.py
[2024-03-25T15:20:27.237+0000] {processor.py:840} INFO - DAG(s) 'our_dag_with_python_operator_v06' retrieved from /opt/airflow/dags/create_dag_with_python_operator.py
[2024-03-25T15:20:27.346+0000] {logging_mixin.py:188} INFO - [2024-03-25T15:20:27.346+0000] {dag.py:3047} INFO - Sync 1 DAGs
[2024-03-25T15:20:27.393+0000] {logging_mixin.py:188} INFO - [2024-03-25T15:20:27.393+0000] {dag.py:3834} INFO - Setting next_dagrun for our_dag_with_python_operator_v06 to 2024-03-11 00:00:00+00:00, run_after=2024-03-12 00:00:00+00:00
[2024-03-25T15:20:27.432+0000] {processor.py:183} INFO - Processing /opt/airflow/dags/create_dag_with_python_operator.py took 0.287 seconds
[2024-03-25T15:20:57.625+0000] {processor.py:161} INFO - Started process (PID=642) to work on /opt/airflow/dags/create_dag_with_python_operator.py
[2024-03-25T15:20:57.657+0000] {processor.py:830} INFO - Processing file /opt/airflow/dags/create_dag_with_python_operator.py for tasks to queue
[2024-03-25T15:20:57.662+0000] {logging_mixin.py:188} INFO - [2024-03-25T15:20:57.661+0000] {dagbag.py:540} INFO - Filling up the DagBag from /opt/airflow/dags/create_dag_with_python_operator.py
[2024-03-25T15:20:57.791+0000] {processor.py:840} INFO - DAG(s) 'our_dag_with_python_operator_v06' retrieved from /opt/airflow/dags/create_dag_with_python_operator.py
[2024-03-25T15:20:58.133+0000] {logging_mixin.py:188} INFO - [2024-03-25T15:20:58.132+0000] {dag.py:3047} INFO - Sync 1 DAGs
[2024-03-25T15:20:58.480+0000] {logging_mixin.py:188} INFO - [2024-03-25T15:20:58.479+0000] {dag.py:3834} INFO - Setting next_dagrun for our_dag_with_python_operator_v06 to 2024-03-11 00:00:00+00:00, run_after=2024-03-12 00:00:00+00:00
[2024-03-25T15:20:58.738+0000] {processor.py:183} INFO - Processing /opt/airflow/dags/create_dag_with_python_operator.py took 1.148 seconds
[2024-03-25T15:21:29.299+0000] {processor.py:161} INFO - Started process (PID=707) to work on /opt/airflow/dags/create_dag_with_python_operator.py
[2024-03-25T15:21:29.307+0000] {processor.py:830} INFO - Processing file /opt/airflow/dags/create_dag_with_python_operator.py for tasks to queue
[2024-03-25T15:21:29.318+0000] {logging_mixin.py:188} INFO - [2024-03-25T15:21:29.313+0000] {dagbag.py:540} INFO - Filling up the DagBag from /opt/airflow/dags/create_dag_with_python_operator.py
[2024-03-25T15:21:29.388+0000] {processor.py:840} INFO - DAG(s) 'our_dag_with_python_operator_v06' retrieved from /opt/airflow/dags/create_dag_with_python_operator.py
[2024-03-25T15:21:29.467+0000] {logging_mixin.py:188} INFO - [2024-03-25T15:21:29.466+0000] {dag.py:3047} INFO - Sync 1 DAGs
[2024-03-25T15:21:29.542+0000] {logging_mixin.py:188} INFO - [2024-03-25T15:21:29.541+0000] {dag.py:3834} INFO - Setting next_dagrun for our_dag_with_python_operator_v06 to 2024-03-11 00:00:00+00:00, run_after=2024-03-12 00:00:00+00:00
[2024-03-25T15:21:29.596+0000] {processor.py:183} INFO - Processing /opt/airflow/dags/create_dag_with_python_operator.py took 0.330 seconds
[2024-03-25T15:22:00.247+0000] {processor.py:161} INFO - Started process (PID=758) to work on /opt/airflow/dags/create_dag_with_python_operator.py
[2024-03-25T15:22:00.254+0000] {processor.py:830} INFO - Processing file /opt/airflow/dags/create_dag_with_python_operator.py for tasks to queue
[2024-03-25T15:22:00.264+0000] {logging_mixin.py:188} INFO - [2024-03-25T15:22:00.261+0000] {dagbag.py:540} INFO - Filling up the DagBag from /opt/airflow/dags/create_dag_with_python_operator.py
[2024-03-25T15:22:00.354+0000] {processor.py:840} INFO - DAG(s) 'our_dag_with_python_operator_v06' retrieved from /opt/airflow/dags/create_dag_with_python_operator.py
[2024-03-25T15:22:00.551+0000] {logging_mixin.py:188} INFO - [2024-03-25T15:22:00.550+0000] {dag.py:3047} INFO - Sync 1 DAGs
[2024-03-25T15:22:00.715+0000] {logging_mixin.py:188} INFO - [2024-03-25T15:22:00.714+0000] {dag.py:3834} INFO - Setting next_dagrun for our_dag_with_python_operator_v06 to 2024-03-11 00:00:00+00:00, run_after=2024-03-12 00:00:00+00:00
[2024-03-25T15:22:00.837+0000] {processor.py:183} INFO - Processing /opt/airflow/dags/create_dag_with_python_operator.py took 0.617 seconds
[2024-03-25T15:22:31.813+0000] {processor.py:161} INFO - Started process (PID=804) to work on /opt/airflow/dags/create_dag_with_python_operator.py
[2024-03-25T15:22:31.817+0000] {processor.py:830} INFO - Processing file /opt/airflow/dags/create_dag_with_python_operator.py for tasks to queue
[2024-03-25T15:22:31.824+0000] {logging_mixin.py:188} INFO - [2024-03-25T15:22:31.821+0000] {dagbag.py:540} INFO - Filling up the DagBag from /opt/airflow/dags/create_dag_with_python_operator.py
[2024-03-25T15:22:31.903+0000] {processor.py:840} INFO - DAG(s) 'our_dag_with_python_operator_v06' retrieved from /opt/airflow/dags/create_dag_with_python_operator.py
[2024-03-25T15:22:32.040+0000] {logging_mixin.py:188} INFO - [2024-03-25T15:22:32.038+0000] {dag.py:3047} INFO - Sync 1 DAGs
[2024-03-25T15:22:32.146+0000] {logging_mixin.py:188} INFO - [2024-03-25T15:22:32.145+0000] {dag.py:3834} INFO - Setting next_dagrun for our_dag_with_python_operator_v06 to 2024-03-11 00:00:00+00:00, run_after=2024-03-12 00:00:00+00:00
[2024-03-25T15:22:32.185+0000] {processor.py:183} INFO - Processing /opt/airflow/dags/create_dag_with_python_operator.py took 0.392 seconds
[2024-03-25T15:23:02.443+0000] {processor.py:161} INFO - Started process (PID=851) to work on /opt/airflow/dags/create_dag_with_python_operator.py
[2024-03-25T15:23:02.451+0000] {processor.py:830} INFO - Processing file /opt/airflow/dags/create_dag_with_python_operator.py for tasks to queue
[2024-03-25T15:23:02.461+0000] {logging_mixin.py:188} INFO - [2024-03-25T15:23:02.456+0000] {dagbag.py:540} INFO - Filling up the DagBag from /opt/airflow/dags/create_dag_with_python_operator.py
[2024-03-25T15:23:02.545+0000] {processor.py:840} INFO - DAG(s) 'our_dag_with_python_operator_v06' retrieved from /opt/airflow/dags/create_dag_with_python_operator.py
[2024-03-25T15:23:02.719+0000] {logging_mixin.py:188} INFO - [2024-03-25T15:23:02.717+0000] {dag.py:3047} INFO - Sync 1 DAGs
[2024-03-25T15:23:02.911+0000] {logging_mixin.py:188} INFO - [2024-03-25T15:23:02.910+0000] {dag.py:3834} INFO - Setting next_dagrun for our_dag_with_python_operator_v06 to 2024-03-11 00:00:00+00:00, run_after=2024-03-12 00:00:00+00:00
[2024-03-25T15:23:03.052+0000] {processor.py:183} INFO - Processing /opt/airflow/dags/create_dag_with_python_operator.py took 0.636 seconds
[2024-03-25T15:23:33.263+0000] {processor.py:161} INFO - Started process (PID=902) to work on /opt/airflow/dags/create_dag_with_python_operator.py
[2024-03-25T15:23:33.266+0000] {processor.py:830} INFO - Processing file /opt/airflow/dags/create_dag_with_python_operator.py for tasks to queue
[2024-03-25T15:23:33.271+0000] {logging_mixin.py:188} INFO - [2024-03-25T15:23:33.269+0000] {dagbag.py:540} INFO - Filling up the DagBag from /opt/airflow/dags/create_dag_with_python_operator.py
[2024-03-25T15:23:33.325+0000] {processor.py:840} INFO - DAG(s) 'our_dag_with_python_operator_v06' retrieved from /opt/airflow/dags/create_dag_with_python_operator.py
[2024-03-25T15:23:33.428+0000] {logging_mixin.py:188} INFO - [2024-03-25T15:23:33.427+0000] {dag.py:3047} INFO - Sync 1 DAGs
[2024-03-25T15:23:33.492+0000] {logging_mixin.py:188} INFO - [2024-03-25T15:23:33.492+0000] {dag.py:3834} INFO - Setting next_dagrun for our_dag_with_python_operator_v06 to 2024-03-11 00:00:00+00:00, run_after=2024-03-12 00:00:00+00:00
[2024-03-25T15:23:33.538+0000] {processor.py:183} INFO - Processing /opt/airflow/dags/create_dag_with_python_operator.py took 0.289 seconds
[2024-03-25T15:24:03.817+0000] {processor.py:161} INFO - Started process (PID=948) to work on /opt/airflow/dags/create_dag_with_python_operator.py
[2024-03-25T15:24:03.823+0000] {processor.py:830} INFO - Processing file /opt/airflow/dags/create_dag_with_python_operator.py for tasks to queue
[2024-03-25T15:24:03.834+0000] {logging_mixin.py:188} INFO - [2024-03-25T15:24:03.829+0000] {dagbag.py:540} INFO - Filling up the DagBag from /opt/airflow/dags/create_dag_with_python_operator.py
[2024-03-25T15:24:03.940+0000] {processor.py:840} INFO - DAG(s) 'our_dag_with_python_operator_v06' retrieved from /opt/airflow/dags/create_dag_with_python_operator.py
[2024-03-25T15:24:04.104+0000] {logging_mixin.py:188} INFO - [2024-03-25T15:24:04.103+0000] {dag.py:3047} INFO - Sync 1 DAGs
[2024-03-25T15:24:04.201+0000] {logging_mixin.py:188} INFO - [2024-03-25T15:24:04.200+0000] {dag.py:3834} INFO - Setting next_dagrun for our_dag_with_python_operator_v06 to 2024-03-11 00:00:00+00:00, run_after=2024-03-12 00:00:00+00:00
[2024-03-25T15:24:04.270+0000] {processor.py:183} INFO - Processing /opt/airflow/dags/create_dag_with_python_operator.py took 0.479 seconds
[2024-03-25T15:24:34.756+0000] {processor.py:161} INFO - Started process (PID=993) to work on /opt/airflow/dags/create_dag_with_python_operator.py
[2024-03-25T15:24:34.764+0000] {processor.py:830} INFO - Processing file /opt/airflow/dags/create_dag_with_python_operator.py for tasks to queue
[2024-03-25T15:24:34.772+0000] {logging_mixin.py:188} INFO - [2024-03-25T15:24:34.769+0000] {dagbag.py:540} INFO - Filling up the DagBag from /opt/airflow/dags/create_dag_with_python_operator.py
[2024-03-25T15:24:34.855+0000] {processor.py:840} INFO - DAG(s) 'our_dag_with_python_operator_v06' retrieved from /opt/airflow/dags/create_dag_with_python_operator.py
[2024-03-25T15:24:34.959+0000] {logging_mixin.py:188} INFO - [2024-03-25T15:24:34.957+0000] {dag.py:3047} INFO - Sync 1 DAGs
[2024-03-25T15:24:35.106+0000] {logging_mixin.py:188} INFO - [2024-03-25T15:24:35.105+0000] {dag.py:3834} INFO - Setting next_dagrun for our_dag_with_python_operator_v06 to 2024-03-11 00:00:00+00:00, run_after=2024-03-12 00:00:00+00:00
[2024-03-25T15:24:35.268+0000] {processor.py:183} INFO - Processing /opt/airflow/dags/create_dag_with_python_operator.py took 0.537 seconds
[2024-03-25T15:25:05.568+0000] {processor.py:161} INFO - Started process (PID=1039) to work on /opt/airflow/dags/create_dag_with_python_operator.py
[2024-03-25T15:25:05.578+0000] {processor.py:830} INFO - Processing file /opt/airflow/dags/create_dag_with_python_operator.py for tasks to queue
[2024-03-25T15:25:05.588+0000] {logging_mixin.py:188} INFO - [2024-03-25T15:25:05.586+0000] {dagbag.py:540} INFO - Filling up the DagBag from /opt/airflow/dags/create_dag_with_python_operator.py
[2024-03-25T15:25:05.657+0000] {processor.py:840} INFO - DAG(s) 'our_dag_with_python_operator_v06' retrieved from /opt/airflow/dags/create_dag_with_python_operator.py
[2024-03-25T15:25:05.730+0000] {logging_mixin.py:188} INFO - [2024-03-25T15:25:05.729+0000] {dag.py:3047} INFO - Sync 1 DAGs
[2024-03-25T15:25:05.793+0000] {logging_mixin.py:188} INFO - [2024-03-25T15:25:05.792+0000] {dag.py:3834} INFO - Setting next_dagrun for our_dag_with_python_operator_v06 to 2024-03-11 00:00:00+00:00, run_after=2024-03-12 00:00:00+00:00
[2024-03-25T15:25:05.840+0000] {processor.py:183} INFO - Processing /opt/airflow/dags/create_dag_with_python_operator.py took 0.304 seconds
[2024-03-25T15:25:36.447+0000] {processor.py:161} INFO - Started process (PID=1085) to work on /opt/airflow/dags/create_dag_with_python_operator.py
[2024-03-25T15:25:36.453+0000] {processor.py:830} INFO - Processing file /opt/airflow/dags/create_dag_with_python_operator.py for tasks to queue
[2024-03-25T15:25:36.459+0000] {logging_mixin.py:188} INFO - [2024-03-25T15:25:36.458+0000] {dagbag.py:540} INFO - Filling up the DagBag from /opt/airflow/dags/create_dag_with_python_operator.py
[2024-03-25T15:25:36.503+0000] {processor.py:840} INFO - DAG(s) 'our_dag_with_python_operator_v06' retrieved from /opt/airflow/dags/create_dag_with_python_operator.py
[2024-03-25T15:25:36.613+0000] {logging_mixin.py:188} INFO - [2024-03-25T15:25:36.612+0000] {dag.py:3047} INFO - Sync 1 DAGs
[2024-03-25T15:25:36.835+0000] {logging_mixin.py:188} INFO - [2024-03-25T15:25:36.834+0000] {dag.py:3834} INFO - Setting next_dagrun for our_dag_with_python_operator_v06 to 2024-03-11 00:00:00+00:00, run_after=2024-03-12 00:00:00+00:00
[2024-03-25T15:25:37.002+0000] {processor.py:183} INFO - Processing /opt/airflow/dags/create_dag_with_python_operator.py took 0.582 seconds
[2024-03-25T15:26:08.165+0000] {processor.py:161} INFO - Started process (PID=1168) to work on /opt/airflow/dags/create_dag_with_python_operator.py
[2024-03-25T15:26:08.195+0000] {processor.py:830} INFO - Processing file /opt/airflow/dags/create_dag_with_python_operator.py for tasks to queue
[2024-03-25T15:26:08.232+0000] {logging_mixin.py:188} INFO - [2024-03-25T15:26:08.207+0000] {dagbag.py:540} INFO - Filling up the DagBag from /opt/airflow/dags/create_dag_with_python_operator.py
[2024-03-25T15:26:08.675+0000] {processor.py:840} INFO - DAG(s) 'our_dag_with_python_operator_v06' retrieved from /opt/airflow/dags/create_dag_with_python_operator.py
[2024-03-25T15:26:09.137+0000] {logging_mixin.py:188} INFO - [2024-03-25T15:26:09.136+0000] {dag.py:3047} INFO - Sync 1 DAGs
[2024-03-25T15:26:09.471+0000] {logging_mixin.py:188} INFO - [2024-03-25T15:26:09.470+0000] {dag.py:3834} INFO - Setting next_dagrun for our_dag_with_python_operator_v06 to 2024-03-11 00:00:00+00:00, run_after=2024-03-12 00:00:00+00:00
[2024-03-25T15:26:09.616+0000] {processor.py:183} INFO - Processing /opt/airflow/dags/create_dag_with_python_operator.py took 1.570 seconds
[2024-03-25T15:26:40.324+0000] {processor.py:161} INFO - Started process (PID=1261) to work on /opt/airflow/dags/create_dag_with_python_operator.py
[2024-03-25T15:26:40.330+0000] {processor.py:830} INFO - Processing file /opt/airflow/dags/create_dag_with_python_operator.py for tasks to queue
[2024-03-25T15:26:40.343+0000] {logging_mixin.py:188} INFO - [2024-03-25T15:26:40.340+0000] {dagbag.py:540} INFO - Filling up the DagBag from /opt/airflow/dags/create_dag_with_python_operator.py
[2024-03-25T15:26:40.425+0000] {processor.py:840} INFO - DAG(s) 'our_dag_with_python_operator_v06' retrieved from /opt/airflow/dags/create_dag_with_python_operator.py
[2024-03-25T15:26:40.580+0000] {logging_mixin.py:188} INFO - [2024-03-25T15:26:40.579+0000] {dag.py:3047} INFO - Sync 1 DAGs
[2024-03-25T15:26:40.739+0000] {logging_mixin.py:188} INFO - [2024-03-25T15:26:40.737+0000] {dag.py:3834} INFO - Setting next_dagrun for our_dag_with_python_operator_v06 to 2024-03-11 00:00:00+00:00, run_after=2024-03-12 00:00:00+00:00
[2024-03-25T15:26:40.867+0000] {processor.py:183} INFO - Processing /opt/airflow/dags/create_dag_with_python_operator.py took 0.566 seconds
[2024-03-25T15:27:11.596+0000] {processor.py:161} INFO - Started process (PID=1308) to work on /opt/airflow/dags/create_dag_with_python_operator.py
[2024-03-25T15:27:11.598+0000] {processor.py:830} INFO - Processing file /opt/airflow/dags/create_dag_with_python_operator.py for tasks to queue
[2024-03-25T15:27:11.602+0000] {logging_mixin.py:188} INFO - [2024-03-25T15:27:11.601+0000] {dagbag.py:540} INFO - Filling up the DagBag from /opt/airflow/dags/create_dag_with_python_operator.py
[2024-03-25T15:27:11.641+0000] {processor.py:840} INFO - DAG(s) 'our_dag_with_python_operator_v06' retrieved from /opt/airflow/dags/create_dag_with_python_operator.py
[2024-03-25T15:27:11.719+0000] {logging_mixin.py:188} INFO - [2024-03-25T15:27:11.718+0000] {dag.py:3047} INFO - Sync 1 DAGs
[2024-03-25T15:27:11.786+0000] {logging_mixin.py:188} INFO - [2024-03-25T15:27:11.785+0000] {dag.py:3834} INFO - Setting next_dagrun for our_dag_with_python_operator_v06 to 2024-03-11 00:00:00+00:00, run_after=2024-03-12 00:00:00+00:00
[2024-03-25T15:27:11.833+0000] {processor.py:183} INFO - Processing /opt/airflow/dags/create_dag_with_python_operator.py took 0.248 seconds
[2024-03-25T15:27:42.774+0000] {processor.py:161} INFO - Started process (PID=1354) to work on /opt/airflow/dags/create_dag_with_python_operator.py
[2024-03-25T15:27:42.777+0000] {processor.py:830} INFO - Processing file /opt/airflow/dags/create_dag_with_python_operator.py for tasks to queue
[2024-03-25T15:27:42.780+0000] {logging_mixin.py:188} INFO - [2024-03-25T15:27:42.779+0000] {dagbag.py:540} INFO - Filling up the DagBag from /opt/airflow/dags/create_dag_with_python_operator.py
[2024-03-25T15:27:42.822+0000] {processor.py:840} INFO - DAG(s) 'our_dag_with_python_operator_v06' retrieved from /opt/airflow/dags/create_dag_with_python_operator.py
[2024-03-25T15:27:42.892+0000] {logging_mixin.py:188} INFO - [2024-03-25T15:27:42.891+0000] {dag.py:3047} INFO - Sync 1 DAGs
[2024-03-25T15:27:42.954+0000] {logging_mixin.py:188} INFO - [2024-03-25T15:27:42.953+0000] {dag.py:3834} INFO - Setting next_dagrun for our_dag_with_python_operator_v06 to 2024-03-11 00:00:00+00:00, run_after=2024-03-12 00:00:00+00:00
[2024-03-25T15:27:43.005+0000] {processor.py:183} INFO - Processing /opt/airflow/dags/create_dag_with_python_operator.py took 0.242 seconds
[2024-03-25T15:28:13.814+0000] {processor.py:161} INFO - Started process (PID=1401) to work on /opt/airflow/dags/create_dag_with_python_operator.py
[2024-03-25T15:28:13.820+0000] {processor.py:830} INFO - Processing file /opt/airflow/dags/create_dag_with_python_operator.py for tasks to queue
[2024-03-25T15:28:13.829+0000] {logging_mixin.py:188} INFO - [2024-03-25T15:28:13.825+0000] {dagbag.py:540} INFO - Filling up the DagBag from /opt/airflow/dags/create_dag_with_python_operator.py
[2024-03-25T15:28:13.934+0000] {processor.py:840} INFO - DAG(s) 'our_dag_with_python_operator_v06' retrieved from /opt/airflow/dags/create_dag_with_python_operator.py
[2024-03-25T15:28:14.142+0000] {logging_mixin.py:188} INFO - [2024-03-25T15:28:14.140+0000] {dag.py:3047} INFO - Sync 1 DAGs
[2024-03-25T15:28:14.219+0000] {logging_mixin.py:188} INFO - [2024-03-25T15:28:14.218+0000] {dag.py:3834} INFO - Setting next_dagrun for our_dag_with_python_operator_v06 to 2024-03-11 00:00:00+00:00, run_after=2024-03-12 00:00:00+00:00
[2024-03-25T15:28:14.271+0000] {processor.py:183} INFO - Processing /opt/airflow/dags/create_dag_with_python_operator.py took 0.485 seconds
[2024-03-25T15:28:44.510+0000] {processor.py:161} INFO - Started process (PID=1459) to work on /opt/airflow/dags/create_dag_with_python_operator.py
[2024-03-25T15:28:44.516+0000] {processor.py:830} INFO - Processing file /opt/airflow/dags/create_dag_with_python_operator.py for tasks to queue
[2024-03-25T15:28:44.529+0000] {logging_mixin.py:188} INFO - [2024-03-25T15:28:44.527+0000] {dagbag.py:540} INFO - Filling up the DagBag from /opt/airflow/dags/create_dag_with_python_operator.py
[2024-03-25T15:28:44.627+0000] {processor.py:840} INFO - DAG(s) 'our_dag_with_python_operator_v06' retrieved from /opt/airflow/dags/create_dag_with_python_operator.py
[2024-03-25T15:28:44.784+0000] {logging_mixin.py:188} INFO - [2024-03-25T15:28:44.783+0000] {dag.py:3047} INFO - Sync 1 DAGs
[2024-03-25T15:28:44.931+0000] {logging_mixin.py:188} INFO - [2024-03-25T15:28:44.929+0000] {dag.py:3834} INFO - Setting next_dagrun for our_dag_with_python_operator_v06 to 2024-03-11 00:00:00+00:00, run_after=2024-03-12 00:00:00+00:00
[2024-03-25T15:28:45.049+0000] {processor.py:183} INFO - Processing /opt/airflow/dags/create_dag_with_python_operator.py took 0.559 seconds
[2024-03-25T15:29:15.888+0000] {processor.py:161} INFO - Started process (PID=1506) to work on /opt/airflow/dags/create_dag_with_python_operator.py
[2024-03-25T15:29:15.894+0000] {processor.py:830} INFO - Processing file /opt/airflow/dags/create_dag_with_python_operator.py for tasks to queue
[2024-03-25T15:29:15.902+0000] {logging_mixin.py:188} INFO - [2024-03-25T15:29:15.900+0000] {dagbag.py:540} INFO - Filling up the DagBag from /opt/airflow/dags/create_dag_with_python_operator.py
[2024-03-25T15:29:16.023+0000] {processor.py:840} INFO - DAG(s) 'our_dag_with_python_operator_v06' retrieved from /opt/airflow/dags/create_dag_with_python_operator.py
[2024-03-25T15:29:16.204+0000] {logging_mixin.py:188} INFO - [2024-03-25T15:29:16.204+0000] {dag.py:3047} INFO - Sync 1 DAGs
[2024-03-25T15:29:16.289+0000] {logging_mixin.py:188} INFO - [2024-03-25T15:29:16.288+0000] {dag.py:3834} INFO - Setting next_dagrun for our_dag_with_python_operator_v06 to 2024-03-11 00:00:00+00:00, run_after=2024-03-12 00:00:00+00:00
[2024-03-25T15:29:16.355+0000] {processor.py:183} INFO - Processing /opt/airflow/dags/create_dag_with_python_operator.py took 0.503 seconds
[2024-03-25T15:29:46.737+0000] {processor.py:161} INFO - Started process (PID=1552) to work on /opt/airflow/dags/create_dag_with_python_operator.py
[2024-03-25T15:29:46.744+0000] {processor.py:830} INFO - Processing file /opt/airflow/dags/create_dag_with_python_operator.py for tasks to queue
[2024-03-25T15:29:46.753+0000] {logging_mixin.py:188} INFO - [2024-03-25T15:29:46.750+0000] {dagbag.py:540} INFO - Filling up the DagBag from /opt/airflow/dags/create_dag_with_python_operator.py
[2024-03-25T15:29:46.834+0000] {processor.py:840} INFO - DAG(s) 'our_dag_with_python_operator_v06' retrieved from /opt/airflow/dags/create_dag_with_python_operator.py
[2024-03-25T15:29:46.979+0000] {logging_mixin.py:188} INFO - [2024-03-25T15:29:46.978+0000] {dag.py:3047} INFO - Sync 1 DAGs
[2024-03-25T15:29:47.099+0000] {logging_mixin.py:188} INFO - [2024-03-25T15:29:47.098+0000] {dag.py:3834} INFO - Setting next_dagrun for our_dag_with_python_operator_v06 to 2024-03-11 00:00:00+00:00, run_after=2024-03-12 00:00:00+00:00
[2024-03-25T15:29:47.190+0000] {processor.py:183} INFO - Processing /opt/airflow/dags/create_dag_with_python_operator.py took 0.486 seconds
[2024-03-25T15:30:18.289+0000] {processor.py:161} INFO - Started process (PID=1598) to work on /opt/airflow/dags/create_dag_with_python_operator.py
[2024-03-25T15:30:18.298+0000] {processor.py:830} INFO - Processing file /opt/airflow/dags/create_dag_with_python_operator.py for tasks to queue
[2024-03-25T15:30:18.308+0000] {logging_mixin.py:188} INFO - [2024-03-25T15:30:18.305+0000] {dagbag.py:540} INFO - Filling up the DagBag from /opt/airflow/dags/create_dag_with_python_operator.py
[2024-03-25T15:30:18.397+0000] {processor.py:840} INFO - DAG(s) 'our_dag_with_python_operator_v06' retrieved from /opt/airflow/dags/create_dag_with_python_operator.py
[2024-03-25T15:30:18.563+0000] {logging_mixin.py:188} INFO - [2024-03-25T15:30:18.563+0000] {dag.py:3047} INFO - Sync 1 DAGs
[2024-03-25T15:30:18.616+0000] {logging_mixin.py:188} INFO - [2024-03-25T15:30:18.615+0000] {dag.py:3834} INFO - Setting next_dagrun for our_dag_with_python_operator_v06 to 2024-03-11 00:00:00+00:00, run_after=2024-03-12 00:00:00+00:00
[2024-03-25T15:30:18.653+0000] {processor.py:183} INFO - Processing /opt/airflow/dags/create_dag_with_python_operator.py took 0.391 seconds
[2024-03-25T15:30:49.371+0000] {processor.py:161} INFO - Started process (PID=1644) to work on /opt/airflow/dags/create_dag_with_python_operator.py
[2024-03-25T15:30:49.376+0000] {processor.py:830} INFO - Processing file /opt/airflow/dags/create_dag_with_python_operator.py for tasks to queue
[2024-03-25T15:30:49.387+0000] {logging_mixin.py:188} INFO - [2024-03-25T15:30:49.385+0000] {dagbag.py:540} INFO - Filling up the DagBag from /opt/airflow/dags/create_dag_with_python_operator.py
[2024-03-25T15:30:49.424+0000] {processor.py:840} INFO - DAG(s) 'our_dag_with_python_operator_v06' retrieved from /opt/airflow/dags/create_dag_with_python_operator.py
[2024-03-25T15:30:49.473+0000] {logging_mixin.py:188} INFO - [2024-03-25T15:30:49.473+0000] {dag.py:3047} INFO - Sync 1 DAGs
[2024-03-25T15:30:49.515+0000] {logging_mixin.py:188} INFO - [2024-03-25T15:30:49.515+0000] {dag.py:3834} INFO - Setting next_dagrun for our_dag_with_python_operator_v06 to 2024-03-11 00:00:00+00:00, run_after=2024-03-12 00:00:00+00:00
[2024-03-25T15:30:49.553+0000] {processor.py:183} INFO - Processing /opt/airflow/dags/create_dag_with_python_operator.py took 0.204 seconds
[2024-03-25T15:31:20.027+0000] {processor.py:161} INFO - Started process (PID=1691) to work on /opt/airflow/dags/create_dag_with_python_operator.py
[2024-03-25T15:31:20.034+0000] {processor.py:830} INFO - Processing file /opt/airflow/dags/create_dag_with_python_operator.py for tasks to queue
[2024-03-25T15:31:20.043+0000] {logging_mixin.py:188} INFO - [2024-03-25T15:31:20.040+0000] {dagbag.py:540} INFO - Filling up the DagBag from /opt/airflow/dags/create_dag_with_python_operator.py
[2024-03-25T15:31:20.125+0000] {processor.py:840} INFO - DAG(s) 'our_dag_with_python_operator_v06' retrieved from /opt/airflow/dags/create_dag_with_python_operator.py
[2024-03-25T15:31:20.229+0000] {logging_mixin.py:188} INFO - [2024-03-25T15:31:20.228+0000] {dag.py:3047} INFO - Sync 1 DAGs
[2024-03-25T15:31:20.285+0000] {logging_mixin.py:188} INFO - [2024-03-25T15:31:20.284+0000] {dag.py:3834} INFO - Setting next_dagrun for our_dag_with_python_operator_v06 to 2024-03-11 00:00:00+00:00, run_after=2024-03-12 00:00:00+00:00
[2024-03-25T15:31:20.368+0000] {processor.py:183} INFO - Processing /opt/airflow/dags/create_dag_with_python_operator.py took 0.371 seconds
