[2024-03-25T15:16:16.435+0000] {processor.py:161} INFO - Started process (PID=168) to work on /opt/airflow/dags/dag_with_catchup_and_backfill.py
[2024-03-25T15:16:16.442+0000] {processor.py:830} INFO - Processing file /opt/airflow/dags/dag_with_catchup_and_backfill.py for tasks to queue
[2024-03-25T15:16:16.448+0000] {logging_mixin.py:188} INFO - [2024-03-25T15:16:16.447+0000] {dagbag.py:540} INFO - Filling up the DagBag from /opt/airflow/dags/dag_with_catchup_and_backfill.py
[2024-03-25T15:16:16.499+0000] {processor.py:840} INFO - DAG(s) 'dag_with_catchup_backfill_v03' retrieved from /opt/airflow/dags/dag_with_catchup_and_backfill.py
[2024-03-25T15:16:16.934+0000] {logging_mixin.py:188} INFO - [2024-03-25T15:16:16.934+0000] {dag.py:3047} INFO - Sync 1 DAGs
[2024-03-25T15:16:16.987+0000] {logging_mixin.py:188} INFO - [2024-03-25T15:16:16.986+0000] {dag.py:3834} INFO - Setting next_dagrun for dag_with_catchup_backfill_v03 to 2024-03-24 00:00:00+00:00, run_after=2024-03-25 00:00:00+00:00
[2024-03-25T15:16:17.034+0000] {processor.py:183} INFO - Processing /opt/airflow/dags/dag_with_catchup_and_backfill.py took 0.606 seconds
[2024-03-25T15:16:47.248+0000] {processor.py:161} INFO - Started process (PID=238) to work on /opt/airflow/dags/dag_with_catchup_and_backfill.py
[2024-03-25T15:16:47.253+0000] {processor.py:830} INFO - Processing file /opt/airflow/dags/dag_with_catchup_and_backfill.py for tasks to queue
[2024-03-25T15:16:47.262+0000] {logging_mixin.py:188} INFO - [2024-03-25T15:16:47.259+0000] {dagbag.py:540} INFO - Filling up the DagBag from /opt/airflow/dags/dag_with_catchup_and_backfill.py
[2024-03-25T15:16:47.344+0000] {processor.py:840} INFO - DAG(s) 'dag_with_catchup_backfill_v03' retrieved from /opt/airflow/dags/dag_with_catchup_and_backfill.py
[2024-03-25T15:16:47.496+0000] {logging_mixin.py:188} INFO - [2024-03-25T15:16:47.495+0000] {dag.py:3047} INFO - Sync 1 DAGs
[2024-03-25T15:16:47.640+0000] {logging_mixin.py:188} INFO - [2024-03-25T15:16:47.638+0000] {dag.py:3834} INFO - Setting next_dagrun for dag_with_catchup_backfill_v03 to 2024-03-24 00:00:00+00:00, run_after=2024-03-25 00:00:00+00:00
[2024-03-25T15:16:47.734+0000] {processor.py:183} INFO - Processing /opt/airflow/dags/dag_with_catchup_and_backfill.py took 0.512 seconds
[2024-03-25T15:17:18.066+0000] {processor.py:161} INFO - Started process (PID=284) to work on /opt/airflow/dags/dag_with_catchup_and_backfill.py
[2024-03-25T15:17:18.069+0000] {processor.py:830} INFO - Processing file /opt/airflow/dags/dag_with_catchup_and_backfill.py for tasks to queue
[2024-03-25T15:17:18.072+0000] {logging_mixin.py:188} INFO - [2024-03-25T15:17:18.071+0000] {dagbag.py:540} INFO - Filling up the DagBag from /opt/airflow/dags/dag_with_catchup_and_backfill.py
[2024-03-25T15:17:18.101+0000] {processor.py:840} INFO - DAG(s) 'dag_with_catchup_backfill_v03' retrieved from /opt/airflow/dags/dag_with_catchup_and_backfill.py
[2024-03-25T15:17:18.172+0000] {logging_mixin.py:188} INFO - [2024-03-25T15:17:18.171+0000] {dag.py:3047} INFO - Sync 1 DAGs
[2024-03-25T15:17:18.218+0000] {logging_mixin.py:188} INFO - [2024-03-25T15:17:18.218+0000] {dag.py:3834} INFO - Setting next_dagrun for dag_with_catchup_backfill_v03 to 2024-03-24 00:00:00+00:00, run_after=2024-03-25 00:00:00+00:00
[2024-03-25T15:17:18.258+0000] {processor.py:183} INFO - Processing /opt/airflow/dags/dag_with_catchup_and_backfill.py took 0.215 seconds
[2024-03-25T15:17:48.394+0000] {processor.py:161} INFO - Started process (PID=330) to work on /opt/airflow/dags/dag_with_catchup_and_backfill.py
[2024-03-25T15:17:48.400+0000] {processor.py:830} INFO - Processing file /opt/airflow/dags/dag_with_catchup_and_backfill.py for tasks to queue
[2024-03-25T15:17:48.407+0000] {logging_mixin.py:188} INFO - [2024-03-25T15:17:48.404+0000] {dagbag.py:540} INFO - Filling up the DagBag from /opt/airflow/dags/dag_with_catchup_and_backfill.py
[2024-03-25T15:17:48.485+0000] {processor.py:840} INFO - DAG(s) 'dag_with_catchup_backfill_v03' retrieved from /opt/airflow/dags/dag_with_catchup_and_backfill.py
[2024-03-25T15:17:48.626+0000] {logging_mixin.py:188} INFO - [2024-03-25T15:17:48.626+0000] {dag.py:3047} INFO - Sync 1 DAGs
[2024-03-25T15:17:48.688+0000] {logging_mixin.py:188} INFO - [2024-03-25T15:17:48.687+0000] {dag.py:3834} INFO - Setting next_dagrun for dag_with_catchup_backfill_v03 to 2024-03-24 00:00:00+00:00, run_after=2024-03-25 00:00:00+00:00
[2024-03-25T15:17:48.724+0000] {processor.py:183} INFO - Processing /opt/airflow/dags/dag_with_catchup_and_backfill.py took 0.358 seconds
[2024-03-25T15:18:19.253+0000] {processor.py:161} INFO - Started process (PID=377) to work on /opt/airflow/dags/dag_with_catchup_and_backfill.py
[2024-03-25T15:18:19.258+0000] {processor.py:830} INFO - Processing file /opt/airflow/dags/dag_with_catchup_and_backfill.py for tasks to queue
[2024-03-25T15:18:19.263+0000] {logging_mixin.py:188} INFO - [2024-03-25T15:18:19.262+0000] {dagbag.py:540} INFO - Filling up the DagBag from /opt/airflow/dags/dag_with_catchup_and_backfill.py
[2024-03-25T15:18:19.318+0000] {processor.py:840} INFO - DAG(s) 'dag_with_catchup_backfill_v03' retrieved from /opt/airflow/dags/dag_with_catchup_and_backfill.py
[2024-03-25T15:18:19.421+0000] {logging_mixin.py:188} INFO - [2024-03-25T15:18:19.420+0000] {dag.py:3047} INFO - Sync 1 DAGs
[2024-03-25T15:18:19.547+0000] {logging_mixin.py:188} INFO - [2024-03-25T15:18:19.545+0000] {dag.py:3834} INFO - Setting next_dagrun for dag_with_catchup_backfill_v03 to 2024-03-24 00:00:00+00:00, run_after=2024-03-25 00:00:00+00:00
[2024-03-25T15:18:19.643+0000] {processor.py:183} INFO - Processing /opt/airflow/dags/dag_with_catchup_and_backfill.py took 0.411 seconds
[2024-03-25T15:18:49.807+0000] {processor.py:161} INFO - Started process (PID=423) to work on /opt/airflow/dags/dag_with_catchup_and_backfill.py
[2024-03-25T15:18:49.810+0000] {processor.py:830} INFO - Processing file /opt/airflow/dags/dag_with_catchup_and_backfill.py for tasks to queue
[2024-03-25T15:18:49.813+0000] {logging_mixin.py:188} INFO - [2024-03-25T15:18:49.812+0000] {dagbag.py:540} INFO - Filling up the DagBag from /opt/airflow/dags/dag_with_catchup_and_backfill.py
[2024-03-25T15:18:49.849+0000] {processor.py:840} INFO - DAG(s) 'dag_with_catchup_backfill_v03' retrieved from /opt/airflow/dags/dag_with_catchup_and_backfill.py
[2024-03-25T15:18:49.943+0000] {logging_mixin.py:188} INFO - [2024-03-25T15:18:49.943+0000] {dag.py:3047} INFO - Sync 1 DAGs
[2024-03-25T15:18:50.025+0000] {logging_mixin.py:188} INFO - [2024-03-25T15:18:50.024+0000] {dag.py:3834} INFO - Setting next_dagrun for dag_with_catchup_backfill_v03 to 2024-03-24 00:00:00+00:00, run_after=2024-03-25 00:00:00+00:00
[2024-03-25T15:18:50.070+0000] {processor.py:183} INFO - Processing /opt/airflow/dags/dag_with_catchup_and_backfill.py took 0.274 seconds
[2024-03-25T15:19:20.729+0000] {processor.py:161} INFO - Started process (PID=470) to work on /opt/airflow/dags/dag_with_catchup_and_backfill.py
[2024-03-25T15:19:20.737+0000] {processor.py:830} INFO - Processing file /opt/airflow/dags/dag_with_catchup_and_backfill.py for tasks to queue
[2024-03-25T15:19:20.745+0000] {logging_mixin.py:188} INFO - [2024-03-25T15:19:20.743+0000] {dagbag.py:540} INFO - Filling up the DagBag from /opt/airflow/dags/dag_with_catchup_and_backfill.py
[2024-03-25T15:19:20.836+0000] {processor.py:840} INFO - DAG(s) 'dag_with_catchup_backfill_v03' retrieved from /opt/airflow/dags/dag_with_catchup_and_backfill.py
[2024-03-25T15:19:21.020+0000] {logging_mixin.py:188} INFO - [2024-03-25T15:19:21.019+0000] {dag.py:3047} INFO - Sync 1 DAGs
[2024-03-25T15:19:21.095+0000] {logging_mixin.py:188} INFO - [2024-03-25T15:19:21.095+0000] {dag.py:3834} INFO - Setting next_dagrun for dag_with_catchup_backfill_v03 to 2024-03-24 00:00:00+00:00, run_after=2024-03-25 00:00:00+00:00
[2024-03-25T15:19:21.144+0000] {processor.py:183} INFO - Processing /opt/airflow/dags/dag_with_catchup_and_backfill.py took 0.446 seconds
[2024-03-25T15:19:51.834+0000] {processor.py:161} INFO - Started process (PID=516) to work on /opt/airflow/dags/dag_with_catchup_and_backfill.py
[2024-03-25T15:19:51.841+0000] {processor.py:830} INFO - Processing file /opt/airflow/dags/dag_with_catchup_and_backfill.py for tasks to queue
[2024-03-25T15:19:51.852+0000] {logging_mixin.py:188} INFO - [2024-03-25T15:19:51.849+0000] {dagbag.py:540} INFO - Filling up the DagBag from /opt/airflow/dags/dag_with_catchup_and_backfill.py
[2024-03-25T15:19:51.947+0000] {processor.py:840} INFO - DAG(s) 'dag_with_catchup_backfill_v03' retrieved from /opt/airflow/dags/dag_with_catchup_and_backfill.py
[2024-03-25T15:19:52.125+0000] {logging_mixin.py:188} INFO - [2024-03-25T15:19:52.123+0000] {dag.py:3047} INFO - Sync 1 DAGs
[2024-03-25T15:19:52.285+0000] {logging_mixin.py:188} INFO - [2024-03-25T15:19:52.284+0000] {dag.py:3834} INFO - Setting next_dagrun for dag_with_catchup_backfill_v03 to 2024-03-24 00:00:00+00:00, run_after=2024-03-25 00:00:00+00:00
[2024-03-25T15:19:52.407+0000] {processor.py:183} INFO - Processing /opt/airflow/dags/dag_with_catchup_and_backfill.py took 0.610 seconds
[2024-03-25T15:20:22.677+0000] {processor.py:161} INFO - Started process (PID=562) to work on /opt/airflow/dags/dag_with_catchup_and_backfill.py
[2024-03-25T15:20:22.683+0000] {processor.py:830} INFO - Processing file /opt/airflow/dags/dag_with_catchup_and_backfill.py for tasks to queue
[2024-03-25T15:20:22.691+0000] {logging_mixin.py:188} INFO - [2024-03-25T15:20:22.689+0000] {dagbag.py:540} INFO - Filling up the DagBag from /opt/airflow/dags/dag_with_catchup_and_backfill.py
[2024-03-25T15:20:22.772+0000] {processor.py:840} INFO - DAG(s) 'dag_with_catchup_backfill_v03' retrieved from /opt/airflow/dags/dag_with_catchup_and_backfill.py
[2024-03-25T15:20:22.939+0000] {logging_mixin.py:188} INFO - [2024-03-25T15:20:22.938+0000] {dag.py:3047} INFO - Sync 1 DAGs
[2024-03-25T15:20:23.033+0000] {logging_mixin.py:188} INFO - [2024-03-25T15:20:23.032+0000] {dag.py:3834} INFO - Setting next_dagrun for dag_with_catchup_backfill_v03 to 2024-03-24 00:00:00+00:00, run_after=2024-03-25 00:00:00+00:00
[2024-03-25T15:20:23.102+0000] {processor.py:183} INFO - Processing /opt/airflow/dags/dag_with_catchup_and_backfill.py took 0.447 seconds
[2024-03-25T15:20:53.445+0000] {processor.py:161} INFO - Started process (PID=608) to work on /opt/airflow/dags/dag_with_catchup_and_backfill.py
[2024-03-25T15:20:53.453+0000] {processor.py:830} INFO - Processing file /opt/airflow/dags/dag_with_catchup_and_backfill.py for tasks to queue
[2024-03-25T15:20:53.462+0000] {logging_mixin.py:188} INFO - [2024-03-25T15:20:53.459+0000] {dagbag.py:540} INFO - Filling up the DagBag from /opt/airflow/dags/dag_with_catchup_and_backfill.py
[2024-03-25T15:20:53.560+0000] {processor.py:840} INFO - DAG(s) 'dag_with_catchup_backfill_v03' retrieved from /opt/airflow/dags/dag_with_catchup_and_backfill.py
[2024-03-25T15:20:53.726+0000] {logging_mixin.py:188} INFO - [2024-03-25T15:20:53.725+0000] {dag.py:3047} INFO - Sync 1 DAGs
[2024-03-25T15:20:53.877+0000] {logging_mixin.py:188} INFO - [2024-03-25T15:20:53.875+0000] {dag.py:3834} INFO - Setting next_dagrun for dag_with_catchup_backfill_v03 to 2024-03-24 00:00:00+00:00, run_after=2024-03-25 00:00:00+00:00
[2024-03-25T15:20:54.007+0000] {processor.py:183} INFO - Processing /opt/airflow/dags/dag_with_catchup_and_backfill.py took 0.591 seconds
[2024-03-25T15:21:24.551+0000] {processor.py:161} INFO - Started process (PID=682) to work on /opt/airflow/dags/dag_with_catchup_and_backfill.py
[2024-03-25T15:21:24.554+0000] {processor.py:830} INFO - Processing file /opt/airflow/dags/dag_with_catchup_and_backfill.py for tasks to queue
[2024-03-25T15:21:24.557+0000] {logging_mixin.py:188} INFO - [2024-03-25T15:21:24.556+0000] {dagbag.py:540} INFO - Filling up the DagBag from /opt/airflow/dags/dag_with_catchup_and_backfill.py
[2024-03-25T15:21:24.593+0000] {processor.py:840} INFO - DAG(s) 'dag_with_catchup_backfill_v03' retrieved from /opt/airflow/dags/dag_with_catchup_and_backfill.py
[2024-03-25T15:21:24.665+0000] {logging_mixin.py:188} INFO - [2024-03-25T15:21:24.665+0000] {dag.py:3047} INFO - Sync 1 DAGs
[2024-03-25T15:21:24.723+0000] {logging_mixin.py:188} INFO - [2024-03-25T15:21:24.723+0000] {dag.py:3834} INFO - Setting next_dagrun for dag_with_catchup_backfill_v03 to 2024-03-24 00:00:00+00:00, run_after=2024-03-25 00:00:00+00:00
[2024-03-25T15:21:24.771+0000] {processor.py:183} INFO - Processing /opt/airflow/dags/dag_with_catchup_and_backfill.py took 0.232 seconds
[2024-03-25T15:21:55.163+0000] {processor.py:161} INFO - Started process (PID=727) to work on /opt/airflow/dags/dag_with_catchup_and_backfill.py
[2024-03-25T15:21:55.167+0000] {processor.py:830} INFO - Processing file /opt/airflow/dags/dag_with_catchup_and_backfill.py for tasks to queue
[2024-03-25T15:21:55.172+0000] {logging_mixin.py:188} INFO - [2024-03-25T15:21:55.171+0000] {dagbag.py:540} INFO - Filling up the DagBag from /opt/airflow/dags/dag_with_catchup_and_backfill.py
[2024-03-25T15:21:55.211+0000] {processor.py:840} INFO - DAG(s) 'dag_with_catchup_backfill_v03' retrieved from /opt/airflow/dags/dag_with_catchup_and_backfill.py
[2024-03-25T15:21:55.297+0000] {logging_mixin.py:188} INFO - [2024-03-25T15:21:55.296+0000] {dag.py:3047} INFO - Sync 1 DAGs
[2024-03-25T15:21:55.395+0000] {logging_mixin.py:188} INFO - [2024-03-25T15:21:55.395+0000] {dag.py:3834} INFO - Setting next_dagrun for dag_with_catchup_backfill_v03 to 2024-03-24 00:00:00+00:00, run_after=2024-03-25 00:00:00+00:00
[2024-03-25T15:21:55.461+0000] {processor.py:183} INFO - Processing /opt/airflow/dags/dag_with_catchup_and_backfill.py took 0.314 seconds
[2024-03-25T15:22:25.563+0000] {processor.py:161} INFO - Started process (PID=773) to work on /opt/airflow/dags/dag_with_catchup_and_backfill.py
[2024-03-25T15:22:25.567+0000] {processor.py:830} INFO - Processing file /opt/airflow/dags/dag_with_catchup_and_backfill.py for tasks to queue
[2024-03-25T15:22:25.572+0000] {logging_mixin.py:188} INFO - [2024-03-25T15:22:25.571+0000] {dagbag.py:540} INFO - Filling up the DagBag from /opt/airflow/dags/dag_with_catchup_and_backfill.py
[2024-03-25T15:22:25.614+0000] {processor.py:840} INFO - DAG(s) 'dag_with_catchup_backfill_v03' retrieved from /opt/airflow/dags/dag_with_catchup_and_backfill.py
[2024-03-25T15:22:25.693+0000] {logging_mixin.py:188} INFO - [2024-03-25T15:22:25.692+0000] {dag.py:3047} INFO - Sync 1 DAGs
[2024-03-25T15:22:25.747+0000] {logging_mixin.py:188} INFO - [2024-03-25T15:22:25.747+0000] {dag.py:3834} INFO - Setting next_dagrun for dag_with_catchup_backfill_v03 to 2024-03-24 00:00:00+00:00, run_after=2024-03-25 00:00:00+00:00
[2024-03-25T15:22:25.796+0000] {processor.py:183} INFO - Processing /opt/airflow/dags/dag_with_catchup_and_backfill.py took 0.251 seconds
[2024-03-25T15:22:56.194+0000] {processor.py:161} INFO - Started process (PID=819) to work on /opt/airflow/dags/dag_with_catchup_and_backfill.py
[2024-03-25T15:22:56.199+0000] {processor.py:830} INFO - Processing file /opt/airflow/dags/dag_with_catchup_and_backfill.py for tasks to queue
[2024-03-25T15:22:56.205+0000] {logging_mixin.py:188} INFO - [2024-03-25T15:22:56.203+0000] {dagbag.py:540} INFO - Filling up the DagBag from /opt/airflow/dags/dag_with_catchup_and_backfill.py
[2024-03-25T15:22:56.281+0000] {processor.py:840} INFO - DAG(s) 'dag_with_catchup_backfill_v03' retrieved from /opt/airflow/dags/dag_with_catchup_and_backfill.py
[2024-03-25T15:22:56.455+0000] {logging_mixin.py:188} INFO - [2024-03-25T15:22:56.455+0000] {dag.py:3047} INFO - Sync 1 DAGs
[2024-03-25T15:22:56.574+0000] {logging_mixin.py:188} INFO - [2024-03-25T15:22:56.573+0000] {dag.py:3834} INFO - Setting next_dagrun for dag_with_catchup_backfill_v03 to 2024-03-24 00:00:00+00:00, run_after=2024-03-25 00:00:00+00:00
[2024-03-25T15:22:56.656+0000] {processor.py:183} INFO - Processing /opt/airflow/dags/dag_with_catchup_and_backfill.py took 0.484 seconds
[2024-03-25T15:23:27.247+0000] {processor.py:161} INFO - Started process (PID=868) to work on /opt/airflow/dags/dag_with_catchup_and_backfill.py
[2024-03-25T15:23:27.253+0000] {processor.py:830} INFO - Processing file /opt/airflow/dags/dag_with_catchup_and_backfill.py for tasks to queue
[2024-03-25T15:23:27.263+0000] {logging_mixin.py:188} INFO - [2024-03-25T15:23:27.260+0000] {dagbag.py:540} INFO - Filling up the DagBag from /opt/airflow/dags/dag_with_catchup_and_backfill.py
[2024-03-25T15:23:27.368+0000] {processor.py:840} INFO - DAG(s) 'dag_with_catchup_backfill_v03' retrieved from /opt/airflow/dags/dag_with_catchup_and_backfill.py
[2024-03-25T15:23:27.589+0000] {logging_mixin.py:188} INFO - [2024-03-25T15:23:27.588+0000] {dag.py:3047} INFO - Sync 1 DAGs
[2024-03-25T15:23:27.743+0000] {logging_mixin.py:188} INFO - [2024-03-25T15:23:27.741+0000] {dag.py:3834} INFO - Setting next_dagrun for dag_with_catchup_backfill_v03 to 2024-03-24 00:00:00+00:00, run_after=2024-03-25 00:00:00+00:00
[2024-03-25T15:23:27.833+0000] {processor.py:183} INFO - Processing /opt/airflow/dags/dag_with_catchup_and_backfill.py took 0.614 seconds
[2024-03-25T15:23:58.108+0000] {processor.py:161} INFO - Started process (PID=917) to work on /opt/airflow/dags/dag_with_catchup_and_backfill.py
[2024-03-25T15:23:58.113+0000] {processor.py:830} INFO - Processing file /opt/airflow/dags/dag_with_catchup_and_backfill.py for tasks to queue
[2024-03-25T15:23:58.128+0000] {logging_mixin.py:188} INFO - [2024-03-25T15:23:58.126+0000] {dagbag.py:540} INFO - Filling up the DagBag from /opt/airflow/dags/dag_with_catchup_and_backfill.py
[2024-03-25T15:23:58.196+0000] {processor.py:840} INFO - DAG(s) 'dag_with_catchup_backfill_v03' retrieved from /opt/airflow/dags/dag_with_catchup_and_backfill.py
[2024-03-25T15:23:58.306+0000] {logging_mixin.py:188} INFO - [2024-03-25T15:23:58.305+0000] {dag.py:3047} INFO - Sync 1 DAGs
[2024-03-25T15:23:58.395+0000] {logging_mixin.py:188} INFO - [2024-03-25T15:23:58.394+0000] {dag.py:3834} INFO - Setting next_dagrun for dag_with_catchup_backfill_v03 to 2024-03-24 00:00:00+00:00, run_after=2024-03-25 00:00:00+00:00
[2024-03-25T15:23:58.495+0000] {processor.py:183} INFO - Processing /opt/airflow/dags/dag_with_catchup_and_backfill.py took 0.414 seconds
[2024-03-25T15:24:28.668+0000] {processor.py:161} INFO - Started process (PID=963) to work on /opt/airflow/dags/dag_with_catchup_and_backfill.py
[2024-03-25T15:24:28.672+0000] {processor.py:830} INFO - Processing file /opt/airflow/dags/dag_with_catchup_and_backfill.py for tasks to queue
[2024-03-25T15:24:28.676+0000] {logging_mixin.py:188} INFO - [2024-03-25T15:24:28.675+0000] {dagbag.py:540} INFO - Filling up the DagBag from /opt/airflow/dags/dag_with_catchup_and_backfill.py
[2024-03-25T15:24:28.718+0000] {processor.py:840} INFO - DAG(s) 'dag_with_catchup_backfill_v03' retrieved from /opt/airflow/dags/dag_with_catchup_and_backfill.py
[2024-03-25T15:24:28.797+0000] {logging_mixin.py:188} INFO - [2024-03-25T15:24:28.796+0000] {dag.py:3047} INFO - Sync 1 DAGs
[2024-03-25T15:24:28.870+0000] {logging_mixin.py:188} INFO - [2024-03-25T15:24:28.870+0000] {dag.py:3834} INFO - Setting next_dagrun for dag_with_catchup_backfill_v03 to 2024-03-24 00:00:00+00:00, run_after=2024-03-25 00:00:00+00:00
[2024-03-25T15:24:28.929+0000] {processor.py:183} INFO - Processing /opt/airflow/dags/dag_with_catchup_and_backfill.py took 0.274 seconds
[2024-03-25T15:24:59.185+0000] {processor.py:161} INFO - Started process (PID=1008) to work on /opt/airflow/dags/dag_with_catchup_and_backfill.py
[2024-03-25T15:24:59.193+0000] {processor.py:830} INFO - Processing file /opt/airflow/dags/dag_with_catchup_and_backfill.py for tasks to queue
[2024-03-25T15:24:59.202+0000] {logging_mixin.py:188} INFO - [2024-03-25T15:24:59.199+0000] {dagbag.py:540} INFO - Filling up the DagBag from /opt/airflow/dags/dag_with_catchup_and_backfill.py
[2024-03-25T15:24:59.291+0000] {processor.py:840} INFO - DAG(s) 'dag_with_catchup_backfill_v03' retrieved from /opt/airflow/dags/dag_with_catchup_and_backfill.py
[2024-03-25T15:24:59.354+0000] {logging_mixin.py:188} INFO - [2024-03-25T15:24:59.353+0000] {dag.py:3047} INFO - Sync 1 DAGs
[2024-03-25T15:24:59.408+0000] {logging_mixin.py:188} INFO - [2024-03-25T15:24:59.407+0000] {dag.py:3834} INFO - Setting next_dagrun for dag_with_catchup_backfill_v03 to 2024-03-24 00:00:00+00:00, run_after=2024-03-25 00:00:00+00:00
[2024-03-25T15:24:59.447+0000] {processor.py:183} INFO - Processing /opt/airflow/dags/dag_with_catchup_and_backfill.py took 0.294 seconds
[2024-03-25T15:25:30.309+0000] {processor.py:161} INFO - Started process (PID=1054) to work on /opt/airflow/dags/dag_with_catchup_and_backfill.py
[2024-03-25T15:25:30.320+0000] {processor.py:830} INFO - Processing file /opt/airflow/dags/dag_with_catchup_and_backfill.py for tasks to queue
[2024-03-25T15:25:30.327+0000] {logging_mixin.py:188} INFO - [2024-03-25T15:25:30.325+0000] {dagbag.py:540} INFO - Filling up the DagBag from /opt/airflow/dags/dag_with_catchup_and_backfill.py
[2024-03-25T15:25:30.358+0000] {processor.py:840} INFO - DAG(s) 'dag_with_catchup_backfill_v03' retrieved from /opt/airflow/dags/dag_with_catchup_and_backfill.py
[2024-03-25T15:25:30.419+0000] {logging_mixin.py:188} INFO - [2024-03-25T15:25:30.418+0000] {dag.py:3047} INFO - Sync 1 DAGs
[2024-03-25T15:25:30.481+0000] {logging_mixin.py:188} INFO - [2024-03-25T15:25:30.481+0000] {dag.py:3834} INFO - Setting next_dagrun for dag_with_catchup_backfill_v03 to 2024-03-24 00:00:00+00:00, run_after=2024-03-25 00:00:00+00:00
[2024-03-25T15:25:30.533+0000] {processor.py:183} INFO - Processing /opt/airflow/dags/dag_with_catchup_and_backfill.py took 0.258 seconds
[2024-03-25T15:26:01.396+0000] {processor.py:161} INFO - Started process (PID=1113) to work on /opt/airflow/dags/dag_with_catchup_and_backfill.py
[2024-03-25T15:26:01.410+0000] {processor.py:830} INFO - Processing file /opt/airflow/dags/dag_with_catchup_and_backfill.py for tasks to queue
[2024-03-25T15:26:01.419+0000] {logging_mixin.py:188} INFO - [2024-03-25T15:26:01.418+0000] {dagbag.py:540} INFO - Filling up the DagBag from /opt/airflow/dags/dag_with_catchup_and_backfill.py
[2024-03-25T15:26:01.557+0000] {processor.py:840} INFO - DAG(s) 'dag_with_catchup_backfill_v03' retrieved from /opt/airflow/dags/dag_with_catchup_and_backfill.py
[2024-03-25T15:26:01.684+0000] {logging_mixin.py:188} INFO - [2024-03-25T15:26:01.684+0000] {dag.py:3047} INFO - Sync 1 DAGs
[2024-03-25T15:26:02.043+0000] {logging_mixin.py:188} INFO - [2024-03-25T15:26:02.027+0000] {dag.py:3834} INFO - Setting next_dagrun for dag_with_catchup_backfill_v03 to 2024-03-24 00:00:00+00:00, run_after=2024-03-25 00:00:00+00:00
[2024-03-25T15:26:02.220+0000] {processor.py:183} INFO - Processing /opt/airflow/dags/dag_with_catchup_and_backfill.py took 0.891 seconds
[2024-03-25T15:26:33.079+0000] {processor.py:161} INFO - Started process (PID=1236) to work on /opt/airflow/dags/dag_with_catchup_and_backfill.py
[2024-03-25T15:26:33.082+0000] {processor.py:830} INFO - Processing file /opt/airflow/dags/dag_with_catchup_and_backfill.py for tasks to queue
[2024-03-25T15:26:33.086+0000] {logging_mixin.py:188} INFO - [2024-03-25T15:26:33.085+0000] {dagbag.py:540} INFO - Filling up the DagBag from /opt/airflow/dags/dag_with_catchup_and_backfill.py
[2024-03-25T15:26:33.125+0000] {processor.py:840} INFO - DAG(s) 'dag_with_catchup_backfill_v03' retrieved from /opt/airflow/dags/dag_with_catchup_and_backfill.py
[2024-03-25T15:26:33.195+0000] {logging_mixin.py:188} INFO - [2024-03-25T15:26:33.195+0000] {dag.py:3047} INFO - Sync 1 DAGs
[2024-03-25T15:26:33.266+0000] {logging_mixin.py:188} INFO - [2024-03-25T15:26:33.266+0000] {dag.py:3834} INFO - Setting next_dagrun for dag_with_catchup_backfill_v03 to 2024-03-24 00:00:00+00:00, run_after=2024-03-25 00:00:00+00:00
[2024-03-25T15:26:33.313+0000] {processor.py:183} INFO - Processing /opt/airflow/dags/dag_with_catchup_and_backfill.py took 0.244 seconds
[2024-03-25T15:27:03.695+0000] {processor.py:161} INFO - Started process (PID=1283) to work on /opt/airflow/dags/dag_with_catchup_and_backfill.py
[2024-03-25T15:27:03.704+0000] {processor.py:830} INFO - Processing file /opt/airflow/dags/dag_with_catchup_and_backfill.py for tasks to queue
[2024-03-25T15:27:03.715+0000] {logging_mixin.py:188} INFO - [2024-03-25T15:27:03.711+0000] {dagbag.py:540} INFO - Filling up the DagBag from /opt/airflow/dags/dag_with_catchup_and_backfill.py
[2024-03-25T15:27:03.797+0000] {processor.py:840} INFO - DAG(s) 'dag_with_catchup_backfill_v03' retrieved from /opt/airflow/dags/dag_with_catchup_and_backfill.py
[2024-03-25T15:27:03.881+0000] {logging_mixin.py:188} INFO - [2024-03-25T15:27:03.880+0000] {dag.py:3047} INFO - Sync 1 DAGs
[2024-03-25T15:27:03.965+0000] {logging_mixin.py:188} INFO - [2024-03-25T15:27:03.964+0000] {dag.py:3834} INFO - Setting next_dagrun for dag_with_catchup_backfill_v03 to 2024-03-24 00:00:00+00:00, run_after=2024-03-25 00:00:00+00:00
[2024-03-25T15:27:04.071+0000] {processor.py:183} INFO - Processing /opt/airflow/dags/dag_with_catchup_and_backfill.py took 0.406 seconds
[2024-03-25T15:27:34.247+0000] {processor.py:161} INFO - Started process (PID=1329) to work on /opt/airflow/dags/dag_with_catchup_and_backfill.py
[2024-03-25T15:27:34.250+0000] {processor.py:830} INFO - Processing file /opt/airflow/dags/dag_with_catchup_and_backfill.py for tasks to queue
[2024-03-25T15:27:34.253+0000] {logging_mixin.py:188} INFO - [2024-03-25T15:27:34.252+0000] {dagbag.py:540} INFO - Filling up the DagBag from /opt/airflow/dags/dag_with_catchup_and_backfill.py
[2024-03-25T15:27:34.292+0000] {processor.py:840} INFO - DAG(s) 'dag_with_catchup_backfill_v03' retrieved from /opt/airflow/dags/dag_with_catchup_and_backfill.py
[2024-03-25T15:27:34.353+0000] {logging_mixin.py:188} INFO - [2024-03-25T15:27:34.352+0000] {dag.py:3047} INFO - Sync 1 DAGs
[2024-03-25T15:27:34.407+0000] {logging_mixin.py:188} INFO - [2024-03-25T15:27:34.406+0000] {dag.py:3834} INFO - Setting next_dagrun for dag_with_catchup_backfill_v03 to 2024-03-24 00:00:00+00:00, run_after=2024-03-25 00:00:00+00:00
[2024-03-25T15:27:34.447+0000] {processor.py:183} INFO - Processing /opt/airflow/dags/dag_with_catchup_and_backfill.py took 0.213 seconds
[2024-03-25T15:28:05.422+0000] {processor.py:161} INFO - Started process (PID=1376) to work on /opt/airflow/dags/dag_with_catchup_and_backfill.py
[2024-03-25T15:28:05.429+0000] {processor.py:830} INFO - Processing file /opt/airflow/dags/dag_with_catchup_and_backfill.py for tasks to queue
[2024-03-25T15:28:05.436+0000] {logging_mixin.py:188} INFO - [2024-03-25T15:28:05.434+0000] {dagbag.py:540} INFO - Filling up the DagBag from /opt/airflow/dags/dag_with_catchup_and_backfill.py
[2024-03-25T15:28:05.515+0000] {processor.py:840} INFO - DAG(s) 'dag_with_catchup_backfill_v03' retrieved from /opt/airflow/dags/dag_with_catchup_and_backfill.py
[2024-03-25T15:28:05.683+0000] {logging_mixin.py:188} INFO - [2024-03-25T15:28:05.681+0000] {dag.py:3047} INFO - Sync 1 DAGs
[2024-03-25T15:28:05.834+0000] {logging_mixin.py:188} INFO - [2024-03-25T15:28:05.833+0000] {dag.py:3834} INFO - Setting next_dagrun for dag_with_catchup_backfill_v03 to 2024-03-24 00:00:00+00:00, run_after=2024-03-25 00:00:00+00:00
[2024-03-25T15:28:05.930+0000] {processor.py:183} INFO - Processing /opt/airflow/dags/dag_with_catchup_and_backfill.py took 0.532 seconds
[2024-03-25T15:28:36.701+0000] {processor.py:161} INFO - Started process (PID=1433) to work on /opt/airflow/dags/dag_with_catchup_and_backfill.py
[2024-03-25T15:28:36.705+0000] {processor.py:830} INFO - Processing file /opt/airflow/dags/dag_with_catchup_and_backfill.py for tasks to queue
[2024-03-25T15:28:36.708+0000] {logging_mixin.py:188} INFO - [2024-03-25T15:28:36.707+0000] {dagbag.py:540} INFO - Filling up the DagBag from /opt/airflow/dags/dag_with_catchup_and_backfill.py
[2024-03-25T15:28:36.744+0000] {processor.py:840} INFO - DAG(s) 'dag_with_catchup_backfill_v03' retrieved from /opt/airflow/dags/dag_with_catchup_and_backfill.py
[2024-03-25T15:28:36.818+0000] {logging_mixin.py:188} INFO - [2024-03-25T15:28:36.817+0000] {dag.py:3047} INFO - Sync 1 DAGs
[2024-03-25T15:28:36.887+0000] {logging_mixin.py:188} INFO - [2024-03-25T15:28:36.886+0000] {dag.py:3834} INFO - Setting next_dagrun for dag_with_catchup_backfill_v03 to 2024-03-24 00:00:00+00:00, run_after=2024-03-25 00:00:00+00:00
[2024-03-25T15:28:36.945+0000] {processor.py:183} INFO - Processing /opt/airflow/dags/dag_with_catchup_and_backfill.py took 0.257 seconds
[2024-03-25T15:29:07.843+0000] {processor.py:161} INFO - Started process (PID=1481) to work on /opt/airflow/dags/dag_with_catchup_and_backfill.py
[2024-03-25T15:29:07.849+0000] {processor.py:830} INFO - Processing file /opt/airflow/dags/dag_with_catchup_and_backfill.py for tasks to queue
[2024-03-25T15:29:07.860+0000] {logging_mixin.py:188} INFO - [2024-03-25T15:29:07.856+0000] {dagbag.py:540} INFO - Filling up the DagBag from /opt/airflow/dags/dag_with_catchup_and_backfill.py
[2024-03-25T15:29:07.938+0000] {processor.py:840} INFO - DAG(s) 'dag_with_catchup_backfill_v03' retrieved from /opt/airflow/dags/dag_with_catchup_and_backfill.py
[2024-03-25T15:29:08.082+0000] {logging_mixin.py:188} INFO - [2024-03-25T15:29:08.081+0000] {dag.py:3047} INFO - Sync 1 DAGs
[2024-03-25T15:29:08.194+0000] {logging_mixin.py:188} INFO - [2024-03-25T15:29:08.193+0000] {dag.py:3834} INFO - Setting next_dagrun for dag_with_catchup_backfill_v03 to 2024-03-24 00:00:00+00:00, run_after=2024-03-25 00:00:00+00:00
[2024-03-25T15:29:08.278+0000] {processor.py:183} INFO - Processing /opt/airflow/dags/dag_with_catchup_and_backfill.py took 0.460 seconds
[2024-03-25T15:29:38.735+0000] {processor.py:161} INFO - Started process (PID=1527) to work on /opt/airflow/dags/dag_with_catchup_and_backfill.py
[2024-03-25T15:29:38.742+0000] {processor.py:830} INFO - Processing file /opt/airflow/dags/dag_with_catchup_and_backfill.py for tasks to queue
[2024-03-25T15:29:38.748+0000] {logging_mixin.py:188} INFO - [2024-03-25T15:29:38.746+0000] {dagbag.py:540} INFO - Filling up the DagBag from /opt/airflow/dags/dag_with_catchup_and_backfill.py
[2024-03-25T15:29:38.807+0000] {processor.py:840} INFO - DAG(s) 'dag_with_catchup_backfill_v03' retrieved from /opt/airflow/dags/dag_with_catchup_and_backfill.py
[2024-03-25T15:29:38.872+0000] {logging_mixin.py:188} INFO - [2024-03-25T15:29:38.872+0000] {dag.py:3047} INFO - Sync 1 DAGs
[2024-03-25T15:29:38.919+0000] {logging_mixin.py:188} INFO - [2024-03-25T15:29:38.918+0000] {dag.py:3834} INFO - Setting next_dagrun for dag_with_catchup_backfill_v03 to 2024-03-24 00:00:00+00:00, run_after=2024-03-25 00:00:00+00:00
[2024-03-25T15:29:38.957+0000] {processor.py:183} INFO - Processing /opt/airflow/dags/dag_with_catchup_and_backfill.py took 0.244 seconds
[2024-03-25T15:30:09.601+0000] {processor.py:161} INFO - Started process (PID=1573) to work on /opt/airflow/dags/dag_with_catchup_and_backfill.py
[2024-03-25T15:30:09.605+0000] {processor.py:830} INFO - Processing file /opt/airflow/dags/dag_with_catchup_and_backfill.py for tasks to queue
[2024-03-25T15:30:09.610+0000] {logging_mixin.py:188} INFO - [2024-03-25T15:30:09.609+0000] {dagbag.py:540} INFO - Filling up the DagBag from /opt/airflow/dags/dag_with_catchup_and_backfill.py
[2024-03-25T15:30:09.654+0000] {processor.py:840} INFO - DAG(s) 'dag_with_catchup_backfill_v03' retrieved from /opt/airflow/dags/dag_with_catchup_and_backfill.py
[2024-03-25T15:30:09.719+0000] {logging_mixin.py:188} INFO - [2024-03-25T15:30:09.718+0000] {dag.py:3047} INFO - Sync 1 DAGs
[2024-03-25T15:30:09.765+0000] {logging_mixin.py:188} INFO - [2024-03-25T15:30:09.765+0000] {dag.py:3834} INFO - Setting next_dagrun for dag_with_catchup_backfill_v03 to 2024-03-24 00:00:00+00:00, run_after=2024-03-25 00:00:00+00:00
[2024-03-25T15:30:09.802+0000] {processor.py:183} INFO - Processing /opt/airflow/dags/dag_with_catchup_and_backfill.py took 0.216 seconds
[2024-03-25T15:30:40.616+0000] {processor.py:161} INFO - Started process (PID=1619) to work on /opt/airflow/dags/dag_with_catchup_and_backfill.py
[2024-03-25T15:30:40.621+0000] {processor.py:830} INFO - Processing file /opt/airflow/dags/dag_with_catchup_and_backfill.py for tasks to queue
[2024-03-25T15:30:40.628+0000] {logging_mixin.py:188} INFO - [2024-03-25T15:30:40.626+0000] {dagbag.py:540} INFO - Filling up the DagBag from /opt/airflow/dags/dag_with_catchup_and_backfill.py
[2024-03-25T15:30:40.665+0000] {processor.py:840} INFO - DAG(s) 'dag_with_catchup_backfill_v03' retrieved from /opt/airflow/dags/dag_with_catchup_and_backfill.py
[2024-03-25T15:30:40.715+0000] {logging_mixin.py:188} INFO - [2024-03-25T15:30:40.715+0000] {dag.py:3047} INFO - Sync 1 DAGs
[2024-03-25T15:30:40.761+0000] {logging_mixin.py:188} INFO - [2024-03-25T15:30:40.760+0000] {dag.py:3834} INFO - Setting next_dagrun for dag_with_catchup_backfill_v03 to 2024-03-24 00:00:00+00:00, run_after=2024-03-25 00:00:00+00:00
[2024-03-25T15:30:40.797+0000] {processor.py:183} INFO - Processing /opt/airflow/dags/dag_with_catchup_and_backfill.py took 0.205 seconds
[2024-03-25T15:31:11.115+0000] {processor.py:161} INFO - Started process (PID=1666) to work on /opt/airflow/dags/dag_with_catchup_and_backfill.py
[2024-03-25T15:31:11.120+0000] {processor.py:830} INFO - Processing file /opt/airflow/dags/dag_with_catchup_and_backfill.py for tasks to queue
[2024-03-25T15:31:11.125+0000] {logging_mixin.py:188} INFO - [2024-03-25T15:31:11.123+0000] {dagbag.py:540} INFO - Filling up the DagBag from /opt/airflow/dags/dag_with_catchup_and_backfill.py
[2024-03-25T15:31:11.187+0000] {processor.py:840} INFO - DAG(s) 'dag_with_catchup_backfill_v03' retrieved from /opt/airflow/dags/dag_with_catchup_and_backfill.py
[2024-03-25T15:31:11.273+0000] {logging_mixin.py:188} INFO - [2024-03-25T15:31:11.272+0000] {dag.py:3047} INFO - Sync 1 DAGs
[2024-03-25T15:31:11.329+0000] {logging_mixin.py:188} INFO - [2024-03-25T15:31:11.328+0000] {dag.py:3834} INFO - Setting next_dagrun for dag_with_catchup_backfill_v03 to 2024-03-24 00:00:00+00:00, run_after=2024-03-25 00:00:00+00:00
[2024-03-25T15:31:11.363+0000] {processor.py:183} INFO - Processing /opt/airflow/dags/dag_with_catchup_and_backfill.py took 0.270 seconds
