[2024-03-25T15:16:16.409+0000] {processor.py:161} INFO - Started process (PID=165) to work on /opt/airflow/dags/dag_with_postgres_hooks.py
[2024-03-25T15:16:16.435+0000] {processor.py:830} INFO - Processing file /opt/airflow/dags/dag_with_postgres_hooks.py for tasks to queue
[2024-03-25T15:16:16.444+0000] {logging_mixin.py:188} INFO - [2024-03-25T15:16:16.440+0000] {dagbag.py:540} INFO - Filling up the DagBag from /opt/airflow/dags/dag_with_postgres_hooks.py
[2024-03-25T15:16:16.498+0000] {processor.py:840} INFO - DAG(s) 'dag_with_postgres_hooks_v05' retrieved from /opt/airflow/dags/dag_with_postgres_hooks.py
[2024-03-25T15:16:16.934+0000] {logging_mixin.py:188} INFO - [2024-03-25T15:16:16.934+0000] {dag.py:3047} INFO - Sync 1 DAGs
[2024-03-25T15:16:16.992+0000] {logging_mixin.py:188} INFO - [2024-03-25T15:16:16.992+0000] {dag.py:3834} INFO - Setting next_dagrun for dag_with_postgres_hooks_v05 to 2024-03-13 00:00:00+00:00, run_after=2024-03-14 00:00:00+00:00
[2024-03-25T15:16:17.035+0000] {processor.py:183} INFO - Processing /opt/airflow/dags/dag_with_postgres_hooks.py took 0.638 seconds
[2024-03-25T15:16:47.208+0000] {processor.py:161} INFO - Started process (PID=235) to work on /opt/airflow/dags/dag_with_postgres_hooks.py
[2024-03-25T15:16:47.214+0000] {processor.py:830} INFO - Processing file /opt/airflow/dags/dag_with_postgres_hooks.py for tasks to queue
[2024-03-25T15:16:47.223+0000] {logging_mixin.py:188} INFO - [2024-03-25T15:16:47.221+0000] {dagbag.py:540} INFO - Filling up the DagBag from /opt/airflow/dags/dag_with_postgres_hooks.py
[2024-03-25T15:16:47.321+0000] {processor.py:840} INFO - DAG(s) 'dag_with_postgres_hooks_v05' retrieved from /opt/airflow/dags/dag_with_postgres_hooks.py
[2024-03-25T15:16:47.475+0000] {logging_mixin.py:188} INFO - [2024-03-25T15:16:47.474+0000] {dag.py:3047} INFO - Sync 1 DAGs
[2024-03-25T15:16:47.639+0000] {logging_mixin.py:188} INFO - [2024-03-25T15:16:47.637+0000] {dag.py:3834} INFO - Setting next_dagrun for dag_with_postgres_hooks_v05 to 2024-03-25 00:00:00+00:00, run_after=2024-03-26 00:00:00+00:00
[2024-03-25T15:16:47.736+0000] {processor.py:183} INFO - Processing /opt/airflow/dags/dag_with_postgres_hooks.py took 0.553 seconds
[2024-03-25T15:17:18.028+0000] {processor.py:161} INFO - Started process (PID=281) to work on /opt/airflow/dags/dag_with_postgres_hooks.py
[2024-03-25T15:17:18.035+0000] {processor.py:830} INFO - Processing file /opt/airflow/dags/dag_with_postgres_hooks.py for tasks to queue
[2024-03-25T15:17:18.043+0000] {logging_mixin.py:188} INFO - [2024-03-25T15:17:18.041+0000] {dagbag.py:540} INFO - Filling up the DagBag from /opt/airflow/dags/dag_with_postgres_hooks.py
[2024-03-25T15:17:18.089+0000] {processor.py:840} INFO - DAG(s) 'dag_with_postgres_hooks_v05' retrieved from /opt/airflow/dags/dag_with_postgres_hooks.py
[2024-03-25T15:17:18.159+0000] {logging_mixin.py:188} INFO - [2024-03-25T15:17:18.159+0000] {dag.py:3047} INFO - Sync 1 DAGs
[2024-03-25T15:17:18.212+0000] {logging_mixin.py:188} INFO - [2024-03-25T15:17:18.211+0000] {dag.py:3834} INFO - Setting next_dagrun for dag_with_postgres_hooks_v05 to 2024-03-25 00:00:00+00:00, run_after=2024-03-26 00:00:00+00:00
[2024-03-25T15:17:18.252+0000] {processor.py:183} INFO - Processing /opt/airflow/dags/dag_with_postgres_hooks.py took 0.249 seconds
[2024-03-25T15:17:48.365+0000] {processor.py:161} INFO - Started process (PID=327) to work on /opt/airflow/dags/dag_with_postgres_hooks.py
[2024-03-25T15:17:48.370+0000] {processor.py:830} INFO - Processing file /opt/airflow/dags/dag_with_postgres_hooks.py for tasks to queue
[2024-03-25T15:17:48.378+0000] {logging_mixin.py:188} INFO - [2024-03-25T15:17:48.376+0000] {dagbag.py:540} INFO - Filling up the DagBag from /opt/airflow/dags/dag_with_postgres_hooks.py
[2024-03-25T15:17:48.447+0000] {processor.py:840} INFO - DAG(s) 'dag_with_postgres_hooks_v05' retrieved from /opt/airflow/dags/dag_with_postgres_hooks.py
[2024-03-25T15:17:48.608+0000] {logging_mixin.py:188} INFO - [2024-03-25T15:17:48.608+0000] {dag.py:3047} INFO - Sync 1 DAGs
[2024-03-25T15:17:48.677+0000] {logging_mixin.py:188} INFO - [2024-03-25T15:17:48.676+0000] {dag.py:3834} INFO - Setting next_dagrun for dag_with_postgres_hooks_v05 to 2024-03-25 00:00:00+00:00, run_after=2024-03-26 00:00:00+00:00
[2024-03-25T15:17:48.713+0000] {processor.py:183} INFO - Processing /opt/airflow/dags/dag_with_postgres_hooks.py took 0.369 seconds
[2024-03-25T15:18:19.223+0000] {processor.py:161} INFO - Started process (PID=374) to work on /opt/airflow/dags/dag_with_postgres_hooks.py
[2024-03-25T15:18:19.229+0000] {processor.py:830} INFO - Processing file /opt/airflow/dags/dag_with_postgres_hooks.py for tasks to queue
[2024-03-25T15:18:19.235+0000] {logging_mixin.py:188} INFO - [2024-03-25T15:18:19.233+0000] {dagbag.py:540} INFO - Filling up the DagBag from /opt/airflow/dags/dag_with_postgres_hooks.py
[2024-03-25T15:18:19.300+0000] {processor.py:840} INFO - DAG(s) 'dag_with_postgres_hooks_v05' retrieved from /opt/airflow/dags/dag_with_postgres_hooks.py
[2024-03-25T15:18:19.394+0000] {logging_mixin.py:188} INFO - [2024-03-25T15:18:19.393+0000] {dag.py:3047} INFO - Sync 1 DAGs
[2024-03-25T15:18:19.514+0000] {logging_mixin.py:188} INFO - [2024-03-25T15:18:19.512+0000] {dag.py:3834} INFO - Setting next_dagrun for dag_with_postgres_hooks_v05 to 2024-03-25 00:00:00+00:00, run_after=2024-03-26 00:00:00+00:00
[2024-03-25T15:18:19.607+0000] {processor.py:183} INFO - Processing /opt/airflow/dags/dag_with_postgres_hooks.py took 0.403 seconds
[2024-03-25T15:18:49.796+0000] {processor.py:161} INFO - Started process (PID=420) to work on /opt/airflow/dags/dag_with_postgres_hooks.py
[2024-03-25T15:18:49.800+0000] {processor.py:830} INFO - Processing file /opt/airflow/dags/dag_with_postgres_hooks.py for tasks to queue
[2024-03-25T15:18:49.804+0000] {logging_mixin.py:188} INFO - [2024-03-25T15:18:49.803+0000] {dagbag.py:540} INFO - Filling up the DagBag from /opt/airflow/dags/dag_with_postgres_hooks.py
[2024-03-25T15:18:49.853+0000] {processor.py:840} INFO - DAG(s) 'dag_with_postgres_hooks_v05' retrieved from /opt/airflow/dags/dag_with_postgres_hooks.py
[2024-03-25T15:18:49.939+0000] {logging_mixin.py:188} INFO - [2024-03-25T15:18:49.939+0000] {dag.py:3047} INFO - Sync 1 DAGs
[2024-03-25T15:18:50.016+0000] {logging_mixin.py:188} INFO - [2024-03-25T15:18:50.015+0000] {dag.py:3834} INFO - Setting next_dagrun for dag_with_postgres_hooks_v05 to 2024-03-25 00:00:00+00:00, run_after=2024-03-26 00:00:00+00:00
[2024-03-25T15:18:50.079+0000] {processor.py:183} INFO - Processing /opt/airflow/dags/dag_with_postgres_hooks.py took 0.296 seconds
[2024-03-25T15:19:20.685+0000] {processor.py:161} INFO - Started process (PID=467) to work on /opt/airflow/dags/dag_with_postgres_hooks.py
[2024-03-25T15:19:20.693+0000] {processor.py:830} INFO - Processing file /opt/airflow/dags/dag_with_postgres_hooks.py for tasks to queue
[2024-03-25T15:19:20.703+0000] {logging_mixin.py:188} INFO - [2024-03-25T15:19:20.699+0000] {dagbag.py:540} INFO - Filling up the DagBag from /opt/airflow/dags/dag_with_postgres_hooks.py
[2024-03-25T15:19:20.800+0000] {processor.py:840} INFO - DAG(s) 'dag_with_postgres_hooks_v05' retrieved from /opt/airflow/dags/dag_with_postgres_hooks.py
[2024-03-25T15:19:21.002+0000] {logging_mixin.py:188} INFO - [2024-03-25T15:19:21.000+0000] {dag.py:3047} INFO - Sync 1 DAGs
[2024-03-25T15:19:21.088+0000] {logging_mixin.py:188} INFO - [2024-03-25T15:19:21.087+0000] {dag.py:3834} INFO - Setting next_dagrun for dag_with_postgres_hooks_v05 to 2024-03-25 00:00:00+00:00, run_after=2024-03-26 00:00:00+00:00
[2024-03-25T15:19:21.141+0000] {processor.py:183} INFO - Processing /opt/airflow/dags/dag_with_postgres_hooks.py took 0.484 seconds
[2024-03-25T15:19:51.776+0000] {processor.py:161} INFO - Started process (PID=513) to work on /opt/airflow/dags/dag_with_postgres_hooks.py
[2024-03-25T15:19:51.785+0000] {processor.py:830} INFO - Processing file /opt/airflow/dags/dag_with_postgres_hooks.py for tasks to queue
[2024-03-25T15:19:51.794+0000] {logging_mixin.py:188} INFO - [2024-03-25T15:19:51.791+0000] {dagbag.py:540} INFO - Filling up the DagBag from /opt/airflow/dags/dag_with_postgres_hooks.py
[2024-03-25T15:19:51.906+0000] {processor.py:840} INFO - DAG(s) 'dag_with_postgres_hooks_v05' retrieved from /opt/airflow/dags/dag_with_postgres_hooks.py
[2024-03-25T15:19:52.089+0000] {logging_mixin.py:188} INFO - [2024-03-25T15:19:52.088+0000] {dag.py:3047} INFO - Sync 1 DAGs
[2024-03-25T15:19:52.249+0000] {logging_mixin.py:188} INFO - [2024-03-25T15:19:52.248+0000] {dag.py:3834} INFO - Setting next_dagrun for dag_with_postgres_hooks_v05 to 2024-03-25 00:00:00+00:00, run_after=2024-03-26 00:00:00+00:00
[2024-03-25T15:19:52.391+0000] {processor.py:183} INFO - Processing /opt/airflow/dags/dag_with_postgres_hooks.py took 0.641 seconds
[2024-03-25T15:20:22.634+0000] {processor.py:161} INFO - Started process (PID=559) to work on /opt/airflow/dags/dag_with_postgres_hooks.py
[2024-03-25T15:20:22.641+0000] {processor.py:830} INFO - Processing file /opt/airflow/dags/dag_with_postgres_hooks.py for tasks to queue
[2024-03-25T15:20:22.650+0000] {logging_mixin.py:188} INFO - [2024-03-25T15:20:22.647+0000] {dagbag.py:540} INFO - Filling up the DagBag from /opt/airflow/dags/dag_with_postgres_hooks.py
[2024-03-25T15:20:22.723+0000] {processor.py:840} INFO - DAG(s) 'dag_with_postgres_hooks_v05' retrieved from /opt/airflow/dags/dag_with_postgres_hooks.py
[2024-03-25T15:20:22.903+0000] {logging_mixin.py:188} INFO - [2024-03-25T15:20:22.901+0000] {dag.py:3047} INFO - Sync 1 DAGs
[2024-03-25T15:20:23.016+0000] {logging_mixin.py:188} INFO - [2024-03-25T15:20:23.015+0000] {dag.py:3834} INFO - Setting next_dagrun for dag_with_postgres_hooks_v05 to 2024-03-25 00:00:00+00:00, run_after=2024-03-26 00:00:00+00:00
[2024-03-25T15:20:23.079+0000] {processor.py:183} INFO - Processing /opt/airflow/dags/dag_with_postgres_hooks.py took 0.469 seconds
[2024-03-25T15:20:53.400+0000] {processor.py:161} INFO - Started process (PID=605) to work on /opt/airflow/dags/dag_with_postgres_hooks.py
[2024-03-25T15:20:53.408+0000] {processor.py:830} INFO - Processing file /opt/airflow/dags/dag_with_postgres_hooks.py for tasks to queue
[2024-03-25T15:20:53.416+0000] {logging_mixin.py:188} INFO - [2024-03-25T15:20:53.413+0000] {dagbag.py:540} INFO - Filling up the DagBag from /opt/airflow/dags/dag_with_postgres_hooks.py
[2024-03-25T15:20:53.501+0000] {processor.py:840} INFO - DAG(s) 'dag_with_postgres_hooks_v05' retrieved from /opt/airflow/dags/dag_with_postgres_hooks.py
[2024-03-25T15:20:53.669+0000] {logging_mixin.py:188} INFO - [2024-03-25T15:20:53.668+0000] {dag.py:3047} INFO - Sync 1 DAGs
[2024-03-25T15:20:53.817+0000] {logging_mixin.py:188} INFO - [2024-03-25T15:20:53.815+0000] {dag.py:3834} INFO - Setting next_dagrun for dag_with_postgres_hooks_v05 to 2024-03-25 00:00:00+00:00, run_after=2024-03-26 00:00:00+00:00
[2024-03-25T15:20:53.945+0000] {processor.py:183} INFO - Processing /opt/airflow/dags/dag_with_postgres_hooks.py took 0.573 seconds
[2024-03-25T15:21:24.529+0000] {processor.py:161} INFO - Started process (PID=679) to work on /opt/airflow/dags/dag_with_postgres_hooks.py
[2024-03-25T15:21:24.532+0000] {processor.py:830} INFO - Processing file /opt/airflow/dags/dag_with_postgres_hooks.py for tasks to queue
[2024-03-25T15:21:24.536+0000] {logging_mixin.py:188} INFO - [2024-03-25T15:21:24.535+0000] {dagbag.py:540} INFO - Filling up the DagBag from /opt/airflow/dags/dag_with_postgres_hooks.py
[2024-03-25T15:21:24.570+0000] {processor.py:840} INFO - DAG(s) 'dag_with_postgres_hooks_v05' retrieved from /opt/airflow/dags/dag_with_postgres_hooks.py
[2024-03-25T15:21:24.645+0000] {logging_mixin.py:188} INFO - [2024-03-25T15:21:24.644+0000] {dag.py:3047} INFO - Sync 1 DAGs
[2024-03-25T15:21:24.702+0000] {logging_mixin.py:188} INFO - [2024-03-25T15:21:24.702+0000] {dag.py:3834} INFO - Setting next_dagrun for dag_with_postgres_hooks_v05 to 2024-03-25 00:00:00+00:00, run_after=2024-03-26 00:00:00+00:00
[2024-03-25T15:21:24.747+0000] {processor.py:183} INFO - Processing /opt/airflow/dags/dag_with_postgres_hooks.py took 0.229 seconds
[2024-03-25T15:21:55.133+0000] {processor.py:161} INFO - Started process (PID=724) to work on /opt/airflow/dags/dag_with_postgres_hooks.py
[2024-03-25T15:21:55.139+0000] {processor.py:830} INFO - Processing file /opt/airflow/dags/dag_with_postgres_hooks.py for tasks to queue
[2024-03-25T15:21:55.150+0000] {logging_mixin.py:188} INFO - [2024-03-25T15:21:55.148+0000] {dagbag.py:540} INFO - Filling up the DagBag from /opt/airflow/dags/dag_with_postgres_hooks.py
[2024-03-25T15:21:55.195+0000] {processor.py:840} INFO - DAG(s) 'dag_with_postgres_hooks_v05' retrieved from /opt/airflow/dags/dag_with_postgres_hooks.py
[2024-03-25T15:21:55.280+0000] {logging_mixin.py:188} INFO - [2024-03-25T15:21:55.280+0000] {dag.py:3047} INFO - Sync 1 DAGs
[2024-03-25T15:21:55.368+0000] {logging_mixin.py:188} INFO - [2024-03-25T15:21:55.367+0000] {dag.py:3834} INFO - Setting next_dagrun for dag_with_postgres_hooks_v05 to 2024-03-25 00:00:00+00:00, run_after=2024-03-26 00:00:00+00:00
[2024-03-25T15:21:55.431+0000] {processor.py:183} INFO - Processing /opt/airflow/dags/dag_with_postgres_hooks.py took 0.317 seconds
[2024-03-25T15:22:25.544+0000] {processor.py:161} INFO - Started process (PID=770) to work on /opt/airflow/dags/dag_with_postgres_hooks.py
[2024-03-25T15:22:25.546+0000] {processor.py:830} INFO - Processing file /opt/airflow/dags/dag_with_postgres_hooks.py for tasks to queue
[2024-03-25T15:22:25.549+0000] {logging_mixin.py:188} INFO - [2024-03-25T15:22:25.548+0000] {dagbag.py:540} INFO - Filling up the DagBag from /opt/airflow/dags/dag_with_postgres_hooks.py
[2024-03-25T15:22:25.588+0000] {processor.py:840} INFO - DAG(s) 'dag_with_postgres_hooks_v05' retrieved from /opt/airflow/dags/dag_with_postgres_hooks.py
[2024-03-25T15:22:25.654+0000] {logging_mixin.py:188} INFO - [2024-03-25T15:22:25.654+0000] {dag.py:3047} INFO - Sync 1 DAGs
[2024-03-25T15:22:25.714+0000] {logging_mixin.py:188} INFO - [2024-03-25T15:22:25.714+0000] {dag.py:3834} INFO - Setting next_dagrun for dag_with_postgres_hooks_v05 to 2024-03-25 00:00:00+00:00, run_after=2024-03-26 00:00:00+00:00
[2024-03-25T15:22:25.772+0000] {processor.py:183} INFO - Processing /opt/airflow/dags/dag_with_postgres_hooks.py took 0.236 seconds
[2024-03-25T15:22:56.154+0000] {processor.py:161} INFO - Started process (PID=816) to work on /opt/airflow/dags/dag_with_postgres_hooks.py
[2024-03-25T15:22:56.160+0000] {processor.py:830} INFO - Processing file /opt/airflow/dags/dag_with_postgres_hooks.py for tasks to queue
[2024-03-25T15:22:56.167+0000] {logging_mixin.py:188} INFO - [2024-03-25T15:22:56.164+0000] {dagbag.py:540} INFO - Filling up the DagBag from /opt/airflow/dags/dag_with_postgres_hooks.py
[2024-03-25T15:22:56.239+0000] {processor.py:840} INFO - DAG(s) 'dag_with_postgres_hooks_v05' retrieved from /opt/airflow/dags/dag_with_postgres_hooks.py
[2024-03-25T15:22:56.391+0000] {logging_mixin.py:188} INFO - [2024-03-25T15:22:56.390+0000] {dag.py:3047} INFO - Sync 1 DAGs
[2024-03-25T15:22:56.517+0000] {logging_mixin.py:188} INFO - [2024-03-25T15:22:56.516+0000] {dag.py:3834} INFO - Setting next_dagrun for dag_with_postgres_hooks_v05 to 2024-03-25 00:00:00+00:00, run_after=2024-03-26 00:00:00+00:00
[2024-03-25T15:22:56.658+0000] {processor.py:183} INFO - Processing /opt/airflow/dags/dag_with_postgres_hooks.py took 0.524 seconds
[2024-03-25T15:23:27.209+0000] {processor.py:161} INFO - Started process (PID=865) to work on /opt/airflow/dags/dag_with_postgres_hooks.py
[2024-03-25T15:23:27.215+0000] {processor.py:830} INFO - Processing file /opt/airflow/dags/dag_with_postgres_hooks.py for tasks to queue
[2024-03-25T15:23:27.223+0000] {logging_mixin.py:188} INFO - [2024-03-25T15:23:27.221+0000] {dagbag.py:540} INFO - Filling up the DagBag from /opt/airflow/dags/dag_with_postgres_hooks.py
[2024-03-25T15:23:27.322+0000] {processor.py:840} INFO - DAG(s) 'dag_with_postgres_hooks_v05' retrieved from /opt/airflow/dags/dag_with_postgres_hooks.py
[2024-03-25T15:23:27.547+0000] {logging_mixin.py:188} INFO - [2024-03-25T15:23:27.545+0000] {dag.py:3047} INFO - Sync 1 DAGs
[2024-03-25T15:23:27.667+0000] {logging_mixin.py:188} INFO - [2024-03-25T15:23:27.667+0000] {dag.py:3834} INFO - Setting next_dagrun for dag_with_postgres_hooks_v05 to 2024-03-25 00:00:00+00:00, run_after=2024-03-26 00:00:00+00:00
[2024-03-25T15:23:27.777+0000] {processor.py:183} INFO - Processing /opt/airflow/dags/dag_with_postgres_hooks.py took 0.597 seconds
[2024-03-25T15:23:58.039+0000] {processor.py:161} INFO - Started process (PID=914) to work on /opt/airflow/dags/dag_with_postgres_hooks.py
[2024-03-25T15:23:58.059+0000] {processor.py:830} INFO - Processing file /opt/airflow/dags/dag_with_postgres_hooks.py for tasks to queue
[2024-03-25T15:23:58.076+0000] {logging_mixin.py:188} INFO - [2024-03-25T15:23:58.067+0000] {dagbag.py:540} INFO - Filling up the DagBag from /opt/airflow/dags/dag_with_postgres_hooks.py
[2024-03-25T15:23:58.161+0000] {processor.py:840} INFO - DAG(s) 'dag_with_postgres_hooks_v05' retrieved from /opt/airflow/dags/dag_with_postgres_hooks.py
[2024-03-25T15:23:58.281+0000] {logging_mixin.py:188} INFO - [2024-03-25T15:23:58.281+0000] {dag.py:3047} INFO - Sync 1 DAGs
[2024-03-25T15:23:58.375+0000] {logging_mixin.py:188} INFO - [2024-03-25T15:23:58.374+0000] {dag.py:3834} INFO - Setting next_dagrun for dag_with_postgres_hooks_v05 to 2024-03-25 00:00:00+00:00, run_after=2024-03-26 00:00:00+00:00
[2024-03-25T15:23:58.458+0000] {processor.py:183} INFO - Processing /opt/airflow/dags/dag_with_postgres_hooks.py took 0.462 seconds
[2024-03-25T15:24:28.644+0000] {processor.py:161} INFO - Started process (PID=960) to work on /opt/airflow/dags/dag_with_postgres_hooks.py
[2024-03-25T15:24:28.647+0000] {processor.py:830} INFO - Processing file /opt/airflow/dags/dag_with_postgres_hooks.py for tasks to queue
[2024-03-25T15:24:28.652+0000] {logging_mixin.py:188} INFO - [2024-03-25T15:24:28.651+0000] {dagbag.py:540} INFO - Filling up the DagBag from /opt/airflow/dags/dag_with_postgres_hooks.py
[2024-03-25T15:24:28.716+0000] {processor.py:840} INFO - DAG(s) 'dag_with_postgres_hooks_v05' retrieved from /opt/airflow/dags/dag_with_postgres_hooks.py
[2024-03-25T15:24:28.797+0000] {logging_mixin.py:188} INFO - [2024-03-25T15:24:28.796+0000] {dag.py:3047} INFO - Sync 1 DAGs
[2024-03-25T15:24:28.870+0000] {logging_mixin.py:188} INFO - [2024-03-25T15:24:28.870+0000] {dag.py:3834} INFO - Setting next_dagrun for dag_with_postgres_hooks_v05 to 2024-03-25 00:00:00+00:00, run_after=2024-03-26 00:00:00+00:00
[2024-03-25T15:24:28.929+0000] {processor.py:183} INFO - Processing /opt/airflow/dags/dag_with_postgres_hooks.py took 0.297 seconds
[2024-03-25T15:24:59.136+0000] {processor.py:161} INFO - Started process (PID=1005) to work on /opt/airflow/dags/dag_with_postgres_hooks.py
[2024-03-25T15:24:59.142+0000] {processor.py:830} INFO - Processing file /opt/airflow/dags/dag_with_postgres_hooks.py for tasks to queue
[2024-03-25T15:24:59.152+0000] {logging_mixin.py:188} INFO - [2024-03-25T15:24:59.148+0000] {dagbag.py:540} INFO - Filling up the DagBag from /opt/airflow/dags/dag_with_postgres_hooks.py
[2024-03-25T15:24:59.247+0000] {processor.py:840} INFO - DAG(s) 'dag_with_postgres_hooks_v05' retrieved from /opt/airflow/dags/dag_with_postgres_hooks.py
[2024-03-25T15:24:59.352+0000] {logging_mixin.py:188} INFO - [2024-03-25T15:24:59.351+0000] {dag.py:3047} INFO - Sync 1 DAGs
[2024-03-25T15:24:59.406+0000] {logging_mixin.py:188} INFO - [2024-03-25T15:24:59.405+0000] {dag.py:3834} INFO - Setting next_dagrun for dag_with_postgres_hooks_v05 to 2024-03-25 00:00:00+00:00, run_after=2024-03-26 00:00:00+00:00
[2024-03-25T15:24:59.449+0000] {processor.py:183} INFO - Processing /opt/airflow/dags/dag_with_postgres_hooks.py took 0.338 seconds
[2024-03-25T15:25:30.249+0000] {processor.py:161} INFO - Started process (PID=1051) to work on /opt/airflow/dags/dag_with_postgres_hooks.py
[2024-03-25T15:25:30.257+0000] {processor.py:830} INFO - Processing file /opt/airflow/dags/dag_with_postgres_hooks.py for tasks to queue
[2024-03-25T15:25:30.270+0000] {logging_mixin.py:188} INFO - [2024-03-25T15:25:30.267+0000] {dagbag.py:540} INFO - Filling up the DagBag from /opt/airflow/dags/dag_with_postgres_hooks.py
[2024-03-25T15:25:30.342+0000] {processor.py:840} INFO - DAG(s) 'dag_with_postgres_hooks_v05' retrieved from /opt/airflow/dags/dag_with_postgres_hooks.py
[2024-03-25T15:25:30.407+0000] {logging_mixin.py:188} INFO - [2024-03-25T15:25:30.407+0000] {dag.py:3047} INFO - Sync 1 DAGs
[2024-03-25T15:25:30.475+0000] {logging_mixin.py:188} INFO - [2024-03-25T15:25:30.474+0000] {dag.py:3834} INFO - Setting next_dagrun for dag_with_postgres_hooks_v05 to 2024-03-25 00:00:00+00:00, run_after=2024-03-26 00:00:00+00:00
[2024-03-25T15:25:30.524+0000] {processor.py:183} INFO - Processing /opt/airflow/dags/dag_with_postgres_hooks.py took 0.296 seconds
[2024-03-25T15:26:01.320+0000] {processor.py:161} INFO - Started process (PID=1110) to work on /opt/airflow/dags/dag_with_postgres_hooks.py
[2024-03-25T15:26:01.328+0000] {processor.py:830} INFO - Processing file /opt/airflow/dags/dag_with_postgres_hooks.py for tasks to queue
[2024-03-25T15:26:01.346+0000] {logging_mixin.py:188} INFO - [2024-03-25T15:26:01.336+0000] {dagbag.py:540} INFO - Filling up the DagBag from /opt/airflow/dags/dag_with_postgres_hooks.py
[2024-03-25T15:26:01.482+0000] {processor.py:840} INFO - DAG(s) 'dag_with_postgres_hooks_v05' retrieved from /opt/airflow/dags/dag_with_postgres_hooks.py
[2024-03-25T15:26:01.666+0000] {logging_mixin.py:188} INFO - [2024-03-25T15:26:01.666+0000] {dag.py:3047} INFO - Sync 1 DAGs
[2024-03-25T15:26:02.015+0000] {logging_mixin.py:188} INFO - [2024-03-25T15:26:02.015+0000] {dag.py:3834} INFO - Setting next_dagrun for dag_with_postgres_hooks_v05 to 2024-03-25 00:00:00+00:00, run_after=2024-03-26 00:00:00+00:00
[2024-03-25T15:26:02.202+0000] {processor.py:183} INFO - Processing /opt/airflow/dags/dag_with_postgres_hooks.py took 0.927 seconds
[2024-03-25T15:26:33.059+0000] {processor.py:161} INFO - Started process (PID=1233) to work on /opt/airflow/dags/dag_with_postgres_hooks.py
[2024-03-25T15:26:33.062+0000] {processor.py:830} INFO - Processing file /opt/airflow/dags/dag_with_postgres_hooks.py for tasks to queue
[2024-03-25T15:26:33.065+0000] {logging_mixin.py:188} INFO - [2024-03-25T15:26:33.064+0000] {dagbag.py:540} INFO - Filling up the DagBag from /opt/airflow/dags/dag_with_postgres_hooks.py
[2024-03-25T15:26:33.098+0000] {processor.py:840} INFO - DAG(s) 'dag_with_postgres_hooks_v05' retrieved from /opt/airflow/dags/dag_with_postgres_hooks.py
[2024-03-25T15:26:33.161+0000] {logging_mixin.py:188} INFO - [2024-03-25T15:26:33.160+0000] {dag.py:3047} INFO - Sync 1 DAGs
[2024-03-25T15:26:33.221+0000] {logging_mixin.py:188} INFO - [2024-03-25T15:26:33.220+0000] {dag.py:3834} INFO - Setting next_dagrun for dag_with_postgres_hooks_v05 to 2024-03-25 00:00:00+00:00, run_after=2024-03-26 00:00:00+00:00
[2024-03-25T15:26:33.267+0000] {processor.py:183} INFO - Processing /opt/airflow/dags/dag_with_postgres_hooks.py took 0.216 seconds
[2024-03-25T15:27:03.630+0000] {processor.py:161} INFO - Started process (PID=1280) to work on /opt/airflow/dags/dag_with_postgres_hooks.py
[2024-03-25T15:27:03.639+0000] {processor.py:830} INFO - Processing file /opt/airflow/dags/dag_with_postgres_hooks.py for tasks to queue
[2024-03-25T15:27:03.651+0000] {logging_mixin.py:188} INFO - [2024-03-25T15:27:03.647+0000] {dagbag.py:540} INFO - Filling up the DagBag from /opt/airflow/dags/dag_with_postgres_hooks.py
[2024-03-25T15:27:03.755+0000] {processor.py:840} INFO - DAG(s) 'dag_with_postgres_hooks_v05' retrieved from /opt/airflow/dags/dag_with_postgres_hooks.py
[2024-03-25T15:27:03.861+0000] {logging_mixin.py:188} INFO - [2024-03-25T15:27:03.860+0000] {dag.py:3047} INFO - Sync 1 DAGs
[2024-03-25T15:27:03.939+0000] {logging_mixin.py:188} INFO - [2024-03-25T15:27:03.938+0000] {dag.py:3834} INFO - Setting next_dagrun for dag_with_postgres_hooks_v05 to 2024-03-25 00:00:00+00:00, run_after=2024-03-26 00:00:00+00:00
[2024-03-25T15:27:04.057+0000] {processor.py:183} INFO - Processing /opt/airflow/dags/dag_with_postgres_hooks.py took 0.456 seconds
[2024-03-25T15:27:34.228+0000] {processor.py:161} INFO - Started process (PID=1326) to work on /opt/airflow/dags/dag_with_postgres_hooks.py
[2024-03-25T15:27:34.232+0000] {processor.py:830} INFO - Processing file /opt/airflow/dags/dag_with_postgres_hooks.py for tasks to queue
[2024-03-25T15:27:34.235+0000] {logging_mixin.py:188} INFO - [2024-03-25T15:27:34.234+0000] {dagbag.py:540} INFO - Filling up the DagBag from /opt/airflow/dags/dag_with_postgres_hooks.py
[2024-03-25T15:27:34.275+0000] {processor.py:840} INFO - DAG(s) 'dag_with_postgres_hooks_v05' retrieved from /opt/airflow/dags/dag_with_postgres_hooks.py
[2024-03-25T15:27:34.338+0000] {logging_mixin.py:188} INFO - [2024-03-25T15:27:34.337+0000] {dag.py:3047} INFO - Sync 1 DAGs
[2024-03-25T15:27:34.394+0000] {logging_mixin.py:188} INFO - [2024-03-25T15:27:34.393+0000] {dag.py:3834} INFO - Setting next_dagrun for dag_with_postgres_hooks_v05 to 2024-03-25 00:00:00+00:00, run_after=2024-03-26 00:00:00+00:00
[2024-03-25T15:27:34.439+0000] {processor.py:183} INFO - Processing /opt/airflow/dags/dag_with_postgres_hooks.py took 0.224 seconds
[2024-03-25T15:28:05.397+0000] {processor.py:161} INFO - Started process (PID=1373) to work on /opt/airflow/dags/dag_with_postgres_hooks.py
[2024-03-25T15:28:05.406+0000] {processor.py:830} INFO - Processing file /opt/airflow/dags/dag_with_postgres_hooks.py for tasks to queue
[2024-03-25T15:28:05.415+0000] {logging_mixin.py:188} INFO - [2024-03-25T15:28:05.413+0000] {dagbag.py:540} INFO - Filling up the DagBag from /opt/airflow/dags/dag_with_postgres_hooks.py
[2024-03-25T15:28:05.498+0000] {processor.py:840} INFO - DAG(s) 'dag_with_postgres_hooks_v05' retrieved from /opt/airflow/dags/dag_with_postgres_hooks.py
[2024-03-25T15:28:05.679+0000] {logging_mixin.py:188} INFO - [2024-03-25T15:28:05.677+0000] {dag.py:3047} INFO - Sync 1 DAGs
[2024-03-25T15:28:05.836+0000] {logging_mixin.py:188} INFO - [2024-03-25T15:28:05.835+0000] {dag.py:3834} INFO - Setting next_dagrun for dag_with_postgres_hooks_v05 to 2024-03-25 00:00:00+00:00, run_after=2024-03-26 00:00:00+00:00
[2024-03-25T15:28:05.925+0000] {processor.py:183} INFO - Processing /opt/airflow/dags/dag_with_postgres_hooks.py took 0.554 seconds
[2024-03-25T15:28:36.666+0000] {processor.py:161} INFO - Started process (PID=1430) to work on /opt/airflow/dags/dag_with_postgres_hooks.py
[2024-03-25T15:28:36.672+0000] {processor.py:830} INFO - Processing file /opt/airflow/dags/dag_with_postgres_hooks.py for tasks to queue
[2024-03-25T15:28:36.678+0000] {logging_mixin.py:188} INFO - [2024-03-25T15:28:36.676+0000] {dagbag.py:540} INFO - Filling up the DagBag from /opt/airflow/dags/dag_with_postgres_hooks.py
[2024-03-25T15:28:36.722+0000] {processor.py:840} INFO - DAG(s) 'dag_with_postgres_hooks_v05' retrieved from /opt/airflow/dags/dag_with_postgres_hooks.py
[2024-03-25T15:28:36.810+0000] {logging_mixin.py:188} INFO - [2024-03-25T15:28:36.810+0000] {dag.py:3047} INFO - Sync 1 DAGs
[2024-03-25T15:28:36.908+0000] {logging_mixin.py:188} INFO - [2024-03-25T15:28:36.907+0000] {dag.py:3834} INFO - Setting next_dagrun for dag_with_postgres_hooks_v05 to 2024-03-25 00:00:00+00:00, run_after=2024-03-26 00:00:00+00:00
[2024-03-25T15:28:36.972+0000] {processor.py:183} INFO - Processing /opt/airflow/dags/dag_with_postgres_hooks.py took 0.334 seconds
[2024-03-25T15:29:07.805+0000] {processor.py:161} INFO - Started process (PID=1478) to work on /opt/airflow/dags/dag_with_postgres_hooks.py
[2024-03-25T15:29:07.810+0000] {processor.py:830} INFO - Processing file /opt/airflow/dags/dag_with_postgres_hooks.py for tasks to queue
[2024-03-25T15:29:07.820+0000] {logging_mixin.py:188} INFO - [2024-03-25T15:29:07.818+0000] {dagbag.py:540} INFO - Filling up the DagBag from /opt/airflow/dags/dag_with_postgres_hooks.py
[2024-03-25T15:29:07.912+0000] {processor.py:840} INFO - DAG(s) 'dag_with_postgres_hooks_v05' retrieved from /opt/airflow/dags/dag_with_postgres_hooks.py
[2024-03-25T15:29:08.067+0000] {logging_mixin.py:188} INFO - [2024-03-25T15:29:08.066+0000] {dag.py:3047} INFO - Sync 1 DAGs
[2024-03-25T15:29:08.183+0000] {logging_mixin.py:188} INFO - [2024-03-25T15:29:08.182+0000] {dag.py:3834} INFO - Setting next_dagrun for dag_with_postgres_hooks_v05 to 2024-03-25 00:00:00+00:00, run_after=2024-03-26 00:00:00+00:00
[2024-03-25T15:29:08.275+0000] {processor.py:183} INFO - Processing /opt/airflow/dags/dag_with_postgres_hooks.py took 0.488 seconds
[2024-03-25T15:29:38.700+0000] {processor.py:161} INFO - Started process (PID=1524) to work on /opt/airflow/dags/dag_with_postgres_hooks.py
[2024-03-25T15:29:38.706+0000] {processor.py:830} INFO - Processing file /opt/airflow/dags/dag_with_postgres_hooks.py for tasks to queue
[2024-03-25T15:29:38.713+0000] {logging_mixin.py:188} INFO - [2024-03-25T15:29:38.711+0000] {dagbag.py:540} INFO - Filling up the DagBag from /opt/airflow/dags/dag_with_postgres_hooks.py
[2024-03-25T15:29:38.787+0000] {processor.py:840} INFO - DAG(s) 'dag_with_postgres_hooks_v05' retrieved from /opt/airflow/dags/dag_with_postgres_hooks.py
[2024-03-25T15:29:38.858+0000] {logging_mixin.py:188} INFO - [2024-03-25T15:29:38.857+0000] {dag.py:3047} INFO - Sync 1 DAGs
[2024-03-25T15:29:38.905+0000] {logging_mixin.py:188} INFO - [2024-03-25T15:29:38.905+0000] {dag.py:3834} INFO - Setting next_dagrun for dag_with_postgres_hooks_v05 to 2024-03-25 00:00:00+00:00, run_after=2024-03-26 00:00:00+00:00
[2024-03-25T15:29:38.946+0000] {processor.py:183} INFO - Processing /opt/airflow/dags/dag_with_postgres_hooks.py took 0.267 seconds
[2024-03-25T15:30:09.571+0000] {processor.py:161} INFO - Started process (PID=1570) to work on /opt/airflow/dags/dag_with_postgres_hooks.py
[2024-03-25T15:30:09.578+0000] {processor.py:830} INFO - Processing file /opt/airflow/dags/dag_with_postgres_hooks.py for tasks to queue
[2024-03-25T15:30:09.585+0000] {logging_mixin.py:188} INFO - [2024-03-25T15:30:09.583+0000] {dagbag.py:540} INFO - Filling up the DagBag from /opt/airflow/dags/dag_with_postgres_hooks.py
[2024-03-25T15:30:09.632+0000] {processor.py:840} INFO - DAG(s) 'dag_with_postgres_hooks_v05' retrieved from /opt/airflow/dags/dag_with_postgres_hooks.py
[2024-03-25T15:30:09.706+0000] {logging_mixin.py:188} INFO - [2024-03-25T15:30:09.705+0000] {dag.py:3047} INFO - Sync 1 DAGs
[2024-03-25T15:30:09.751+0000] {logging_mixin.py:188} INFO - [2024-03-25T15:30:09.751+0000] {dag.py:3834} INFO - Setting next_dagrun for dag_with_postgres_hooks_v05 to 2024-03-25 00:00:00+00:00, run_after=2024-03-26 00:00:00+00:00
[2024-03-25T15:30:09.793+0000] {processor.py:183} INFO - Processing /opt/airflow/dags/dag_with_postgres_hooks.py took 0.250 seconds
[2024-03-25T15:30:40.589+0000] {processor.py:161} INFO - Started process (PID=1616) to work on /opt/airflow/dags/dag_with_postgres_hooks.py
[2024-03-25T15:30:40.595+0000] {processor.py:830} INFO - Processing file /opt/airflow/dags/dag_with_postgres_hooks.py for tasks to queue
[2024-03-25T15:30:40.601+0000] {logging_mixin.py:188} INFO - [2024-03-25T15:30:40.599+0000] {dagbag.py:540} INFO - Filling up the DagBag from /opt/airflow/dags/dag_with_postgres_hooks.py
[2024-03-25T15:30:40.652+0000] {processor.py:840} INFO - DAG(s) 'dag_with_postgres_hooks_v05' retrieved from /opt/airflow/dags/dag_with_postgres_hooks.py
[2024-03-25T15:30:40.704+0000] {logging_mixin.py:188} INFO - [2024-03-25T15:30:40.703+0000] {dag.py:3047} INFO - Sync 1 DAGs
[2024-03-25T15:30:40.751+0000] {logging_mixin.py:188} INFO - [2024-03-25T15:30:40.751+0000] {dag.py:3834} INFO - Setting next_dagrun for dag_with_postgres_hooks_v05 to 2024-03-25 00:00:00+00:00, run_after=2024-03-26 00:00:00+00:00
[2024-03-25T15:30:40.793+0000] {processor.py:183} INFO - Processing /opt/airflow/dags/dag_with_postgres_hooks.py took 0.231 seconds
[2024-03-25T15:31:11.084+0000] {processor.py:161} INFO - Started process (PID=1663) to work on /opt/airflow/dags/dag_with_postgres_hooks.py
[2024-03-25T15:31:11.089+0000] {processor.py:830} INFO - Processing file /opt/airflow/dags/dag_with_postgres_hooks.py for tasks to queue
[2024-03-25T15:31:11.095+0000] {logging_mixin.py:188} INFO - [2024-03-25T15:31:11.093+0000] {dagbag.py:540} INFO - Filling up the DagBag from /opt/airflow/dags/dag_with_postgres_hooks.py
[2024-03-25T15:31:11.159+0000] {processor.py:840} INFO - DAG(s) 'dag_with_postgres_hooks_v05' retrieved from /opt/airflow/dags/dag_with_postgres_hooks.py
[2024-03-25T15:31:11.249+0000] {logging_mixin.py:188} INFO - [2024-03-25T15:31:11.248+0000] {dag.py:3047} INFO - Sync 1 DAGs
[2024-03-25T15:31:11.313+0000] {logging_mixin.py:188} INFO - [2024-03-25T15:31:11.313+0000] {dag.py:3834} INFO - Setting next_dagrun for dag_with_postgres_hooks_v05 to 2024-03-25 00:00:00+00:00, run_after=2024-03-26 00:00:00+00:00
[2024-03-25T15:31:11.351+0000] {processor.py:183} INFO - Processing /opt/airflow/dags/dag_with_postgres_hooks.py took 0.286 seconds
