[2024-03-25T15:16:18.783+0000] {processor.py:161} INFO - Started process (PID=195) to work on /opt/airflow/dags/dag_with_taskflow_api.py
[2024-03-25T15:16:18.787+0000] {processor.py:830} INFO - Processing file /opt/airflow/dags/dag_with_taskflow_api.py for tasks to queue
[2024-03-25T15:16:18.804+0000] {logging_mixin.py:188} INFO - [2024-03-25T15:16:18.803+0000] {dagbag.py:540} INFO - Filling up the DagBag from /opt/airflow/dags/dag_with_taskflow_api.py
[2024-03-25T15:16:18.932+0000] {processor.py:840} INFO - DAG(s) 'dag_with_taskflow_api_v02' retrieved from /opt/airflow/dags/dag_with_taskflow_api.py
[2024-03-25T15:16:19.512+0000] {logging_mixin.py:188} INFO - [2024-03-25T15:16:19.511+0000] {dag.py:3047} INFO - Sync 1 DAGs
[2024-03-25T15:16:19.676+0000] {logging_mixin.py:188} INFO - [2024-03-25T15:16:19.676+0000] {dag.py:3834} INFO - Setting next_dagrun for dag_with_taskflow_api_v02 to 2024-03-11 00:00:00+00:00, run_after=2024-03-12 00:00:00+00:00
[2024-03-25T15:16:19.846+0000] {processor.py:183} INFO - Processing /opt/airflow/dags/dag_with_taskflow_api.py took 1.076 seconds
[2024-03-25T15:16:50.901+0000] {processor.py:161} INFO - Started process (PID=260) to work on /opt/airflow/dags/dag_with_taskflow_api.py
[2024-03-25T15:16:50.908+0000] {processor.py:830} INFO - Processing file /opt/airflow/dags/dag_with_taskflow_api.py for tasks to queue
[2024-03-25T15:16:50.918+0000] {logging_mixin.py:188} INFO - [2024-03-25T15:16:50.913+0000] {dagbag.py:540} INFO - Filling up the DagBag from /opt/airflow/dags/dag_with_taskflow_api.py
[2024-03-25T15:16:51.020+0000] {processor.py:840} INFO - DAG(s) 'dag_with_taskflow_api_v02' retrieved from /opt/airflow/dags/dag_with_taskflow_api.py
[2024-03-25T15:16:51.182+0000] {logging_mixin.py:188} INFO - [2024-03-25T15:16:51.180+0000] {dag.py:3047} INFO - Sync 1 DAGs
[2024-03-25T15:16:51.273+0000] {logging_mixin.py:188} INFO - [2024-03-25T15:16:51.273+0000] {dag.py:3834} INFO - Setting next_dagrun for dag_with_taskflow_api_v02 to 2024-03-11 00:00:00+00:00, run_after=2024-03-12 00:00:00+00:00
[2024-03-25T15:16:51.314+0000] {processor.py:183} INFO - Processing /opt/airflow/dags/dag_with_taskflow_api.py took 0.437 seconds
[2024-03-25T15:17:21.466+0000] {processor.py:161} INFO - Started process (PID=306) to work on /opt/airflow/dags/dag_with_taskflow_api.py
[2024-03-25T15:17:21.473+0000] {processor.py:830} INFO - Processing file /opt/airflow/dags/dag_with_taskflow_api.py for tasks to queue
[2024-03-25T15:17:21.481+0000] {logging_mixin.py:188} INFO - [2024-03-25T15:17:21.479+0000] {dagbag.py:540} INFO - Filling up the DagBag from /opt/airflow/dags/dag_with_taskflow_api.py
[2024-03-25T15:17:21.559+0000] {processor.py:840} INFO - DAG(s) 'dag_with_taskflow_api_v02' retrieved from /opt/airflow/dags/dag_with_taskflow_api.py
[2024-03-25T15:17:21.620+0000] {logging_mixin.py:188} INFO - [2024-03-25T15:17:21.620+0000] {dag.py:3047} INFO - Sync 1 DAGs
[2024-03-25T15:17:21.682+0000] {logging_mixin.py:188} INFO - [2024-03-25T15:17:21.682+0000] {dag.py:3834} INFO - Setting next_dagrun for dag_with_taskflow_api_v02 to 2024-03-11 00:00:00+00:00, run_after=2024-03-12 00:00:00+00:00
[2024-03-25T15:17:21.731+0000] {processor.py:183} INFO - Processing /opt/airflow/dags/dag_with_taskflow_api.py took 0.285 seconds
[2024-03-25T15:17:52.125+0000] {processor.py:161} INFO - Started process (PID=352) to work on /opt/airflow/dags/dag_with_taskflow_api.py
[2024-03-25T15:17:52.131+0000] {processor.py:830} INFO - Processing file /opt/airflow/dags/dag_with_taskflow_api.py for tasks to queue
[2024-03-25T15:17:52.138+0000] {logging_mixin.py:188} INFO - [2024-03-25T15:17:52.136+0000] {dagbag.py:540} INFO - Filling up the DagBag from /opt/airflow/dags/dag_with_taskflow_api.py
[2024-03-25T15:17:52.213+0000] {processor.py:840} INFO - DAG(s) 'dag_with_taskflow_api_v02' retrieved from /opt/airflow/dags/dag_with_taskflow_api.py
[2024-03-25T15:17:52.351+0000] {logging_mixin.py:188} INFO - [2024-03-25T15:17:52.350+0000] {dag.py:3047} INFO - Sync 1 DAGs
[2024-03-25T15:17:52.407+0000] {logging_mixin.py:188} INFO - [2024-03-25T15:17:52.407+0000] {dag.py:3834} INFO - Setting next_dagrun for dag_with_taskflow_api_v02 to 2024-03-11 00:00:00+00:00, run_after=2024-03-12 00:00:00+00:00
[2024-03-25T15:17:52.446+0000] {processor.py:183} INFO - Processing /opt/airflow/dags/dag_with_taskflow_api.py took 0.344 seconds
[2024-03-25T15:18:23.378+0000] {processor.py:161} INFO - Started process (PID=399) to work on /opt/airflow/dags/dag_with_taskflow_api.py
[2024-03-25T15:18:23.386+0000] {processor.py:830} INFO - Processing file /opt/airflow/dags/dag_with_taskflow_api.py for tasks to queue
[2024-03-25T15:18:23.399+0000] {logging_mixin.py:188} INFO - [2024-03-25T15:18:23.395+0000] {dagbag.py:540} INFO - Filling up the DagBag from /opt/airflow/dags/dag_with_taskflow_api.py
[2024-03-25T15:18:23.490+0000] {processor.py:840} INFO - DAG(s) 'dag_with_taskflow_api_v02' retrieved from /opt/airflow/dags/dag_with_taskflow_api.py
[2024-03-25T15:18:23.635+0000] {logging_mixin.py:188} INFO - [2024-03-25T15:18:23.633+0000] {dag.py:3047} INFO - Sync 1 DAGs
[2024-03-25T15:18:23.755+0000] {logging_mixin.py:188} INFO - [2024-03-25T15:18:23.755+0000] {dag.py:3834} INFO - Setting next_dagrun for dag_with_taskflow_api_v02 to 2024-03-11 00:00:00+00:00, run_after=2024-03-12 00:00:00+00:00
[2024-03-25T15:18:23.850+0000] {processor.py:183} INFO - Processing /opt/airflow/dags/dag_with_taskflow_api.py took 0.505 seconds
[2024-03-25T15:18:54.131+0000] {processor.py:161} INFO - Started process (PID=445) to work on /opt/airflow/dags/dag_with_taskflow_api.py
[2024-03-25T15:18:54.142+0000] {processor.py:830} INFO - Processing file /opt/airflow/dags/dag_with_taskflow_api.py for tasks to queue
[2024-03-25T15:18:54.162+0000] {logging_mixin.py:188} INFO - [2024-03-25T15:18:54.160+0000] {dagbag.py:540} INFO - Filling up the DagBag from /opt/airflow/dags/dag_with_taskflow_api.py
[2024-03-25T15:18:54.230+0000] {processor.py:840} INFO - DAG(s) 'dag_with_taskflow_api_v02' retrieved from /opt/airflow/dags/dag_with_taskflow_api.py
[2024-03-25T15:18:54.370+0000] {logging_mixin.py:188} INFO - [2024-03-25T15:18:54.367+0000] {dag.py:3047} INFO - Sync 1 DAGs
[2024-03-25T15:18:54.477+0000] {logging_mixin.py:188} INFO - [2024-03-25T15:18:54.476+0000] {dag.py:3834} INFO - Setting next_dagrun for dag_with_taskflow_api_v02 to 2024-03-11 00:00:00+00:00, run_after=2024-03-12 00:00:00+00:00
[2024-03-25T15:18:54.553+0000] {processor.py:183} INFO - Processing /opt/airflow/dags/dag_with_taskflow_api.py took 0.460 seconds
[2024-03-25T15:19:24.936+0000] {processor.py:161} INFO - Started process (PID=497) to work on /opt/airflow/dags/dag_with_taskflow_api.py
[2024-03-25T15:19:24.939+0000] {processor.py:830} INFO - Processing file /opt/airflow/dags/dag_with_taskflow_api.py for tasks to queue
[2024-03-25T15:19:24.943+0000] {logging_mixin.py:188} INFO - [2024-03-25T15:19:24.942+0000] {dagbag.py:540} INFO - Filling up the DagBag from /opt/airflow/dags/dag_with_taskflow_api.py
[2024-03-25T15:19:24.982+0000] {processor.py:840} INFO - DAG(s) 'dag_with_taskflow_api_v02' retrieved from /opt/airflow/dags/dag_with_taskflow_api.py
[2024-03-25T15:19:25.041+0000] {logging_mixin.py:188} INFO - [2024-03-25T15:19:25.040+0000] {dag.py:3047} INFO - Sync 1 DAGs
[2024-03-25T15:19:25.090+0000] {logging_mixin.py:188} INFO - [2024-03-25T15:19:25.090+0000] {dag.py:3834} INFO - Setting next_dagrun for dag_with_taskflow_api_v02 to 2024-03-11 00:00:00+00:00, run_after=2024-03-12 00:00:00+00:00
[2024-03-25T15:19:25.134+0000] {processor.py:183} INFO - Processing /opt/airflow/dags/dag_with_taskflow_api.py took 0.212 seconds
[2024-03-25T15:19:56.174+0000] {processor.py:161} INFO - Started process (PID=541) to work on /opt/airflow/dags/dag_with_taskflow_api.py
[2024-03-25T15:19:56.181+0000] {processor.py:830} INFO - Processing file /opt/airflow/dags/dag_with_taskflow_api.py for tasks to queue
[2024-03-25T15:19:56.187+0000] {logging_mixin.py:188} INFO - [2024-03-25T15:19:56.186+0000] {dagbag.py:540} INFO - Filling up the DagBag from /opt/airflow/dags/dag_with_taskflow_api.py
[2024-03-25T15:19:56.241+0000] {processor.py:840} INFO - DAG(s) 'dag_with_taskflow_api_v02' retrieved from /opt/airflow/dags/dag_with_taskflow_api.py
[2024-03-25T15:19:56.349+0000] {logging_mixin.py:188} INFO - [2024-03-25T15:19:56.348+0000] {dag.py:3047} INFO - Sync 1 DAGs
[2024-03-25T15:19:56.462+0000] {logging_mixin.py:188} INFO - [2024-03-25T15:19:56.461+0000] {dag.py:3834} INFO - Setting next_dagrun for dag_with_taskflow_api_v02 to 2024-03-11 00:00:00+00:00, run_after=2024-03-12 00:00:00+00:00
[2024-03-25T15:19:56.544+0000] {processor.py:183} INFO - Processing /opt/airflow/dags/dag_with_taskflow_api.py took 0.397 seconds
[2024-03-25T15:20:27.125+0000] {processor.py:161} INFO - Started process (PID=584) to work on /opt/airflow/dags/dag_with_taskflow_api.py
[2024-03-25T15:20:27.132+0000] {processor.py:830} INFO - Processing file /opt/airflow/dags/dag_with_taskflow_api.py for tasks to queue
[2024-03-25T15:20:27.138+0000] {logging_mixin.py:188} INFO - [2024-03-25T15:20:27.136+0000] {dagbag.py:540} INFO - Filling up the DagBag from /opt/airflow/dags/dag_with_taskflow_api.py
[2024-03-25T15:20:27.212+0000] {processor.py:840} INFO - DAG(s) 'dag_with_taskflow_api_v02' retrieved from /opt/airflow/dags/dag_with_taskflow_api.py
[2024-03-25T15:20:27.340+0000] {logging_mixin.py:188} INFO - [2024-03-25T15:20:27.339+0000] {dag.py:3047} INFO - Sync 1 DAGs
[2024-03-25T15:20:27.390+0000] {logging_mixin.py:188} INFO - [2024-03-25T15:20:27.389+0000] {dag.py:3834} INFO - Setting next_dagrun for dag_with_taskflow_api_v02 to 2024-03-11 00:00:00+00:00, run_after=2024-03-12 00:00:00+00:00
[2024-03-25T15:20:27.432+0000] {processor.py:183} INFO - Processing /opt/airflow/dags/dag_with_taskflow_api.py took 0.327 seconds
[2024-03-25T15:20:57.594+0000] {processor.py:161} INFO - Started process (PID=639) to work on /opt/airflow/dags/dag_with_taskflow_api.py
[2024-03-25T15:20:57.599+0000] {processor.py:830} INFO - Processing file /opt/airflow/dags/dag_with_taskflow_api.py for tasks to queue
[2024-03-25T15:20:57.606+0000] {logging_mixin.py:188} INFO - [2024-03-25T15:20:57.604+0000] {dagbag.py:540} INFO - Filling up the DagBag from /opt/airflow/dags/dag_with_taskflow_api.py
[2024-03-25T15:20:57.837+0000] {processor.py:840} INFO - DAG(s) 'dag_with_taskflow_api_v02' retrieved from /opt/airflow/dags/dag_with_taskflow_api.py
[2024-03-25T15:20:58.295+0000] {logging_mixin.py:188} INFO - [2024-03-25T15:20:58.294+0000] {dag.py:3047} INFO - Sync 1 DAGs
[2024-03-25T15:20:58.654+0000] {logging_mixin.py:188} INFO - [2024-03-25T15:20:58.654+0000] {dag.py:3834} INFO - Setting next_dagrun for dag_with_taskflow_api_v02 to 2024-03-11 00:00:00+00:00, run_after=2024-03-12 00:00:00+00:00
[2024-03-25T15:20:58.852+0000] {processor.py:183} INFO - Processing /opt/airflow/dags/dag_with_taskflow_api.py took 1.306 seconds
[2024-03-25T15:21:29.237+0000] {processor.py:161} INFO - Started process (PID=704) to work on /opt/airflow/dags/dag_with_taskflow_api.py
[2024-03-25T15:21:29.245+0000] {processor.py:830} INFO - Processing file /opt/airflow/dags/dag_with_taskflow_api.py for tasks to queue
[2024-03-25T15:21:29.256+0000] {logging_mixin.py:188} INFO - [2024-03-25T15:21:29.253+0000] {dagbag.py:540} INFO - Filling up the DagBag from /opt/airflow/dags/dag_with_taskflow_api.py
[2024-03-25T15:21:29.366+0000] {processor.py:840} INFO - DAG(s) 'dag_with_taskflow_api_v02' retrieved from /opt/airflow/dags/dag_with_taskflow_api.py
[2024-03-25T15:21:29.449+0000] {logging_mixin.py:188} INFO - [2024-03-25T15:21:29.448+0000] {dag.py:3047} INFO - Sync 1 DAGs
[2024-03-25T15:21:29.511+0000] {logging_mixin.py:188} INFO - [2024-03-25T15:21:29.511+0000] {dag.py:3834} INFO - Setting next_dagrun for dag_with_taskflow_api_v02 to 2024-03-11 00:00:00+00:00, run_after=2024-03-12 00:00:00+00:00
[2024-03-25T15:21:29.573+0000] {processor.py:183} INFO - Processing /opt/airflow/dags/dag_with_taskflow_api.py took 0.366 seconds
[2024-03-25T15:22:00.195+0000] {processor.py:161} INFO - Started process (PID=755) to work on /opt/airflow/dags/dag_with_taskflow_api.py
[2024-03-25T15:22:00.202+0000] {processor.py:830} INFO - Processing file /opt/airflow/dags/dag_with_taskflow_api.py for tasks to queue
[2024-03-25T15:22:00.211+0000] {logging_mixin.py:188} INFO - [2024-03-25T15:22:00.208+0000] {dagbag.py:540} INFO - Filling up the DagBag from /opt/airflow/dags/dag_with_taskflow_api.py
[2024-03-25T15:22:00.312+0000] {processor.py:840} INFO - DAG(s) 'dag_with_taskflow_api_v02' retrieved from /opt/airflow/dags/dag_with_taskflow_api.py
[2024-03-25T15:22:00.500+0000] {logging_mixin.py:188} INFO - [2024-03-25T15:22:00.498+0000] {dag.py:3047} INFO - Sync 1 DAGs
[2024-03-25T15:22:00.674+0000] {logging_mixin.py:188} INFO - [2024-03-25T15:22:00.672+0000] {dag.py:3834} INFO - Setting next_dagrun for dag_with_taskflow_api_v02 to 2024-03-11 00:00:00+00:00, run_after=2024-03-12 00:00:00+00:00
[2024-03-25T15:22:00.798+0000] {processor.py:183} INFO - Processing /opt/airflow/dags/dag_with_taskflow_api.py took 0.630 seconds
[2024-03-25T15:22:31.777+0000] {processor.py:161} INFO - Started process (PID=801) to work on /opt/airflow/dags/dag_with_taskflow_api.py
[2024-03-25T15:22:31.784+0000] {processor.py:830} INFO - Processing file /opt/airflow/dags/dag_with_taskflow_api.py for tasks to queue
[2024-03-25T15:22:31.791+0000] {logging_mixin.py:188} INFO - [2024-03-25T15:22:31.788+0000] {dagbag.py:540} INFO - Filling up the DagBag from /opt/airflow/dags/dag_with_taskflow_api.py
[2024-03-25T15:22:31.869+0000] {processor.py:840} INFO - DAG(s) 'dag_with_taskflow_api_v02' retrieved from /opt/airflow/dags/dag_with_taskflow_api.py
[2024-03-25T15:22:32.019+0000] {logging_mixin.py:188} INFO - [2024-03-25T15:22:32.018+0000] {dag.py:3047} INFO - Sync 1 DAGs
[2024-03-25T15:22:32.135+0000] {logging_mixin.py:188} INFO - [2024-03-25T15:22:32.134+0000] {dag.py:3834} INFO - Setting next_dagrun for dag_with_taskflow_api_v02 to 2024-03-11 00:00:00+00:00, run_after=2024-03-12 00:00:00+00:00
[2024-03-25T15:22:32.186+0000] {processor.py:183} INFO - Processing /opt/airflow/dags/dag_with_taskflow_api.py took 0.435 seconds
[2024-03-25T15:23:02.391+0000] {processor.py:161} INFO - Started process (PID=848) to work on /opt/airflow/dags/dag_with_taskflow_api.py
[2024-03-25T15:23:02.406+0000] {processor.py:830} INFO - Processing file /opt/airflow/dags/dag_with_taskflow_api.py for tasks to queue
[2024-03-25T15:23:02.418+0000] {logging_mixin.py:188} INFO - [2024-03-25T15:23:02.416+0000] {dagbag.py:540} INFO - Filling up the DagBag from /opt/airflow/dags/dag_with_taskflow_api.py
[2024-03-25T15:23:02.540+0000] {processor.py:840} INFO - DAG(s) 'dag_with_taskflow_api_v02' retrieved from /opt/airflow/dags/dag_with_taskflow_api.py
[2024-03-25T15:23:02.684+0000] {logging_mixin.py:188} INFO - [2024-03-25T15:23:02.683+0000] {dag.py:3047} INFO - Sync 1 DAGs
[2024-03-25T15:23:02.817+0000] {logging_mixin.py:188} INFO - [2024-03-25T15:23:02.816+0000] {dag.py:3834} INFO - Setting next_dagrun for dag_with_taskflow_api_v02 to 2024-03-11 00:00:00+00:00, run_after=2024-03-12 00:00:00+00:00
[2024-03-25T15:23:02.957+0000] {processor.py:183} INFO - Processing /opt/airflow/dags/dag_with_taskflow_api.py took 0.608 seconds
[2024-03-25T15:23:33.208+0000] {processor.py:161} INFO - Started process (PID=899) to work on /opt/airflow/dags/dag_with_taskflow_api.py
[2024-03-25T15:23:33.213+0000] {processor.py:830} INFO - Processing file /opt/airflow/dags/dag_with_taskflow_api.py for tasks to queue
[2024-03-25T15:23:33.220+0000] {logging_mixin.py:188} INFO - [2024-03-25T15:23:33.218+0000] {dagbag.py:540} INFO - Filling up the DagBag from /opt/airflow/dags/dag_with_taskflow_api.py
[2024-03-25T15:23:33.286+0000] {processor.py:840} INFO - DAG(s) 'dag_with_taskflow_api_v02' retrieved from /opt/airflow/dags/dag_with_taskflow_api.py
[2024-03-25T15:23:33.415+0000] {logging_mixin.py:188} INFO - [2024-03-25T15:23:33.415+0000] {dag.py:3047} INFO - Sync 1 DAGs
[2024-03-25T15:23:33.484+0000] {logging_mixin.py:188} INFO - [2024-03-25T15:23:33.483+0000] {dag.py:3834} INFO - Setting next_dagrun for dag_with_taskflow_api_v02 to 2024-03-11 00:00:00+00:00, run_after=2024-03-12 00:00:00+00:00
[2024-03-25T15:23:33.538+0000] {processor.py:183} INFO - Processing /opt/airflow/dags/dag_with_taskflow_api.py took 0.343 seconds
[2024-03-25T15:24:03.765+0000] {processor.py:161} INFO - Started process (PID=945) to work on /opt/airflow/dags/dag_with_taskflow_api.py
[2024-03-25T15:24:03.771+0000] {processor.py:830} INFO - Processing file /opt/airflow/dags/dag_with_taskflow_api.py for tasks to queue
[2024-03-25T15:24:03.781+0000] {logging_mixin.py:188} INFO - [2024-03-25T15:24:03.777+0000] {dagbag.py:540} INFO - Filling up the DagBag from /opt/airflow/dags/dag_with_taskflow_api.py
[2024-03-25T15:24:03.914+0000] {processor.py:840} INFO - DAG(s) 'dag_with_taskflow_api_v02' retrieved from /opt/airflow/dags/dag_with_taskflow_api.py
[2024-03-25T15:24:04.082+0000] {logging_mixin.py:188} INFO - [2024-03-25T15:24:04.081+0000] {dag.py:3047} INFO - Sync 1 DAGs
[2024-03-25T15:24:04.185+0000] {logging_mixin.py:188} INFO - [2024-03-25T15:24:04.184+0000] {dag.py:3834} INFO - Setting next_dagrun for dag_with_taskflow_api_v02 to 2024-03-11 00:00:00+00:00, run_after=2024-03-12 00:00:00+00:00
[2024-03-25T15:24:04.261+0000] {processor.py:183} INFO - Processing /opt/airflow/dags/dag_with_taskflow_api.py took 0.522 seconds
[2024-03-25T15:24:34.711+0000] {processor.py:161} INFO - Started process (PID=990) to work on /opt/airflow/dags/dag_with_taskflow_api.py
[2024-03-25T15:24:34.720+0000] {processor.py:830} INFO - Processing file /opt/airflow/dags/dag_with_taskflow_api.py for tasks to queue
[2024-03-25T15:24:34.734+0000] {logging_mixin.py:188} INFO - [2024-03-25T15:24:34.732+0000] {dagbag.py:540} INFO - Filling up the DagBag from /opt/airflow/dags/dag_with_taskflow_api.py
[2024-03-25T15:24:34.845+0000] {processor.py:840} INFO - DAG(s) 'dag_with_taskflow_api_v02' retrieved from /opt/airflow/dags/dag_with_taskflow_api.py
[2024-03-25T15:24:35.023+0000] {logging_mixin.py:188} INFO - [2024-03-25T15:24:35.022+0000] {dag.py:3047} INFO - Sync 1 DAGs
[2024-03-25T15:24:35.186+0000] {logging_mixin.py:188} INFO - [2024-03-25T15:24:35.185+0000] {dag.py:3834} INFO - Setting next_dagrun for dag_with_taskflow_api_v02 to 2024-03-11 00:00:00+00:00, run_after=2024-03-12 00:00:00+00:00
[2024-03-25T15:24:35.304+0000] {processor.py:183} INFO - Processing /opt/airflow/dags/dag_with_taskflow_api.py took 0.624 seconds
[2024-03-25T15:25:05.486+0000] {processor.py:161} INFO - Started process (PID=1036) to work on /opt/airflow/dags/dag_with_taskflow_api.py
[2024-03-25T15:25:05.507+0000] {processor.py:830} INFO - Processing file /opt/airflow/dags/dag_with_taskflow_api.py for tasks to queue
[2024-03-25T15:25:05.517+0000] {logging_mixin.py:188} INFO - [2024-03-25T15:25:05.514+0000] {dagbag.py:540} INFO - Filling up the DagBag from /opt/airflow/dags/dag_with_taskflow_api.py
[2024-03-25T15:25:05.632+0000] {processor.py:840} INFO - DAG(s) 'dag_with_taskflow_api_v02' retrieved from /opt/airflow/dags/dag_with_taskflow_api.py
[2024-03-25T15:25:05.732+0000] {logging_mixin.py:188} INFO - [2024-03-25T15:25:05.731+0000] {dag.py:3047} INFO - Sync 1 DAGs
[2024-03-25T15:25:05.799+0000] {logging_mixin.py:188} INFO - [2024-03-25T15:25:05.799+0000] {dag.py:3834} INFO - Setting next_dagrun for dag_with_taskflow_api_v02 to 2024-03-11 00:00:00+00:00, run_after=2024-03-12 00:00:00+00:00
[2024-03-25T15:25:05.840+0000] {processor.py:183} INFO - Processing /opt/airflow/dags/dag_with_taskflow_api.py took 0.380 seconds
[2024-03-25T15:25:36.353+0000] {processor.py:161} INFO - Started process (PID=1082) to work on /opt/airflow/dags/dag_with_taskflow_api.py
[2024-03-25T15:25:36.363+0000] {processor.py:830} INFO - Processing file /opt/airflow/dags/dag_with_taskflow_api.py for tasks to queue
[2024-03-25T15:25:36.391+0000] {logging_mixin.py:188} INFO - [2024-03-25T15:25:36.388+0000] {dagbag.py:540} INFO - Filling up the DagBag from /opt/airflow/dags/dag_with_taskflow_api.py
[2024-03-25T15:25:36.482+0000] {processor.py:840} INFO - DAG(s) 'dag_with_taskflow_api_v02' retrieved from /opt/airflow/dags/dag_with_taskflow_api.py
[2024-03-25T15:25:36.685+0000] {logging_mixin.py:188} INFO - [2024-03-25T15:25:36.685+0000] {dag.py:3047} INFO - Sync 1 DAGs
[2024-03-25T15:25:36.926+0000] {logging_mixin.py:188} INFO - [2024-03-25T15:25:36.921+0000] {dag.py:3834} INFO - Setting next_dagrun for dag_with_taskflow_api_v02 to 2024-03-11 00:00:00+00:00, run_after=2024-03-12 00:00:00+00:00
[2024-03-25T15:25:37.110+0000] {processor.py:183} INFO - Processing /opt/airflow/dags/dag_with_taskflow_api.py took 0.791 seconds
[2024-03-25T15:26:07.787+0000] {processor.py:161} INFO - Started process (PID=1165) to work on /opt/airflow/dags/dag_with_taskflow_api.py
[2024-03-25T15:26:07.807+0000] {processor.py:830} INFO - Processing file /opt/airflow/dags/dag_with_taskflow_api.py for tasks to queue
[2024-03-25T15:26:07.816+0000] {logging_mixin.py:188} INFO - [2024-03-25T15:26:07.810+0000] {dagbag.py:540} INFO - Filling up the DagBag from /opt/airflow/dags/dag_with_taskflow_api.py
[2024-03-25T15:26:07.995+0000] {processor.py:840} INFO - DAG(s) 'dag_with_taskflow_api_v02' retrieved from /opt/airflow/dags/dag_with_taskflow_api.py
[2024-03-25T15:26:08.591+0000] {logging_mixin.py:188} INFO - [2024-03-25T15:26:08.590+0000] {dag.py:3047} INFO - Sync 1 DAGs
[2024-03-25T15:26:09.023+0000] {logging_mixin.py:188} INFO - [2024-03-25T15:26:09.010+0000] {dag.py:3834} INFO - Setting next_dagrun for dag_with_taskflow_api_v02 to 2024-03-11 00:00:00+00:00, run_after=2024-03-12 00:00:00+00:00
[2024-03-25T15:26:09.273+0000] {processor.py:183} INFO - Processing /opt/airflow/dags/dag_with_taskflow_api.py took 1.550 seconds
[2024-03-25T15:26:40.281+0000] {processor.py:161} INFO - Started process (PID=1258) to work on /opt/airflow/dags/dag_with_taskflow_api.py
[2024-03-25T15:26:40.288+0000] {processor.py:830} INFO - Processing file /opt/airflow/dags/dag_with_taskflow_api.py for tasks to queue
[2024-03-25T15:26:40.300+0000] {logging_mixin.py:188} INFO - [2024-03-25T15:26:40.297+0000] {dagbag.py:540} INFO - Filling up the DagBag from /opt/airflow/dags/dag_with_taskflow_api.py
[2024-03-25T15:26:40.400+0000] {processor.py:840} INFO - DAG(s) 'dag_with_taskflow_api_v02' retrieved from /opt/airflow/dags/dag_with_taskflow_api.py
[2024-03-25T15:26:40.568+0000] {logging_mixin.py:188} INFO - [2024-03-25T15:26:40.567+0000] {dag.py:3047} INFO - Sync 1 DAGs
[2024-03-25T15:26:40.739+0000] {logging_mixin.py:188} INFO - [2024-03-25T15:26:40.738+0000] {dag.py:3834} INFO - Setting next_dagrun for dag_with_taskflow_api_v02 to 2024-03-11 00:00:00+00:00, run_after=2024-03-12 00:00:00+00:00
[2024-03-25T15:26:40.873+0000] {processor.py:183} INFO - Processing /opt/airflow/dags/dag_with_taskflow_api.py took 0.618 seconds
[2024-03-25T15:27:11.575+0000] {processor.py:161} INFO - Started process (PID=1305) to work on /opt/airflow/dags/dag_with_taskflow_api.py
[2024-03-25T15:27:11.578+0000] {processor.py:830} INFO - Processing file /opt/airflow/dags/dag_with_taskflow_api.py for tasks to queue
[2024-03-25T15:27:11.584+0000] {logging_mixin.py:188} INFO - [2024-03-25T15:27:11.583+0000] {dagbag.py:540} INFO - Filling up the DagBag from /opt/airflow/dags/dag_with_taskflow_api.py
[2024-03-25T15:27:11.621+0000] {processor.py:840} INFO - DAG(s) 'dag_with_taskflow_api_v02' retrieved from /opt/airflow/dags/dag_with_taskflow_api.py
[2024-03-25T15:27:11.702+0000] {logging_mixin.py:188} INFO - [2024-03-25T15:27:11.701+0000] {dag.py:3047} INFO - Sync 1 DAGs
[2024-03-25T15:27:11.767+0000] {logging_mixin.py:188} INFO - [2024-03-25T15:27:11.767+0000] {dag.py:3834} INFO - Setting next_dagrun for dag_with_taskflow_api_v02 to 2024-03-11 00:00:00+00:00, run_after=2024-03-12 00:00:00+00:00
[2024-03-25T15:27:11.820+0000] {processor.py:183} INFO - Processing /opt/airflow/dags/dag_with_taskflow_api.py took 0.257 seconds
[2024-03-25T15:27:42.756+0000] {processor.py:161} INFO - Started process (PID=1351) to work on /opt/airflow/dags/dag_with_taskflow_api.py
[2024-03-25T15:27:42.760+0000] {processor.py:830} INFO - Processing file /opt/airflow/dags/dag_with_taskflow_api.py for tasks to queue
[2024-03-25T15:27:42.764+0000] {logging_mixin.py:188} INFO - [2024-03-25T15:27:42.762+0000] {dagbag.py:540} INFO - Filling up the DagBag from /opt/airflow/dags/dag_with_taskflow_api.py
[2024-03-25T15:27:42.808+0000] {processor.py:840} INFO - DAG(s) 'dag_with_taskflow_api_v02' retrieved from /opt/airflow/dags/dag_with_taskflow_api.py
[2024-03-25T15:27:42.882+0000] {logging_mixin.py:188} INFO - [2024-03-25T15:27:42.882+0000] {dag.py:3047} INFO - Sync 1 DAGs
[2024-03-25T15:27:42.945+0000] {logging_mixin.py:188} INFO - [2024-03-25T15:27:42.944+0000] {dag.py:3834} INFO - Setting next_dagrun for dag_with_taskflow_api_v02 to 2024-03-11 00:00:00+00:00, run_after=2024-03-12 00:00:00+00:00
[2024-03-25T15:27:43.000+0000] {processor.py:183} INFO - Processing /opt/airflow/dags/dag_with_taskflow_api.py took 0.255 seconds
[2024-03-25T15:28:13.748+0000] {processor.py:161} INFO - Started process (PID=1398) to work on /opt/airflow/dags/dag_with_taskflow_api.py
[2024-03-25T15:28:13.755+0000] {processor.py:830} INFO - Processing file /opt/airflow/dags/dag_with_taskflow_api.py for tasks to queue
[2024-03-25T15:28:13.768+0000] {logging_mixin.py:188} INFO - [2024-03-25T15:28:13.765+0000] {dagbag.py:540} INFO - Filling up the DagBag from /opt/airflow/dags/dag_with_taskflow_api.py
[2024-03-25T15:28:13.891+0000] {processor.py:840} INFO - DAG(s) 'dag_with_taskflow_api_v02' retrieved from /opt/airflow/dags/dag_with_taskflow_api.py
[2024-03-25T15:28:14.105+0000] {logging_mixin.py:188} INFO - [2024-03-25T15:28:14.104+0000] {dag.py:3047} INFO - Sync 1 DAGs
[2024-03-25T15:28:14.209+0000] {logging_mixin.py:188} INFO - [2024-03-25T15:28:14.209+0000] {dag.py:3834} INFO - Setting next_dagrun for dag_with_taskflow_api_v02 to 2024-03-11 00:00:00+00:00, run_after=2024-03-12 00:00:00+00:00
[2024-03-25T15:28:14.266+0000] {processor.py:183} INFO - Processing /opt/airflow/dags/dag_with_taskflow_api.py took 0.546 seconds
[2024-03-25T15:28:44.466+0000] {processor.py:161} INFO - Started process (PID=1456) to work on /opt/airflow/dags/dag_with_taskflow_api.py
[2024-03-25T15:28:44.473+0000] {processor.py:830} INFO - Processing file /opt/airflow/dags/dag_with_taskflow_api.py for tasks to queue
[2024-03-25T15:28:44.483+0000] {logging_mixin.py:188} INFO - [2024-03-25T15:28:44.480+0000] {dagbag.py:540} INFO - Filling up the DagBag from /opt/airflow/dags/dag_with_taskflow_api.py
[2024-03-25T15:28:44.585+0000] {processor.py:840} INFO - DAG(s) 'dag_with_taskflow_api_v02' retrieved from /opt/airflow/dags/dag_with_taskflow_api.py
[2024-03-25T15:28:44.748+0000] {logging_mixin.py:188} INFO - [2024-03-25T15:28:44.747+0000] {dag.py:3047} INFO - Sync 1 DAGs
[2024-03-25T15:28:44.886+0000] {logging_mixin.py:188} INFO - [2024-03-25T15:28:44.885+0000] {dag.py:3834} INFO - Setting next_dagrun for dag_with_taskflow_api_v02 to 2024-03-11 00:00:00+00:00, run_after=2024-03-12 00:00:00+00:00
[2024-03-25T15:28:45.010+0000] {processor.py:183} INFO - Processing /opt/airflow/dags/dag_with_taskflow_api.py took 0.569 seconds
[2024-03-25T15:29:15.832+0000] {processor.py:161} INFO - Started process (PID=1503) to work on /opt/airflow/dags/dag_with_taskflow_api.py
[2024-03-25T15:29:15.839+0000] {processor.py:830} INFO - Processing file /opt/airflow/dags/dag_with_taskflow_api.py for tasks to queue
[2024-03-25T15:29:15.849+0000] {logging_mixin.py:188} INFO - [2024-03-25T15:29:15.846+0000] {dagbag.py:540} INFO - Filling up the DagBag from /opt/airflow/dags/dag_with_taskflow_api.py
[2024-03-25T15:29:15.958+0000] {processor.py:840} INFO - DAG(s) 'dag_with_taskflow_api_v02' retrieved from /opt/airflow/dags/dag_with_taskflow_api.py
[2024-03-25T15:29:16.176+0000] {logging_mixin.py:188} INFO - [2024-03-25T15:29:16.174+0000] {dag.py:3047} INFO - Sync 1 DAGs
[2024-03-25T15:29:16.265+0000] {logging_mixin.py:188} INFO - [2024-03-25T15:29:16.265+0000] {dag.py:3834} INFO - Setting next_dagrun for dag_with_taskflow_api_v02 to 2024-03-11 00:00:00+00:00, run_after=2024-03-12 00:00:00+00:00
[2024-03-25T15:29:16.330+0000] {processor.py:183} INFO - Processing /opt/airflow/dags/dag_with_taskflow_api.py took 0.527 seconds
[2024-03-25T15:29:46.679+0000] {processor.py:161} INFO - Started process (PID=1549) to work on /opt/airflow/dags/dag_with_taskflow_api.py
[2024-03-25T15:29:46.688+0000] {processor.py:830} INFO - Processing file /opt/airflow/dags/dag_with_taskflow_api.py for tasks to queue
[2024-03-25T15:29:46.699+0000] {logging_mixin.py:188} INFO - [2024-03-25T15:29:46.697+0000] {dagbag.py:540} INFO - Filling up the DagBag from /opt/airflow/dags/dag_with_taskflow_api.py
[2024-03-25T15:29:46.802+0000] {processor.py:840} INFO - DAG(s) 'dag_with_taskflow_api_v02' retrieved from /opt/airflow/dags/dag_with_taskflow_api.py
[2024-03-25T15:29:46.950+0000] {logging_mixin.py:188} INFO - [2024-03-25T15:29:46.949+0000] {dag.py:3047} INFO - Sync 1 DAGs
[2024-03-25T15:29:47.072+0000] {logging_mixin.py:188} INFO - [2024-03-25T15:29:47.071+0000] {dag.py:3834} INFO - Setting next_dagrun for dag_with_taskflow_api_v02 to 2024-03-11 00:00:00+00:00, run_after=2024-03-12 00:00:00+00:00
[2024-03-25T15:29:47.175+0000] {processor.py:183} INFO - Processing /opt/airflow/dags/dag_with_taskflow_api.py took 0.520 seconds
[2024-03-25T15:30:18.232+0000] {processor.py:161} INFO - Started process (PID=1595) to work on /opt/airflow/dags/dag_with_taskflow_api.py
[2024-03-25T15:30:18.240+0000] {processor.py:830} INFO - Processing file /opt/airflow/dags/dag_with_taskflow_api.py for tasks to queue
[2024-03-25T15:30:18.251+0000] {logging_mixin.py:188} INFO - [2024-03-25T15:30:18.247+0000] {dagbag.py:540} INFO - Filling up the DagBag from /opt/airflow/dags/dag_with_taskflow_api.py
[2024-03-25T15:30:18.370+0000] {processor.py:840} INFO - DAG(s) 'dag_with_taskflow_api_v02' retrieved from /opt/airflow/dags/dag_with_taskflow_api.py
[2024-03-25T15:30:18.554+0000] {logging_mixin.py:188} INFO - [2024-03-25T15:30:18.553+0000] {dag.py:3047} INFO - Sync 1 DAGs
[2024-03-25T15:30:18.604+0000] {logging_mixin.py:188} INFO - [2024-03-25T15:30:18.603+0000] {dag.py:3834} INFO - Setting next_dagrun for dag_with_taskflow_api_v02 to 2024-03-11 00:00:00+00:00, run_after=2024-03-12 00:00:00+00:00
[2024-03-25T15:30:18.645+0000] {processor.py:183} INFO - Processing /opt/airflow/dags/dag_with_taskflow_api.py took 0.438 seconds
[2024-03-25T15:30:49.313+0000] {processor.py:161} INFO - Started process (PID=1641) to work on /opt/airflow/dags/dag_with_taskflow_api.py
[2024-03-25T15:30:49.320+0000] {processor.py:830} INFO - Processing file /opt/airflow/dags/dag_with_taskflow_api.py for tasks to queue
[2024-03-25T15:30:49.337+0000] {logging_mixin.py:188} INFO - [2024-03-25T15:30:49.334+0000] {dagbag.py:540} INFO - Filling up the DagBag from /opt/airflow/dags/dag_with_taskflow_api.py
[2024-03-25T15:30:49.418+0000] {processor.py:840} INFO - DAG(s) 'dag_with_taskflow_api_v02' retrieved from /opt/airflow/dags/dag_with_taskflow_api.py
[2024-03-25T15:30:49.473+0000] {logging_mixin.py:188} INFO - [2024-03-25T15:30:49.473+0000] {dag.py:3047} INFO - Sync 1 DAGs
[2024-03-25T15:30:49.515+0000] {logging_mixin.py:188} INFO - [2024-03-25T15:30:49.514+0000] {dag.py:3834} INFO - Setting next_dagrun for dag_with_taskflow_api_v02 to 2024-03-11 00:00:00+00:00, run_after=2024-03-12 00:00:00+00:00
[2024-03-25T15:30:49.553+0000] {processor.py:183} INFO - Processing /opt/airflow/dags/dag_with_taskflow_api.py took 0.259 seconds
[2024-03-25T15:31:19.977+0000] {processor.py:161} INFO - Started process (PID=1688) to work on /opt/airflow/dags/dag_with_taskflow_api.py
[2024-03-25T15:31:19.984+0000] {processor.py:830} INFO - Processing file /opt/airflow/dags/dag_with_taskflow_api.py for tasks to queue
[2024-03-25T15:31:19.994+0000] {logging_mixin.py:188} INFO - [2024-03-25T15:31:19.991+0000] {dagbag.py:540} INFO - Filling up the DagBag from /opt/airflow/dags/dag_with_taskflow_api.py
[2024-03-25T15:31:20.104+0000] {processor.py:840} INFO - DAG(s) 'dag_with_taskflow_api_v02' retrieved from /opt/airflow/dags/dag_with_taskflow_api.py
[2024-03-25T15:31:20.222+0000] {logging_mixin.py:188} INFO - [2024-03-25T15:31:20.221+0000] {dag.py:3047} INFO - Sync 1 DAGs
[2024-03-25T15:31:20.276+0000] {logging_mixin.py:188} INFO - [2024-03-25T15:31:20.275+0000] {dag.py:3834} INFO - Setting next_dagrun for dag_with_taskflow_api_v02 to 2024-03-11 00:00:00+00:00, run_after=2024-03-12 00:00:00+00:00
[2024-03-25T15:31:20.356+0000] {processor.py:183} INFO - Processing /opt/airflow/dags/dag_with_taskflow_api.py took 0.410 seconds
