[2024-03-25T15:16:17.646+0000] {processor.py:161} INFO - Started process (PID=184) to work on /opt/airflow/dags/dag_with_cron_expression.py
[2024-03-25T15:16:17.666+0000] {processor.py:830} INFO - Processing file /opt/airflow/dags/dag_with_cron_expression.py for tasks to queue
[2024-03-25T15:16:17.671+0000] {logging_mixin.py:188} INFO - [2024-03-25T15:16:17.670+0000] {dagbag.py:540} INFO - Filling up the DagBag from /opt/airflow/dags/dag_with_cron_expression.py
[2024-03-25T15:16:17.713+0000] {processor.py:840} INFO - DAG(s) 'dag_with_cron_expression_v3' retrieved from /opt/airflow/dags/dag_with_cron_expression.py
[2024-03-25T15:16:18.465+0000] {logging_mixin.py:188} INFO - [2024-03-25T15:16:18.461+0000] {dag.py:3047} INFO - Sync 1 DAGs
[2024-03-25T15:16:18.549+0000] {logging_mixin.py:188} INFO - [2024-03-25T15:16:18.549+0000] {dag.py:3834} INFO - Setting next_dagrun for dag_with_cron_expression_v3 to 2024-03-05 09:50:00+00:00, run_after=2024-03-12 09:50:00+00:00
[2024-03-25T15:16:18.607+0000] {processor.py:183} INFO - Processing /opt/airflow/dags/dag_with_cron_expression.py took 0.969 seconds
[2024-03-25T15:16:49.347+0000] {processor.py:161} INFO - Started process (PID=253) to work on /opt/airflow/dags/dag_with_cron_expression.py
[2024-03-25T15:16:49.354+0000] {processor.py:830} INFO - Processing file /opt/airflow/dags/dag_with_cron_expression.py for tasks to queue
[2024-03-25T15:16:49.362+0000] {logging_mixin.py:188} INFO - [2024-03-25T15:16:49.359+0000] {dagbag.py:540} INFO - Filling up the DagBag from /opt/airflow/dags/dag_with_cron_expression.py
[2024-03-25T15:16:49.451+0000] {processor.py:840} INFO - DAG(s) 'dag_with_cron_expression_v3' retrieved from /opt/airflow/dags/dag_with_cron_expression.py
[2024-03-25T15:16:49.614+0000] {logging_mixin.py:188} INFO - [2024-03-25T15:16:49.612+0000] {dag.py:3047} INFO - Sync 1 DAGs
[2024-03-25T15:16:49.721+0000] {logging_mixin.py:188} INFO - [2024-03-25T15:16:49.720+0000] {dag.py:3834} INFO - Setting next_dagrun for dag_with_cron_expression_v3 to 2024-03-05 09:50:00+00:00, run_after=2024-03-12 09:50:00+00:00
[2024-03-25T15:16:49.791+0000] {processor.py:183} INFO - Processing /opt/airflow/dags/dag_with_cron_expression.py took 0.469 seconds
[2024-03-25T15:17:20.422+0000] {processor.py:161} INFO - Started process (PID=299) to work on /opt/airflow/dags/dag_with_cron_expression.py
[2024-03-25T15:17:20.428+0000] {processor.py:830} INFO - Processing file /opt/airflow/dags/dag_with_cron_expression.py for tasks to queue
[2024-03-25T15:17:20.434+0000] {logging_mixin.py:188} INFO - [2024-03-25T15:17:20.432+0000] {dagbag.py:540} INFO - Filling up the DagBag from /opt/airflow/dags/dag_with_cron_expression.py
[2024-03-25T15:17:20.496+0000] {processor.py:840} INFO - DAG(s) 'dag_with_cron_expression_v3' retrieved from /opt/airflow/dags/dag_with_cron_expression.py
[2024-03-25T15:17:20.587+0000] {logging_mixin.py:188} INFO - [2024-03-25T15:17:20.586+0000] {dag.py:3047} INFO - Sync 1 DAGs
[2024-03-25T15:17:20.636+0000] {logging_mixin.py:188} INFO - [2024-03-25T15:17:20.635+0000] {dag.py:3834} INFO - Setting next_dagrun for dag_with_cron_expression_v3 to 2024-03-05 09:50:00+00:00, run_after=2024-03-12 09:50:00+00:00
[2024-03-25T15:17:20.673+0000] {processor.py:183} INFO - Processing /opt/airflow/dags/dag_with_cron_expression.py took 0.271 seconds
[2024-03-25T15:17:50.907+0000] {processor.py:161} INFO - Started process (PID=345) to work on /opt/airflow/dags/dag_with_cron_expression.py
[2024-03-25T15:17:50.914+0000] {processor.py:830} INFO - Processing file /opt/airflow/dags/dag_with_cron_expression.py for tasks to queue
[2024-03-25T15:17:50.924+0000] {logging_mixin.py:188} INFO - [2024-03-25T15:17:50.922+0000] {dagbag.py:540} INFO - Filling up the DagBag from /opt/airflow/dags/dag_with_cron_expression.py
[2024-03-25T15:17:51.009+0000] {processor.py:840} INFO - DAG(s) 'dag_with_cron_expression_v3' retrieved from /opt/airflow/dags/dag_with_cron_expression.py
[2024-03-25T15:17:51.129+0000] {logging_mixin.py:188} INFO - [2024-03-25T15:17:51.129+0000] {dag.py:3047} INFO - Sync 1 DAGs
[2024-03-25T15:17:51.185+0000] {logging_mixin.py:188} INFO - [2024-03-25T15:17:51.185+0000] {dag.py:3834} INFO - Setting next_dagrun for dag_with_cron_expression_v3 to 2024-03-05 09:50:00+00:00, run_after=2024-03-12 09:50:00+00:00
[2024-03-25T15:17:51.229+0000] {processor.py:183} INFO - Processing /opt/airflow/dags/dag_with_cron_expression.py took 0.345 seconds
[2024-03-25T15:18:21.803+0000] {processor.py:161} INFO - Started process (PID=392) to work on /opt/airflow/dags/dag_with_cron_expression.py
[2024-03-25T15:18:21.806+0000] {processor.py:830} INFO - Processing file /opt/airflow/dags/dag_with_cron_expression.py for tasks to queue
[2024-03-25T15:18:21.810+0000] {logging_mixin.py:188} INFO - [2024-03-25T15:18:21.809+0000] {dagbag.py:540} INFO - Filling up the DagBag from /opt/airflow/dags/dag_with_cron_expression.py
[2024-03-25T15:18:21.875+0000] {processor.py:840} INFO - DAG(s) 'dag_with_cron_expression_v3' retrieved from /opt/airflow/dags/dag_with_cron_expression.py
[2024-03-25T15:18:22.019+0000] {logging_mixin.py:188} INFO - [2024-03-25T15:18:22.018+0000] {dag.py:3047} INFO - Sync 1 DAGs
[2024-03-25T15:18:22.144+0000] {logging_mixin.py:188} INFO - [2024-03-25T15:18:22.143+0000] {dag.py:3834} INFO - Setting next_dagrun for dag_with_cron_expression_v3 to 2024-03-05 09:50:00+00:00, run_after=2024-03-12 09:50:00+00:00
[2024-03-25T15:18:22.211+0000] {processor.py:183} INFO - Processing /opt/airflow/dags/dag_with_cron_expression.py took 0.427 seconds
[2024-03-25T15:18:53.034+0000] {processor.py:161} INFO - Started process (PID=438) to work on /opt/airflow/dags/dag_with_cron_expression.py
[2024-03-25T15:18:53.046+0000] {processor.py:830} INFO - Processing file /opt/airflow/dags/dag_with_cron_expression.py for tasks to queue
[2024-03-25T15:18:53.065+0000] {logging_mixin.py:188} INFO - [2024-03-25T15:18:53.063+0000] {dagbag.py:540} INFO - Filling up the DagBag from /opt/airflow/dags/dag_with_cron_expression.py
[2024-03-25T15:18:53.140+0000] {processor.py:840} INFO - DAG(s) 'dag_with_cron_expression_v3' retrieved from /opt/airflow/dags/dag_with_cron_expression.py
[2024-03-25T15:18:53.274+0000] {logging_mixin.py:188} INFO - [2024-03-25T15:18:53.273+0000] {dag.py:3047} INFO - Sync 1 DAGs
[2024-03-25T15:18:53.431+0000] {logging_mixin.py:188} INFO - [2024-03-25T15:18:53.430+0000] {dag.py:3834} INFO - Setting next_dagrun for dag_with_cron_expression_v3 to 2024-03-05 09:50:00+00:00, run_after=2024-03-12 09:50:00+00:00
[2024-03-25T15:18:53.561+0000] {processor.py:183} INFO - Processing /opt/airflow/dags/dag_with_cron_expression.py took 0.562 seconds
[2024-03-25T15:19:24.263+0000] {processor.py:161} INFO - Started process (PID=485) to work on /opt/airflow/dags/dag_with_cron_expression.py
[2024-03-25T15:19:24.268+0000] {processor.py:830} INFO - Processing file /opt/airflow/dags/dag_with_cron_expression.py for tasks to queue
[2024-03-25T15:19:24.273+0000] {logging_mixin.py:188} INFO - [2024-03-25T15:19:24.272+0000] {dagbag.py:540} INFO - Filling up the DagBag from /opt/airflow/dags/dag_with_cron_expression.py
[2024-03-25T15:19:24.321+0000] {processor.py:840} INFO - DAG(s) 'dag_with_cron_expression_v3' retrieved from /opt/airflow/dags/dag_with_cron_expression.py
[2024-03-25T15:19:24.449+0000] {logging_mixin.py:188} INFO - [2024-03-25T15:19:24.448+0000] {dag.py:3047} INFO - Sync 1 DAGs
[2024-03-25T15:19:24.521+0000] {logging_mixin.py:188} INFO - [2024-03-25T15:19:24.520+0000] {dag.py:3834} INFO - Setting next_dagrun for dag_with_cron_expression_v3 to 2024-03-05 09:50:00+00:00, run_after=2024-03-12 09:50:00+00:00
[2024-03-25T15:19:24.576+0000] {processor.py:183} INFO - Processing /opt/airflow/dags/dag_with_cron_expression.py took 0.331 seconds
[2024-03-25T15:19:55.120+0000] {processor.py:161} INFO - Started process (PID=531) to work on /opt/airflow/dags/dag_with_cron_expression.py
[2024-03-25T15:19:55.127+0000] {processor.py:830} INFO - Processing file /opt/airflow/dags/dag_with_cron_expression.py for tasks to queue
[2024-03-25T15:19:55.138+0000] {logging_mixin.py:188} INFO - [2024-03-25T15:19:55.134+0000] {dagbag.py:540} INFO - Filling up the DagBag from /opt/airflow/dags/dag_with_cron_expression.py
[2024-03-25T15:19:55.226+0000] {processor.py:840} INFO - DAG(s) 'dag_with_cron_expression_v3' retrieved from /opt/airflow/dags/dag_with_cron_expression.py
[2024-03-25T15:19:55.296+0000] {logging_mixin.py:188} INFO - [2024-03-25T15:19:55.296+0000] {dag.py:3047} INFO - Sync 1 DAGs
[2024-03-25T15:19:55.348+0000] {logging_mixin.py:188} INFO - [2024-03-25T15:19:55.347+0000] {dag.py:3834} INFO - Setting next_dagrun for dag_with_cron_expression_v3 to 2024-03-05 09:50:00+00:00, run_after=2024-03-12 09:50:00+00:00
[2024-03-25T15:19:55.393+0000] {processor.py:183} INFO - Processing /opt/airflow/dags/dag_with_cron_expression.py took 0.306 seconds
[2024-03-25T15:20:25.696+0000] {processor.py:161} INFO - Started process (PID=577) to work on /opt/airflow/dags/dag_with_cron_expression.py
[2024-03-25T15:20:25.700+0000] {processor.py:830} INFO - Processing file /opt/airflow/dags/dag_with_cron_expression.py for tasks to queue
[2024-03-25T15:20:25.709+0000] {logging_mixin.py:188} INFO - [2024-03-25T15:20:25.707+0000] {dagbag.py:540} INFO - Filling up the DagBag from /opt/airflow/dags/dag_with_cron_expression.py
[2024-03-25T15:20:25.774+0000] {processor.py:840} INFO - DAG(s) 'dag_with_cron_expression_v3' retrieved from /opt/airflow/dags/dag_with_cron_expression.py
[2024-03-25T15:20:25.874+0000] {logging_mixin.py:188} INFO - [2024-03-25T15:20:25.873+0000] {dag.py:3047} INFO - Sync 1 DAGs
[2024-03-25T15:20:25.988+0000] {logging_mixin.py:188} INFO - [2024-03-25T15:20:25.987+0000] {dag.py:3834} INFO - Setting next_dagrun for dag_with_cron_expression_v3 to 2024-03-05 09:50:00+00:00, run_after=2024-03-12 09:50:00+00:00
[2024-03-25T15:20:26.045+0000] {processor.py:183} INFO - Processing /opt/airflow/dags/dag_with_cron_expression.py took 0.375 seconds
[2024-03-25T15:20:56.397+0000] {processor.py:161} INFO - Started process (PID=627) to work on /opt/airflow/dags/dag_with_cron_expression.py
[2024-03-25T15:20:56.412+0000] {processor.py:830} INFO - Processing file /opt/airflow/dags/dag_with_cron_expression.py for tasks to queue
[2024-03-25T15:20:56.442+0000] {logging_mixin.py:188} INFO - [2024-03-25T15:20:56.437+0000] {dagbag.py:540} INFO - Filling up the DagBag from /opt/airflow/dags/dag_with_cron_expression.py
[2024-03-25T15:20:56.613+0000] {processor.py:840} INFO - DAG(s) 'dag_with_cron_expression_v3' retrieved from /opt/airflow/dags/dag_with_cron_expression.py
[2024-03-25T15:20:56.927+0000] {logging_mixin.py:188} INFO - [2024-03-25T15:20:56.927+0000] {dag.py:3047} INFO - Sync 1 DAGs
[2024-03-25T15:20:57.171+0000] {logging_mixin.py:188} INFO - [2024-03-25T15:20:57.171+0000] {dag.py:3834} INFO - Setting next_dagrun for dag_with_cron_expression_v3 to 2024-03-05 09:50:00+00:00, run_after=2024-03-12 09:50:00+00:00
[2024-03-25T15:20:57.375+0000] {processor.py:183} INFO - Processing /opt/airflow/dags/dag_with_cron_expression.py took 1.040 seconds
[2024-03-25T15:21:27.966+0000] {processor.py:161} INFO - Started process (PID=697) to work on /opt/airflow/dags/dag_with_cron_expression.py
[2024-03-25T15:21:27.972+0000] {processor.py:830} INFO - Processing file /opt/airflow/dags/dag_with_cron_expression.py for tasks to queue
[2024-03-25T15:21:27.983+0000] {logging_mixin.py:188} INFO - [2024-03-25T15:21:27.981+0000] {dagbag.py:540} INFO - Filling up the DagBag from /opt/airflow/dags/dag_with_cron_expression.py
[2024-03-25T15:21:28.070+0000] {processor.py:840} INFO - DAG(s) 'dag_with_cron_expression_v3' retrieved from /opt/airflow/dags/dag_with_cron_expression.py
[2024-03-25T15:21:28.268+0000] {logging_mixin.py:188} INFO - [2024-03-25T15:21:28.267+0000] {dag.py:3047} INFO - Sync 1 DAGs
[2024-03-25T15:21:28.380+0000] {logging_mixin.py:188} INFO - [2024-03-25T15:21:28.380+0000] {dag.py:3834} INFO - Setting next_dagrun for dag_with_cron_expression_v3 to 2024-03-05 09:50:00+00:00, run_after=2024-03-12 09:50:00+00:00
[2024-03-25T15:21:28.435+0000] {processor.py:183} INFO - Processing /opt/airflow/dags/dag_with_cron_expression.py took 0.496 seconds
[2024-03-25T15:21:58.662+0000] {processor.py:161} INFO - Started process (PID=742) to work on /opt/airflow/dags/dag_with_cron_expression.py
[2024-03-25T15:21:58.669+0000] {processor.py:830} INFO - Processing file /opt/airflow/dags/dag_with_cron_expression.py for tasks to queue
[2024-03-25T15:21:58.678+0000] {logging_mixin.py:188} INFO - [2024-03-25T15:21:58.675+0000] {dagbag.py:540} INFO - Filling up the DagBag from /opt/airflow/dags/dag_with_cron_expression.py
[2024-03-25T15:21:58.763+0000] {processor.py:840} INFO - DAG(s) 'dag_with_cron_expression_v3' retrieved from /opt/airflow/dags/dag_with_cron_expression.py
[2024-03-25T15:21:58.932+0000] {logging_mixin.py:188} INFO - [2024-03-25T15:21:58.931+0000] {dag.py:3047} INFO - Sync 1 DAGs
[2024-03-25T15:21:59.008+0000] {logging_mixin.py:188} INFO - [2024-03-25T15:21:59.007+0000] {dag.py:3834} INFO - Setting next_dagrun for dag_with_cron_expression_v3 to 2024-03-05 09:50:00+00:00, run_after=2024-03-12 09:50:00+00:00
[2024-03-25T15:21:59.062+0000] {processor.py:183} INFO - Processing /opt/airflow/dags/dag_with_cron_expression.py took 0.429 seconds
[2024-03-25T15:22:29.334+0000] {processor.py:161} INFO - Started process (PID=788) to work on /opt/airflow/dags/dag_with_cron_expression.py
[2024-03-25T15:22:29.340+0000] {processor.py:830} INFO - Processing file /opt/airflow/dags/dag_with_cron_expression.py for tasks to queue
[2024-03-25T15:22:29.349+0000] {logging_mixin.py:188} INFO - [2024-03-25T15:22:29.346+0000] {dagbag.py:540} INFO - Filling up the DagBag from /opt/airflow/dags/dag_with_cron_expression.py
[2024-03-25T15:22:29.452+0000] {processor.py:840} INFO - DAG(s) 'dag_with_cron_expression_v3' retrieved from /opt/airflow/dags/dag_with_cron_expression.py
[2024-03-25T15:22:29.538+0000] {logging_mixin.py:188} INFO - [2024-03-25T15:22:29.537+0000] {dag.py:3047} INFO - Sync 1 DAGs
[2024-03-25T15:22:29.610+0000] {logging_mixin.py:188} INFO - [2024-03-25T15:22:29.609+0000] {dag.py:3834} INFO - Setting next_dagrun for dag_with_cron_expression_v3 to 2024-03-05 09:50:00+00:00, run_after=2024-03-12 09:50:00+00:00
[2024-03-25T15:22:29.659+0000] {processor.py:183} INFO - Processing /opt/airflow/dags/dag_with_cron_expression.py took 0.352 seconds
[2024-03-25T15:22:59.876+0000] {processor.py:161} INFO - Started process (PID=834) to work on /opt/airflow/dags/dag_with_cron_expression.py
[2024-03-25T15:22:59.879+0000] {processor.py:830} INFO - Processing file /opt/airflow/dags/dag_with_cron_expression.py for tasks to queue
[2024-03-25T15:22:59.882+0000] {logging_mixin.py:188} INFO - [2024-03-25T15:22:59.881+0000] {dagbag.py:540} INFO - Filling up the DagBag from /opt/airflow/dags/dag_with_cron_expression.py
[2024-03-25T15:22:59.921+0000] {processor.py:840} INFO - DAG(s) 'dag_with_cron_expression_v3' retrieved from /opt/airflow/dags/dag_with_cron_expression.py
[2024-03-25T15:23:00.008+0000] {logging_mixin.py:188} INFO - [2024-03-25T15:23:00.007+0000] {dag.py:3047} INFO - Sync 1 DAGs
[2024-03-25T15:23:00.090+0000] {logging_mixin.py:188} INFO - [2024-03-25T15:23:00.089+0000] {dag.py:3834} INFO - Setting next_dagrun for dag_with_cron_expression_v3 to 2024-03-05 09:50:00+00:00, run_after=2024-03-12 09:50:00+00:00
[2024-03-25T15:23:00.199+0000] {processor.py:183} INFO - Processing /opt/airflow/dags/dag_with_cron_expression.py took 0.334 seconds
[2024-03-25T15:23:30.725+0000] {processor.py:161} INFO - Started process (PID=890) to work on /opt/airflow/dags/dag_with_cron_expression.py
[2024-03-25T15:23:30.732+0000] {processor.py:830} INFO - Processing file /opt/airflow/dags/dag_with_cron_expression.py for tasks to queue
[2024-03-25T15:23:30.739+0000] {logging_mixin.py:188} INFO - [2024-03-25T15:23:30.737+0000] {dagbag.py:540} INFO - Filling up the DagBag from /opt/airflow/dags/dag_with_cron_expression.py
[2024-03-25T15:23:30.862+0000] {processor.py:840} INFO - DAG(s) 'dag_with_cron_expression_v3' retrieved from /opt/airflow/dags/dag_with_cron_expression.py
[2024-03-25T15:23:30.964+0000] {logging_mixin.py:188} INFO - [2024-03-25T15:23:30.964+0000] {dag.py:3047} INFO - Sync 1 DAGs
[2024-03-25T15:23:31.031+0000] {logging_mixin.py:188} INFO - [2024-03-25T15:23:31.031+0000] {dag.py:3834} INFO - Setting next_dagrun for dag_with_cron_expression_v3 to 2024-03-05 09:50:00+00:00, run_after=2024-03-12 09:50:00+00:00
[2024-03-25T15:23:31.108+0000] {processor.py:183} INFO - Processing /opt/airflow/dags/dag_with_cron_expression.py took 0.405 seconds
[2024-03-25T15:24:01.477+0000] {processor.py:161} INFO - Started process (PID=938) to work on /opt/airflow/dags/dag_with_cron_expression.py
[2024-03-25T15:24:01.485+0000] {processor.py:830} INFO - Processing file /opt/airflow/dags/dag_with_cron_expression.py for tasks to queue
[2024-03-25T15:24:01.494+0000] {logging_mixin.py:188} INFO - [2024-03-25T15:24:01.491+0000] {dagbag.py:540} INFO - Filling up the DagBag from /opt/airflow/dags/dag_with_cron_expression.py
[2024-03-25T15:24:01.592+0000] {processor.py:840} INFO - DAG(s) 'dag_with_cron_expression_v3' retrieved from /opt/airflow/dags/dag_with_cron_expression.py
[2024-03-25T15:24:01.756+0000] {logging_mixin.py:188} INFO - [2024-03-25T15:24:01.755+0000] {dag.py:3047} INFO - Sync 1 DAGs
[2024-03-25T15:24:01.870+0000] {logging_mixin.py:188} INFO - [2024-03-25T15:24:01.869+0000] {dag.py:3834} INFO - Setting next_dagrun for dag_with_cron_expression_v3 to 2024-03-05 09:50:00+00:00, run_after=2024-03-12 09:50:00+00:00
[2024-03-25T15:24:01.930+0000] {processor.py:183} INFO - Processing /opt/airflow/dags/dag_with_cron_expression.py took 0.479 seconds
[2024-03-25T15:24:32.136+0000] {processor.py:161} INFO - Started process (PID=983) to work on /opt/airflow/dags/dag_with_cron_expression.py
[2024-03-25T15:24:32.143+0000] {processor.py:830} INFO - Processing file /opt/airflow/dags/dag_with_cron_expression.py for tasks to queue
[2024-03-25T15:24:32.152+0000] {logging_mixin.py:188} INFO - [2024-03-25T15:24:32.149+0000] {dagbag.py:540} INFO - Filling up the DagBag from /opt/airflow/dags/dag_with_cron_expression.py
[2024-03-25T15:24:32.247+0000] {processor.py:840} INFO - DAG(s) 'dag_with_cron_expression_v3' retrieved from /opt/airflow/dags/dag_with_cron_expression.py
[2024-03-25T15:24:32.389+0000] {logging_mixin.py:188} INFO - [2024-03-25T15:24:32.388+0000] {dag.py:3047} INFO - Sync 1 DAGs
[2024-03-25T15:24:32.480+0000] {logging_mixin.py:188} INFO - [2024-03-25T15:24:32.479+0000] {dag.py:3834} INFO - Setting next_dagrun for dag_with_cron_expression_v3 to 2024-03-05 09:50:00+00:00, run_after=2024-03-12 09:50:00+00:00
[2024-03-25T15:24:32.545+0000] {processor.py:183} INFO - Processing /opt/airflow/dags/dag_with_cron_expression.py took 0.431 seconds
[2024-03-25T15:25:02.939+0000] {processor.py:161} INFO - Started process (PID=1029) to work on /opt/airflow/dags/dag_with_cron_expression.py
[2024-03-25T15:25:02.947+0000] {processor.py:830} INFO - Processing file /opt/airflow/dags/dag_with_cron_expression.py for tasks to queue
[2024-03-25T15:25:02.958+0000] {logging_mixin.py:188} INFO - [2024-03-25T15:25:02.956+0000] {dagbag.py:540} INFO - Filling up the DagBag from /opt/airflow/dags/dag_with_cron_expression.py
[2024-03-25T15:25:03.039+0000] {processor.py:840} INFO - DAG(s) 'dag_with_cron_expression_v3' retrieved from /opt/airflow/dags/dag_with_cron_expression.py
[2024-03-25T15:25:03.197+0000] {logging_mixin.py:188} INFO - [2024-03-25T15:25:03.196+0000] {dag.py:3047} INFO - Sync 1 DAGs
[2024-03-25T15:25:03.275+0000] {logging_mixin.py:188} INFO - [2024-03-25T15:25:03.274+0000] {dag.py:3834} INFO - Setting next_dagrun for dag_with_cron_expression_v3 to 2024-03-05 09:50:00+00:00, run_after=2024-03-12 09:50:00+00:00
[2024-03-25T15:25:03.342+0000] {processor.py:183} INFO - Processing /opt/airflow/dags/dag_with_cron_expression.py took 0.442 seconds
[2024-03-25T15:25:33.788+0000] {processor.py:161} INFO - Started process (PID=1075) to work on /opt/airflow/dags/dag_with_cron_expression.py
[2024-03-25T15:25:33.794+0000] {processor.py:830} INFO - Processing file /opt/airflow/dags/dag_with_cron_expression.py for tasks to queue
[2024-03-25T15:25:33.801+0000] {logging_mixin.py:188} INFO - [2024-03-25T15:25:33.799+0000] {dagbag.py:540} INFO - Filling up the DagBag from /opt/airflow/dags/dag_with_cron_expression.py
[2024-03-25T15:25:33.878+0000] {processor.py:840} INFO - DAG(s) 'dag_with_cron_expression_v3' retrieved from /opt/airflow/dags/dag_with_cron_expression.py
[2024-03-25T15:25:34.057+0000] {logging_mixin.py:188} INFO - [2024-03-25T15:25:34.056+0000] {dag.py:3047} INFO - Sync 1 DAGs
[2024-03-25T15:25:34.137+0000] {logging_mixin.py:188} INFO - [2024-03-25T15:25:34.137+0000] {dag.py:3834} INFO - Setting next_dagrun for dag_with_cron_expression_v3 to 2024-03-05 09:50:00+00:00, run_after=2024-03-12 09:50:00+00:00
[2024-03-25T15:25:34.184+0000] {processor.py:183} INFO - Processing /opt/airflow/dags/dag_with_cron_expression.py took 0.420 seconds
[2024-03-25T15:26:04.670+0000] {processor.py:161} INFO - Started process (PID=1148) to work on /opt/airflow/dags/dag_with_cron_expression.py
[2024-03-25T15:26:04.694+0000] {processor.py:830} INFO - Processing file /opt/airflow/dags/dag_with_cron_expression.py for tasks to queue
[2024-03-25T15:26:04.702+0000] {logging_mixin.py:188} INFO - [2024-03-25T15:26:04.701+0000] {dagbag.py:540} INFO - Filling up the DagBag from /opt/airflow/dags/dag_with_cron_expression.py
[2024-03-25T15:26:04.842+0000] {processor.py:840} INFO - DAG(s) 'dag_with_cron_expression_v3' retrieved from /opt/airflow/dags/dag_with_cron_expression.py
[2024-03-25T15:26:05.100+0000] {logging_mixin.py:188} INFO - [2024-03-25T15:26:05.091+0000] {dag.py:3047} INFO - Sync 1 DAGs
[2024-03-25T15:26:05.194+0000] {logging_mixin.py:188} INFO - [2024-03-25T15:26:05.193+0000] {dag.py:3834} INFO - Setting next_dagrun for dag_with_cron_expression_v3 to 2024-03-05 09:50:00+00:00, run_after=2024-03-12 09:50:00+00:00
[2024-03-25T15:26:05.311+0000] {processor.py:183} INFO - Processing /opt/airflow/dags/dag_with_cron_expression.py took 0.707 seconds
[2024-03-25T15:26:35.806+0000] {processor.py:161} INFO - Started process (PID=1251) to work on /opt/airflow/dags/dag_with_cron_expression.py
[2024-03-25T15:26:35.814+0000] {processor.py:830} INFO - Processing file /opt/airflow/dags/dag_with_cron_expression.py for tasks to queue
[2024-03-25T15:26:35.830+0000] {logging_mixin.py:188} INFO - [2024-03-25T15:26:35.822+0000] {dagbag.py:540} INFO - Filling up the DagBag from /opt/airflow/dags/dag_with_cron_expression.py
[2024-03-25T15:26:35.892+0000] {processor.py:840} INFO - DAG(s) 'dag_with_cron_expression_v3' retrieved from /opt/airflow/dags/dag_with_cron_expression.py
[2024-03-25T15:26:35.987+0000] {logging_mixin.py:188} INFO - [2024-03-25T15:26:35.987+0000] {dag.py:3047} INFO - Sync 1 DAGs
[2024-03-25T15:26:36.056+0000] {logging_mixin.py:188} INFO - [2024-03-25T15:26:36.055+0000] {dag.py:3834} INFO - Setting next_dagrun for dag_with_cron_expression_v3 to 2024-03-05 09:50:00+00:00, run_after=2024-03-12 09:50:00+00:00
[2024-03-25T15:26:36.103+0000] {processor.py:183} INFO - Processing /opt/airflow/dags/dag_with_cron_expression.py took 0.334 seconds
[2024-03-25T15:27:06.267+0000] {processor.py:161} INFO - Started process (PID=1298) to work on /opt/airflow/dags/dag_with_cron_expression.py
[2024-03-25T15:27:06.269+0000] {processor.py:830} INFO - Processing file /opt/airflow/dags/dag_with_cron_expression.py for tasks to queue
[2024-03-25T15:27:06.273+0000] {logging_mixin.py:188} INFO - [2024-03-25T15:27:06.272+0000] {dagbag.py:540} INFO - Filling up the DagBag from /opt/airflow/dags/dag_with_cron_expression.py
[2024-03-25T15:27:06.309+0000] {processor.py:840} INFO - DAG(s) 'dag_with_cron_expression_v3' retrieved from /opt/airflow/dags/dag_with_cron_expression.py
[2024-03-25T15:27:06.401+0000] {logging_mixin.py:188} INFO - [2024-03-25T15:27:06.400+0000] {dag.py:3047} INFO - Sync 1 DAGs
[2024-03-25T15:27:06.475+0000] {logging_mixin.py:188} INFO - [2024-03-25T15:27:06.474+0000] {dag.py:3834} INFO - Setting next_dagrun for dag_with_cron_expression_v3 to 2024-03-05 09:50:00+00:00, run_after=2024-03-12 09:50:00+00:00
[2024-03-25T15:27:06.544+0000] {processor.py:183} INFO - Processing /opt/airflow/dags/dag_with_cron_expression.py took 0.291 seconds
[2024-03-25T15:27:37.150+0000] {processor.py:161} INFO - Started process (PID=1344) to work on /opt/airflow/dags/dag_with_cron_expression.py
[2024-03-25T15:27:37.158+0000] {processor.py:830} INFO - Processing file /opt/airflow/dags/dag_with_cron_expression.py for tasks to queue
[2024-03-25T15:27:37.169+0000] {logging_mixin.py:188} INFO - [2024-03-25T15:27:37.166+0000] {dagbag.py:540} INFO - Filling up the DagBag from /opt/airflow/dags/dag_with_cron_expression.py
[2024-03-25T15:27:37.279+0000] {processor.py:840} INFO - DAG(s) 'dag_with_cron_expression_v3' retrieved from /opt/airflow/dags/dag_with_cron_expression.py
[2024-03-25T15:27:37.456+0000] {logging_mixin.py:188} INFO - [2024-03-25T15:27:37.454+0000] {dag.py:3047} INFO - Sync 1 DAGs
[2024-03-25T15:27:37.627+0000] {logging_mixin.py:188} INFO - [2024-03-25T15:27:37.626+0000] {dag.py:3834} INFO - Setting next_dagrun for dag_with_cron_expression_v3 to 2024-03-05 09:50:00+00:00, run_after=2024-03-12 09:50:00+00:00
[2024-03-25T15:27:37.670+0000] {processor.py:183} INFO - Processing /opt/airflow/dags/dag_with_cron_expression.py took 0.547 seconds
[2024-03-25T15:28:08.043+0000] {processor.py:161} INFO - Started process (PID=1391) to work on /opt/airflow/dags/dag_with_cron_expression.py
[2024-03-25T15:28:08.052+0000] {processor.py:830} INFO - Processing file /opt/airflow/dags/dag_with_cron_expression.py for tasks to queue
[2024-03-25T15:28:08.067+0000] {logging_mixin.py:188} INFO - [2024-03-25T15:28:08.064+0000] {dagbag.py:540} INFO - Filling up the DagBag from /opt/airflow/dags/dag_with_cron_expression.py
[2024-03-25T15:28:08.173+0000] {processor.py:840} INFO - DAG(s) 'dag_with_cron_expression_v3' retrieved from /opt/airflow/dags/dag_with_cron_expression.py
[2024-03-25T15:28:08.369+0000] {logging_mixin.py:188} INFO - [2024-03-25T15:28:08.368+0000] {dag.py:3047} INFO - Sync 1 DAGs
[2024-03-25T15:28:08.483+0000] {logging_mixin.py:188} INFO - [2024-03-25T15:28:08.482+0000] {dag.py:3834} INFO - Setting next_dagrun for dag_with_cron_expression_v3 to 2024-03-05 09:50:00+00:00, run_after=2024-03-12 09:50:00+00:00
[2024-03-25T15:28:08.548+0000] {processor.py:183} INFO - Processing /opt/airflow/dags/dag_with_cron_expression.py took 0.541 seconds
[2024-03-25T15:28:39.164+0000] {processor.py:161} INFO - Started process (PID=1449) to work on /opt/airflow/dags/dag_with_cron_expression.py
[2024-03-25T15:28:39.167+0000] {processor.py:830} INFO - Processing file /opt/airflow/dags/dag_with_cron_expression.py for tasks to queue
[2024-03-25T15:28:39.171+0000] {logging_mixin.py:188} INFO - [2024-03-25T15:28:39.170+0000] {dagbag.py:540} INFO - Filling up the DagBag from /opt/airflow/dags/dag_with_cron_expression.py
[2024-03-25T15:28:39.205+0000] {processor.py:840} INFO - DAG(s) 'dag_with_cron_expression_v3' retrieved from /opt/airflow/dags/dag_with_cron_expression.py
[2024-03-25T15:28:39.307+0000] {logging_mixin.py:188} INFO - [2024-03-25T15:28:39.307+0000] {dag.py:3047} INFO - Sync 1 DAGs
[2024-03-25T15:28:39.363+0000] {logging_mixin.py:188} INFO - [2024-03-25T15:28:39.363+0000] {dag.py:3834} INFO - Setting next_dagrun for dag_with_cron_expression_v3 to 2024-03-05 09:50:00+00:00, run_after=2024-03-12 09:50:00+00:00
[2024-03-25T15:28:39.406+0000] {processor.py:183} INFO - Processing /opt/airflow/dags/dag_with_cron_expression.py took 0.260 seconds
[2024-03-25T15:29:09.751+0000] {processor.py:161} INFO - Started process (PID=1496) to work on /opt/airflow/dags/dag_with_cron_expression.py
[2024-03-25T15:29:09.758+0000] {processor.py:830} INFO - Processing file /opt/airflow/dags/dag_with_cron_expression.py for tasks to queue
[2024-03-25T15:29:09.766+0000] {logging_mixin.py:188} INFO - [2024-03-25T15:29:09.764+0000] {dagbag.py:540} INFO - Filling up the DagBag from /opt/airflow/dags/dag_with_cron_expression.py
[2024-03-25T15:29:09.817+0000] {processor.py:840} INFO - DAG(s) 'dag_with_cron_expression_v3' retrieved from /opt/airflow/dags/dag_with_cron_expression.py
[2024-03-25T15:29:09.882+0000] {logging_mixin.py:188} INFO - [2024-03-25T15:29:09.881+0000] {dag.py:3047} INFO - Sync 1 DAGs
[2024-03-25T15:29:09.936+0000] {logging_mixin.py:188} INFO - [2024-03-25T15:29:09.935+0000] {dag.py:3834} INFO - Setting next_dagrun for dag_with_cron_expression_v3 to 2024-03-05 09:50:00+00:00, run_after=2024-03-12 09:50:00+00:00
[2024-03-25T15:29:09.986+0000] {processor.py:183} INFO - Processing /opt/airflow/dags/dag_with_cron_expression.py took 0.263 seconds
[2024-03-25T15:29:40.324+0000] {processor.py:161} INFO - Started process (PID=1542) to work on /opt/airflow/dags/dag_with_cron_expression.py
[2024-03-25T15:29:40.327+0000] {processor.py:830} INFO - Processing file /opt/airflow/dags/dag_with_cron_expression.py for tasks to queue
[2024-03-25T15:29:40.330+0000] {logging_mixin.py:188} INFO - [2024-03-25T15:29:40.329+0000] {dagbag.py:540} INFO - Filling up the DagBag from /opt/airflow/dags/dag_with_cron_expression.py
[2024-03-25T15:29:40.363+0000] {processor.py:840} INFO - DAG(s) 'dag_with_cron_expression_v3' retrieved from /opt/airflow/dags/dag_with_cron_expression.py
[2024-03-25T15:29:40.424+0000] {logging_mixin.py:188} INFO - [2024-03-25T15:29:40.423+0000] {dag.py:3047} INFO - Sync 1 DAGs
[2024-03-25T15:29:40.474+0000] {logging_mixin.py:188} INFO - [2024-03-25T15:29:40.473+0000] {dag.py:3834} INFO - Setting next_dagrun for dag_with_cron_expression_v3 to 2024-03-05 09:50:00+00:00, run_after=2024-03-12 09:50:00+00:00
[2024-03-25T15:29:40.513+0000] {processor.py:183} INFO - Processing /opt/airflow/dags/dag_with_cron_expression.py took 0.201 seconds
[2024-03-25T15:30:10.943+0000] {processor.py:161} INFO - Started process (PID=1588) to work on /opt/airflow/dags/dag_with_cron_expression.py
[2024-03-25T15:30:10.946+0000] {processor.py:830} INFO - Processing file /opt/airflow/dags/dag_with_cron_expression.py for tasks to queue
[2024-03-25T15:30:10.951+0000] {logging_mixin.py:188} INFO - [2024-03-25T15:30:10.949+0000] {dagbag.py:540} INFO - Filling up the DagBag from /opt/airflow/dags/dag_with_cron_expression.py
[2024-03-25T15:30:10.981+0000] {processor.py:840} INFO - DAG(s) 'dag_with_cron_expression_v3' retrieved from /opt/airflow/dags/dag_with_cron_expression.py
[2024-03-25T15:30:11.038+0000] {logging_mixin.py:188} INFO - [2024-03-25T15:30:11.038+0000] {dag.py:3047} INFO - Sync 1 DAGs
[2024-03-25T15:30:11.085+0000] {logging_mixin.py:188} INFO - [2024-03-25T15:30:11.084+0000] {dag.py:3834} INFO - Setting next_dagrun for dag_with_cron_expression_v3 to 2024-03-05 09:50:00+00:00, run_after=2024-03-12 09:50:00+00:00
[2024-03-25T15:30:11.122+0000] {processor.py:183} INFO - Processing /opt/airflow/dags/dag_with_cron_expression.py took 0.198 seconds
[2024-03-25T15:30:41.946+0000] {processor.py:161} INFO - Started process (PID=1634) to work on /opt/airflow/dags/dag_with_cron_expression.py
[2024-03-25T15:30:41.951+0000] {processor.py:830} INFO - Processing file /opt/airflow/dags/dag_with_cron_expression.py for tasks to queue
[2024-03-25T15:30:41.957+0000] {logging_mixin.py:188} INFO - [2024-03-25T15:30:41.955+0000] {dagbag.py:540} INFO - Filling up the DagBag from /opt/airflow/dags/dag_with_cron_expression.py
[2024-03-25T15:30:42.008+0000] {processor.py:840} INFO - DAG(s) 'dag_with_cron_expression_v3' retrieved from /opt/airflow/dags/dag_with_cron_expression.py
[2024-03-25T15:30:42.067+0000] {logging_mixin.py:188} INFO - [2024-03-25T15:30:42.066+0000] {dag.py:3047} INFO - Sync 1 DAGs
[2024-03-25T15:30:42.111+0000] {logging_mixin.py:188} INFO - [2024-03-25T15:30:42.110+0000] {dag.py:3834} INFO - Setting next_dagrun for dag_with_cron_expression_v3 to 2024-03-05 09:50:00+00:00, run_after=2024-03-12 09:50:00+00:00
[2024-03-25T15:30:42.145+0000] {processor.py:183} INFO - Processing /opt/airflow/dags/dag_with_cron_expression.py took 0.220 seconds
[2024-03-25T15:31:12.516+0000] {processor.py:161} INFO - Started process (PID=1681) to work on /opt/airflow/dags/dag_with_cron_expression.py
[2024-03-25T15:31:12.523+0000] {processor.py:830} INFO - Processing file /opt/airflow/dags/dag_with_cron_expression.py for tasks to queue
[2024-03-25T15:31:12.531+0000] {logging_mixin.py:188} INFO - [2024-03-25T15:31:12.528+0000] {dagbag.py:540} INFO - Filling up the DagBag from /opt/airflow/dags/dag_with_cron_expression.py
[2024-03-25T15:31:12.625+0000] {processor.py:840} INFO - DAG(s) 'dag_with_cron_expression_v3' retrieved from /opt/airflow/dags/dag_with_cron_expression.py
[2024-03-25T15:31:12.790+0000] {logging_mixin.py:188} INFO - [2024-03-25T15:31:12.789+0000] {dag.py:3047} INFO - Sync 1 DAGs
[2024-03-25T15:31:12.858+0000] {logging_mixin.py:188} INFO - [2024-03-25T15:31:12.857+0000] {dag.py:3834} INFO - Setting next_dagrun for dag_with_cron_expression_v3 to 2024-03-05 09:50:00+00:00, run_after=2024-03-12 09:50:00+00:00
[2024-03-25T15:31:12.902+0000] {processor.py:183} INFO - Processing /opt/airflow/dags/dag_with_cron_expression.py took 0.413 seconds
