[2024-03-25T15:16:20.105+0000] {processor.py:161} INFO - Started process (PID=209) to work on /opt/airflow/dags/our_first_dag.py
[2024-03-25T15:16:20.122+0000] {processor.py:830} INFO - Processing file /opt/airflow/dags/our_first_dag.py for tasks to queue
[2024-03-25T15:16:20.127+0000] {logging_mixin.py:188} INFO - [2024-03-25T15:16:20.127+0000] {dagbag.py:540} INFO - Filling up the DagBag from /opt/airflow/dags/our_first_dag.py
[2024-03-25T15:16:20.222+0000] {processor.py:840} INFO - DAG(s) 'our_first_dag_v5' retrieved from /opt/airflow/dags/our_first_dag.py
[2024-03-25T15:16:21.589+0000] {logging_mixin.py:188} INFO - [2024-03-25T15:16:21.588+0000] {dag.py:3047} INFO - Sync 1 DAGs
[2024-03-25T15:16:21.760+0000] {logging_mixin.py:188} INFO - [2024-03-25T15:16:21.759+0000] {dag.py:3834} INFO - Setting next_dagrun for our_first_dag_v5 to 2023-01-16 00:00:00+00:00, run_after=2023-01-17 00:00:00+00:00
[2024-03-25T15:16:21.900+0000] {processor.py:183} INFO - Processing /opt/airflow/dags/our_first_dag.py took 1.814 seconds
[2024-03-25T15:16:52.471+0000] {processor.py:161} INFO - Started process (PID=270) to work on /opt/airflow/dags/our_first_dag.py
[2024-03-25T15:16:52.478+0000] {processor.py:830} INFO - Processing file /opt/airflow/dags/our_first_dag.py for tasks to queue
[2024-03-25T15:16:52.486+0000] {logging_mixin.py:188} INFO - [2024-03-25T15:16:52.483+0000] {dagbag.py:540} INFO - Filling up the DagBag from /opt/airflow/dags/our_first_dag.py
[2024-03-25T15:16:52.571+0000] {processor.py:840} INFO - DAG(s) 'our_first_dag_v5' retrieved from /opt/airflow/dags/our_first_dag.py
[2024-03-25T15:16:52.740+0000] {logging_mixin.py:188} INFO - [2024-03-25T15:16:52.738+0000] {dag.py:3047} INFO - Sync 1 DAGs
[2024-03-25T15:16:52.885+0000] {logging_mixin.py:188} INFO - [2024-03-25T15:16:52.884+0000] {dag.py:3834} INFO - Setting next_dagrun for our_first_dag_v5 to 2023-01-16 00:00:00+00:00, run_after=2023-01-17 00:00:00+00:00
[2024-03-25T15:16:53.001+0000] {processor.py:183} INFO - Processing /opt/airflow/dags/our_first_dag.py took 0.555 seconds
[2024-03-25T15:17:23.901+0000] {processor.py:161} INFO - Started process (PID=316) to work on /opt/airflow/dags/our_first_dag.py
[2024-03-25T15:17:23.909+0000] {processor.py:830} INFO - Processing file /opt/airflow/dags/our_first_dag.py for tasks to queue
[2024-03-25T15:17:23.917+0000] {logging_mixin.py:188} INFO - [2024-03-25T15:17:23.915+0000] {dagbag.py:540} INFO - Filling up the DagBag from /opt/airflow/dags/our_first_dag.py
[2024-03-25T15:17:24.026+0000] {processor.py:840} INFO - DAG(s) 'our_first_dag_v5' retrieved from /opt/airflow/dags/our_first_dag.py
[2024-03-25T15:17:24.171+0000] {logging_mixin.py:188} INFO - [2024-03-25T15:17:24.170+0000] {dag.py:3047} INFO - Sync 1 DAGs
[2024-03-25T15:17:24.323+0000] {logging_mixin.py:188} INFO - [2024-03-25T15:17:24.322+0000] {dag.py:3834} INFO - Setting next_dagrun for our_first_dag_v5 to 2023-01-16 00:00:00+00:00, run_after=2023-01-17 00:00:00+00:00
[2024-03-25T15:17:24.379+0000] {processor.py:183} INFO - Processing /opt/airflow/dags/our_first_dag.py took 0.504 seconds
[2024-03-25T15:17:54.558+0000] {processor.py:161} INFO - Started process (PID=362) to work on /opt/airflow/dags/our_first_dag.py
[2024-03-25T15:17:54.564+0000] {processor.py:830} INFO - Processing file /opt/airflow/dags/our_first_dag.py for tasks to queue
[2024-03-25T15:17:54.571+0000] {logging_mixin.py:188} INFO - [2024-03-25T15:17:54.569+0000] {dagbag.py:540} INFO - Filling up the DagBag from /opt/airflow/dags/our_first_dag.py
[2024-03-25T15:17:54.642+0000] {processor.py:840} INFO - DAG(s) 'our_first_dag_v5' retrieved from /opt/airflow/dags/our_first_dag.py
[2024-03-25T15:17:54.710+0000] {logging_mixin.py:188} INFO - [2024-03-25T15:17:54.709+0000] {dag.py:3047} INFO - Sync 1 DAGs
[2024-03-25T15:17:54.771+0000] {logging_mixin.py:188} INFO - [2024-03-25T15:17:54.771+0000] {dag.py:3834} INFO - Setting next_dagrun for our_first_dag_v5 to 2023-01-16 00:00:00+00:00, run_after=2023-01-17 00:00:00+00:00
[2024-03-25T15:17:54.865+0000] {processor.py:183} INFO - Processing /opt/airflow/dags/our_first_dag.py took 0.327 seconds
[2024-03-25T15:18:25.041+0000] {processor.py:161} INFO - Started process (PID=409) to work on /opt/airflow/dags/our_first_dag.py
[2024-03-25T15:18:25.049+0000] {processor.py:830} INFO - Processing file /opt/airflow/dags/our_first_dag.py for tasks to queue
[2024-03-25T15:18:25.059+0000] {logging_mixin.py:188} INFO - [2024-03-25T15:18:25.056+0000] {dagbag.py:540} INFO - Filling up the DagBag from /opt/airflow/dags/our_first_dag.py
[2024-03-25T15:18:25.164+0000] {processor.py:840} INFO - DAG(s) 'our_first_dag_v5' retrieved from /opt/airflow/dags/our_first_dag.py
[2024-03-25T15:18:25.301+0000] {logging_mixin.py:188} INFO - [2024-03-25T15:18:25.301+0000] {dag.py:3047} INFO - Sync 1 DAGs
[2024-03-25T15:18:25.385+0000] {logging_mixin.py:188} INFO - [2024-03-25T15:18:25.384+0000] {dag.py:3834} INFO - Setting next_dagrun for our_first_dag_v5 to 2023-01-16 00:00:00+00:00, run_after=2023-01-17 00:00:00+00:00
[2024-03-25T15:18:25.447+0000] {processor.py:183} INFO - Processing /opt/airflow/dags/our_first_dag.py took 0.432 seconds
[2024-03-25T15:18:55.720+0000] {processor.py:161} INFO - Started process (PID=455) to work on /opt/airflow/dags/our_first_dag.py
[2024-03-25T15:18:55.728+0000] {processor.py:830} INFO - Processing file /opt/airflow/dags/our_first_dag.py for tasks to queue
[2024-03-25T15:18:55.739+0000] {logging_mixin.py:188} INFO - [2024-03-25T15:18:55.736+0000] {dagbag.py:540} INFO - Filling up the DagBag from /opt/airflow/dags/our_first_dag.py
[2024-03-25T15:18:55.868+0000] {processor.py:840} INFO - DAG(s) 'our_first_dag_v5' retrieved from /opt/airflow/dags/our_first_dag.py
[2024-03-25T15:18:56.044+0000] {logging_mixin.py:188} INFO - [2024-03-25T15:18:56.043+0000] {dag.py:3047} INFO - Sync 1 DAGs
[2024-03-25T15:18:56.153+0000] {logging_mixin.py:188} INFO - [2024-03-25T15:18:56.151+0000] {dag.py:3834} INFO - Setting next_dagrun for our_first_dag_v5 to 2023-01-16 00:00:00+00:00, run_after=2023-01-17 00:00:00+00:00
[2024-03-25T15:18:56.236+0000] {processor.py:183} INFO - Processing /opt/airflow/dags/our_first_dag.py took 0.541 seconds
[2024-03-25T15:19:26.998+0000] {processor.py:161} INFO - Started process (PID=502) to work on /opt/airflow/dags/our_first_dag.py
[2024-03-25T15:19:27.006+0000] {processor.py:830} INFO - Processing file /opt/airflow/dags/our_first_dag.py for tasks to queue
[2024-03-25T15:19:27.017+0000] {logging_mixin.py:188} INFO - [2024-03-25T15:19:27.011+0000] {dagbag.py:540} INFO - Filling up the DagBag from /opt/airflow/dags/our_first_dag.py
[2024-03-25T15:19:27.099+0000] {processor.py:840} INFO - DAG(s) 'our_first_dag_v5' retrieved from /opt/airflow/dags/our_first_dag.py
[2024-03-25T15:19:27.235+0000] {logging_mixin.py:188} INFO - [2024-03-25T15:19:27.234+0000] {dag.py:3047} INFO - Sync 1 DAGs
[2024-03-25T15:19:27.323+0000] {logging_mixin.py:188} INFO - [2024-03-25T15:19:27.322+0000] {dag.py:3834} INFO - Setting next_dagrun for our_first_dag_v5 to 2023-01-16 00:00:00+00:00, run_after=2023-01-17 00:00:00+00:00
[2024-03-25T15:19:27.412+0000] {processor.py:183} INFO - Processing /opt/airflow/dags/our_first_dag.py took 0.434 seconds
[2024-03-25T15:19:57.717+0000] {processor.py:161} INFO - Started process (PID=548) to work on /opt/airflow/dags/our_first_dag.py
[2024-03-25T15:19:57.723+0000] {processor.py:830} INFO - Processing file /opt/airflow/dags/our_first_dag.py for tasks to queue
[2024-03-25T15:19:57.732+0000] {logging_mixin.py:188} INFO - [2024-03-25T15:19:57.729+0000] {dagbag.py:540} INFO - Filling up the DagBag from /opt/airflow/dags/our_first_dag.py
[2024-03-25T15:19:57.823+0000] {processor.py:840} INFO - DAG(s) 'our_first_dag_v5' retrieved from /opt/airflow/dags/our_first_dag.py
[2024-03-25T15:19:57.933+0000] {logging_mixin.py:188} INFO - [2024-03-25T15:19:57.932+0000] {dag.py:3047} INFO - Sync 1 DAGs
[2024-03-25T15:19:58.053+0000] {logging_mixin.py:188} INFO - [2024-03-25T15:19:58.052+0000] {dag.py:3834} INFO - Setting next_dagrun for our_first_dag_v5 to 2023-01-16 00:00:00+00:00, run_after=2023-01-17 00:00:00+00:00
[2024-03-25T15:19:58.134+0000] {processor.py:183} INFO - Processing /opt/airflow/dags/our_first_dag.py took 0.446 seconds
[2024-03-25T15:20:28.551+0000] {processor.py:161} INFO - Started process (PID=594) to work on /opt/airflow/dags/our_first_dag.py
[2024-03-25T15:20:28.558+0000] {processor.py:830} INFO - Processing file /opt/airflow/dags/our_first_dag.py for tasks to queue
[2024-03-25T15:20:28.567+0000] {logging_mixin.py:188} INFO - [2024-03-25T15:20:28.564+0000] {dagbag.py:540} INFO - Filling up the DagBag from /opt/airflow/dags/our_first_dag.py
[2024-03-25T15:20:28.649+0000] {processor.py:840} INFO - DAG(s) 'our_first_dag_v5' retrieved from /opt/airflow/dags/our_first_dag.py
[2024-03-25T15:20:28.827+0000] {logging_mixin.py:188} INFO - [2024-03-25T15:20:28.825+0000] {dag.py:3047} INFO - Sync 1 DAGs
[2024-03-25T15:20:28.964+0000] {logging_mixin.py:188} INFO - [2024-03-25T15:20:28.964+0000] {dag.py:3834} INFO - Setting next_dagrun for our_first_dag_v5 to 2023-01-16 00:00:00+00:00, run_after=2023-01-17 00:00:00+00:00
[2024-03-25T15:20:29.008+0000] {processor.py:183} INFO - Processing /opt/airflow/dags/our_first_dag.py took 0.478 seconds
[2024-03-25T15:21:00.096+0000] {processor.py:161} INFO - Started process (PID=661) to work on /opt/airflow/dags/our_first_dag.py
[2024-03-25T15:21:00.106+0000] {processor.py:830} INFO - Processing file /opt/airflow/dags/our_first_dag.py for tasks to queue
[2024-03-25T15:21:00.118+0000] {logging_mixin.py:188} INFO - [2024-03-25T15:21:00.113+0000] {dagbag.py:540} INFO - Filling up the DagBag from /opt/airflow/dags/our_first_dag.py
[2024-03-25T15:21:00.188+0000] {processor.py:840} INFO - DAG(s) 'our_first_dag_v5' retrieved from /opt/airflow/dags/our_first_dag.py
[2024-03-25T15:21:00.326+0000] {logging_mixin.py:188} INFO - [2024-03-25T15:21:00.326+0000] {dag.py:3047} INFO - Sync 1 DAGs
[2024-03-25T15:21:00.471+0000] {logging_mixin.py:188} INFO - [2024-03-25T15:21:00.470+0000] {dag.py:3834} INFO - Setting next_dagrun for our_first_dag_v5 to 2023-01-16 00:00:00+00:00, run_after=2023-01-17 00:00:00+00:00
[2024-03-25T15:21:00.608+0000] {processor.py:183} INFO - Processing /opt/airflow/dags/our_first_dag.py took 0.569 seconds
[2024-03-25T15:21:31.758+0000] {processor.py:161} INFO - Started process (PID=719) to work on /opt/airflow/dags/our_first_dag.py
[2024-03-25T15:21:31.764+0000] {processor.py:830} INFO - Processing file /opt/airflow/dags/our_first_dag.py for tasks to queue
[2024-03-25T15:21:31.774+0000] {logging_mixin.py:188} INFO - [2024-03-25T15:21:31.771+0000] {dagbag.py:540} INFO - Filling up the DagBag from /opt/airflow/dags/our_first_dag.py
[2024-03-25T15:21:31.866+0000] {processor.py:840} INFO - DAG(s) 'our_first_dag_v5' retrieved from /opt/airflow/dags/our_first_dag.py
[2024-03-25T15:21:32.069+0000] {logging_mixin.py:188} INFO - [2024-03-25T15:21:32.068+0000] {dag.py:3047} INFO - Sync 1 DAGs
[2024-03-25T15:21:32.198+0000] {logging_mixin.py:188} INFO - [2024-03-25T15:21:32.196+0000] {dag.py:3834} INFO - Setting next_dagrun for our_first_dag_v5 to 2023-01-16 00:00:00+00:00, run_after=2023-01-17 00:00:00+00:00
[2024-03-25T15:21:32.287+0000] {processor.py:183} INFO - Processing /opt/airflow/dags/our_first_dag.py took 0.552 seconds
[2024-03-25T15:22:02.950+0000] {processor.py:161} INFO - Started process (PID=765) to work on /opt/airflow/dags/our_first_dag.py
[2024-03-25T15:22:02.953+0000] {processor.py:830} INFO - Processing file /opt/airflow/dags/our_first_dag.py for tasks to queue
[2024-03-25T15:22:02.957+0000] {logging_mixin.py:188} INFO - [2024-03-25T15:22:02.955+0000] {dagbag.py:540} INFO - Filling up the DagBag from /opt/airflow/dags/our_first_dag.py
[2024-03-25T15:22:02.991+0000] {processor.py:840} INFO - DAG(s) 'our_first_dag_v5' retrieved from /opt/airflow/dags/our_first_dag.py
[2024-03-25T15:22:03.052+0000] {logging_mixin.py:188} INFO - [2024-03-25T15:22:03.052+0000] {dag.py:3047} INFO - Sync 1 DAGs
[2024-03-25T15:22:03.115+0000] {logging_mixin.py:188} INFO - [2024-03-25T15:22:03.114+0000] {dag.py:3834} INFO - Setting next_dagrun for our_first_dag_v5 to 2023-01-16 00:00:00+00:00, run_after=2023-01-17 00:00:00+00:00
[2024-03-25T15:22:03.203+0000] {processor.py:183} INFO - Processing /opt/airflow/dags/our_first_dag.py took 0.265 seconds
[2024-03-25T15:22:33.889+0000] {processor.py:161} INFO - Started process (PID=811) to work on /opt/airflow/dags/our_first_dag.py
[2024-03-25T15:22:33.894+0000] {processor.py:830} INFO - Processing file /opt/airflow/dags/our_first_dag.py for tasks to queue
[2024-03-25T15:22:33.902+0000] {logging_mixin.py:188} INFO - [2024-03-25T15:22:33.900+0000] {dagbag.py:540} INFO - Filling up the DagBag from /opt/airflow/dags/our_first_dag.py
[2024-03-25T15:22:33.974+0000] {processor.py:840} INFO - DAG(s) 'our_first_dag_v5' retrieved from /opt/airflow/dags/our_first_dag.py
[2024-03-25T15:22:34.076+0000] {logging_mixin.py:188} INFO - [2024-03-25T15:22:34.075+0000] {dag.py:3047} INFO - Sync 1 DAGs
[2024-03-25T15:22:34.120+0000] {logging_mixin.py:188} INFO - [2024-03-25T15:22:34.120+0000] {dag.py:3834} INFO - Setting next_dagrun for our_first_dag_v5 to 2023-01-16 00:00:00+00:00, run_after=2023-01-17 00:00:00+00:00
[2024-03-25T15:22:34.155+0000] {processor.py:183} INFO - Processing /opt/airflow/dags/our_first_dag.py took 0.284 seconds
[2024-03-25T15:23:05.177+0000] {processor.py:161} INFO - Started process (PID=858) to work on /opt/airflow/dags/our_first_dag.py
[2024-03-25T15:23:05.187+0000] {processor.py:830} INFO - Processing file /opt/airflow/dags/our_first_dag.py for tasks to queue
[2024-03-25T15:23:05.195+0000] {logging_mixin.py:188} INFO - [2024-03-25T15:23:05.194+0000] {dagbag.py:540} INFO - Filling up the DagBag from /opt/airflow/dags/our_first_dag.py
[2024-03-25T15:23:05.309+0000] {processor.py:840} INFO - DAG(s) 'our_first_dag_v5' retrieved from /opt/airflow/dags/our_first_dag.py
[2024-03-25T15:23:05.483+0000] {logging_mixin.py:188} INFO - [2024-03-25T15:23:05.483+0000] {dag.py:3047} INFO - Sync 1 DAGs
[2024-03-25T15:23:05.660+0000] {logging_mixin.py:188} INFO - [2024-03-25T15:23:05.657+0000] {dag.py:3834} INFO - Setting next_dagrun for our_first_dag_v5 to 2023-01-16 00:00:00+00:00, run_after=2023-01-17 00:00:00+00:00
[2024-03-25T15:23:05.794+0000] {processor.py:183} INFO - Processing /opt/airflow/dags/our_first_dag.py took 0.638 seconds
[2024-03-25T15:23:36.299+0000] {processor.py:161} INFO - Started process (PID=909) to work on /opt/airflow/dags/our_first_dag.py
[2024-03-25T15:23:36.302+0000] {processor.py:830} INFO - Processing file /opt/airflow/dags/our_first_dag.py for tasks to queue
[2024-03-25T15:23:36.306+0000] {logging_mixin.py:188} INFO - [2024-03-25T15:23:36.304+0000] {dagbag.py:540} INFO - Filling up the DagBag from /opt/airflow/dags/our_first_dag.py
[2024-03-25T15:23:36.348+0000] {processor.py:840} INFO - DAG(s) 'our_first_dag_v5' retrieved from /opt/airflow/dags/our_first_dag.py
[2024-03-25T15:23:36.455+0000] {logging_mixin.py:188} INFO - [2024-03-25T15:23:36.455+0000] {dag.py:3047} INFO - Sync 1 DAGs
[2024-03-25T15:23:36.618+0000] {logging_mixin.py:188} INFO - [2024-03-25T15:23:36.617+0000] {dag.py:3834} INFO - Setting next_dagrun for our_first_dag_v5 to 2023-01-16 00:00:00+00:00, run_after=2023-01-17 00:00:00+00:00
[2024-03-25T15:23:36.716+0000] {processor.py:183} INFO - Processing /opt/airflow/dags/our_first_dag.py took 0.432 seconds
[2024-03-25T15:24:07.144+0000] {processor.py:161} INFO - Started process (PID=955) to work on /opt/airflow/dags/our_first_dag.py
[2024-03-25T15:24:07.152+0000] {processor.py:830} INFO - Processing file /opt/airflow/dags/our_first_dag.py for tasks to queue
[2024-03-25T15:24:07.167+0000] {logging_mixin.py:188} INFO - [2024-03-25T15:24:07.161+0000] {dagbag.py:540} INFO - Filling up the DagBag from /opt/airflow/dags/our_first_dag.py
[2024-03-25T15:24:07.272+0000] {processor.py:840} INFO - DAG(s) 'our_first_dag_v5' retrieved from /opt/airflow/dags/our_first_dag.py
[2024-03-25T15:24:07.352+0000] {logging_mixin.py:188} INFO - [2024-03-25T15:24:07.351+0000] {dag.py:3047} INFO - Sync 1 DAGs
[2024-03-25T15:24:07.411+0000] {logging_mixin.py:188} INFO - [2024-03-25T15:24:07.410+0000] {dag.py:3834} INFO - Setting next_dagrun for our_first_dag_v5 to 2023-01-16 00:00:00+00:00, run_after=2023-01-17 00:00:00+00:00
[2024-03-25T15:24:07.455+0000] {processor.py:183} INFO - Processing /opt/airflow/dags/our_first_dag.py took 0.337 seconds
[2024-03-25T15:24:38.517+0000] {processor.py:161} INFO - Started process (PID=1000) to work on /opt/airflow/dags/our_first_dag.py
[2024-03-25T15:24:38.525+0000] {processor.py:830} INFO - Processing file /opt/airflow/dags/our_first_dag.py for tasks to queue
[2024-03-25T15:24:38.543+0000] {logging_mixin.py:188} INFO - [2024-03-25T15:24:38.541+0000] {dagbag.py:540} INFO - Filling up the DagBag from /opt/airflow/dags/our_first_dag.py
[2024-03-25T15:24:38.619+0000] {processor.py:840} INFO - DAG(s) 'our_first_dag_v5' retrieved from /opt/airflow/dags/our_first_dag.py
[2024-03-25T15:24:38.703+0000] {logging_mixin.py:188} INFO - [2024-03-25T15:24:38.702+0000] {dag.py:3047} INFO - Sync 1 DAGs
[2024-03-25T15:24:38.767+0000] {logging_mixin.py:188} INFO - [2024-03-25T15:24:38.766+0000] {dag.py:3834} INFO - Setting next_dagrun for our_first_dag_v5 to 2023-01-16 00:00:00+00:00, run_after=2023-01-17 00:00:00+00:00
[2024-03-25T15:24:38.811+0000] {processor.py:183} INFO - Processing /opt/airflow/dags/our_first_dag.py took 0.321 seconds
[2024-03-25T15:25:08.956+0000] {processor.py:161} INFO - Started process (PID=1046) to work on /opt/airflow/dags/our_first_dag.py
[2024-03-25T15:25:08.961+0000] {processor.py:830} INFO - Processing file /opt/airflow/dags/our_first_dag.py for tasks to queue
[2024-03-25T15:25:08.967+0000] {logging_mixin.py:188} INFO - [2024-03-25T15:25:08.965+0000] {dagbag.py:540} INFO - Filling up the DagBag from /opt/airflow/dags/our_first_dag.py
[2024-03-25T15:25:09.007+0000] {processor.py:840} INFO - DAG(s) 'our_first_dag_v5' retrieved from /opt/airflow/dags/our_first_dag.py
[2024-03-25T15:25:09.057+0000] {logging_mixin.py:188} INFO - [2024-03-25T15:25:09.056+0000] {dag.py:3047} INFO - Sync 1 DAGs
[2024-03-25T15:25:09.098+0000] {logging_mixin.py:188} INFO - [2024-03-25T15:25:09.098+0000] {dag.py:3834} INFO - Setting next_dagrun for our_first_dag_v5 to 2023-01-16 00:00:00+00:00, run_after=2023-01-17 00:00:00+00:00
[2024-03-25T15:25:09.134+0000] {processor.py:183} INFO - Processing /opt/airflow/dags/our_first_dag.py took 0.194 seconds
[2024-03-25T15:25:39.247+0000] {processor.py:161} INFO - Started process (PID=1094) to work on /opt/airflow/dags/our_first_dag.py
[2024-03-25T15:25:39.252+0000] {processor.py:830} INFO - Processing file /opt/airflow/dags/our_first_dag.py for tasks to queue
[2024-03-25T15:25:39.264+0000] {logging_mixin.py:188} INFO - [2024-03-25T15:25:39.261+0000] {dagbag.py:540} INFO - Filling up the DagBag from /opt/airflow/dags/our_first_dag.py
[2024-03-25T15:25:39.348+0000] {processor.py:840} INFO - DAG(s) 'our_first_dag_v5' retrieved from /opt/airflow/dags/our_first_dag.py
[2024-03-25T15:25:39.520+0000] {logging_mixin.py:188} INFO - [2024-03-25T15:25:39.519+0000] {dag.py:3047} INFO - Sync 1 DAGs
[2024-03-25T15:25:39.701+0000] {logging_mixin.py:188} INFO - [2024-03-25T15:25:39.700+0000] {dag.py:3834} INFO - Setting next_dagrun for our_first_dag_v5 to 2023-01-16 00:00:00+00:00, run_after=2023-01-17 00:00:00+00:00
[2024-03-25T15:25:39.820+0000] {processor.py:183} INFO - Processing /opt/airflow/dags/our_first_dag.py took 0.597 seconds
[2024-03-25T15:26:10.741+0000] {processor.py:161} INFO - Started process (PID=1188) to work on /opt/airflow/dags/our_first_dag.py
[2024-03-25T15:26:10.766+0000] {processor.py:830} INFO - Processing file /opt/airflow/dags/our_first_dag.py for tasks to queue
[2024-03-25T15:26:10.779+0000] {logging_mixin.py:188} INFO - [2024-03-25T15:26:10.769+0000] {dagbag.py:540} INFO - Filling up the DagBag from /opt/airflow/dags/our_first_dag.py
[2024-03-25T15:26:10.927+0000] {processor.py:840} INFO - DAG(s) 'our_first_dag_v5' retrieved from /opt/airflow/dags/our_first_dag.py
[2024-03-25T15:26:11.140+0000] {logging_mixin.py:188} INFO - [2024-03-25T15:26:11.139+0000] {dag.py:3047} INFO - Sync 1 DAGs
[2024-03-25T15:26:11.299+0000] {logging_mixin.py:188} INFO - [2024-03-25T15:26:11.298+0000] {dag.py:3834} INFO - Setting next_dagrun for our_first_dag_v5 to 2023-01-16 00:00:00+00:00, run_after=2023-01-17 00:00:00+00:00
[2024-03-25T15:26:11.467+0000] {processor.py:183} INFO - Processing /opt/airflow/dags/our_first_dag.py took 0.831 seconds
[2024-03-25T15:26:42.006+0000] {processor.py:161} INFO - Started process (PID=1268) to work on /opt/airflow/dags/our_first_dag.py
[2024-03-25T15:26:42.010+0000] {processor.py:830} INFO - Processing file /opt/airflow/dags/our_first_dag.py for tasks to queue
[2024-03-25T15:26:42.013+0000] {logging_mixin.py:188} INFO - [2024-03-25T15:26:42.012+0000] {dagbag.py:540} INFO - Filling up the DagBag from /opt/airflow/dags/our_first_dag.py
[2024-03-25T15:26:42.042+0000] {processor.py:840} INFO - DAG(s) 'our_first_dag_v5' retrieved from /opt/airflow/dags/our_first_dag.py
[2024-03-25T15:26:42.101+0000] {logging_mixin.py:188} INFO - [2024-03-25T15:26:42.101+0000] {dag.py:3047} INFO - Sync 1 DAGs
[2024-03-25T15:26:42.155+0000] {logging_mixin.py:188} INFO - [2024-03-25T15:26:42.154+0000] {dag.py:3834} INFO - Setting next_dagrun for our_first_dag_v5 to 2023-01-16 00:00:00+00:00, run_after=2023-01-17 00:00:00+00:00
[2024-03-25T15:26:42.205+0000] {processor.py:183} INFO - Processing /opt/airflow/dags/our_first_dag.py took 0.208 seconds
[2024-03-25T15:27:12.939+0000] {processor.py:161} INFO - Started process (PID=1315) to work on /opt/airflow/dags/our_first_dag.py
[2024-03-25T15:27:12.945+0000] {processor.py:830} INFO - Processing file /opt/airflow/dags/our_first_dag.py for tasks to queue
[2024-03-25T15:27:12.952+0000] {logging_mixin.py:188} INFO - [2024-03-25T15:27:12.950+0000] {dagbag.py:540} INFO - Filling up the DagBag from /opt/airflow/dags/our_first_dag.py
[2024-03-25T15:27:13.022+0000] {processor.py:840} INFO - DAG(s) 'our_first_dag_v5' retrieved from /opt/airflow/dags/our_first_dag.py
[2024-03-25T15:27:13.087+0000] {logging_mixin.py:188} INFO - [2024-03-25T15:27:13.087+0000] {dag.py:3047} INFO - Sync 1 DAGs
[2024-03-25T15:27:13.140+0000] {logging_mixin.py:188} INFO - [2024-03-25T15:27:13.140+0000] {dag.py:3834} INFO - Setting next_dagrun for our_first_dag_v5 to 2023-01-16 00:00:00+00:00, run_after=2023-01-17 00:00:00+00:00
[2024-03-25T15:27:13.185+0000] {processor.py:183} INFO - Processing /opt/airflow/dags/our_first_dag.py took 0.264 seconds
[2024-03-25T15:27:43.823+0000] {processor.py:161} INFO - Started process (PID=1361) to work on /opt/airflow/dags/our_first_dag.py
[2024-03-25T15:27:43.828+0000] {processor.py:830} INFO - Processing file /opt/airflow/dags/our_first_dag.py for tasks to queue
[2024-03-25T15:27:43.832+0000] {logging_mixin.py:188} INFO - [2024-03-25T15:27:43.831+0000] {dagbag.py:540} INFO - Filling up the DagBag from /opt/airflow/dags/our_first_dag.py
[2024-03-25T15:27:43.875+0000] {processor.py:840} INFO - DAG(s) 'our_first_dag_v5' retrieved from /opt/airflow/dags/our_first_dag.py
[2024-03-25T15:27:43.949+0000] {logging_mixin.py:188} INFO - [2024-03-25T15:27:43.949+0000] {dag.py:3047} INFO - Sync 1 DAGs
[2024-03-25T15:27:44.005+0000] {logging_mixin.py:188} INFO - [2024-03-25T15:27:44.004+0000] {dag.py:3834} INFO - Setting next_dagrun for our_first_dag_v5 to 2023-01-16 00:00:00+00:00, run_after=2023-01-17 00:00:00+00:00
[2024-03-25T15:27:44.049+0000] {processor.py:183} INFO - Processing /opt/airflow/dags/our_first_dag.py took 0.237 seconds
[2024-03-25T15:28:14.343+0000] {processor.py:161} INFO - Started process (PID=1408) to work on /opt/airflow/dags/our_first_dag.py
[2024-03-25T15:28:14.346+0000] {processor.py:830} INFO - Processing file /opt/airflow/dags/our_first_dag.py for tasks to queue
[2024-03-25T15:28:14.351+0000] {logging_mixin.py:188} INFO - [2024-03-25T15:28:14.349+0000] {dagbag.py:540} INFO - Filling up the DagBag from /opt/airflow/dags/our_first_dag.py
[2024-03-25T15:28:14.400+0000] {processor.py:840} INFO - DAG(s) 'our_first_dag_v5' retrieved from /opt/airflow/dags/our_first_dag.py
[2024-03-25T15:28:14.467+0000] {logging_mixin.py:188} INFO - [2024-03-25T15:28:14.467+0000] {dag.py:3047} INFO - Sync 1 DAGs
[2024-03-25T15:28:14.525+0000] {logging_mixin.py:188} INFO - [2024-03-25T15:28:14.524+0000] {dag.py:3834} INFO - Setting next_dagrun for our_first_dag_v5 to 2023-01-16 00:00:00+00:00, run_after=2023-01-17 00:00:00+00:00
[2024-03-25T15:28:14.588+0000] {processor.py:183} INFO - Processing /opt/airflow/dags/our_first_dag.py took 0.256 seconds
[2024-03-25T15:28:45.187+0000] {processor.py:161} INFO - Started process (PID=1466) to work on /opt/airflow/dags/our_first_dag.py
[2024-03-25T15:28:45.196+0000] {processor.py:830} INFO - Processing file /opt/airflow/dags/our_first_dag.py for tasks to queue
[2024-03-25T15:28:45.206+0000] {logging_mixin.py:188} INFO - [2024-03-25T15:28:45.202+0000] {dagbag.py:540} INFO - Filling up the DagBag from /opt/airflow/dags/our_first_dag.py
[2024-03-25T15:28:45.297+0000] {processor.py:840} INFO - DAG(s) 'our_first_dag_v5' retrieved from /opt/airflow/dags/our_first_dag.py
[2024-03-25T15:28:45.460+0000] {logging_mixin.py:188} INFO - [2024-03-25T15:28:45.459+0000] {dag.py:3047} INFO - Sync 1 DAGs
[2024-03-25T15:28:45.583+0000] {logging_mixin.py:188} INFO - [2024-03-25T15:28:45.582+0000] {dag.py:3834} INFO - Setting next_dagrun for our_first_dag_v5 to 2023-01-16 00:00:00+00:00, run_after=2023-01-17 00:00:00+00:00
[2024-03-25T15:28:45.688+0000] {processor.py:183} INFO - Processing /opt/airflow/dags/our_first_dag.py took 0.527 seconds
[2024-03-25T15:29:16.470+0000] {processor.py:161} INFO - Started process (PID=1513) to work on /opt/airflow/dags/our_first_dag.py
[2024-03-25T15:29:16.476+0000] {processor.py:830} INFO - Processing file /opt/airflow/dags/our_first_dag.py for tasks to queue
[2024-03-25T15:29:16.484+0000] {logging_mixin.py:188} INFO - [2024-03-25T15:29:16.481+0000] {dagbag.py:540} INFO - Filling up the DagBag from /opt/airflow/dags/our_first_dag.py
[2024-03-25T15:29:16.556+0000] {processor.py:840} INFO - DAG(s) 'our_first_dag_v5' retrieved from /opt/airflow/dags/our_first_dag.py
[2024-03-25T15:29:16.691+0000] {logging_mixin.py:188} INFO - [2024-03-25T15:29:16.690+0000] {dag.py:3047} INFO - Sync 1 DAGs
[2024-03-25T15:29:16.806+0000] {logging_mixin.py:188} INFO - [2024-03-25T15:29:16.805+0000] {dag.py:3834} INFO - Setting next_dagrun for our_first_dag_v5 to 2023-01-16 00:00:00+00:00, run_after=2023-01-17 00:00:00+00:00
[2024-03-25T15:29:16.892+0000] {processor.py:183} INFO - Processing /opt/airflow/dags/our_first_dag.py took 0.444 seconds
[2024-03-25T15:29:47.293+0000] {processor.py:161} INFO - Started process (PID=1559) to work on /opt/airflow/dags/our_first_dag.py
[2024-03-25T15:29:47.298+0000] {processor.py:830} INFO - Processing file /opt/airflow/dags/our_first_dag.py for tasks to queue
[2024-03-25T15:29:47.306+0000] {logging_mixin.py:188} INFO - [2024-03-25T15:29:47.304+0000] {dagbag.py:540} INFO - Filling up the DagBag from /opt/airflow/dags/our_first_dag.py
[2024-03-25T15:29:47.372+0000] {processor.py:840} INFO - DAG(s) 'our_first_dag_v5' retrieved from /opt/airflow/dags/our_first_dag.py
[2024-03-25T15:29:47.454+0000] {logging_mixin.py:188} INFO - [2024-03-25T15:29:47.454+0000] {dag.py:3047} INFO - Sync 1 DAGs
[2024-03-25T15:29:47.494+0000] {logging_mixin.py:188} INFO - [2024-03-25T15:29:47.493+0000] {dag.py:3834} INFO - Setting next_dagrun for our_first_dag_v5 to 2023-01-16 00:00:00+00:00, run_after=2023-01-17 00:00:00+00:00
[2024-03-25T15:29:47.529+0000] {processor.py:183} INFO - Processing /opt/airflow/dags/our_first_dag.py took 0.254 seconds
[2024-03-25T15:30:18.748+0000] {processor.py:161} INFO - Started process (PID=1605) to work on /opt/airflow/dags/our_first_dag.py
[2024-03-25T15:30:18.753+0000] {processor.py:830} INFO - Processing file /opt/airflow/dags/our_first_dag.py for tasks to queue
[2024-03-25T15:30:18.760+0000] {logging_mixin.py:188} INFO - [2024-03-25T15:30:18.758+0000] {dagbag.py:540} INFO - Filling up the DagBag from /opt/airflow/dags/our_first_dag.py
[2024-03-25T15:30:18.833+0000] {processor.py:840} INFO - DAG(s) 'our_first_dag_v5' retrieved from /opt/airflow/dags/our_first_dag.py
[2024-03-25T15:30:18.998+0000] {logging_mixin.py:188} INFO - [2024-03-25T15:30:18.997+0000] {dag.py:3047} INFO - Sync 1 DAGs
[2024-03-25T15:30:19.154+0000] {logging_mixin.py:188} INFO - [2024-03-25T15:30:19.153+0000] {dag.py:3834} INFO - Setting next_dagrun for our_first_dag_v5 to 2023-01-16 00:00:00+00:00, run_after=2023-01-17 00:00:00+00:00
[2024-03-25T15:30:19.252+0000] {processor.py:183} INFO - Processing /opt/airflow/dags/our_first_dag.py took 0.521 seconds
[2024-03-25T15:30:49.607+0000] {processor.py:161} INFO - Started process (PID=1651) to work on /opt/airflow/dags/our_first_dag.py
[2024-03-25T15:30:49.610+0000] {processor.py:830} INFO - Processing file /opt/airflow/dags/our_first_dag.py for tasks to queue
[2024-03-25T15:30:49.612+0000] {logging_mixin.py:188} INFO - [2024-03-25T15:30:49.611+0000] {dagbag.py:540} INFO - Filling up the DagBag from /opt/airflow/dags/our_first_dag.py
[2024-03-25T15:30:49.639+0000] {processor.py:840} INFO - DAG(s) 'our_first_dag_v5' retrieved from /opt/airflow/dags/our_first_dag.py
[2024-03-25T15:30:49.688+0000] {logging_mixin.py:188} INFO - [2024-03-25T15:30:49.688+0000] {dag.py:3047} INFO - Sync 1 DAGs
[2024-03-25T15:30:49.729+0000] {logging_mixin.py:188} INFO - [2024-03-25T15:30:49.729+0000] {dag.py:3834} INFO - Setting next_dagrun for our_first_dag_v5 to 2023-01-16 00:00:00+00:00, run_after=2023-01-17 00:00:00+00:00
[2024-03-25T15:30:49.787+0000] {processor.py:183} INFO - Processing /opt/airflow/dags/our_first_dag.py took 0.188 seconds
[2024-03-25T15:31:20.490+0000] {processor.py:161} INFO - Started process (PID=1698) to work on /opt/airflow/dags/our_first_dag.py
[2024-03-25T15:31:20.496+0000] {processor.py:830} INFO - Processing file /opt/airflow/dags/our_first_dag.py for tasks to queue
[2024-03-25T15:31:20.503+0000] {logging_mixin.py:188} INFO - [2024-03-25T15:31:20.500+0000] {dagbag.py:540} INFO - Filling up the DagBag from /opt/airflow/dags/our_first_dag.py
[2024-03-25T15:31:20.570+0000] {processor.py:840} INFO - DAG(s) 'our_first_dag_v5' retrieved from /opt/airflow/dags/our_first_dag.py
[2024-03-25T15:31:20.718+0000] {logging_mixin.py:188} INFO - [2024-03-25T15:31:20.717+0000] {dag.py:3047} INFO - Sync 1 DAGs
[2024-03-25T15:31:20.844+0000] {logging_mixin.py:188} INFO - [2024-03-25T15:31:20.843+0000] {dag.py:3834} INFO - Setting next_dagrun for our_first_dag_v5 to 2023-01-16 00:00:00+00:00, run_after=2023-01-17 00:00:00+00:00
[2024-03-25T15:31:20.886+0000] {processor.py:183} INFO - Processing /opt/airflow/dags/our_first_dag.py took 0.413 seconds
