[2024-03-25T15:26:09.023+0000] {taskinstance.py:1979} INFO - Dependencies all met for dep_context=non-requeueable deps ti=<TaskInstance: dag_with_postgres_operator_v02.create_postgres_table scheduled__2024-03-24T00:00:00+00:00 [queued]>
[2024-03-25T15:26:09.097+0000] {taskinstance.py:1979} INFO - Dependencies all met for dep_context=requeueable deps ti=<TaskInstance: dag_with_postgres_operator_v02.create_postgres_table scheduled__2024-03-24T00:00:00+00:00 [queued]>
[2024-03-25T15:26:09.100+0000] {taskinstance.py:2193} INFO - Starting attempt 2 of 6
[2024-03-25T15:26:09.344+0000] {taskinstance.py:2214} INFO - Executing <Task(PostgresOperator): create_postgres_table> on 2024-03-24 00:00:00+00:00
[2024-03-25T15:26:09.380+0000] {standard_task_runner.py:60} INFO - Started process 1177 to run task
[2024-03-25T15:26:09.414+0000] {standard_task_runner.py:87} INFO - Running: ['***', 'tasks', 'run', 'dag_with_postgres_operator_v02', 'create_postgres_table', 'scheduled__2024-03-24T00:00:00+00:00', '--job-id', '1020', '--raw', '--subdir', 'DAGS_FOLDER/dag_with_postgres_operator.py', '--cfg-path', '/tmp/tmpmr74vuyy']
[2024-03-25T15:26:09.423+0000] {standard_task_runner.py:88} INFO - Job 1020: Subtask create_postgres_table
[2024-03-25T15:26:09.698+0000] {task_command.py:423} INFO - Running <TaskInstance: dag_with_postgres_operator_v02.create_postgres_table scheduled__2024-03-24T00:00:00+00:00 [running]> on host 932f824b7ebb
[2024-03-25T15:26:10.426+0000] {taskinstance.py:2510} INFO - Exporting env vars: AIRFLOW_CTX_DAG_OWNER='daniel' AIRFLOW_CTX_DAG_ID='dag_with_postgres_operator_v02' AIRFLOW_CTX_TASK_ID='create_postgres_table' AIRFLOW_CTX_EXECUTION_DATE='2024-03-24T00:00:00+00:00' AIRFLOW_CTX_TRY_NUMBER='2' AIRFLOW_CTX_DAG_RUN_ID='scheduled__2024-03-24T00:00:00+00:00'
[2024-03-25T15:26:10.452+0000] {sql.py:276} INFO - Executing:  create table if not exists dag_runs(
                dt date,
                dag_id character varying,
                primary key (dt,dag_id)

        )
[2024-03-25T15:26:10.532+0000] {base.py:83} INFO - Using connection ID 'postgres_localhost' for task execution.
[2024-03-25T15:26:10.628+0000] {base.py:83} INFO - Using connection ID 'postgres_localhost' for task execution.
[2024-03-25T15:26:10.711+0000] {sql.py:457} INFO - Running statement:  create table if not exists dag_runs(
                dt date,
                dag_id character varying,
                primary key (dt,dag_id)

        ), parameters: None
[2024-03-25T15:26:10.800+0000] {logging_mixin.py:188} WARNING - /home/***/.local/lib/python3.8/site-packages/***/providers/common/sql/hooks/sql.py:407 AirflowProviderDeprecationWarning: Call to deprecated method _make_common_data_structure. (The `_make_serializable` method is deprecated and support will be removed in a future version of the common.sql provider. Please update the DbApiHook's provider to a version based on common.sql >= 1.9.1.)
[2024-03-25T15:26:10.885+0000] {taskinstance.py:1149} INFO - Marking task as SUCCESS. dag_id=dag_with_postgres_operator_v02, task_id=create_postgres_table, execution_date=20240324T000000, start_date=20240325T152609, end_date=20240325T152610
[2024-03-25T15:26:11.067+0000] {local_task_job_runner.py:234} INFO - Task exited with return code 0
[2024-03-25T15:26:12.286+0000] {logging_mixin.py:188} WARNING - /home/***/.local/lib/python3.8/site-packages/***/models/baseoperator.py:1201 AirflowProviderDeprecationWarning: Call to deprecated class PostgresOperator. (Please use `***.providers.common.sql.operators.sql.SQLExecuteQueryOperator`.Also, you can provide `hook_params={'schema': <database>}`.)
[2024-03-25T15:26:12.420+0000] {taskinstance.py:3309} INFO - 0 downstream tasks scheduled from follow-on schedule check
