[2024-03-12T11:06:01.299+0000] {taskinstance.py:1979} INFO - Dependencies all met for dep_context=non-requeueable deps ti=<TaskInstance: dag_with_postgres_operator_v1.create_postgres_table manual__2024-03-12T11:00:57.337734+00:00 [queued]>
[2024-03-12T11:06:01.332+0000] {taskinstance.py:1979} INFO - Dependencies all met for dep_context=requeueable deps ti=<TaskInstance: dag_with_postgres_operator_v1.create_postgres_table manual__2024-03-12T11:00:57.337734+00:00 [queued]>
[2024-03-12T11:06:01.334+0000] {taskinstance.py:2193} INFO - Starting attempt 2 of 6
[2024-03-12T11:06:01.378+0000] {taskinstance.py:2214} INFO - Executing <Task(PostgresOperator): create_postgres_table> on 2024-03-12 11:00:57.337734+00:00
[2024-03-12T11:06:01.393+0000] {standard_task_runner.py:60} INFO - Started process 1831 to run task
[2024-03-12T11:06:01.406+0000] {standard_task_runner.py:87} INFO - Running: ['***', 'tasks', 'run', 'dag_with_postgres_operator_v1', 'create_postgres_table', 'manual__2024-03-12T11:00:57.337734+00:00', '--job-id', '875', '--raw', '--subdir', 'DAGS_FOLDER/dag_with_postgres_operator.py', '--cfg-path', '/tmp/tmpmbyzeun3']
[2024-03-12T11:06:01.414+0000] {standard_task_runner.py:88} INFO - Job 875: Subtask create_postgres_table
[2024-03-12T11:06:01.653+0000] {task_command.py:423} INFO - Running <TaskInstance: dag_with_postgres_operator_v1.create_postgres_table manual__2024-03-12T11:00:57.337734+00:00 [running]> on host 26e63b1d0d39
[2024-03-12T11:06:02.186+0000] {taskinstance.py:2510} INFO - Exporting env vars: AIRFLOW_CTX_DAG_OWNER='daniel' AIRFLOW_CTX_DAG_ID='dag_with_postgres_operator_v1' AIRFLOW_CTX_TASK_ID='create_postgres_table' AIRFLOW_CTX_EXECUTION_DATE='2024-03-12T11:00:57.337734+00:00' AIRFLOW_CTX_TRY_NUMBER='2' AIRFLOW_CTX_DAG_RUN_ID='manual__2024-03-12T11:00:57.337734+00:00'
[2024-03-12T11:06:02.191+0000] {sql.py:276} INFO - Executing:  create table if not exists dag_runs(
                dt date,
                dag_id character varying,
                primary key (dt,dag_id)

        )
[2024-03-12T11:06:02.249+0000] {base.py:83} INFO - Using connection ID 'postgres_localhost' for task execution.
[2024-03-12T11:06:02.303+0000] {base.py:83} INFO - Using connection ID 'postgres_localhost' for task execution.
[2024-03-12T11:06:02.344+0000] {sql.py:457} INFO - Running statement:  create table if not exists dag_runs(
                dt date,
                dag_id character varying,
                primary key (dt,dag_id)

        ), parameters: None
[2024-03-12T11:06:02.381+0000] {logging_mixin.py:188} WARNING - /home/***/.local/lib/python3.8/site-packages/***/providers/common/sql/hooks/sql.py:407 AirflowProviderDeprecationWarning: Call to deprecated method _make_common_data_structure. (The `_make_serializable` method is deprecated and support will be removed in a future version of the common.sql provider. Please update the DbApiHook's provider to a version based on common.sql >= 1.9.1.)
[2024-03-12T11:06:02.431+0000] {taskinstance.py:1149} INFO - Marking task as SUCCESS. dag_id=dag_with_postgres_operator_v1, task_id=create_postgres_table, execution_date=20240312T110057, start_date=20240312T110601, end_date=20240312T110602
[2024-03-12T11:06:02.555+0000] {local_task_job_runner.py:234} INFO - Task exited with return code 0
[2024-03-12T11:06:02.646+0000] {taskinstance.py:3309} INFO - 0 downstream tasks scheduled from follow-on schedule check
