[2024-04-03T08:49:48.946+0000] {taskinstance.py:1979} INFO - Dependencies all met for dep_context=non-requeueable deps ti=<TaskInstance: dag_allocate_messages.process_error_messages manual__2024-04-03T08:49:47.812585+00:00 [queued]>
[2024-04-03T08:49:49.009+0000] {taskinstance.py:1979} INFO - Dependencies all met for dep_context=requeueable deps ti=<TaskInstance: dag_allocate_messages.process_error_messages manual__2024-04-03T08:49:47.812585+00:00 [queued]>
[2024-04-03T08:49:49.010+0000] {taskinstance.py:2193} INFO - Starting attempt 1 of 6
[2024-04-03T08:49:49.083+0000] {taskinstance.py:2214} INFO - Executing <Task(PythonOperator): process_error_messages> on 2024-04-03 08:49:47.812585+00:00
[2024-04-03T08:49:49.113+0000] {standard_task_runner.py:60} INFO - Started process 6908 to run task
[2024-04-03T08:49:49.134+0000] {standard_task_runner.py:87} INFO - Running: ['***', 'tasks', 'run', 'dag_allocate_messages', 'process_error_messages', 'manual__2024-04-03T08:49:47.812585+00:00', '--job-id', '1219', '--raw', '--subdir', 'DAGS_FOLDER/dag_allocate_messages.py', '--cfg-path', '/tmp/tmp0jpjeh1g']
[2024-04-03T08:49:49.146+0000] {standard_task_runner.py:88} INFO - Job 1219: Subtask process_error_messages
[2024-04-03T08:49:49.306+0000] {task_command.py:423} INFO - Running <TaskInstance: dag_allocate_messages.process_error_messages manual__2024-04-03T08:49:47.812585+00:00 [running]> on host af8488263d95
[2024-04-03T08:49:49.625+0000] {taskinstance.py:2510} INFO - Exporting env vars: AIRFLOW_CTX_DAG_OWNER='daniel' AIRFLOW_CTX_DAG_ID='dag_allocate_messages' AIRFLOW_CTX_TASK_ID='process_error_messages' AIRFLOW_CTX_EXECUTION_DATE='2024-04-03T08:49:47.812585+00:00' AIRFLOW_CTX_TRY_NUMBER='1' AIRFLOW_CTX_DAG_RUN_ID='manual__2024-04-03T08:49:47.812585+00:00'
[2024-04-03T08:49:49.631+0000] {logging_mixin.py:188} INFO - proccess error messages
[2024-04-03T08:49:49.671+0000] {base.py:83} INFO - Using connection ID 'postgres_localhost' for task execution.
[2024-04-03T08:49:49.730+0000] {taskinstance.py:2728} ERROR - Task failed with exception
Traceback (most recent call last):
  File "/home/airflow/.local/lib/python3.8/site-packages/airflow/models/taskinstance.py", line 444, in _execute_task
    result = _execute_callable(context=context, **execute_callable_kwargs)
  File "/home/airflow/.local/lib/python3.8/site-packages/airflow/models/taskinstance.py", line 414, in _execute_callable
    return execute_callable(context=context, **execute_callable_kwargs)
  File "/home/airflow/.local/lib/python3.8/site-packages/airflow/operators/python.py", line 200, in execute
    return_value = self.execute_callable()
  File "/home/airflow/.local/lib/python3.8/site-packages/airflow/operators/python.py", line 217, in execute_callable
    return self.python_callable(*self.op_args, **self.op_kwargs)
  File "/opt/airflow/dags/dag_allocate_messages.py", line 56, in process_error_messages
    cursor.execute("select * from messages where type = 'error'")
psycopg2.errors.UndefinedColumn: column "type" does not exist
LINE 1: select * from messages where type = 'error'
                                     ^

[2024-04-03T08:49:49.767+0000] {taskinstance.py:1149} INFO - Marking task as UP_FOR_RETRY. dag_id=dag_allocate_messages, task_id=process_error_messages, execution_date=20240403T084947, start_date=20240403T084948, end_date=20240403T084949
[2024-04-03T08:49:49.813+0000] {standard_task_runner.py:107} ERROR - Failed to execute job 1219 for task process_error_messages (column "type" does not exist
LINE 1: select * from messages where type = 'error'
                                     ^
; 6908)
[2024-04-03T08:49:49.879+0000] {local_task_job_runner.py:234} INFO - Task exited with return code 1
[2024-04-03T08:49:49.963+0000] {taskinstance.py:3309} INFO - 0 downstream tasks scheduled from follow-on schedule check
