[2024-03-27T09:55:31.982+0000] {processor.py:161} INFO - Started process (PID=635) to work on /opt/airflow/dags/dag_create_log_tables.py
[2024-03-27T09:55:31.984+0000] {processor.py:830} INFO - Processing file /opt/airflow/dags/dag_create_log_tables.py for tasks to queue
[2024-03-27T09:55:31.985+0000] {logging_mixin.py:188} INFO - [2024-03-27T09:55:31.985+0000] {dagbag.py:540} INFO - Filling up the DagBag from /opt/airflow/dags/dag_create_log_tables.py
[2024-03-27T09:55:32.003+0000] {processor.py:840} INFO - DAG(s) 'dag_with_postgres_operator_v02' retrieved from /opt/airflow/dags/dag_create_log_tables.py
[2024-03-27T09:55:32.159+0000] {logging_mixin.py:188} INFO - [2024-03-27T09:55:32.159+0000] {dag.py:3047} INFO - Sync 1 DAGs
[2024-03-27T09:55:32.184+0000] {logging_mixin.py:188} INFO - [2024-03-27T09:55:32.184+0000] {dag.py:3834} INFO - Setting next_dagrun for dag_with_postgres_operator_v02 to 2024-03-27 00:00:00+00:00, run_after=2024-03-28 00:00:00+00:00
[2024-03-27T09:55:32.208+0000] {processor.py:183} INFO - Processing /opt/airflow/dags/dag_create_log_tables.py took 0.230 seconds
[2024-03-27T09:56:03.243+0000] {processor.py:161} INFO - Started process (PID=687) to work on /opt/airflow/dags/dag_create_log_tables.py
[2024-03-27T09:56:03.244+0000] {processor.py:830} INFO - Processing file /opt/airflow/dags/dag_create_log_tables.py for tasks to queue
[2024-03-27T09:56:03.246+0000] {logging_mixin.py:188} INFO - [2024-03-27T09:56:03.246+0000] {dagbag.py:540} INFO - Filling up the DagBag from /opt/airflow/dags/dag_create_log_tables.py
[2024-03-27T09:56:03.262+0000] {processor.py:840} INFO - DAG(s) 'dag_with_postgres_operator_v02' retrieved from /opt/airflow/dags/dag_create_log_tables.py
[2024-03-27T09:56:03.292+0000] {logging_mixin.py:188} INFO - [2024-03-27T09:56:03.292+0000] {dag.py:3047} INFO - Sync 1 DAGs
[2024-03-27T09:56:03.319+0000] {logging_mixin.py:188} INFO - [2024-03-27T09:56:03.319+0000] {dag.py:3834} INFO - Setting next_dagrun for dag_with_postgres_operator_v02 to 2024-03-27 00:00:00+00:00, run_after=2024-03-28 00:00:00+00:00
[2024-03-27T09:56:03.339+0000] {processor.py:183} INFO - Processing /opt/airflow/dags/dag_create_log_tables.py took 0.102 seconds
[2024-03-27T09:56:34.223+0000] {processor.py:161} INFO - Started process (PID=738) to work on /opt/airflow/dags/dag_create_log_tables.py
[2024-03-27T09:56:34.225+0000] {processor.py:830} INFO - Processing file /opt/airflow/dags/dag_create_log_tables.py for tasks to queue
[2024-03-27T09:56:34.227+0000] {logging_mixin.py:188} INFO - [2024-03-27T09:56:34.226+0000] {dagbag.py:540} INFO - Filling up the DagBag from /opt/airflow/dags/dag_create_log_tables.py
[2024-03-27T09:56:34.243+0000] {processor.py:840} INFO - DAG(s) 'dag_with_postgres_operator_v02' retrieved from /opt/airflow/dags/dag_create_log_tables.py
[2024-03-27T09:56:34.256+0000] {logging_mixin.py:188} INFO - [2024-03-27T09:56:34.256+0000] {dag.py:3047} INFO - Sync 1 DAGs
[2024-03-27T09:56:34.284+0000] {logging_mixin.py:188} INFO - [2024-03-27T09:56:34.283+0000] {dag.py:3834} INFO - Setting next_dagrun for dag_with_postgres_operator_v02 to 2024-03-27 00:00:00+00:00, run_after=2024-03-28 00:00:00+00:00
[2024-03-27T09:56:34.317+0000] {processor.py:183} INFO - Processing /opt/airflow/dags/dag_create_log_tables.py took 0.099 seconds
[2024-03-27T09:57:05.183+0000] {processor.py:161} INFO - Started process (PID=789) to work on /opt/airflow/dags/dag_create_log_tables.py
[2024-03-27T09:57:05.185+0000] {processor.py:830} INFO - Processing file /opt/airflow/dags/dag_create_log_tables.py for tasks to queue
[2024-03-27T09:57:05.188+0000] {logging_mixin.py:188} INFO - [2024-03-27T09:57:05.187+0000] {dagbag.py:540} INFO - Filling up the DagBag from /opt/airflow/dags/dag_create_log_tables.py
[2024-03-27T09:57:05.206+0000] {processor.py:840} INFO - DAG(s) 'dag_with_postgres_operator_v02' retrieved from /opt/airflow/dags/dag_create_log_tables.py
[2024-03-27T09:57:05.321+0000] {logging_mixin.py:188} INFO - [2024-03-27T09:57:05.320+0000] {dag.py:3047} INFO - Sync 1 DAGs
[2024-03-27T09:57:05.344+0000] {logging_mixin.py:188} INFO - [2024-03-27T09:57:05.343+0000] {dag.py:3834} INFO - Setting next_dagrun for dag_with_postgres_operator_v02 to 2024-03-27 00:00:00+00:00, run_after=2024-03-28 00:00:00+00:00
[2024-03-27T09:57:05.371+0000] {processor.py:183} INFO - Processing /opt/airflow/dags/dag_create_log_tables.py took 0.200 seconds
[2024-03-27T09:57:36.189+0000] {processor.py:161} INFO - Started process (PID=840) to work on /opt/airflow/dags/dag_create_log_tables.py
[2024-03-27T09:57:36.191+0000] {processor.py:830} INFO - Processing file /opt/airflow/dags/dag_create_log_tables.py for tasks to queue
[2024-03-27T09:57:36.195+0000] {logging_mixin.py:188} INFO - [2024-03-27T09:57:36.194+0000] {dagbag.py:540} INFO - Filling up the DagBag from /opt/airflow/dags/dag_create_log_tables.py
[2024-03-27T09:57:36.217+0000] {processor.py:840} INFO - DAG(s) 'dag_with_postgres_operator_v02' retrieved from /opt/airflow/dags/dag_create_log_tables.py
[2024-03-27T09:57:36.246+0000] {logging_mixin.py:188} INFO - [2024-03-27T09:57:36.246+0000] {dag.py:3047} INFO - Sync 1 DAGs
[2024-03-27T09:57:36.273+0000] {logging_mixin.py:188} INFO - [2024-03-27T09:57:36.273+0000] {dag.py:3834} INFO - Setting next_dagrun for dag_with_postgres_operator_v02 to 2024-03-27 00:00:00+00:00, run_after=2024-03-28 00:00:00+00:00
[2024-03-27T09:57:36.299+0000] {processor.py:183} INFO - Processing /opt/airflow/dags/dag_create_log_tables.py took 0.122 seconds
[2024-03-27T09:58:07.201+0000] {processor.py:161} INFO - Started process (PID=891) to work on /opt/airflow/dags/dag_create_log_tables.py
[2024-03-27T09:58:07.203+0000] {processor.py:830} INFO - Processing file /opt/airflow/dags/dag_create_log_tables.py for tasks to queue
[2024-03-27T09:58:07.205+0000] {logging_mixin.py:188} INFO - [2024-03-27T09:58:07.204+0000] {dagbag.py:540} INFO - Filling up the DagBag from /opt/airflow/dags/dag_create_log_tables.py
[2024-03-27T09:58:07.222+0000] {processor.py:840} INFO - DAG(s) 'dag_with_postgres_operator_v02' retrieved from /opt/airflow/dags/dag_create_log_tables.py
[2024-03-27T09:58:07.235+0000] {logging_mixin.py:188} INFO - [2024-03-27T09:58:07.235+0000] {dag.py:3047} INFO - Sync 1 DAGs
[2024-03-27T09:58:07.262+0000] {logging_mixin.py:188} INFO - [2024-03-27T09:58:07.262+0000] {dag.py:3834} INFO - Setting next_dagrun for dag_with_postgres_operator_v02 to 2024-03-27 00:00:00+00:00, run_after=2024-03-28 00:00:00+00:00
[2024-03-27T09:58:07.315+0000] {processor.py:183} INFO - Processing /opt/airflow/dags/dag_create_log_tables.py took 0.119 seconds
[2024-03-27T09:58:38.149+0000] {processor.py:161} INFO - Started process (PID=942) to work on /opt/airflow/dags/dag_create_log_tables.py
[2024-03-27T09:58:38.151+0000] {processor.py:830} INFO - Processing file /opt/airflow/dags/dag_create_log_tables.py for tasks to queue
[2024-03-27T09:58:38.154+0000] {logging_mixin.py:188} INFO - [2024-03-27T09:58:38.153+0000] {dagbag.py:540} INFO - Filling up the DagBag from /opt/airflow/dags/dag_create_log_tables.py
[2024-03-27T09:58:38.171+0000] {processor.py:840} INFO - DAG(s) 'dag_with_postgres_operator_v02' retrieved from /opt/airflow/dags/dag_create_log_tables.py
[2024-03-27T09:58:38.288+0000] {logging_mixin.py:188} INFO - [2024-03-27T09:58:38.288+0000] {dag.py:3047} INFO - Sync 1 DAGs
[2024-03-27T09:58:38.311+0000] {logging_mixin.py:188} INFO - [2024-03-27T09:58:38.311+0000] {dag.py:3834} INFO - Setting next_dagrun for dag_with_postgres_operator_v02 to 2024-03-27 00:00:00+00:00, run_after=2024-03-28 00:00:00+00:00
[2024-03-27T09:58:38.338+0000] {processor.py:183} INFO - Processing /opt/airflow/dags/dag_create_log_tables.py took 0.200 seconds
[2024-03-27T09:59:09.182+0000] {processor.py:161} INFO - Started process (PID=993) to work on /opt/airflow/dags/dag_create_log_tables.py
[2024-03-27T09:59:09.185+0000] {processor.py:830} INFO - Processing file /opt/airflow/dags/dag_create_log_tables.py for tasks to queue
[2024-03-27T09:59:09.189+0000] {logging_mixin.py:188} INFO - [2024-03-27T09:59:09.188+0000] {dagbag.py:540} INFO - Filling up the DagBag from /opt/airflow/dags/dag_create_log_tables.py
[2024-03-27T09:59:09.209+0000] {processor.py:840} INFO - DAG(s) 'dag_with_postgres_operator_v02' retrieved from /opt/airflow/dags/dag_create_log_tables.py
[2024-03-27T09:59:09.240+0000] {logging_mixin.py:188} INFO - [2024-03-27T09:59:09.240+0000] {dag.py:3047} INFO - Sync 1 DAGs
[2024-03-27T09:59:09.267+0000] {logging_mixin.py:188} INFO - [2024-03-27T09:59:09.267+0000] {dag.py:3834} INFO - Setting next_dagrun for dag_with_postgres_operator_v02 to 2024-03-27 00:00:00+00:00, run_after=2024-03-28 00:00:00+00:00
[2024-03-27T09:59:09.292+0000] {processor.py:183} INFO - Processing /opt/airflow/dags/dag_create_log_tables.py took 0.128 seconds
[2024-03-27T09:59:40.250+0000] {processor.py:161} INFO - Started process (PID=1044) to work on /opt/airflow/dags/dag_create_log_tables.py
[2024-03-27T09:59:40.252+0000] {processor.py:830} INFO - Processing file /opt/airflow/dags/dag_create_log_tables.py for tasks to queue
[2024-03-27T09:59:40.254+0000] {logging_mixin.py:188} INFO - [2024-03-27T09:59:40.254+0000] {dagbag.py:540} INFO - Filling up the DagBag from /opt/airflow/dags/dag_create_log_tables.py
[2024-03-27T09:59:40.270+0000] {processor.py:840} INFO - DAG(s) 'dag_with_postgres_operator_v02' retrieved from /opt/airflow/dags/dag_create_log_tables.py
[2024-03-27T09:59:40.283+0000] {logging_mixin.py:188} INFO - [2024-03-27T09:59:40.283+0000] {dag.py:3047} INFO - Sync 1 DAGs
[2024-03-27T09:59:40.311+0000] {logging_mixin.py:188} INFO - [2024-03-27T09:59:40.311+0000] {dag.py:3834} INFO - Setting next_dagrun for dag_with_postgres_operator_v02 to 2024-03-27 00:00:00+00:00, run_after=2024-03-28 00:00:00+00:00
[2024-03-27T09:59:40.337+0000] {processor.py:183} INFO - Processing /opt/airflow/dags/dag_create_log_tables.py took 0.093 seconds
[2024-03-27T10:00:11.311+0000] {processor.py:161} INFO - Started process (PID=1095) to work on /opt/airflow/dags/dag_create_log_tables.py
[2024-03-27T10:00:11.312+0000] {processor.py:830} INFO - Processing file /opt/airflow/dags/dag_create_log_tables.py for tasks to queue
[2024-03-27T10:00:11.313+0000] {logging_mixin.py:188} INFO - [2024-03-27T10:00:11.313+0000] {dagbag.py:540} INFO - Filling up the DagBag from /opt/airflow/dags/dag_create_log_tables.py
[2024-03-27T10:00:11.329+0000] {processor.py:840} INFO - DAG(s) 'dag_with_postgres_operator_v02' retrieved from /opt/airflow/dags/dag_create_log_tables.py
[2024-03-27T10:00:11.444+0000] {logging_mixin.py:188} INFO - [2024-03-27T10:00:11.444+0000] {dag.py:3047} INFO - Sync 1 DAGs
[2024-03-27T10:00:11.470+0000] {logging_mixin.py:188} INFO - [2024-03-27T10:00:11.470+0000] {dag.py:3834} INFO - Setting next_dagrun for dag_with_postgres_operator_v02 to 2024-03-27 00:00:00+00:00, run_after=2024-03-28 00:00:00+00:00
[2024-03-27T10:00:11.494+0000] {processor.py:183} INFO - Processing /opt/airflow/dags/dag_create_log_tables.py took 0.189 seconds
[2024-03-27T10:00:41.533+0000] {processor.py:161} INFO - Started process (PID=1146) to work on /opt/airflow/dags/dag_create_log_tables.py
[2024-03-27T10:00:41.535+0000] {processor.py:830} INFO - Processing file /opt/airflow/dags/dag_create_log_tables.py for tasks to queue
[2024-03-27T10:00:41.538+0000] {logging_mixin.py:188} INFO - [2024-03-27T10:00:41.537+0000] {dagbag.py:540} INFO - Filling up the DagBag from /opt/airflow/dags/dag_create_log_tables.py
[2024-03-27T10:00:41.555+0000] {processor.py:840} INFO - DAG(s) 'dag_with_postgres_operator_v02' retrieved from /opt/airflow/dags/dag_create_log_tables.py
[2024-03-27T10:00:41.586+0000] {logging_mixin.py:188} INFO - [2024-03-27T10:00:41.585+0000] {dag.py:3047} INFO - Sync 1 DAGs
[2024-03-27T10:00:41.612+0000] {logging_mixin.py:188} INFO - [2024-03-27T10:00:41.612+0000] {dag.py:3834} INFO - Setting next_dagrun for dag_with_postgres_operator_v02 to 2024-03-27 00:00:00+00:00, run_after=2024-03-28 00:00:00+00:00
[2024-03-27T10:00:41.637+0000] {processor.py:183} INFO - Processing /opt/airflow/dags/dag_create_log_tables.py took 0.111 seconds
[2024-03-27T10:01:11.706+0000] {processor.py:161} INFO - Started process (PID=1197) to work on /opt/airflow/dags/dag_create_log_tables.py
[2024-03-27T10:01:11.708+0000] {processor.py:830} INFO - Processing file /opt/airflow/dags/dag_create_log_tables.py for tasks to queue
[2024-03-27T10:01:11.711+0000] {logging_mixin.py:188} INFO - [2024-03-27T10:01:11.710+0000] {dagbag.py:540} INFO - Filling up the DagBag from /opt/airflow/dags/dag_create_log_tables.py
[2024-03-27T10:01:11.730+0000] {processor.py:840} INFO - DAG(s) 'dag_with_postgres_operator_v02' retrieved from /opt/airflow/dags/dag_create_log_tables.py
[2024-03-27T10:01:11.744+0000] {logging_mixin.py:188} INFO - [2024-03-27T10:01:11.744+0000] {dag.py:3047} INFO - Sync 1 DAGs
[2024-03-27T10:01:11.776+0000] {logging_mixin.py:188} INFO - [2024-03-27T10:01:11.775+0000] {dag.py:3834} INFO - Setting next_dagrun for dag_with_postgres_operator_v02 to 2024-03-27 00:00:00+00:00, run_after=2024-03-28 00:00:00+00:00
[2024-03-27T10:01:11.797+0000] {processor.py:183} INFO - Processing /opt/airflow/dags/dag_create_log_tables.py took 0.100 seconds
[2024-03-27T10:01:41.876+0000] {processor.py:161} INFO - Started process (PID=1248) to work on /opt/airflow/dags/dag_create_log_tables.py
[2024-03-27T10:01:41.878+0000] {processor.py:830} INFO - Processing file /opt/airflow/dags/dag_create_log_tables.py for tasks to queue
[2024-03-27T10:01:41.880+0000] {logging_mixin.py:188} INFO - [2024-03-27T10:01:41.879+0000] {dagbag.py:540} INFO - Filling up the DagBag from /opt/airflow/dags/dag_create_log_tables.py
[2024-03-27T10:01:41.896+0000] {processor.py:840} INFO - DAG(s) 'dag_with_postgres_operator_v02' retrieved from /opt/airflow/dags/dag_create_log_tables.py
[2024-03-27T10:01:42.006+0000] {logging_mixin.py:188} INFO - [2024-03-27T10:01:42.005+0000] {dag.py:3047} INFO - Sync 1 DAGs
[2024-03-27T10:01:42.029+0000] {logging_mixin.py:188} INFO - [2024-03-27T10:01:42.029+0000] {dag.py:3834} INFO - Setting next_dagrun for dag_with_postgres_operator_v02 to 2024-03-27 00:00:00+00:00, run_after=2024-03-28 00:00:00+00:00
[2024-03-27T10:01:42.054+0000] {processor.py:183} INFO - Processing /opt/airflow/dags/dag_create_log_tables.py took 0.184 seconds
[2024-03-27T10:02:12.118+0000] {processor.py:161} INFO - Started process (PID=1299) to work on /opt/airflow/dags/dag_create_log_tables.py
[2024-03-27T10:02:12.119+0000] {processor.py:830} INFO - Processing file /opt/airflow/dags/dag_create_log_tables.py for tasks to queue
[2024-03-27T10:02:12.122+0000] {logging_mixin.py:188} INFO - [2024-03-27T10:02:12.121+0000] {dagbag.py:540} INFO - Filling up the DagBag from /opt/airflow/dags/dag_create_log_tables.py
[2024-03-27T10:02:12.137+0000] {processor.py:840} INFO - DAG(s) 'dag_with_postgres_operator_v02' retrieved from /opt/airflow/dags/dag_create_log_tables.py
[2024-03-27T10:02:12.166+0000] {logging_mixin.py:188} INFO - [2024-03-27T10:02:12.165+0000] {dag.py:3047} INFO - Sync 1 DAGs
[2024-03-27T10:02:12.204+0000] {logging_mixin.py:188} INFO - [2024-03-27T10:02:12.203+0000] {dag.py:3834} INFO - Setting next_dagrun for dag_with_postgres_operator_v02 to 2024-03-27 00:00:00+00:00, run_after=2024-03-28 00:00:00+00:00
[2024-03-27T10:02:12.229+0000] {processor.py:183} INFO - Processing /opt/airflow/dags/dag_create_log_tables.py took 0.116 seconds
[2024-03-27T10:02:43.051+0000] {processor.py:161} INFO - Started process (PID=1349) to work on /opt/airflow/dags/dag_create_log_tables.py
[2024-03-27T10:02:43.052+0000] {processor.py:830} INFO - Processing file /opt/airflow/dags/dag_create_log_tables.py for tasks to queue
[2024-03-27T10:02:43.054+0000] {logging_mixin.py:188} INFO - [2024-03-27T10:02:43.053+0000] {dagbag.py:540} INFO - Filling up the DagBag from /opt/airflow/dags/dag_create_log_tables.py
[2024-03-27T10:02:43.071+0000] {processor.py:840} INFO - DAG(s) 'dag_with_postgres_operator_v02' retrieved from /opt/airflow/dags/dag_create_log_tables.py
[2024-03-27T10:02:43.084+0000] {logging_mixin.py:188} INFO - [2024-03-27T10:02:43.084+0000] {dag.py:3047} INFO - Sync 1 DAGs
[2024-03-27T10:02:43.111+0000] {logging_mixin.py:188} INFO - [2024-03-27T10:02:43.111+0000] {dag.py:3834} INFO - Setting next_dagrun for dag_with_postgres_operator_v02 to 2024-03-27 00:00:00+00:00, run_after=2024-03-28 00:00:00+00:00
[2024-03-27T10:02:43.137+0000] {processor.py:183} INFO - Processing /opt/airflow/dags/dag_create_log_tables.py took 0.093 seconds
[2024-03-27T10:03:14.151+0000] {processor.py:161} INFO - Started process (PID=1400) to work on /opt/airflow/dags/dag_create_log_tables.py
[2024-03-27T10:03:14.153+0000] {processor.py:830} INFO - Processing file /opt/airflow/dags/dag_create_log_tables.py for tasks to queue
[2024-03-27T10:03:14.155+0000] {logging_mixin.py:188} INFO - [2024-03-27T10:03:14.154+0000] {dagbag.py:540} INFO - Filling up the DagBag from /opt/airflow/dags/dag_create_log_tables.py
[2024-03-27T10:03:14.172+0000] {processor.py:840} INFO - DAG(s) 'dag_with_postgres_operator_v02' retrieved from /opt/airflow/dags/dag_create_log_tables.py
[2024-03-27T10:03:14.286+0000] {logging_mixin.py:188} INFO - [2024-03-27T10:03:14.286+0000] {dag.py:3047} INFO - Sync 1 DAGs
[2024-03-27T10:03:14.310+0000] {logging_mixin.py:188} INFO - [2024-03-27T10:03:14.310+0000] {dag.py:3834} INFO - Setting next_dagrun for dag_with_postgres_operator_v02 to 2024-03-27 00:00:00+00:00, run_after=2024-03-28 00:00:00+00:00
[2024-03-27T10:03:14.335+0000] {processor.py:183} INFO - Processing /opt/airflow/dags/dag_create_log_tables.py took 0.190 seconds
[2024-03-27T10:03:44.441+0000] {processor.py:161} INFO - Started process (PID=1452) to work on /opt/airflow/dags/dag_create_log_tables.py
[2024-03-27T10:03:44.445+0000] {processor.py:830} INFO - Processing file /opt/airflow/dags/dag_create_log_tables.py for tasks to queue
[2024-03-27T10:03:44.448+0000] {logging_mixin.py:188} INFO - [2024-03-27T10:03:44.447+0000] {dagbag.py:540} INFO - Filling up the DagBag from /opt/airflow/dags/dag_create_log_tables.py
[2024-03-27T10:03:44.469+0000] {processor.py:840} INFO - DAG(s) 'dag_with_postgres_operator_v02' retrieved from /opt/airflow/dags/dag_create_log_tables.py
[2024-03-27T10:03:44.498+0000] {logging_mixin.py:188} INFO - [2024-03-27T10:03:44.498+0000] {dag.py:3047} INFO - Sync 1 DAGs
[2024-03-27T10:03:44.525+0000] {logging_mixin.py:188} INFO - [2024-03-27T10:03:44.524+0000] {dag.py:3834} INFO - Setting next_dagrun for dag_with_postgres_operator_v02 to 2024-03-27 00:00:00+00:00, run_after=2024-03-28 00:00:00+00:00
[2024-03-27T10:03:44.549+0000] {processor.py:183} INFO - Processing /opt/airflow/dags/dag_create_log_tables.py took 0.127 seconds
[2024-03-27T10:04:14.660+0000] {processor.py:161} INFO - Started process (PID=1504) to work on /opt/airflow/dags/dag_create_log_tables.py
[2024-03-27T10:04:14.662+0000] {processor.py:830} INFO - Processing file /opt/airflow/dags/dag_create_log_tables.py for tasks to queue
[2024-03-27T10:04:14.664+0000] {logging_mixin.py:188} INFO - [2024-03-27T10:04:14.663+0000] {dagbag.py:540} INFO - Filling up the DagBag from /opt/airflow/dags/dag_create_log_tables.py
[2024-03-27T10:04:14.686+0000] {processor.py:840} INFO - DAG(s) 'dag_with_postgres_operator_v02' retrieved from /opt/airflow/dags/dag_create_log_tables.py
[2024-03-27T10:04:14.703+0000] {logging_mixin.py:188} INFO - [2024-03-27T10:04:14.702+0000] {dag.py:3047} INFO - Sync 1 DAGs
[2024-03-27T10:04:14.736+0000] {logging_mixin.py:188} INFO - [2024-03-27T10:04:14.736+0000] {dag.py:3834} INFO - Setting next_dagrun for dag_with_postgres_operator_v02 to 2024-03-27 00:00:00+00:00, run_after=2024-03-28 00:00:00+00:00
[2024-03-27T10:04:14.762+0000] {processor.py:183} INFO - Processing /opt/airflow/dags/dag_create_log_tables.py took 0.106 seconds
[2024-03-27T10:04:44.865+0000] {processor.py:161} INFO - Started process (PID=1555) to work on /opt/airflow/dags/dag_create_log_tables.py
[2024-03-27T10:04:44.867+0000] {processor.py:830} INFO - Processing file /opt/airflow/dags/dag_create_log_tables.py for tasks to queue
[2024-03-27T10:04:44.870+0000] {logging_mixin.py:188} INFO - [2024-03-27T10:04:44.869+0000] {dagbag.py:540} INFO - Filling up the DagBag from /opt/airflow/dags/dag_create_log_tables.py
[2024-03-27T10:04:44.899+0000] {processor.py:840} INFO - DAG(s) 'dag_with_postgres_operator_v02' retrieved from /opt/airflow/dags/dag_create_log_tables.py
[2024-03-27T10:04:45.224+0000] {logging_mixin.py:188} INFO - [2024-03-27T10:04:45.224+0000] {dag.py:3047} INFO - Sync 1 DAGs
[2024-03-27T10:04:45.304+0000] {logging_mixin.py:188} INFO - [2024-03-27T10:04:45.303+0000] {dag.py:3834} INFO - Setting next_dagrun for dag_with_postgres_operator_v02 to 2024-03-27 00:00:00+00:00, run_after=2024-03-28 00:00:00+00:00
[2024-03-27T10:04:45.367+0000] {processor.py:183} INFO - Processing /opt/airflow/dags/dag_create_log_tables.py took 0.510 seconds
[2024-03-27T10:05:16.327+0000] {processor.py:161} INFO - Started process (PID=1606) to work on /opt/airflow/dags/dag_create_log_tables.py
[2024-03-27T10:05:16.328+0000] {processor.py:830} INFO - Processing file /opt/airflow/dags/dag_create_log_tables.py for tasks to queue
[2024-03-27T10:05:16.330+0000] {logging_mixin.py:188} INFO - [2024-03-27T10:05:16.330+0000] {dagbag.py:540} INFO - Filling up the DagBag from /opt/airflow/dags/dag_create_log_tables.py
[2024-03-27T10:05:16.347+0000] {processor.py:840} INFO - DAG(s) 'dag_with_postgres_operator_v02' retrieved from /opt/airflow/dags/dag_create_log_tables.py
[2024-03-27T10:05:16.383+0000] {logging_mixin.py:188} INFO - [2024-03-27T10:05:16.383+0000] {dag.py:3047} INFO - Sync 1 DAGs
[2024-03-27T10:05:16.411+0000] {logging_mixin.py:188} INFO - [2024-03-27T10:05:16.410+0000] {dag.py:3834} INFO - Setting next_dagrun for dag_with_postgres_operator_v02 to 2024-03-27 00:00:00+00:00, run_after=2024-03-28 00:00:00+00:00
[2024-03-27T10:05:16.432+0000] {processor.py:183} INFO - Processing /opt/airflow/dags/dag_create_log_tables.py took 0.109 seconds
[2024-03-27T10:05:47.439+0000] {processor.py:161} INFO - Started process (PID=1657) to work on /opt/airflow/dags/dag_create_log_tables.py
[2024-03-27T10:05:47.440+0000] {processor.py:830} INFO - Processing file /opt/airflow/dags/dag_create_log_tables.py for tasks to queue
[2024-03-27T10:05:47.442+0000] {logging_mixin.py:188} INFO - [2024-03-27T10:05:47.442+0000] {dagbag.py:540} INFO - Filling up the DagBag from /opt/airflow/dags/dag_create_log_tables.py
[2024-03-27T10:05:47.463+0000] {processor.py:840} INFO - DAG(s) 'dag_with_postgres_operator_v02' retrieved from /opt/airflow/dags/dag_create_log_tables.py
[2024-03-27T10:05:47.478+0000] {logging_mixin.py:188} INFO - [2024-03-27T10:05:47.477+0000] {dag.py:3047} INFO - Sync 1 DAGs
[2024-03-27T10:05:47.506+0000] {logging_mixin.py:188} INFO - [2024-03-27T10:05:47.505+0000] {dag.py:3834} INFO - Setting next_dagrun for dag_with_postgres_operator_v02 to 2024-03-27 00:00:00+00:00, run_after=2024-03-28 00:00:00+00:00
[2024-03-27T10:05:47.526+0000] {processor.py:183} INFO - Processing /opt/airflow/dags/dag_create_log_tables.py took 0.094 seconds
[2024-03-27T10:06:18.538+0000] {processor.py:161} INFO - Started process (PID=1708) to work on /opt/airflow/dags/dag_create_log_tables.py
[2024-03-27T10:06:18.540+0000] {processor.py:830} INFO - Processing file /opt/airflow/dags/dag_create_log_tables.py for tasks to queue
[2024-03-27T10:06:18.542+0000] {logging_mixin.py:188} INFO - [2024-03-27T10:06:18.541+0000] {dagbag.py:540} INFO - Filling up the DagBag from /opt/airflow/dags/dag_create_log_tables.py
[2024-03-27T10:06:18.558+0000] {processor.py:840} INFO - DAG(s) 'dag_with_postgres_operator_v02' retrieved from /opt/airflow/dags/dag_create_log_tables.py
[2024-03-27T10:06:18.673+0000] {logging_mixin.py:188} INFO - [2024-03-27T10:06:18.673+0000] {dag.py:3047} INFO - Sync 1 DAGs
[2024-03-27T10:06:18.699+0000] {logging_mixin.py:188} INFO - [2024-03-27T10:06:18.699+0000] {dag.py:3834} INFO - Setting next_dagrun for dag_with_postgres_operator_v02 to 2024-03-27 00:00:00+00:00, run_after=2024-03-28 00:00:00+00:00
[2024-03-27T10:06:18.719+0000] {processor.py:183} INFO - Processing /opt/airflow/dags/dag_create_log_tables.py took 0.185 seconds
[2024-03-27T10:06:49.669+0000] {processor.py:161} INFO - Started process (PID=1765) to work on /opt/airflow/dags/dag_create_log_tables.py
[2024-03-27T10:06:49.672+0000] {processor.py:830} INFO - Processing file /opt/airflow/dags/dag_create_log_tables.py for tasks to queue
[2024-03-27T10:06:49.673+0000] {logging_mixin.py:188} INFO - [2024-03-27T10:06:49.673+0000] {dagbag.py:540} INFO - Filling up the DagBag from /opt/airflow/dags/dag_create_log_tables.py
[2024-03-27T10:06:49.690+0000] {processor.py:840} INFO - DAG(s) 'dag_with_postgres_operator_v02' retrieved from /opt/airflow/dags/dag_create_log_tables.py
[2024-03-27T10:06:49.722+0000] {logging_mixin.py:188} INFO - [2024-03-27T10:06:49.722+0000] {dag.py:3047} INFO - Sync 1 DAGs
[2024-03-27T10:06:49.749+0000] {logging_mixin.py:188} INFO - [2024-03-27T10:06:49.748+0000] {dag.py:3834} INFO - Setting next_dagrun for dag_with_postgres_operator_v02 to 2024-03-27 00:00:00+00:00, run_after=2024-03-28 00:00:00+00:00
[2024-03-27T10:06:49.775+0000] {processor.py:183} INFO - Processing /opt/airflow/dags/dag_create_log_tables.py took 0.112 seconds
[2024-03-27T10:07:20.672+0000] {processor.py:161} INFO - Started process (PID=1816) to work on /opt/airflow/dags/dag_create_log_tables.py
[2024-03-27T10:07:20.674+0000] {processor.py:830} INFO - Processing file /opt/airflow/dags/dag_create_log_tables.py for tasks to queue
[2024-03-27T10:07:20.675+0000] {logging_mixin.py:188} INFO - [2024-03-27T10:07:20.675+0000] {dagbag.py:540} INFO - Filling up the DagBag from /opt/airflow/dags/dag_create_log_tables.py
[2024-03-27T10:07:20.692+0000] {processor.py:840} INFO - DAG(s) 'dag_with_postgres_operator_v02' retrieved from /opt/airflow/dags/dag_create_log_tables.py
[2024-03-27T10:07:20.705+0000] {logging_mixin.py:188} INFO - [2024-03-27T10:07:20.705+0000] {dag.py:3047} INFO - Sync 1 DAGs
[2024-03-27T10:07:20.736+0000] {logging_mixin.py:188} INFO - [2024-03-27T10:07:20.735+0000] {dag.py:3834} INFO - Setting next_dagrun for dag_with_postgres_operator_v02 to 2024-03-27 00:00:00+00:00, run_after=2024-03-28 00:00:00+00:00
[2024-03-27T10:07:20.769+0000] {processor.py:183} INFO - Processing /opt/airflow/dags/dag_create_log_tables.py took 0.101 seconds
[2024-03-27T10:07:51.756+0000] {processor.py:161} INFO - Started process (PID=1867) to work on /opt/airflow/dags/dag_create_log_tables.py
[2024-03-27T10:07:51.757+0000] {processor.py:830} INFO - Processing file /opt/airflow/dags/dag_create_log_tables.py for tasks to queue
[2024-03-27T10:07:51.759+0000] {logging_mixin.py:188} INFO - [2024-03-27T10:07:51.759+0000] {dagbag.py:540} INFO - Filling up the DagBag from /opt/airflow/dags/dag_create_log_tables.py
[2024-03-27T10:07:51.778+0000] {processor.py:840} INFO - DAG(s) 'dag_with_postgres_operator_v02' retrieved from /opt/airflow/dags/dag_create_log_tables.py
[2024-03-27T10:07:51.903+0000] {logging_mixin.py:188} INFO - [2024-03-27T10:07:51.903+0000] {dag.py:3047} INFO - Sync 1 DAGs
[2024-03-27T10:07:51.929+0000] {logging_mixin.py:188} INFO - [2024-03-27T10:07:51.928+0000] {dag.py:3834} INFO - Setting next_dagrun for dag_with_postgres_operator_v02 to 2024-03-27 00:00:00+00:00, run_after=2024-03-28 00:00:00+00:00
[2024-03-27T10:07:51.958+0000] {processor.py:183} INFO - Processing /opt/airflow/dags/dag_create_log_tables.py took 0.207 seconds
[2024-03-27T10:08:22.006+0000] {processor.py:161} INFO - Started process (PID=1918) to work on /opt/airflow/dags/dag_create_log_tables.py
[2024-03-27T10:08:22.008+0000] {processor.py:830} INFO - Processing file /opt/airflow/dags/dag_create_log_tables.py for tasks to queue
[2024-03-27T10:08:22.010+0000] {logging_mixin.py:188} INFO - [2024-03-27T10:08:22.009+0000] {dagbag.py:540} INFO - Filling up the DagBag from /opt/airflow/dags/dag_create_log_tables.py
[2024-03-27T10:08:22.028+0000] {processor.py:840} INFO - DAG(s) 'dag_with_postgres_operator_v02' retrieved from /opt/airflow/dags/dag_create_log_tables.py
[2024-03-27T10:08:22.064+0000] {logging_mixin.py:188} INFO - [2024-03-27T10:08:22.064+0000] {dag.py:3047} INFO - Sync 1 DAGs
[2024-03-27T10:08:22.092+0000] {logging_mixin.py:188} INFO - [2024-03-27T10:08:22.092+0000] {dag.py:3834} INFO - Setting next_dagrun for dag_with_postgres_operator_v02 to 2024-03-27 00:00:00+00:00, run_after=2024-03-28 00:00:00+00:00
[2024-03-27T10:08:22.113+0000] {processor.py:183} INFO - Processing /opt/airflow/dags/dag_create_log_tables.py took 0.113 seconds
[2024-03-27T10:08:53.012+0000] {processor.py:161} INFO - Started process (PID=1968) to work on /opt/airflow/dags/dag_create_log_tables.py
[2024-03-27T10:08:53.014+0000] {processor.py:830} INFO - Processing file /opt/airflow/dags/dag_create_log_tables.py for tasks to queue
[2024-03-27T10:08:53.015+0000] {logging_mixin.py:188} INFO - [2024-03-27T10:08:53.015+0000] {dagbag.py:540} INFO - Filling up the DagBag from /opt/airflow/dags/dag_create_log_tables.py
[2024-03-27T10:08:53.031+0000] {processor.py:840} INFO - DAG(s) 'dag_with_postgres_operator_v02' retrieved from /opt/airflow/dags/dag_create_log_tables.py
[2024-03-27T10:08:53.045+0000] {logging_mixin.py:188} INFO - [2024-03-27T10:08:53.045+0000] {dag.py:3047} INFO - Sync 1 DAGs
[2024-03-27T10:08:53.073+0000] {logging_mixin.py:188} INFO - [2024-03-27T10:08:53.073+0000] {dag.py:3834} INFO - Setting next_dagrun for dag_with_postgres_operator_v02 to 2024-03-27 00:00:00+00:00, run_after=2024-03-28 00:00:00+00:00
[2024-03-27T10:08:53.098+0000] {processor.py:183} INFO - Processing /opt/airflow/dags/dag_create_log_tables.py took 0.091 seconds
[2024-03-27T10:09:24.014+0000] {processor.py:161} INFO - Started process (PID=2019) to work on /opt/airflow/dags/dag_create_log_tables.py
[2024-03-27T10:09:24.016+0000] {processor.py:830} INFO - Processing file /opt/airflow/dags/dag_create_log_tables.py for tasks to queue
[2024-03-27T10:09:24.018+0000] {logging_mixin.py:188} INFO - [2024-03-27T10:09:24.017+0000] {dagbag.py:540} INFO - Filling up the DagBag from /opt/airflow/dags/dag_create_log_tables.py
[2024-03-27T10:09:24.033+0000] {processor.py:840} INFO - DAG(s) 'dag_with_postgres_operator_v02' retrieved from /opt/airflow/dags/dag_create_log_tables.py
[2024-03-27T10:09:24.146+0000] {logging_mixin.py:188} INFO - [2024-03-27T10:09:24.145+0000] {dag.py:3047} INFO - Sync 1 DAGs
[2024-03-27T10:09:24.169+0000] {logging_mixin.py:188} INFO - [2024-03-27T10:09:24.169+0000] {dag.py:3834} INFO - Setting next_dagrun for dag_with_postgres_operator_v02 to 2024-03-27 00:00:00+00:00, run_after=2024-03-28 00:00:00+00:00
[2024-03-27T10:09:24.195+0000] {processor.py:183} INFO - Processing /opt/airflow/dags/dag_create_log_tables.py took 0.186 seconds
[2024-03-27T10:09:54.975+0000] {processor.py:161} INFO - Started process (PID=2070) to work on /opt/airflow/dags/dag_create_log_tables.py
[2024-03-27T10:09:54.977+0000] {processor.py:830} INFO - Processing file /opt/airflow/dags/dag_create_log_tables.py for tasks to queue
[2024-03-27T10:09:54.980+0000] {logging_mixin.py:188} INFO - [2024-03-27T10:09:54.978+0000] {dagbag.py:540} INFO - Filling up the DagBag from /opt/airflow/dags/dag_create_log_tables.py
[2024-03-27T10:09:55.000+0000] {processor.py:840} INFO - DAG(s) 'dag_with_postgres_operator_v02' retrieved from /opt/airflow/dags/dag_create_log_tables.py
[2024-03-27T10:09:55.034+0000] {logging_mixin.py:188} INFO - [2024-03-27T10:09:55.034+0000] {dag.py:3047} INFO - Sync 1 DAGs
[2024-03-27T10:09:55.062+0000] {logging_mixin.py:188} INFO - [2024-03-27T10:09:55.061+0000] {dag.py:3834} INFO - Setting next_dagrun for dag_with_postgres_operator_v02 to 2024-03-27 00:00:00+00:00, run_after=2024-03-28 00:00:00+00:00
[2024-03-27T10:09:55.083+0000] {processor.py:183} INFO - Processing /opt/airflow/dags/dag_create_log_tables.py took 0.115 seconds
[2024-03-27T10:10:25.959+0000] {processor.py:161} INFO - Started process (PID=2120) to work on /opt/airflow/dags/dag_create_log_tables.py
[2024-03-27T10:10:25.961+0000] {processor.py:830} INFO - Processing file /opt/airflow/dags/dag_create_log_tables.py for tasks to queue
[2024-03-27T10:10:25.964+0000] {logging_mixin.py:188} INFO - [2024-03-27T10:10:25.963+0000] {dagbag.py:540} INFO - Filling up the DagBag from /opt/airflow/dags/dag_create_log_tables.py
[2024-03-27T10:10:25.984+0000] {processor.py:840} INFO - DAG(s) 'dag_with_postgres_operator_v02' retrieved from /opt/airflow/dags/dag_create_log_tables.py
[2024-03-27T10:10:26.000+0000] {logging_mixin.py:188} INFO - [2024-03-27T10:10:26.000+0000] {dag.py:3047} INFO - Sync 1 DAGs
[2024-03-27T10:10:26.033+0000] {logging_mixin.py:188} INFO - [2024-03-27T10:10:26.032+0000] {dag.py:3834} INFO - Setting next_dagrun for dag_with_postgres_operator_v02 to 2024-03-27 00:00:00+00:00, run_after=2024-03-28 00:00:00+00:00
[2024-03-27T10:10:26.065+0000] {processor.py:183} INFO - Processing /opt/airflow/dags/dag_create_log_tables.py took 0.115 seconds
[2024-03-27T10:10:57.000+0000] {processor.py:161} INFO - Started process (PID=2170) to work on /opt/airflow/dags/dag_create_log_tables.py
[2024-03-27T10:10:57.001+0000] {processor.py:830} INFO - Processing file /opt/airflow/dags/dag_create_log_tables.py for tasks to queue
[2024-03-27T10:10:57.003+0000] {logging_mixin.py:188} INFO - [2024-03-27T10:10:57.003+0000] {dagbag.py:540} INFO - Filling up the DagBag from /opt/airflow/dags/dag_create_log_tables.py
[2024-03-27T10:10:57.019+0000] {processor.py:840} INFO - DAG(s) 'dag_with_postgres_operator_v02' retrieved from /opt/airflow/dags/dag_create_log_tables.py
[2024-03-27T10:10:57.131+0000] {logging_mixin.py:188} INFO - [2024-03-27T10:10:57.131+0000] {dag.py:3047} INFO - Sync 1 DAGs
[2024-03-27T10:10:57.154+0000] {logging_mixin.py:188} INFO - [2024-03-27T10:10:57.154+0000] {dag.py:3834} INFO - Setting next_dagrun for dag_with_postgres_operator_v02 to 2024-03-27 00:00:00+00:00, run_after=2024-03-28 00:00:00+00:00
[2024-03-27T10:10:57.178+0000] {processor.py:183} INFO - Processing /opt/airflow/dags/dag_create_log_tables.py took 0.185 seconds
[2024-03-27T10:11:28.214+0000] {processor.py:161} INFO - Started process (PID=2221) to work on /opt/airflow/dags/dag_create_log_tables.py
[2024-03-27T10:11:28.215+0000] {processor.py:830} INFO - Processing file /opt/airflow/dags/dag_create_log_tables.py for tasks to queue
[2024-03-27T10:11:28.218+0000] {logging_mixin.py:188} INFO - [2024-03-27T10:11:28.217+0000] {dagbag.py:540} INFO - Filling up the DagBag from /opt/airflow/dags/dag_create_log_tables.py
[2024-03-27T10:11:28.234+0000] {processor.py:840} INFO - DAG(s) 'dag_with_postgres_operator_v02' retrieved from /opt/airflow/dags/dag_create_log_tables.py
[2024-03-27T10:11:28.264+0000] {logging_mixin.py:188} INFO - [2024-03-27T10:11:28.264+0000] {dag.py:3047} INFO - Sync 1 DAGs
[2024-03-27T10:11:28.290+0000] {logging_mixin.py:188} INFO - [2024-03-27T10:11:28.289+0000] {dag.py:3834} INFO - Setting next_dagrun for dag_with_postgres_operator_v02 to 2024-03-27 00:00:00+00:00, run_after=2024-03-28 00:00:00+00:00
[2024-03-27T10:11:28.309+0000] {processor.py:183} INFO - Processing /opt/airflow/dags/dag_create_log_tables.py took 0.101 seconds
[2024-03-27T10:11:59.104+0000] {processor.py:161} INFO - Started process (PID=2272) to work on /opt/airflow/dags/dag_create_log_tables.py
[2024-03-27T10:11:59.107+0000] {processor.py:830} INFO - Processing file /opt/airflow/dags/dag_create_log_tables.py for tasks to queue
[2024-03-27T10:11:59.110+0000] {logging_mixin.py:188} INFO - [2024-03-27T10:11:59.109+0000] {dagbag.py:540} INFO - Filling up the DagBag from /opt/airflow/dags/dag_create_log_tables.py
[2024-03-27T10:11:59.132+0000] {processor.py:840} INFO - DAG(s) 'dag_with_postgres_operator_v02' retrieved from /opt/airflow/dags/dag_create_log_tables.py
[2024-03-27T10:11:59.146+0000] {logging_mixin.py:188} INFO - [2024-03-27T10:11:59.146+0000] {dag.py:3047} INFO - Sync 1 DAGs
[2024-03-27T10:11:59.173+0000] {logging_mixin.py:188} INFO - [2024-03-27T10:11:59.172+0000] {dag.py:3834} INFO - Setting next_dagrun for dag_with_postgres_operator_v02 to 2024-03-27 00:00:00+00:00, run_after=2024-03-28 00:00:00+00:00
[2024-03-27T10:11:59.195+0000] {processor.py:183} INFO - Processing /opt/airflow/dags/dag_create_log_tables.py took 0.101 seconds
[2024-03-27T10:12:30.053+0000] {processor.py:161} INFO - Started process (PID=2323) to work on /opt/airflow/dags/dag_create_log_tables.py
[2024-03-27T10:12:30.055+0000] {processor.py:830} INFO - Processing file /opt/airflow/dags/dag_create_log_tables.py for tasks to queue
[2024-03-27T10:12:30.057+0000] {logging_mixin.py:188} INFO - [2024-03-27T10:12:30.056+0000] {dagbag.py:540} INFO - Filling up the DagBag from /opt/airflow/dags/dag_create_log_tables.py
[2024-03-27T10:12:30.072+0000] {processor.py:840} INFO - DAG(s) 'dag_with_postgres_operator_v02' retrieved from /opt/airflow/dags/dag_create_log_tables.py
[2024-03-27T10:12:30.185+0000] {logging_mixin.py:188} INFO - [2024-03-27T10:12:30.185+0000] {dag.py:3047} INFO - Sync 1 DAGs
[2024-03-27T10:12:30.209+0000] {logging_mixin.py:188} INFO - [2024-03-27T10:12:30.209+0000] {dag.py:3834} INFO - Setting next_dagrun for dag_with_postgres_operator_v02 to 2024-03-27 00:00:00+00:00, run_after=2024-03-28 00:00:00+00:00
[2024-03-27T10:12:30.234+0000] {processor.py:183} INFO - Processing /opt/airflow/dags/dag_create_log_tables.py took 0.187 seconds
[2024-03-27T10:13:01.027+0000] {processor.py:161} INFO - Started process (PID=2374) to work on /opt/airflow/dags/dag_create_log_tables.py
[2024-03-27T10:13:01.029+0000] {processor.py:830} INFO - Processing file /opt/airflow/dags/dag_create_log_tables.py for tasks to queue
[2024-03-27T10:13:01.031+0000] {logging_mixin.py:188} INFO - [2024-03-27T10:13:01.030+0000] {dagbag.py:540} INFO - Filling up the DagBag from /opt/airflow/dags/dag_create_log_tables.py
[2024-03-27T10:13:01.051+0000] {processor.py:840} INFO - DAG(s) 'dag_with_postgres_operator_v02' retrieved from /opt/airflow/dags/dag_create_log_tables.py
[2024-03-27T10:13:01.086+0000] {logging_mixin.py:188} INFO - [2024-03-27T10:13:01.086+0000] {dag.py:3047} INFO - Sync 1 DAGs
[2024-03-27T10:13:01.125+0000] {logging_mixin.py:188} INFO - [2024-03-27T10:13:01.125+0000] {dag.py:3834} INFO - Setting next_dagrun for dag_with_postgres_operator_v02 to 2024-03-27 00:00:00+00:00, run_after=2024-03-28 00:00:00+00:00
[2024-03-27T10:13:01.149+0000] {processor.py:183} INFO - Processing /opt/airflow/dags/dag_create_log_tables.py took 0.127 seconds
[2024-03-27T10:13:31.272+0000] {processor.py:161} INFO - Started process (PID=2425) to work on /opt/airflow/dags/dag_create_log_tables.py
[2024-03-27T10:13:31.273+0000] {processor.py:830} INFO - Processing file /opt/airflow/dags/dag_create_log_tables.py for tasks to queue
[2024-03-27T10:13:31.275+0000] {logging_mixin.py:188} INFO - [2024-03-27T10:13:31.274+0000] {dagbag.py:540} INFO - Filling up the DagBag from /opt/airflow/dags/dag_create_log_tables.py
[2024-03-27T10:13:31.295+0000] {processor.py:840} INFO - DAG(s) 'dag_with_postgres_operator_v02' retrieved from /opt/airflow/dags/dag_create_log_tables.py
[2024-03-27T10:13:31.310+0000] {logging_mixin.py:188} INFO - [2024-03-27T10:13:31.310+0000] {dag.py:3047} INFO - Sync 1 DAGs
[2024-03-27T10:13:31.339+0000] {logging_mixin.py:188} INFO - [2024-03-27T10:13:31.339+0000] {dag.py:3834} INFO - Setting next_dagrun for dag_with_postgres_operator_v02 to 2024-03-27 00:00:00+00:00, run_after=2024-03-28 00:00:00+00:00
[2024-03-27T10:13:31.359+0000] {processor.py:183} INFO - Processing /opt/airflow/dags/dag_create_log_tables.py took 0.095 seconds
[2024-03-27T10:14:01.461+0000] {processor.py:161} INFO - Started process (PID=2477) to work on /opt/airflow/dags/dag_create_log_tables.py
[2024-03-27T10:14:01.463+0000] {processor.py:830} INFO - Processing file /opt/airflow/dags/dag_create_log_tables.py for tasks to queue
[2024-03-27T10:14:01.465+0000] {logging_mixin.py:188} INFO - [2024-03-27T10:14:01.464+0000] {dagbag.py:540} INFO - Filling up the DagBag from /opt/airflow/dags/dag_create_log_tables.py
[2024-03-27T10:14:01.480+0000] {processor.py:840} INFO - DAG(s) 'dag_with_postgres_operator_v02' retrieved from /opt/airflow/dags/dag_create_log_tables.py
[2024-03-27T10:14:01.594+0000] {logging_mixin.py:188} INFO - [2024-03-27T10:14:01.594+0000] {dag.py:3047} INFO - Sync 1 DAGs
[2024-03-27T10:14:01.617+0000] {logging_mixin.py:188} INFO - [2024-03-27T10:14:01.617+0000] {dag.py:3834} INFO - Setting next_dagrun for dag_with_postgres_operator_v02 to 2024-03-27 00:00:00+00:00, run_after=2024-03-28 00:00:00+00:00
[2024-03-27T10:14:01.652+0000] {processor.py:183} INFO - Processing /opt/airflow/dags/dag_create_log_tables.py took 0.196 seconds
[2024-03-27T10:14:32.511+0000] {processor.py:161} INFO - Started process (PID=2528) to work on /opt/airflow/dags/dag_create_log_tables.py
[2024-03-27T10:14:32.513+0000] {processor.py:830} INFO - Processing file /opt/airflow/dags/dag_create_log_tables.py for tasks to queue
[2024-03-27T10:14:32.515+0000] {logging_mixin.py:188} INFO - [2024-03-27T10:14:32.514+0000] {dagbag.py:540} INFO - Filling up the DagBag from /opt/airflow/dags/dag_create_log_tables.py
[2024-03-27T10:14:32.530+0000] {processor.py:840} INFO - DAG(s) 'dag_with_postgres_operator_v02' retrieved from /opt/airflow/dags/dag_create_log_tables.py
[2024-03-27T10:14:32.559+0000] {logging_mixin.py:188} INFO - [2024-03-27T10:14:32.558+0000] {dag.py:3047} INFO - Sync 1 DAGs
[2024-03-27T10:14:32.586+0000] {logging_mixin.py:188} INFO - [2024-03-27T10:14:32.586+0000] {dag.py:3834} INFO - Setting next_dagrun for dag_with_postgres_operator_v02 to 2024-03-27 00:00:00+00:00, run_after=2024-03-28 00:00:00+00:00
[2024-03-27T10:14:32.613+0000] {processor.py:183} INFO - Processing /opt/airflow/dags/dag_create_log_tables.py took 0.107 seconds
[2024-03-27T10:15:03.618+0000] {processor.py:161} INFO - Started process (PID=2579) to work on /opt/airflow/dags/dag_create_log_tables.py
[2024-03-27T10:15:03.619+0000] {processor.py:830} INFO - Processing file /opt/airflow/dags/dag_create_log_tables.py for tasks to queue
[2024-03-27T10:15:03.621+0000] {logging_mixin.py:188} INFO - [2024-03-27T10:15:03.620+0000] {dagbag.py:540} INFO - Filling up the DagBag from /opt/airflow/dags/dag_create_log_tables.py
[2024-03-27T10:15:03.636+0000] {processor.py:840} INFO - DAG(s) 'dag_with_postgres_operator_v02' retrieved from /opt/airflow/dags/dag_create_log_tables.py
[2024-03-27T10:15:03.651+0000] {logging_mixin.py:188} INFO - [2024-03-27T10:15:03.650+0000] {dag.py:3047} INFO - Sync 1 DAGs
[2024-03-27T10:15:03.680+0000] {logging_mixin.py:188} INFO - [2024-03-27T10:15:03.680+0000] {dag.py:3834} INFO - Setting next_dagrun for dag_with_postgres_operator_v02 to 2024-03-27 00:00:00+00:00, run_after=2024-03-28 00:00:00+00:00
[2024-03-27T10:15:03.705+0000] {processor.py:183} INFO - Processing /opt/airflow/dags/dag_create_log_tables.py took 0.094 seconds
[2024-03-27T10:15:34.719+0000] {processor.py:161} INFO - Started process (PID=2631) to work on /opt/airflow/dags/dag_create_log_tables.py
[2024-03-27T10:15:34.720+0000] {processor.py:830} INFO - Processing file /opt/airflow/dags/dag_create_log_tables.py for tasks to queue
[2024-03-27T10:15:34.722+0000] {logging_mixin.py:188} INFO - [2024-03-27T10:15:34.721+0000] {dagbag.py:540} INFO - Filling up the DagBag from /opt/airflow/dags/dag_create_log_tables.py
[2024-03-27T10:15:34.740+0000] {processor.py:840} INFO - DAG(s) 'dag_with_postgres_operator_v02' retrieved from /opt/airflow/dags/dag_create_log_tables.py
[2024-03-27T10:15:34.888+0000] {logging_mixin.py:188} INFO - [2024-03-27T10:15:34.887+0000] {dag.py:3047} INFO - Sync 1 DAGs
[2024-03-27T10:15:34.917+0000] {logging_mixin.py:188} INFO - [2024-03-27T10:15:34.917+0000] {dag.py:3834} INFO - Setting next_dagrun for dag_with_postgres_operator_v02 to 2024-03-27 00:00:00+00:00, run_after=2024-03-28 00:00:00+00:00
[2024-03-27T10:15:34.938+0000] {processor.py:183} INFO - Processing /opt/airflow/dags/dag_create_log_tables.py took 0.224 seconds
[2024-03-27T10:16:05.793+0000] {processor.py:161} INFO - Started process (PID=2682) to work on /opt/airflow/dags/dag_create_log_tables.py
[2024-03-27T10:16:05.795+0000] {processor.py:830} INFO - Processing file /opt/airflow/dags/dag_create_log_tables.py for tasks to queue
[2024-03-27T10:16:05.798+0000] {logging_mixin.py:188} INFO - [2024-03-27T10:16:05.797+0000] {dagbag.py:540} INFO - Filling up the DagBag from /opt/airflow/dags/dag_create_log_tables.py
[2024-03-27T10:16:05.815+0000] {processor.py:840} INFO - DAG(s) 'dag_with_postgres_operator_v02' retrieved from /opt/airflow/dags/dag_create_log_tables.py
[2024-03-27T10:16:05.844+0000] {logging_mixin.py:188} INFO - [2024-03-27T10:16:05.844+0000] {dag.py:3047} INFO - Sync 1 DAGs
[2024-03-27T10:16:05.878+0000] {logging_mixin.py:188} INFO - [2024-03-27T10:16:05.877+0000] {dag.py:3834} INFO - Setting next_dagrun for dag_with_postgres_operator_v02 to 2024-03-27 00:00:00+00:00, run_after=2024-03-28 00:00:00+00:00
[2024-03-27T10:16:05.905+0000] {processor.py:183} INFO - Processing /opt/airflow/dags/dag_create_log_tables.py took 0.123 seconds
[2024-03-27T10:16:36.869+0000] {processor.py:161} INFO - Started process (PID=2732) to work on /opt/airflow/dags/dag_create_log_tables.py
[2024-03-27T10:16:36.872+0000] {processor.py:830} INFO - Processing file /opt/airflow/dags/dag_create_log_tables.py for tasks to queue
[2024-03-27T10:16:36.874+0000] {logging_mixin.py:188} INFO - [2024-03-27T10:16:36.874+0000] {dagbag.py:540} INFO - Filling up the DagBag from /opt/airflow/dags/dag_create_log_tables.py
[2024-03-27T10:16:36.900+0000] {processor.py:840} INFO - DAG(s) 'dag_with_postgres_operator_v02' retrieved from /opt/airflow/dags/dag_create_log_tables.py
[2024-03-27T10:16:36.913+0000] {logging_mixin.py:188} INFO - [2024-03-27T10:16:36.913+0000] {dag.py:3047} INFO - Sync 1 DAGs
[2024-03-27T10:16:36.943+0000] {logging_mixin.py:188} INFO - [2024-03-27T10:16:36.943+0000] {dag.py:3834} INFO - Setting next_dagrun for dag_with_postgres_operator_v02 to 2024-03-27 00:00:00+00:00, run_after=2024-03-28 00:00:00+00:00
[2024-03-27T10:16:36.971+0000] {processor.py:183} INFO - Processing /opt/airflow/dags/dag_create_log_tables.py took 0.114 seconds
[2024-03-27T10:17:07.787+0000] {processor.py:161} INFO - Started process (PID=2783) to work on /opt/airflow/dags/dag_create_log_tables.py
[2024-03-27T10:17:07.788+0000] {processor.py:830} INFO - Processing file /opt/airflow/dags/dag_create_log_tables.py for tasks to queue
[2024-03-27T10:17:07.790+0000] {logging_mixin.py:188} INFO - [2024-03-27T10:17:07.790+0000] {dagbag.py:540} INFO - Filling up the DagBag from /opt/airflow/dags/dag_create_log_tables.py
[2024-03-27T10:17:07.808+0000] {processor.py:840} INFO - DAG(s) 'dag_with_postgres_operator_v02' retrieved from /opt/airflow/dags/dag_create_log_tables.py
[2024-03-27T10:17:07.929+0000] {logging_mixin.py:188} INFO - [2024-03-27T10:17:07.928+0000] {dag.py:3047} INFO - Sync 1 DAGs
[2024-03-27T10:17:07.952+0000] {logging_mixin.py:188} INFO - [2024-03-27T10:17:07.952+0000] {dag.py:3834} INFO - Setting next_dagrun for dag_with_postgres_operator_v02 to 2024-03-27 00:00:00+00:00, run_after=2024-03-28 00:00:00+00:00
[2024-03-27T10:17:07.985+0000] {processor.py:183} INFO - Processing /opt/airflow/dags/dag_create_log_tables.py took 0.205 seconds
[2024-03-27T10:17:38.741+0000] {processor.py:161} INFO - Started process (PID=2833) to work on /opt/airflow/dags/dag_create_log_tables.py
[2024-03-27T10:17:38.743+0000] {processor.py:830} INFO - Processing file /opt/airflow/dags/dag_create_log_tables.py for tasks to queue
[2024-03-27T10:17:38.745+0000] {logging_mixin.py:188} INFO - [2024-03-27T10:17:38.744+0000] {dagbag.py:540} INFO - Filling up the DagBag from /opt/airflow/dags/dag_create_log_tables.py
[2024-03-27T10:17:38.763+0000] {processor.py:840} INFO - DAG(s) 'dag_with_postgres_operator_v02' retrieved from /opt/airflow/dags/dag_create_log_tables.py
[2024-03-27T10:17:38.794+0000] {logging_mixin.py:188} INFO - [2024-03-27T10:17:38.794+0000] {dag.py:3047} INFO - Sync 1 DAGs
[2024-03-27T10:17:38.822+0000] {logging_mixin.py:188} INFO - [2024-03-27T10:17:38.822+0000] {dag.py:3834} INFO - Setting next_dagrun for dag_with_postgres_operator_v02 to 2024-03-27 00:00:00+00:00, run_after=2024-03-28 00:00:00+00:00
[2024-03-27T10:17:38.849+0000] {processor.py:183} INFO - Processing /opt/airflow/dags/dag_create_log_tables.py took 0.115 seconds
[2024-03-27T10:18:09.696+0000] {processor.py:161} INFO - Started process (PID=2884) to work on /opt/airflow/dags/dag_create_log_tables.py
[2024-03-27T10:18:09.698+0000] {processor.py:830} INFO - Processing file /opt/airflow/dags/dag_create_log_tables.py for tasks to queue
[2024-03-27T10:18:09.700+0000] {logging_mixin.py:188} INFO - [2024-03-27T10:18:09.699+0000] {dagbag.py:540} INFO - Filling up the DagBag from /opt/airflow/dags/dag_create_log_tables.py
[2024-03-27T10:18:09.716+0000] {processor.py:840} INFO - DAG(s) 'dag_with_postgres_operator_v02' retrieved from /opt/airflow/dags/dag_create_log_tables.py
[2024-03-27T10:18:09.732+0000] {logging_mixin.py:188} INFO - [2024-03-27T10:18:09.731+0000] {dag.py:3047} INFO - Sync 1 DAGs
[2024-03-27T10:18:09.762+0000] {logging_mixin.py:188} INFO - [2024-03-27T10:18:09.762+0000] {dag.py:3834} INFO - Setting next_dagrun for dag_with_postgres_operator_v02 to 2024-03-27 00:00:00+00:00, run_after=2024-03-28 00:00:00+00:00
[2024-03-27T10:18:09.789+0000] {processor.py:183} INFO - Processing /opt/airflow/dags/dag_create_log_tables.py took 0.100 seconds
[2024-03-27T10:18:40.484+0000] {processor.py:161} INFO - Started process (PID=2936) to work on /opt/airflow/dags/dag_create_log_tables.py
[2024-03-27T10:18:40.485+0000] {processor.py:830} INFO - Processing file /opt/airflow/dags/dag_create_log_tables.py for tasks to queue
[2024-03-27T10:18:40.487+0000] {logging_mixin.py:188} INFO - [2024-03-27T10:18:40.486+0000] {dagbag.py:540} INFO - Filling up the DagBag from /opt/airflow/dags/dag_create_log_tables.py
[2024-03-27T10:18:40.504+0000] {processor.py:840} INFO - DAG(s) 'dag_with_postgres_operator_v02' retrieved from /opt/airflow/dags/dag_create_log_tables.py
[2024-03-27T10:18:40.624+0000] {logging_mixin.py:188} INFO - [2024-03-27T10:18:40.624+0000] {dag.py:3047} INFO - Sync 1 DAGs
[2024-03-27T10:18:40.647+0000] {logging_mixin.py:188} INFO - [2024-03-27T10:18:40.646+0000] {dag.py:3834} INFO - Setting next_dagrun for dag_with_postgres_operator_v02 to 2024-03-27 00:00:00+00:00, run_after=2024-03-28 00:00:00+00:00
[2024-03-27T10:18:40.666+0000] {processor.py:183} INFO - Processing /opt/airflow/dags/dag_create_log_tables.py took 0.187 seconds
[2024-03-27T10:19:11.509+0000] {processor.py:161} INFO - Started process (PID=2987) to work on /opt/airflow/dags/dag_create_log_tables.py
[2024-03-27T10:19:11.511+0000] {processor.py:830} INFO - Processing file /opt/airflow/dags/dag_create_log_tables.py for tasks to queue
[2024-03-27T10:19:11.513+0000] {logging_mixin.py:188} INFO - [2024-03-27T10:19:11.512+0000] {dagbag.py:540} INFO - Filling up the DagBag from /opt/airflow/dags/dag_create_log_tables.py
[2024-03-27T10:19:11.530+0000] {processor.py:840} INFO - DAG(s) 'dag_with_postgres_operator_v02' retrieved from /opt/airflow/dags/dag_create_log_tables.py
[2024-03-27T10:19:11.569+0000] {logging_mixin.py:188} INFO - [2024-03-27T10:19:11.569+0000] {dag.py:3047} INFO - Sync 1 DAGs
[2024-03-27T10:19:11.603+0000] {logging_mixin.py:188} INFO - [2024-03-27T10:19:11.603+0000] {dag.py:3834} INFO - Setting next_dagrun for dag_with_postgres_operator_v02 to 2024-03-27 00:00:00+00:00, run_after=2024-03-28 00:00:00+00:00
[2024-03-27T10:19:11.641+0000] {processor.py:183} INFO - Processing /opt/airflow/dags/dag_create_log_tables.py took 0.142 seconds
[2024-03-27T10:19:42.331+0000] {processor.py:161} INFO - Started process (PID=3038) to work on /opt/airflow/dags/dag_create_log_tables.py
[2024-03-27T10:19:42.332+0000] {processor.py:830} INFO - Processing file /opt/airflow/dags/dag_create_log_tables.py for tasks to queue
[2024-03-27T10:19:42.334+0000] {logging_mixin.py:188} INFO - [2024-03-27T10:19:42.334+0000] {dagbag.py:540} INFO - Filling up the DagBag from /opt/airflow/dags/dag_create_log_tables.py
[2024-03-27T10:19:42.352+0000] {processor.py:840} INFO - DAG(s) 'dag_with_postgres_operator_v02' retrieved from /opt/airflow/dags/dag_create_log_tables.py
[2024-03-27T10:19:42.367+0000] {logging_mixin.py:188} INFO - [2024-03-27T10:19:42.366+0000] {dag.py:3047} INFO - Sync 1 DAGs
[2024-03-27T10:19:42.396+0000] {logging_mixin.py:188} INFO - [2024-03-27T10:19:42.395+0000] {dag.py:3834} INFO - Setting next_dagrun for dag_with_postgres_operator_v02 to 2024-03-27 00:00:00+00:00, run_after=2024-03-28 00:00:00+00:00
[2024-03-27T10:19:42.417+0000] {processor.py:183} INFO - Processing /opt/airflow/dags/dag_create_log_tables.py took 0.093 seconds
[2024-03-27T10:20:13.298+0000] {processor.py:161} INFO - Started process (PID=3089) to work on /opt/airflow/dags/dag_create_log_tables.py
[2024-03-27T10:20:13.299+0000] {processor.py:830} INFO - Processing file /opt/airflow/dags/dag_create_log_tables.py for tasks to queue
[2024-03-27T10:20:13.301+0000] {logging_mixin.py:188} INFO - [2024-03-27T10:20:13.300+0000] {dagbag.py:540} INFO - Filling up the DagBag from /opt/airflow/dags/dag_create_log_tables.py
[2024-03-27T10:20:13.319+0000] {processor.py:840} INFO - DAG(s) 'dag_with_postgres_operator_v02' retrieved from /opt/airflow/dags/dag_create_log_tables.py
[2024-03-27T10:20:13.447+0000] {logging_mixin.py:188} INFO - [2024-03-27T10:20:13.447+0000] {dag.py:3047} INFO - Sync 1 DAGs
[2024-03-27T10:20:13.471+0000] {logging_mixin.py:188} INFO - [2024-03-27T10:20:13.471+0000] {dag.py:3834} INFO - Setting next_dagrun for dag_with_postgres_operator_v02 to 2024-03-27 00:00:00+00:00, run_after=2024-03-28 00:00:00+00:00
[2024-03-27T10:20:13.492+0000] {processor.py:183} INFO - Processing /opt/airflow/dags/dag_create_log_tables.py took 0.202 seconds
[2024-03-27T10:20:44.290+0000] {processor.py:161} INFO - Started process (PID=3140) to work on /opt/airflow/dags/dag_create_log_tables.py
[2024-03-27T10:20:44.293+0000] {processor.py:830} INFO - Processing file /opt/airflow/dags/dag_create_log_tables.py for tasks to queue
[2024-03-27T10:20:44.295+0000] {logging_mixin.py:188} INFO - [2024-03-27T10:20:44.294+0000] {dagbag.py:540} INFO - Filling up the DagBag from /opt/airflow/dags/dag_create_log_tables.py
[2024-03-27T10:20:44.316+0000] {processor.py:840} INFO - DAG(s) 'dag_with_postgres_operator_v02' retrieved from /opt/airflow/dags/dag_create_log_tables.py
[2024-03-27T10:20:44.346+0000] {logging_mixin.py:188} INFO - [2024-03-27T10:20:44.346+0000] {dag.py:3047} INFO - Sync 1 DAGs
[2024-03-27T10:20:44.375+0000] {logging_mixin.py:188} INFO - [2024-03-27T10:20:44.374+0000] {dag.py:3834} INFO - Setting next_dagrun for dag_with_postgres_operator_v02 to 2024-03-27 00:00:00+00:00, run_after=2024-03-28 00:00:00+00:00
[2024-03-27T10:20:44.396+0000] {processor.py:183} INFO - Processing /opt/airflow/dags/dag_create_log_tables.py took 0.116 seconds
[2024-03-27T10:21:15.076+0000] {processor.py:161} INFO - Started process (PID=3191) to work on /opt/airflow/dags/dag_create_log_tables.py
[2024-03-27T10:21:15.078+0000] {processor.py:830} INFO - Processing file /opt/airflow/dags/dag_create_log_tables.py for tasks to queue
[2024-03-27T10:21:15.080+0000] {logging_mixin.py:188} INFO - [2024-03-27T10:21:15.079+0000] {dagbag.py:540} INFO - Filling up the DagBag from /opt/airflow/dags/dag_create_log_tables.py
[2024-03-27T10:21:15.098+0000] {processor.py:840} INFO - DAG(s) 'dag_with_postgres_operator_v02' retrieved from /opt/airflow/dags/dag_create_log_tables.py
[2024-03-27T10:21:15.114+0000] {logging_mixin.py:188} INFO - [2024-03-27T10:21:15.114+0000] {dag.py:3047} INFO - Sync 1 DAGs
[2024-03-27T10:21:15.144+0000] {logging_mixin.py:188} INFO - [2024-03-27T10:21:15.144+0000] {dag.py:3834} INFO - Setting next_dagrun for dag_with_postgres_operator_v02 to 2024-03-27 00:00:00+00:00, run_after=2024-03-28 00:00:00+00:00
[2024-03-27T10:21:15.167+0000] {processor.py:183} INFO - Processing /opt/airflow/dags/dag_create_log_tables.py took 0.096 seconds
[2024-03-27T10:21:45.889+0000] {processor.py:161} INFO - Started process (PID=3242) to work on /opt/airflow/dags/dag_create_log_tables.py
[2024-03-27T10:21:45.891+0000] {processor.py:830} INFO - Processing file /opt/airflow/dags/dag_create_log_tables.py for tasks to queue
[2024-03-27T10:21:45.892+0000] {logging_mixin.py:188} INFO - [2024-03-27T10:21:45.892+0000] {dagbag.py:540} INFO - Filling up the DagBag from /opt/airflow/dags/dag_create_log_tables.py
[2024-03-27T10:21:45.909+0000] {processor.py:840} INFO - DAG(s) 'dag_with_postgres_operator_v02' retrieved from /opt/airflow/dags/dag_create_log_tables.py
[2024-03-27T10:21:46.031+0000] {logging_mixin.py:188} INFO - [2024-03-27T10:21:46.031+0000] {dag.py:3047} INFO - Sync 1 DAGs
[2024-03-27T10:21:46.054+0000] {logging_mixin.py:188} INFO - [2024-03-27T10:21:46.054+0000] {dag.py:3834} INFO - Setting next_dagrun for dag_with_postgres_operator_v02 to 2024-03-27 00:00:00+00:00, run_after=2024-03-28 00:00:00+00:00
[2024-03-27T10:21:46.074+0000] {processor.py:183} INFO - Processing /opt/airflow/dags/dag_create_log_tables.py took 0.193 seconds
[2024-03-27T10:22:16.807+0000] {processor.py:161} INFO - Started process (PID=3293) to work on /opt/airflow/dags/dag_create_log_tables.py
[2024-03-27T10:22:16.810+0000] {processor.py:830} INFO - Processing file /opt/airflow/dags/dag_create_log_tables.py for tasks to queue
[2024-03-27T10:22:16.813+0000] {logging_mixin.py:188} INFO - [2024-03-27T10:22:16.812+0000] {dagbag.py:540} INFO - Filling up the DagBag from /opt/airflow/dags/dag_create_log_tables.py
[2024-03-27T10:22:16.836+0000] {processor.py:840} INFO - DAG(s) 'dag_with_postgres_operator_v02' retrieved from /opt/airflow/dags/dag_create_log_tables.py
[2024-03-27T10:22:16.872+0000] {logging_mixin.py:188} INFO - [2024-03-27T10:22:16.872+0000] {dag.py:3047} INFO - Sync 1 DAGs
[2024-03-27T10:22:16.910+0000] {logging_mixin.py:188} INFO - [2024-03-27T10:22:16.909+0000] {dag.py:3834} INFO - Setting next_dagrun for dag_with_postgres_operator_v02 to 2024-03-27 00:00:00+00:00, run_after=2024-03-28 00:00:00+00:00
[2024-03-27T10:22:16.932+0000] {processor.py:183} INFO - Processing /opt/airflow/dags/dag_create_log_tables.py took 0.136 seconds
[2024-03-27T10:22:47.598+0000] {processor.py:161} INFO - Started process (PID=3345) to work on /opt/airflow/dags/dag_create_log_tables.py
[2024-03-27T10:22:47.600+0000] {processor.py:830} INFO - Processing file /opt/airflow/dags/dag_create_log_tables.py for tasks to queue
[2024-03-27T10:22:47.603+0000] {logging_mixin.py:188} INFO - [2024-03-27T10:22:47.602+0000] {dagbag.py:540} INFO - Filling up the DagBag from /opt/airflow/dags/dag_create_log_tables.py
[2024-03-27T10:22:47.623+0000] {processor.py:840} INFO - DAG(s) 'dag_with_postgres_operator_v02' retrieved from /opt/airflow/dags/dag_create_log_tables.py
[2024-03-27T10:22:47.640+0000] {logging_mixin.py:188} INFO - [2024-03-27T10:22:47.640+0000] {dag.py:3047} INFO - Sync 1 DAGs
[2024-03-27T10:22:47.681+0000] {logging_mixin.py:188} INFO - [2024-03-27T10:22:47.681+0000] {dag.py:3834} INFO - Setting next_dagrun for dag_with_postgres_operator_v02 to 2024-03-27 00:00:00+00:00, run_after=2024-03-28 00:00:00+00:00
[2024-03-27T10:22:47.709+0000] {processor.py:183} INFO - Processing /opt/airflow/dags/dag_create_log_tables.py took 0.121 seconds
[2024-03-27T10:23:18.553+0000] {processor.py:161} INFO - Started process (PID=3396) to work on /opt/airflow/dags/dag_create_log_tables.py
[2024-03-27T10:23:18.555+0000] {processor.py:830} INFO - Processing file /opt/airflow/dags/dag_create_log_tables.py for tasks to queue
[2024-03-27T10:23:18.556+0000] {logging_mixin.py:188} INFO - [2024-03-27T10:23:18.556+0000] {dagbag.py:540} INFO - Filling up the DagBag from /opt/airflow/dags/dag_create_log_tables.py
[2024-03-27T10:23:18.575+0000] {processor.py:840} INFO - DAG(s) 'dag_with_postgres_operator_v02' retrieved from /opt/airflow/dags/dag_create_log_tables.py
[2024-03-27T10:23:18.704+0000] {logging_mixin.py:188} INFO - [2024-03-27T10:23:18.703+0000] {dag.py:3047} INFO - Sync 1 DAGs
[2024-03-27T10:23:18.728+0000] {logging_mixin.py:188} INFO - [2024-03-27T10:23:18.728+0000] {dag.py:3834} INFO - Setting next_dagrun for dag_with_postgres_operator_v02 to 2024-03-27 00:00:00+00:00, run_after=2024-03-28 00:00:00+00:00
[2024-03-27T10:23:18.750+0000] {processor.py:183} INFO - Processing /opt/airflow/dags/dag_create_log_tables.py took 0.204 seconds
[2024-03-27T10:23:49.423+0000] {processor.py:161} INFO - Started process (PID=3447) to work on /opt/airflow/dags/dag_create_log_tables.py
[2024-03-27T10:23:49.425+0000] {processor.py:830} INFO - Processing file /opt/airflow/dags/dag_create_log_tables.py for tasks to queue
[2024-03-27T10:23:49.428+0000] {logging_mixin.py:188} INFO - [2024-03-27T10:23:49.428+0000] {dagbag.py:540} INFO - Filling up the DagBag from /opt/airflow/dags/dag_create_log_tables.py
[2024-03-27T10:23:49.446+0000] {processor.py:840} INFO - DAG(s) 'dag_with_postgres_operator_v02' retrieved from /opt/airflow/dags/dag_create_log_tables.py
[2024-03-27T10:23:49.480+0000] {logging_mixin.py:188} INFO - [2024-03-27T10:23:49.480+0000] {dag.py:3047} INFO - Sync 1 DAGs
[2024-03-27T10:23:49.521+0000] {logging_mixin.py:188} INFO - [2024-03-27T10:23:49.521+0000] {dag.py:3834} INFO - Setting next_dagrun for dag_with_postgres_operator_v02 to 2024-03-27 00:00:00+00:00, run_after=2024-03-28 00:00:00+00:00
[2024-03-27T10:23:49.544+0000] {processor.py:183} INFO - Processing /opt/airflow/dags/dag_create_log_tables.py took 0.126 seconds
[2024-03-27T10:24:20.397+0000] {processor.py:161} INFO - Started process (PID=3498) to work on /opt/airflow/dags/dag_create_log_tables.py
[2024-03-27T10:24:20.398+0000] {processor.py:830} INFO - Processing file /opt/airflow/dags/dag_create_log_tables.py for tasks to queue
[2024-03-27T10:24:20.400+0000] {logging_mixin.py:188} INFO - [2024-03-27T10:24:20.400+0000] {dagbag.py:540} INFO - Filling up the DagBag from /opt/airflow/dags/dag_create_log_tables.py
[2024-03-27T10:24:20.420+0000] {processor.py:840} INFO - DAG(s) 'dag_with_postgres_operator_v02' retrieved from /opt/airflow/dags/dag_create_log_tables.py
[2024-03-27T10:24:20.438+0000] {logging_mixin.py:188} INFO - [2024-03-27T10:24:20.437+0000] {dag.py:3047} INFO - Sync 1 DAGs
[2024-03-27T10:24:20.471+0000] {logging_mixin.py:188} INFO - [2024-03-27T10:24:20.471+0000] {dag.py:3834} INFO - Setting next_dagrun for dag_with_postgres_operator_v02 to 2024-03-27 00:00:00+00:00, run_after=2024-03-28 00:00:00+00:00
[2024-03-27T10:24:20.507+0000] {processor.py:183} INFO - Processing /opt/airflow/dags/dag_create_log_tables.py took 0.116 seconds
[2024-03-27T10:24:51.219+0000] {processor.py:161} INFO - Started process (PID=3549) to work on /opt/airflow/dags/dag_create_log_tables.py
[2024-03-27T10:24:51.222+0000] {processor.py:830} INFO - Processing file /opt/airflow/dags/dag_create_log_tables.py for tasks to queue
[2024-03-27T10:24:51.223+0000] {logging_mixin.py:188} INFO - [2024-03-27T10:24:51.223+0000] {dagbag.py:540} INFO - Filling up the DagBag from /opt/airflow/dags/dag_create_log_tables.py
[2024-03-27T10:24:51.240+0000] {processor.py:840} INFO - DAG(s) 'dag_with_postgres_operator_v02' retrieved from /opt/airflow/dags/dag_create_log_tables.py
[2024-03-27T10:24:51.368+0000] {logging_mixin.py:188} INFO - [2024-03-27T10:24:51.367+0000] {dag.py:3047} INFO - Sync 1 DAGs
[2024-03-27T10:24:51.392+0000] {logging_mixin.py:188} INFO - [2024-03-27T10:24:51.392+0000] {dag.py:3834} INFO - Setting next_dagrun for dag_with_postgres_operator_v02 to 2024-03-27 00:00:00+00:00, run_after=2024-03-28 00:00:00+00:00
[2024-03-27T10:24:51.411+0000] {processor.py:183} INFO - Processing /opt/airflow/dags/dag_create_log_tables.py took 0.199 seconds
[2024-03-27T10:25:22.186+0000] {processor.py:161} INFO - Started process (PID=3601) to work on /opt/airflow/dags/dag_create_log_tables.py
[2024-03-27T10:25:22.188+0000] {processor.py:830} INFO - Processing file /opt/airflow/dags/dag_create_log_tables.py for tasks to queue
[2024-03-27T10:25:22.190+0000] {logging_mixin.py:188} INFO - [2024-03-27T10:25:22.190+0000] {dagbag.py:540} INFO - Filling up the DagBag from /opt/airflow/dags/dag_create_log_tables.py
[2024-03-27T10:25:22.213+0000] {processor.py:840} INFO - DAG(s) 'dag_with_postgres_operator_v02' retrieved from /opt/airflow/dags/dag_create_log_tables.py
[2024-03-27T10:25:22.253+0000] {logging_mixin.py:188} INFO - [2024-03-27T10:25:22.252+0000] {dag.py:3047} INFO - Sync 1 DAGs
[2024-03-27T10:25:22.284+0000] {logging_mixin.py:188} INFO - [2024-03-27T10:25:22.284+0000] {dag.py:3834} INFO - Setting next_dagrun for dag_with_postgres_operator_v02 to 2024-03-27 00:00:00+00:00, run_after=2024-03-28 00:00:00+00:00
[2024-03-27T10:25:22.308+0000] {processor.py:183} INFO - Processing /opt/airflow/dags/dag_create_log_tables.py took 0.129 seconds
[2024-03-27T10:25:53.120+0000] {processor.py:161} INFO - Started process (PID=3658) to work on /opt/airflow/dags/dag_create_log_tables.py
[2024-03-27T10:25:53.122+0000] {processor.py:830} INFO - Processing file /opt/airflow/dags/dag_create_log_tables.py for tasks to queue
[2024-03-27T10:25:53.125+0000] {logging_mixin.py:188} INFO - [2024-03-27T10:25:53.124+0000] {dagbag.py:540} INFO - Filling up the DagBag from /opt/airflow/dags/dag_create_log_tables.py
[2024-03-27T10:25:53.143+0000] {processor.py:840} INFO - DAG(s) 'dag_with_postgres_operator_v02' retrieved from /opt/airflow/dags/dag_create_log_tables.py
[2024-03-27T10:25:53.160+0000] {logging_mixin.py:188} INFO - [2024-03-27T10:25:53.160+0000] {dag.py:3047} INFO - Sync 1 DAGs
[2024-03-27T10:25:53.192+0000] {logging_mixin.py:188} INFO - [2024-03-27T10:25:53.192+0000] {dag.py:3834} INFO - Setting next_dagrun for dag_with_postgres_operator_v02 to 2024-03-27 00:00:00+00:00, run_after=2024-03-28 00:00:00+00:00
[2024-03-27T10:25:53.217+0000] {processor.py:183} INFO - Processing /opt/airflow/dags/dag_create_log_tables.py took 0.104 seconds
[2024-03-27T10:26:24.094+0000] {processor.py:161} INFO - Started process (PID=3708) to work on /opt/airflow/dags/dag_create_log_tables.py
[2024-03-27T10:26:24.101+0000] {processor.py:830} INFO - Processing file /opt/airflow/dags/dag_create_log_tables.py for tasks to queue
[2024-03-27T10:26:24.102+0000] {logging_mixin.py:188} INFO - [2024-03-27T10:26:24.102+0000] {dagbag.py:540} INFO - Filling up the DagBag from /opt/airflow/dags/dag_create_log_tables.py
[2024-03-27T10:26:24.124+0000] {processor.py:840} INFO - DAG(s) 'dag_with_postgres_operator_v02' retrieved from /opt/airflow/dags/dag_create_log_tables.py
[2024-03-27T10:26:24.294+0000] {logging_mixin.py:188} INFO - [2024-03-27T10:26:24.293+0000] {dag.py:3047} INFO - Sync 1 DAGs
[2024-03-27T10:26:24.320+0000] {logging_mixin.py:188} INFO - [2024-03-27T10:26:24.320+0000] {dag.py:3834} INFO - Setting next_dagrun for dag_with_postgres_operator_v02 to 2024-03-27 00:00:00+00:00, run_after=2024-03-28 00:00:00+00:00
[2024-03-27T10:26:24.341+0000] {processor.py:183} INFO - Processing /opt/airflow/dags/dag_create_log_tables.py took 0.254 seconds
[2024-03-27T10:26:55.108+0000] {processor.py:161} INFO - Started process (PID=3759) to work on /opt/airflow/dags/dag_create_log_tables.py
[2024-03-27T10:26:55.110+0000] {processor.py:830} INFO - Processing file /opt/airflow/dags/dag_create_log_tables.py for tasks to queue
[2024-03-27T10:26:55.113+0000] {logging_mixin.py:188} INFO - [2024-03-27T10:26:55.112+0000] {dagbag.py:540} INFO - Filling up the DagBag from /opt/airflow/dags/dag_create_log_tables.py
[2024-03-27T10:26:55.133+0000] {processor.py:840} INFO - DAG(s) 'dag_with_postgres_operator_v02' retrieved from /opt/airflow/dags/dag_create_log_tables.py
[2024-03-27T10:26:55.175+0000] {logging_mixin.py:188} INFO - [2024-03-27T10:26:55.174+0000] {dag.py:3047} INFO - Sync 1 DAGs
[2024-03-27T10:26:55.206+0000] {logging_mixin.py:188} INFO - [2024-03-27T10:26:55.205+0000] {dag.py:3834} INFO - Setting next_dagrun for dag_with_postgres_operator_v02 to 2024-03-27 00:00:00+00:00, run_after=2024-03-28 00:00:00+00:00
[2024-03-27T10:26:55.230+0000] {processor.py:183} INFO - Processing /opt/airflow/dags/dag_create_log_tables.py took 0.128 seconds
[2024-03-27T10:27:26.281+0000] {processor.py:161} INFO - Started process (PID=3810) to work on /opt/airflow/dags/dag_create_log_tables.py
[2024-03-27T10:27:26.282+0000] {processor.py:830} INFO - Processing file /opt/airflow/dags/dag_create_log_tables.py for tasks to queue
[2024-03-27T10:27:26.284+0000] {logging_mixin.py:188} INFO - [2024-03-27T10:27:26.284+0000] {dagbag.py:540} INFO - Filling up the DagBag from /opt/airflow/dags/dag_create_log_tables.py
[2024-03-27T10:27:26.301+0000] {processor.py:840} INFO - DAG(s) 'dag_with_postgres_operator_v02' retrieved from /opt/airflow/dags/dag_create_log_tables.py
[2024-03-27T10:27:26.316+0000] {logging_mixin.py:188} INFO - [2024-03-27T10:27:26.316+0000] {dag.py:3047} INFO - Sync 1 DAGs
[2024-03-27T10:27:26.345+0000] {logging_mixin.py:188} INFO - [2024-03-27T10:27:26.345+0000] {dag.py:3834} INFO - Setting next_dagrun for dag_with_postgres_operator_v02 to 2024-03-27 00:00:00+00:00, run_after=2024-03-28 00:00:00+00:00
[2024-03-27T10:27:26.372+0000] {processor.py:183} INFO - Processing /opt/airflow/dags/dag_create_log_tables.py took 0.098 seconds
