[2024-04-03T08:56:11.849+0000] {taskinstance.py:1979} INFO - Dependencies all met for dep_context=non-requeueable deps ti=<TaskInstance: dag_allocate_messages.process_error_messages manual__2024-04-03T08:51:08.256496+00:00 [queued]>
[2024-04-03T08:56:11.870+0000] {taskinstance.py:1979} INFO - Dependencies all met for dep_context=requeueable deps ti=<TaskInstance: dag_allocate_messages.process_error_messages manual__2024-04-03T08:51:08.256496+00:00 [queued]>
[2024-04-03T08:56:11.871+0000] {taskinstance.py:2193} INFO - Starting attempt 2 of 6
[2024-04-03T08:56:11.896+0000] {taskinstance.py:2214} INFO - Executing <Task(PythonOperator): process_error_messages> on 2024-04-03 08:51:08.256496+00:00
[2024-04-03T08:56:11.905+0000] {standard_task_runner.py:60} INFO - Started process 7636 to run task
[2024-04-03T08:56:11.912+0000] {standard_task_runner.py:87} INFO - Running: ['***', 'tasks', 'run', 'dag_allocate_messages', 'process_error_messages', 'manual__2024-04-03T08:51:08.256496+00:00', '--job-id', '1223', '--raw', '--subdir', 'DAGS_FOLDER/dag_allocate_messages.py', '--cfg-path', '/tmp/tmpja_zunu5']
[2024-04-03T08:56:11.918+0000] {standard_task_runner.py:88} INFO - Job 1223: Subtask process_error_messages
[2024-04-03T08:56:12.011+0000] {task_command.py:423} INFO - Running <TaskInstance: dag_allocate_messages.process_error_messages manual__2024-04-03T08:51:08.256496+00:00 [running]> on host af8488263d95
[2024-04-03T08:56:12.177+0000] {taskinstance.py:2510} INFO - Exporting env vars: AIRFLOW_CTX_DAG_OWNER='daniel' AIRFLOW_CTX_DAG_ID='dag_allocate_messages' AIRFLOW_CTX_TASK_ID='process_error_messages' AIRFLOW_CTX_EXECUTION_DATE='2024-04-03T08:51:08.256496+00:00' AIRFLOW_CTX_TRY_NUMBER='2' AIRFLOW_CTX_DAG_RUN_ID='manual__2024-04-03T08:51:08.256496+00:00'
[2024-04-03T08:56:12.180+0000] {logging_mixin.py:188} INFO - proccess error messages
[2024-04-03T08:56:12.198+0000] {base.py:83} INFO - Using connection ID 'postgres_localhost' for task execution.
[2024-04-03T08:56:12.230+0000] {taskinstance.py:2728} ERROR - Task failed with exception
Traceback (most recent call last):
  File "/home/airflow/.local/lib/python3.8/site-packages/airflow/models/taskinstance.py", line 444, in _execute_task
    result = _execute_callable(context=context, **execute_callable_kwargs)
  File "/home/airflow/.local/lib/python3.8/site-packages/airflow/models/taskinstance.py", line 414, in _execute_callable
    return execute_callable(context=context, **execute_callable_kwargs)
  File "/home/airflow/.local/lib/python3.8/site-packages/airflow/operators/python.py", line 200, in execute
    return_value = self.execute_callable()
  File "/home/airflow/.local/lib/python3.8/site-packages/airflow/operators/python.py", line 217, in execute_callable
    return self.python_callable(*self.op_args, **self.op_kwargs)
  File "/opt/airflow/dags/dag_allocate_messages.py", line 62, in process_error_messages
    messages_html.append("<p> %s / %s: %s</p>", message[1], message[2], message[3])
TypeError: append() takes exactly one argument (4 given)
[2024-04-03T08:56:12.254+0000] {taskinstance.py:1149} INFO - Marking task as UP_FOR_RETRY. dag_id=dag_allocate_messages, task_id=process_error_messages, execution_date=20240403T085108, start_date=20240403T085611, end_date=20240403T085612
[2024-04-03T08:56:12.277+0000] {standard_task_runner.py:107} ERROR - Failed to execute job 1223 for task process_error_messages (append() takes exactly one argument (4 given); 7636)
[2024-04-03T08:56:12.327+0000] {local_task_job_runner.py:234} INFO - Task exited with return code 1
[2024-04-03T08:56:12.371+0000] {taskinstance.py:3309} INFO - 0 downstream tasks scheduled from follow-on schedule check
