[2024-03-11T15:09:35.062+0000] {processor.py:161} INFO - Started process (PID=5412) to work on /opt/airflow/dags/dag_with_catchup_and_backfill.py
[2024-03-11T15:09:35.065+0000] {processor.py:830} INFO - Processing file /opt/airflow/dags/dag_with_catchup_and_backfill.py for tasks to queue
[2024-03-11T15:09:35.068+0000] {logging_mixin.py:188} INFO - [2024-03-11T15:09:35.067+0000] {dagbag.py:540} INFO - Filling up the DagBag from /opt/airflow/dags/dag_with_catchup_and_backfill.py
[2024-03-11T15:09:35.103+0000] {processor.py:840} INFO - DAG(s) 'dag_with_catchup_backfill_v01' retrieved from /opt/airflow/dags/dag_with_catchup_and_backfill.py
[2024-03-11T15:09:35.341+0000] {logging_mixin.py:188} INFO - [2024-03-11T15:09:35.340+0000] {override.py:1769} INFO - Created Permission View: can read on DAG:dag_with_catchup_backfill_v01
[2024-03-11T15:09:35.364+0000] {logging_mixin.py:188} INFO - [2024-03-11T15:09:35.364+0000] {override.py:1769} INFO - Created Permission View: can delete on DAG:dag_with_catchup_backfill_v01
[2024-03-11T15:09:35.381+0000] {logging_mixin.py:188} INFO - [2024-03-11T15:09:35.380+0000] {override.py:1769} INFO - Created Permission View: can edit on DAG:dag_with_catchup_backfill_v01
[2024-03-11T15:09:35.382+0000] {logging_mixin.py:188} INFO - [2024-03-11T15:09:35.381+0000] {dag.py:3047} INFO - Sync 1 DAGs
[2024-03-11T15:09:35.407+0000] {logging_mixin.py:188} INFO - [2024-03-11T15:09:35.407+0000] {dag.py:3069} INFO - Creating ORM DAG for dag_with_catchup_backfill_v01
[2024-03-11T15:09:35.434+0000] {logging_mixin.py:188} INFO - [2024-03-11T15:09:35.434+0000] {dag.py:3834} INFO - Setting next_dagrun for dag_with_catchup_backfill_v01 to 2024-03-10 00:00:00+00:00, run_after=2024-03-11 00:00:00+00:00
[2024-03-11T15:09:35.476+0000] {processor.py:183} INFO - Processing /opt/airflow/dags/dag_with_catchup_and_backfill.py took 0.425 seconds
[2024-03-11T15:10:05.721+0000] {processor.py:161} INFO - Started process (PID=5445) to work on /opt/airflow/dags/dag_with_catchup_and_backfill.py
[2024-03-11T15:10:05.733+0000] {processor.py:830} INFO - Processing file /opt/airflow/dags/dag_with_catchup_and_backfill.py for tasks to queue
[2024-03-11T15:10:05.749+0000] {logging_mixin.py:188} INFO - [2024-03-11T15:10:05.744+0000] {dagbag.py:540} INFO - Filling up the DagBag from /opt/airflow/dags/dag_with_catchup_and_backfill.py
[2024-03-11T15:10:05.901+0000] {processor.py:840} INFO - DAG(s) 'dag_with_catchup_backfill_v01' retrieved from /opt/airflow/dags/dag_with_catchup_and_backfill.py
[2024-03-11T15:10:06.076+0000] {logging_mixin.py:188} INFO - [2024-03-11T15:10:06.074+0000] {dag.py:3047} INFO - Sync 1 DAGs
[2024-03-11T15:10:06.188+0000] {logging_mixin.py:188} INFO - [2024-03-11T15:10:06.187+0000] {dag.py:3834} INFO - Setting next_dagrun for dag_with_catchup_backfill_v01 to 2024-03-11 00:00:00+00:00, run_after=2024-03-12 00:00:00+00:00
[2024-03-11T15:10:06.289+0000] {processor.py:183} INFO - Processing /opt/airflow/dags/dag_with_catchup_and_backfill.py took 0.609 seconds
[2024-03-11T15:10:37.056+0000] {processor.py:161} INFO - Started process (PID=5471) to work on /opt/airflow/dags/dag_with_catchup_and_backfill.py
[2024-03-11T15:10:37.066+0000] {processor.py:830} INFO - Processing file /opt/airflow/dags/dag_with_catchup_and_backfill.py for tasks to queue
[2024-03-11T15:10:37.078+0000] {logging_mixin.py:188} INFO - [2024-03-11T15:10:37.074+0000] {dagbag.py:540} INFO - Filling up the DagBag from /opt/airflow/dags/dag_with_catchup_and_backfill.py
[2024-03-11T15:10:37.168+0000] {processor.py:840} INFO - DAG(s) 'dag_with_catchup_backfill_v01' retrieved from /opt/airflow/dags/dag_with_catchup_and_backfill.py
[2024-03-11T15:10:37.333+0000] {logging_mixin.py:188} INFO - [2024-03-11T15:10:37.332+0000] {dag.py:3047} INFO - Sync 1 DAGs
[2024-03-11T15:10:37.487+0000] {logging_mixin.py:188} INFO - [2024-03-11T15:10:37.485+0000] {dag.py:3834} INFO - Setting next_dagrun for dag_with_catchup_backfill_v01 to 2024-03-11 00:00:00+00:00, run_after=2024-03-12 00:00:00+00:00
[2024-03-11T15:10:37.593+0000] {processor.py:183} INFO - Processing /opt/airflow/dags/dag_with_catchup_and_backfill.py took 0.567 seconds
[2024-03-11T15:10:55.294+0000] {processor.py:161} INFO - Started process (PID=5497) to work on /opt/airflow/dags/dag_with_catchup_and_backfill.py
[2024-03-11T15:10:55.303+0000] {processor.py:830} INFO - Processing file /opt/airflow/dags/dag_with_catchup_and_backfill.py for tasks to queue
[2024-03-11T15:10:55.313+0000] {logging_mixin.py:188} INFO - [2024-03-11T15:10:55.308+0000] {dagbag.py:540} INFO - Filling up the DagBag from /opt/airflow/dags/dag_with_catchup_and_backfill.py
[2024-03-11T15:10:55.438+0000] {processor.py:840} INFO - DAG(s) 'dag_with_catchup_backfill_v01' retrieved from /opt/airflow/dags/dag_with_catchup_and_backfill.py
[2024-03-11T15:10:55.979+0000] {logging_mixin.py:188} INFO - [2024-03-11T15:10:55.979+0000] {dag.py:3047} INFO - Sync 1 DAGs
[2024-03-11T15:10:56.055+0000] {logging_mixin.py:188} INFO - [2024-03-11T15:10:56.055+0000] {dag.py:3834} INFO - Setting next_dagrun for dag_with_catchup_backfill_v01 to 2024-03-11 00:00:00+00:00, run_after=2024-03-12 00:00:00+00:00
[2024-03-11T15:10:56.132+0000] {processor.py:183} INFO - Processing /opt/airflow/dags/dag_with_catchup_and_backfill.py took 0.870 seconds
[2024-03-11T15:11:00.282+0000] {processor.py:161} INFO - Started process (PID=5502) to work on /opt/airflow/dags/dag_with_catchup_and_backfill.py
[2024-03-11T15:11:00.287+0000] {processor.py:830} INFO - Processing file /opt/airflow/dags/dag_with_catchup_and_backfill.py for tasks to queue
[2024-03-11T15:11:00.292+0000] {logging_mixin.py:188} INFO - [2024-03-11T15:11:00.290+0000] {dagbag.py:540} INFO - Filling up the DagBag from /opt/airflow/dags/dag_with_catchup_and_backfill.py
[2024-03-11T15:11:00.365+0000] {processor.py:840} INFO - DAG(s) 'dag_with_catchup_backfill_v02' retrieved from /opt/airflow/dags/dag_with_catchup_and_backfill.py
[2024-03-11T15:11:00.762+0000] {logging_mixin.py:188} INFO - [2024-03-11T15:11:00.760+0000] {override.py:1769} INFO - Created Permission View: can read on DAG:dag_with_catchup_backfill_v02
[2024-03-11T15:11:00.800+0000] {logging_mixin.py:188} INFO - [2024-03-11T15:11:00.799+0000] {override.py:1769} INFO - Created Permission View: can delete on DAG:dag_with_catchup_backfill_v02
[2024-03-11T15:11:00.822+0000] {logging_mixin.py:188} INFO - [2024-03-11T15:11:00.821+0000] {override.py:1769} INFO - Created Permission View: can edit on DAG:dag_with_catchup_backfill_v02
[2024-03-11T15:11:00.824+0000] {logging_mixin.py:188} INFO - [2024-03-11T15:11:00.824+0000] {dag.py:3047} INFO - Sync 1 DAGs
[2024-03-11T15:11:00.860+0000] {logging_mixin.py:188} INFO - [2024-03-11T15:11:00.858+0000] {dag.py:3069} INFO - Creating ORM DAG for dag_with_catchup_backfill_v02
[2024-03-11T15:11:00.914+0000] {logging_mixin.py:188} INFO - [2024-03-11T15:11:00.913+0000] {dag.py:3834} INFO - Setting next_dagrun for dag_with_catchup_backfill_v02 to 2024-03-10 00:00:00+00:00, run_after=2024-03-11 00:00:00+00:00
[2024-03-11T15:11:00.994+0000] {processor.py:183} INFO - Processing /opt/airflow/dags/dag_with_catchup_and_backfill.py took 0.729 seconds
[2024-03-11T15:11:31.557+0000] {processor.py:161} INFO - Started process (PID=5534) to work on /opt/airflow/dags/dag_with_catchup_and_backfill.py
[2024-03-11T15:11:31.565+0000] {processor.py:830} INFO - Processing file /opt/airflow/dags/dag_with_catchup_and_backfill.py for tasks to queue
[2024-03-11T15:11:31.575+0000] {logging_mixin.py:188} INFO - [2024-03-11T15:11:31.572+0000] {dagbag.py:540} INFO - Filling up the DagBag from /opt/airflow/dags/dag_with_catchup_and_backfill.py
[2024-03-11T15:11:31.686+0000] {processor.py:840} INFO - DAG(s) 'dag_with_catchup_backfill_v02' retrieved from /opt/airflow/dags/dag_with_catchup_and_backfill.py
[2024-03-11T15:11:31.861+0000] {logging_mixin.py:188} INFO - [2024-03-11T15:11:31.860+0000] {dag.py:3047} INFO - Sync 1 DAGs
[2024-03-11T15:11:31.964+0000] {logging_mixin.py:188} INFO - [2024-03-11T15:11:31.963+0000] {dag.py:3834} INFO - Setting next_dagrun for dag_with_catchup_backfill_v02 to 2024-03-11 00:00:00+00:00, run_after=2024-03-12 00:00:00+00:00
[2024-03-11T15:11:32.018+0000] {processor.py:183} INFO - Processing /opt/airflow/dags/dag_with_catchup_and_backfill.py took 0.485 seconds
[2024-03-11T15:12:02.540+0000] {processor.py:161} INFO - Started process (PID=5560) to work on /opt/airflow/dags/dag_with_catchup_and_backfill.py
[2024-03-11T15:12:02.547+0000] {processor.py:830} INFO - Processing file /opt/airflow/dags/dag_with_catchup_and_backfill.py for tasks to queue
[2024-03-11T15:12:02.556+0000] {logging_mixin.py:188} INFO - [2024-03-11T15:12:02.553+0000] {dagbag.py:540} INFO - Filling up the DagBag from /opt/airflow/dags/dag_with_catchup_and_backfill.py
[2024-03-11T15:12:02.639+0000] {processor.py:840} INFO - DAG(s) 'dag_with_catchup_backfill_v02' retrieved from /opt/airflow/dags/dag_with_catchup_and_backfill.py
[2024-03-11T15:12:02.822+0000] {logging_mixin.py:188} INFO - [2024-03-11T15:12:02.820+0000] {dag.py:3047} INFO - Sync 1 DAGs
[2024-03-11T15:12:02.982+0000] {logging_mixin.py:188} INFO - [2024-03-11T15:12:02.981+0000] {dag.py:3834} INFO - Setting next_dagrun for dag_with_catchup_backfill_v02 to 2024-03-11 00:00:00+00:00, run_after=2024-03-12 00:00:00+00:00
[2024-03-11T15:12:03.101+0000] {processor.py:183} INFO - Processing /opt/airflow/dags/dag_with_catchup_and_backfill.py took 0.586 seconds
[2024-03-11T15:12:33.391+0000] {processor.py:161} INFO - Started process (PID=5586) to work on /opt/airflow/dags/dag_with_catchup_and_backfill.py
[2024-03-11T15:12:33.393+0000] {processor.py:830} INFO - Processing file /opt/airflow/dags/dag_with_catchup_and_backfill.py for tasks to queue
[2024-03-11T15:12:33.395+0000] {logging_mixin.py:188} INFO - [2024-03-11T15:12:33.394+0000] {dagbag.py:540} INFO - Filling up the DagBag from /opt/airflow/dags/dag_with_catchup_and_backfill.py
[2024-03-11T15:12:33.412+0000] {processor.py:840} INFO - DAG(s) 'dag_with_catchup_backfill_v02' retrieved from /opt/airflow/dags/dag_with_catchup_and_backfill.py
[2024-03-11T15:12:33.454+0000] {logging_mixin.py:188} INFO - [2024-03-11T15:12:33.454+0000] {dag.py:3047} INFO - Sync 1 DAGs
[2024-03-11T15:12:33.493+0000] {logging_mixin.py:188} INFO - [2024-03-11T15:12:33.493+0000] {dag.py:3834} INFO - Setting next_dagrun for dag_with_catchup_backfill_v02 to 2024-03-11 00:00:00+00:00, run_after=2024-03-12 00:00:00+00:00
[2024-03-11T15:12:33.529+0000] {processor.py:183} INFO - Processing /opt/airflow/dags/dag_with_catchup_and_backfill.py took 0.144 seconds
[2024-03-11T15:13:04.066+0000] {processor.py:161} INFO - Started process (PID=5619) to work on /opt/airflow/dags/dag_with_catchup_and_backfill.py
[2024-03-11T15:13:04.070+0000] {processor.py:830} INFO - Processing file /opt/airflow/dags/dag_with_catchup_and_backfill.py for tasks to queue
[2024-03-11T15:13:04.074+0000] {logging_mixin.py:188} INFO - [2024-03-11T15:13:04.073+0000] {dagbag.py:540} INFO - Filling up the DagBag from /opt/airflow/dags/dag_with_catchup_and_backfill.py
[2024-03-11T15:13:04.128+0000] {processor.py:840} INFO - DAG(s) 'dag_with_catchup_backfill_v02' retrieved from /opt/airflow/dags/dag_with_catchup_and_backfill.py
[2024-03-11T15:13:04.240+0000] {logging_mixin.py:188} INFO - [2024-03-11T15:13:04.240+0000] {dag.py:3047} INFO - Sync 1 DAGs
[2024-03-11T15:13:04.337+0000] {logging_mixin.py:188} INFO - [2024-03-11T15:13:04.336+0000] {dag.py:3834} INFO - Setting next_dagrun for dag_with_catchup_backfill_v02 to 2024-03-11 00:00:00+00:00, run_after=2024-03-12 00:00:00+00:00
[2024-03-11T15:13:04.433+0000] {processor.py:183} INFO - Processing /opt/airflow/dags/dag_with_catchup_and_backfill.py took 0.386 seconds
[2024-03-11T15:13:34.780+0000] {processor.py:161} INFO - Started process (PID=5645) to work on /opt/airflow/dags/dag_with_catchup_and_backfill.py
[2024-03-11T15:13:34.787+0000] {processor.py:830} INFO - Processing file /opt/airflow/dags/dag_with_catchup_and_backfill.py for tasks to queue
[2024-03-11T15:13:34.797+0000] {logging_mixin.py:188} INFO - [2024-03-11T15:13:34.794+0000] {dagbag.py:540} INFO - Filling up the DagBag from /opt/airflow/dags/dag_with_catchup_and_backfill.py
[2024-03-11T15:13:34.884+0000] {processor.py:840} INFO - DAG(s) 'dag_with_catchup_backfill_v02' retrieved from /opt/airflow/dags/dag_with_catchup_and_backfill.py
[2024-03-11T15:13:35.089+0000] {logging_mixin.py:188} INFO - [2024-03-11T15:13:35.087+0000] {dag.py:3047} INFO - Sync 1 DAGs
[2024-03-11T15:13:35.255+0000] {logging_mixin.py:188} INFO - [2024-03-11T15:13:35.254+0000] {dag.py:3834} INFO - Setting next_dagrun for dag_with_catchup_backfill_v02 to 2024-03-11 00:00:00+00:00, run_after=2024-03-12 00:00:00+00:00
[2024-03-11T15:13:35.387+0000] {processor.py:183} INFO - Processing /opt/airflow/dags/dag_with_catchup_and_backfill.py took 0.633 seconds
[2024-03-11T15:14:05.855+0000] {processor.py:161} INFO - Started process (PID=5671) to work on /opt/airflow/dags/dag_with_catchup_and_backfill.py
[2024-03-11T15:14:05.863+0000] {processor.py:830} INFO - Processing file /opt/airflow/dags/dag_with_catchup_and_backfill.py for tasks to queue
[2024-03-11T15:14:05.872+0000] {logging_mixin.py:188} INFO - [2024-03-11T15:14:05.869+0000] {dagbag.py:540} INFO - Filling up the DagBag from /opt/airflow/dags/dag_with_catchup_and_backfill.py
[2024-03-11T15:14:05.952+0000] {processor.py:840} INFO - DAG(s) 'dag_with_catchup_backfill_v02' retrieved from /opt/airflow/dags/dag_with_catchup_and_backfill.py
[2024-03-11T15:14:06.125+0000] {logging_mixin.py:188} INFO - [2024-03-11T15:14:06.124+0000] {dag.py:3047} INFO - Sync 1 DAGs
[2024-03-11T15:14:06.277+0000] {logging_mixin.py:188} INFO - [2024-03-11T15:14:06.275+0000] {dag.py:3834} INFO - Setting next_dagrun for dag_with_catchup_backfill_v02 to 2024-03-11 00:00:00+00:00, run_after=2024-03-12 00:00:00+00:00
[2024-03-11T15:14:06.397+0000] {processor.py:183} INFO - Processing /opt/airflow/dags/dag_with_catchup_and_backfill.py took 0.565 seconds
[2024-03-11T15:14:36.700+0000] {processor.py:161} INFO - Started process (PID=5697) to work on /opt/airflow/dags/dag_with_catchup_and_backfill.py
[2024-03-11T15:14:36.706+0000] {processor.py:830} INFO - Processing file /opt/airflow/dags/dag_with_catchup_and_backfill.py for tasks to queue
[2024-03-11T15:14:36.713+0000] {logging_mixin.py:188} INFO - [2024-03-11T15:14:36.712+0000] {dagbag.py:540} INFO - Filling up the DagBag from /opt/airflow/dags/dag_with_catchup_and_backfill.py
[2024-03-11T15:14:36.773+0000] {processor.py:840} INFO - DAG(s) 'dag_with_catchup_backfill_v02' retrieved from /opt/airflow/dags/dag_with_catchup_and_backfill.py
[2024-03-11T15:14:36.893+0000] {logging_mixin.py:188} INFO - [2024-03-11T15:14:36.892+0000] {dag.py:3047} INFO - Sync 1 DAGs
[2024-03-11T15:14:37.018+0000] {logging_mixin.py:188} INFO - [2024-03-11T15:14:37.017+0000] {dag.py:3834} INFO - Setting next_dagrun for dag_with_catchup_backfill_v02 to 2024-03-11 00:00:00+00:00, run_after=2024-03-12 00:00:00+00:00
[2024-03-11T15:14:37.100+0000] {processor.py:183} INFO - Processing /opt/airflow/dags/dag_with_catchup_and_backfill.py took 0.421 seconds
[2024-03-11T15:15:07.305+0000] {processor.py:161} INFO - Started process (PID=5943) to work on /opt/airflow/dags/dag_with_catchup_and_backfill.py
[2024-03-11T15:15:07.311+0000] {processor.py:830} INFO - Processing file /opt/airflow/dags/dag_with_catchup_and_backfill.py for tasks to queue
[2024-03-11T15:15:07.322+0000] {logging_mixin.py:188} INFO - [2024-03-11T15:15:07.318+0000] {dagbag.py:540} INFO - Filling up the DagBag from /opt/airflow/dags/dag_with_catchup_and_backfill.py
[2024-03-11T15:15:07.399+0000] {processor.py:840} INFO - DAG(s) 'dag_with_catchup_backfill_v02' retrieved from /opt/airflow/dags/dag_with_catchup_and_backfill.py
[2024-03-11T15:15:07.530+0000] {logging_mixin.py:188} INFO - [2024-03-11T15:15:07.529+0000] {dag.py:3047} INFO - Sync 1 DAGs
[2024-03-11T15:15:07.638+0000] {logging_mixin.py:188} INFO - [2024-03-11T15:15:07.637+0000] {dag.py:3834} INFO - Setting next_dagrun for dag_with_catchup_backfill_v02 to 2024-03-12 00:00:00+00:00, run_after=2024-03-13 00:00:00+00:00
[2024-03-11T15:15:07.715+0000] {processor.py:183} INFO - Processing /opt/airflow/dags/dag_with_catchup_and_backfill.py took 0.438 seconds
[2024-03-11T15:15:37.959+0000] {processor.py:161} INFO - Started process (PID=5969) to work on /opt/airflow/dags/dag_with_catchup_and_backfill.py
[2024-03-11T15:15:37.967+0000] {processor.py:830} INFO - Processing file /opt/airflow/dags/dag_with_catchup_and_backfill.py for tasks to queue
[2024-03-11T15:15:37.978+0000] {logging_mixin.py:188} INFO - [2024-03-11T15:15:37.975+0000] {dagbag.py:540} INFO - Filling up the DagBag from /opt/airflow/dags/dag_with_catchup_and_backfill.py
[2024-03-11T15:15:38.062+0000] {processor.py:840} INFO - DAG(s) 'dag_with_catchup_backfill_v02' retrieved from /opt/airflow/dags/dag_with_catchup_and_backfill.py
[2024-03-11T15:15:38.215+0000] {logging_mixin.py:188} INFO - [2024-03-11T15:15:38.214+0000] {dag.py:3047} INFO - Sync 1 DAGs
[2024-03-11T15:15:38.377+0000] {logging_mixin.py:188} INFO - [2024-03-11T15:15:38.376+0000] {dag.py:3834} INFO - Setting next_dagrun for dag_with_catchup_backfill_v02 to 2024-03-12 00:00:00+00:00, run_after=2024-03-13 00:00:00+00:00
[2024-03-11T15:15:38.511+0000] {processor.py:183} INFO - Processing /opt/airflow/dags/dag_with_catchup_and_backfill.py took 0.576 seconds
[2024-03-11T15:16:08.755+0000] {processor.py:161} INFO - Started process (PID=5994) to work on /opt/airflow/dags/dag_with_catchup_and_backfill.py
[2024-03-11T15:16:08.762+0000] {processor.py:830} INFO - Processing file /opt/airflow/dags/dag_with_catchup_and_backfill.py for tasks to queue
[2024-03-11T15:16:08.772+0000] {logging_mixin.py:188} INFO - [2024-03-11T15:16:08.769+0000] {dagbag.py:540} INFO - Filling up the DagBag from /opt/airflow/dags/dag_with_catchup_and_backfill.py
[2024-03-11T15:16:08.859+0000] {processor.py:840} INFO - DAG(s) 'dag_with_catchup_backfill_v02' retrieved from /opt/airflow/dags/dag_with_catchup_and_backfill.py
[2024-03-11T15:16:09.023+0000] {logging_mixin.py:188} INFO - [2024-03-11T15:16:09.022+0000] {dag.py:3047} INFO - Sync 1 DAGs
[2024-03-11T15:16:09.209+0000] {logging_mixin.py:188} INFO - [2024-03-11T15:16:09.207+0000] {dag.py:3834} INFO - Setting next_dagrun for dag_with_catchup_backfill_v02 to 2024-03-12 00:00:00+00:00, run_after=2024-03-13 00:00:00+00:00
[2024-03-11T15:16:09.328+0000] {processor.py:183} INFO - Processing /opt/airflow/dags/dag_with_catchup_and_backfill.py took 0.602 seconds
[2024-03-11T15:16:39.495+0000] {processor.py:161} INFO - Started process (PID=6021) to work on /opt/airflow/dags/dag_with_catchup_and_backfill.py
[2024-03-11T15:16:39.498+0000] {processor.py:830} INFO - Processing file /opt/airflow/dags/dag_with_catchup_and_backfill.py for tasks to queue
[2024-03-11T15:16:39.501+0000] {logging_mixin.py:188} INFO - [2024-03-11T15:16:39.500+0000] {dagbag.py:540} INFO - Filling up the DagBag from /opt/airflow/dags/dag_with_catchup_and_backfill.py
[2024-03-11T15:16:39.528+0000] {processor.py:840} INFO - DAG(s) 'dag_with_catchup_backfill_v02' retrieved from /opt/airflow/dags/dag_with_catchup_and_backfill.py
[2024-03-11T15:16:39.584+0000] {logging_mixin.py:188} INFO - [2024-03-11T15:16:39.583+0000] {dag.py:3047} INFO - Sync 1 DAGs
[2024-03-11T15:16:39.630+0000] {logging_mixin.py:188} INFO - [2024-03-11T15:16:39.630+0000] {dag.py:3834} INFO - Setting next_dagrun for dag_with_catchup_backfill_v02 to 2024-03-12 00:00:00+00:00, run_after=2024-03-13 00:00:00+00:00
[2024-03-11T15:16:39.664+0000] {processor.py:183} INFO - Processing /opt/airflow/dags/dag_with_catchup_and_backfill.py took 0.177 seconds
[2024-03-11T15:17:10.186+0000] {processor.py:161} INFO - Started process (PID=6047) to work on /opt/airflow/dags/dag_with_catchup_and_backfill.py
[2024-03-11T15:17:10.193+0000] {processor.py:830} INFO - Processing file /opt/airflow/dags/dag_with_catchup_and_backfill.py for tasks to queue
[2024-03-11T15:17:10.201+0000] {logging_mixin.py:188} INFO - [2024-03-11T15:17:10.198+0000] {dagbag.py:540} INFO - Filling up the DagBag from /opt/airflow/dags/dag_with_catchup_and_backfill.py
[2024-03-11T15:17:10.266+0000] {processor.py:840} INFO - DAG(s) 'dag_with_catchup_backfill_v02' retrieved from /opt/airflow/dags/dag_with_catchup_and_backfill.py
[2024-03-11T15:17:10.397+0000] {logging_mixin.py:188} INFO - [2024-03-11T15:17:10.396+0000] {dag.py:3047} INFO - Sync 1 DAGs
[2024-03-11T15:17:10.459+0000] {logging_mixin.py:188} INFO - [2024-03-11T15:17:10.458+0000] {dag.py:3834} INFO - Setting next_dagrun for dag_with_catchup_backfill_v02 to 2024-03-12 00:00:00+00:00, run_after=2024-03-13 00:00:00+00:00
[2024-03-11T15:17:10.501+0000] {processor.py:183} INFO - Processing /opt/airflow/dags/dag_with_catchup_and_backfill.py took 0.342 seconds
[2024-03-11T15:17:41.199+0000] {processor.py:161} INFO - Started process (PID=6073) to work on /opt/airflow/dags/dag_with_catchup_and_backfill.py
[2024-03-11T15:17:41.204+0000] {processor.py:830} INFO - Processing file /opt/airflow/dags/dag_with_catchup_and_backfill.py for tasks to queue
[2024-03-11T15:17:41.211+0000] {logging_mixin.py:188} INFO - [2024-03-11T15:17:41.209+0000] {dagbag.py:540} INFO - Filling up the DagBag from /opt/airflow/dags/dag_with_catchup_and_backfill.py
[2024-03-11T15:17:41.275+0000] {processor.py:840} INFO - DAG(s) 'dag_with_catchup_backfill_v02' retrieved from /opt/airflow/dags/dag_with_catchup_and_backfill.py
[2024-03-11T15:17:41.390+0000] {logging_mixin.py:188} INFO - [2024-03-11T15:17:41.390+0000] {dag.py:3047} INFO - Sync 1 DAGs
[2024-03-11T15:17:41.437+0000] {logging_mixin.py:188} INFO - [2024-03-11T15:17:41.437+0000] {dag.py:3834} INFO - Setting next_dagrun for dag_with_catchup_backfill_v02 to 2024-03-12 00:00:00+00:00, run_after=2024-03-13 00:00:00+00:00
[2024-03-11T15:17:41.466+0000] {processor.py:183} INFO - Processing /opt/airflow/dags/dag_with_catchup_and_backfill.py took 0.285 seconds
[2024-03-11T15:18:12.036+0000] {processor.py:161} INFO - Started process (PID=6099) to work on /opt/airflow/dags/dag_with_catchup_and_backfill.py
[2024-03-11T15:18:12.042+0000] {processor.py:830} INFO - Processing file /opt/airflow/dags/dag_with_catchup_and_backfill.py for tasks to queue
[2024-03-11T15:18:12.049+0000] {logging_mixin.py:188} INFO - [2024-03-11T15:18:12.047+0000] {dagbag.py:540} INFO - Filling up the DagBag from /opt/airflow/dags/dag_with_catchup_and_backfill.py
[2024-03-11T15:18:12.112+0000] {processor.py:840} INFO - DAG(s) 'dag_with_catchup_backfill_v02' retrieved from /opt/airflow/dags/dag_with_catchup_and_backfill.py
[2024-03-11T15:18:12.233+0000] {logging_mixin.py:188} INFO - [2024-03-11T15:18:12.232+0000] {dag.py:3047} INFO - Sync 1 DAGs
[2024-03-11T15:18:12.345+0000] {logging_mixin.py:188} INFO - [2024-03-11T15:18:12.344+0000] {dag.py:3834} INFO - Setting next_dagrun for dag_with_catchup_backfill_v02 to 2024-03-12 00:00:00+00:00, run_after=2024-03-13 00:00:00+00:00
[2024-03-11T15:18:12.423+0000] {processor.py:183} INFO - Processing /opt/airflow/dags/dag_with_catchup_and_backfill.py took 0.404 seconds
[2024-03-11T15:18:43.021+0000] {processor.py:161} INFO - Started process (PID=6125) to work on /opt/airflow/dags/dag_with_catchup_and_backfill.py
[2024-03-11T15:18:43.026+0000] {processor.py:830} INFO - Processing file /opt/airflow/dags/dag_with_catchup_and_backfill.py for tasks to queue
[2024-03-11T15:18:43.034+0000] {logging_mixin.py:188} INFO - [2024-03-11T15:18:43.031+0000] {dagbag.py:540} INFO - Filling up the DagBag from /opt/airflow/dags/dag_with_catchup_and_backfill.py
[2024-03-11T15:18:43.076+0000] {processor.py:840} INFO - DAG(s) 'dag_with_catchup_backfill_v02' retrieved from /opt/airflow/dags/dag_with_catchup_and_backfill.py
[2024-03-11T15:18:43.124+0000] {logging_mixin.py:188} INFO - [2024-03-11T15:18:43.123+0000] {dag.py:3047} INFO - Sync 1 DAGs
[2024-03-11T15:18:43.165+0000] {logging_mixin.py:188} INFO - [2024-03-11T15:18:43.164+0000] {dag.py:3834} INFO - Setting next_dagrun for dag_with_catchup_backfill_v02 to 2024-03-12 00:00:00+00:00, run_after=2024-03-13 00:00:00+00:00
[2024-03-11T15:18:43.222+0000] {processor.py:183} INFO - Processing /opt/airflow/dags/dag_with_catchup_and_backfill.py took 0.223 seconds
[2024-03-11T15:19:13.677+0000] {processor.py:161} INFO - Started process (PID=6151) to work on /opt/airflow/dags/dag_with_catchup_and_backfill.py
[2024-03-11T15:19:13.679+0000] {processor.py:830} INFO - Processing file /opt/airflow/dags/dag_with_catchup_and_backfill.py for tasks to queue
[2024-03-11T15:19:13.681+0000] {logging_mixin.py:188} INFO - [2024-03-11T15:19:13.680+0000] {dagbag.py:540} INFO - Filling up the DagBag from /opt/airflow/dags/dag_with_catchup_and_backfill.py
[2024-03-11T15:19:13.702+0000] {processor.py:840} INFO - DAG(s) 'dag_with_catchup_backfill_v02' retrieved from /opt/airflow/dags/dag_with_catchup_and_backfill.py
[2024-03-11T15:19:13.747+0000] {logging_mixin.py:188} INFO - [2024-03-11T15:19:13.747+0000] {dag.py:3047} INFO - Sync 1 DAGs
[2024-03-11T15:19:13.787+0000] {logging_mixin.py:188} INFO - [2024-03-11T15:19:13.786+0000] {dag.py:3834} INFO - Setting next_dagrun for dag_with_catchup_backfill_v02 to 2024-03-12 00:00:00+00:00, run_after=2024-03-13 00:00:00+00:00
[2024-03-11T15:19:13.827+0000] {processor.py:183} INFO - Processing /opt/airflow/dags/dag_with_catchup_and_backfill.py took 0.156 seconds
[2024-03-11T15:19:44.388+0000] {processor.py:161} INFO - Started process (PID=6177) to work on /opt/airflow/dags/dag_with_catchup_and_backfill.py
[2024-03-11T15:19:44.393+0000] {processor.py:830} INFO - Processing file /opt/airflow/dags/dag_with_catchup_and_backfill.py for tasks to queue
[2024-03-11T15:19:44.400+0000] {logging_mixin.py:188} INFO - [2024-03-11T15:19:44.397+0000] {dagbag.py:540} INFO - Filling up the DagBag from /opt/airflow/dags/dag_with_catchup_and_backfill.py
[2024-03-11T15:19:44.462+0000] {processor.py:840} INFO - DAG(s) 'dag_with_catchup_backfill_v02' retrieved from /opt/airflow/dags/dag_with_catchup_and_backfill.py
[2024-03-11T15:19:44.573+0000] {logging_mixin.py:188} INFO - [2024-03-11T15:19:44.572+0000] {dag.py:3047} INFO - Sync 1 DAGs
[2024-03-11T15:19:44.628+0000] {logging_mixin.py:188} INFO - [2024-03-11T15:19:44.627+0000] {dag.py:3834} INFO - Setting next_dagrun for dag_with_catchup_backfill_v02 to 2024-03-12 00:00:00+00:00, run_after=2024-03-13 00:00:00+00:00
[2024-03-11T15:19:44.672+0000] {processor.py:183} INFO - Processing /opt/airflow/dags/dag_with_catchup_and_backfill.py took 0.301 seconds
[2024-03-11T15:20:15.144+0000] {processor.py:161} INFO - Started process (PID=6203) to work on /opt/airflow/dags/dag_with_catchup_and_backfill.py
[2024-03-11T15:20:15.153+0000] {processor.py:830} INFO - Processing file /opt/airflow/dags/dag_with_catchup_and_backfill.py for tasks to queue
[2024-03-11T15:20:15.159+0000] {logging_mixin.py:188} INFO - [2024-03-11T15:20:15.157+0000] {dagbag.py:540} INFO - Filling up the DagBag from /opt/airflow/dags/dag_with_catchup_and_backfill.py
[2024-03-11T15:20:15.223+0000] {processor.py:840} INFO - DAG(s) 'dag_with_catchup_backfill_v02' retrieved from /opt/airflow/dags/dag_with_catchup_and_backfill.py
[2024-03-11T15:20:15.347+0000] {logging_mixin.py:188} INFO - [2024-03-11T15:20:15.346+0000] {dag.py:3047} INFO - Sync 1 DAGs
[2024-03-11T15:20:15.413+0000] {logging_mixin.py:188} INFO - [2024-03-11T15:20:15.413+0000] {dag.py:3834} INFO - Setting next_dagrun for dag_with_catchup_backfill_v02 to 2024-03-12 00:00:00+00:00, run_after=2024-03-13 00:00:00+00:00
[2024-03-11T15:20:15.448+0000] {processor.py:183} INFO - Processing /opt/airflow/dags/dag_with_catchup_and_backfill.py took 0.320 seconds
[2024-03-11T15:20:46.129+0000] {processor.py:161} INFO - Started process (PID=6230) to work on /opt/airflow/dags/dag_with_catchup_and_backfill.py
[2024-03-11T15:20:46.134+0000] {processor.py:830} INFO - Processing file /opt/airflow/dags/dag_with_catchup_and_backfill.py for tasks to queue
[2024-03-11T15:20:46.141+0000] {logging_mixin.py:188} INFO - [2024-03-11T15:20:46.139+0000] {dagbag.py:540} INFO - Filling up the DagBag from /opt/airflow/dags/dag_with_catchup_and_backfill.py
[2024-03-11T15:20:46.201+0000] {processor.py:840} INFO - DAG(s) 'dag_with_catchup_backfill_v02' retrieved from /opt/airflow/dags/dag_with_catchup_and_backfill.py
[2024-03-11T15:20:46.270+0000] {logging_mixin.py:188} INFO - [2024-03-11T15:20:46.269+0000] {dag.py:3047} INFO - Sync 1 DAGs
[2024-03-11T15:20:46.311+0000] {logging_mixin.py:188} INFO - [2024-03-11T15:20:46.310+0000] {dag.py:3834} INFO - Setting next_dagrun for dag_with_catchup_backfill_v02 to 2024-03-12 00:00:00+00:00, run_after=2024-03-13 00:00:00+00:00
[2024-03-11T15:20:46.345+0000] {processor.py:183} INFO - Processing /opt/airflow/dags/dag_with_catchup_and_backfill.py took 0.231 seconds
[2024-03-11T15:21:16.846+0000] {processor.py:161} INFO - Started process (PID=6256) to work on /opt/airflow/dags/dag_with_catchup_and_backfill.py
[2024-03-11T15:21:16.851+0000] {processor.py:830} INFO - Processing file /opt/airflow/dags/dag_with_catchup_and_backfill.py for tasks to queue
[2024-03-11T15:21:16.858+0000] {logging_mixin.py:188} INFO - [2024-03-11T15:21:16.856+0000] {dagbag.py:540} INFO - Filling up the DagBag from /opt/airflow/dags/dag_with_catchup_and_backfill.py
[2024-03-11T15:21:16.920+0000] {processor.py:840} INFO - DAG(s) 'dag_with_catchup_backfill_v02' retrieved from /opt/airflow/dags/dag_with_catchup_and_backfill.py
[2024-03-11T15:21:17.038+0000] {logging_mixin.py:188} INFO - [2024-03-11T15:21:17.038+0000] {dag.py:3047} INFO - Sync 1 DAGs
[2024-03-11T15:21:17.112+0000] {logging_mixin.py:188} INFO - [2024-03-11T15:21:17.111+0000] {dag.py:3834} INFO - Setting next_dagrun for dag_with_catchup_backfill_v02 to 2024-03-12 00:00:00+00:00, run_after=2024-03-13 00:00:00+00:00
[2024-03-11T15:21:17.165+0000] {processor.py:183} INFO - Processing /opt/airflow/dags/dag_with_catchup_and_backfill.py took 0.337 seconds
[2024-03-11T15:21:47.775+0000] {processor.py:161} INFO - Started process (PID=6282) to work on /opt/airflow/dags/dag_with_catchup_and_backfill.py
[2024-03-11T15:21:47.781+0000] {processor.py:830} INFO - Processing file /opt/airflow/dags/dag_with_catchup_and_backfill.py for tasks to queue
[2024-03-11T15:21:47.786+0000] {logging_mixin.py:188} INFO - [2024-03-11T15:21:47.785+0000] {dagbag.py:540} INFO - Filling up the DagBag from /opt/airflow/dags/dag_with_catchup_and_backfill.py
[2024-03-11T15:21:47.849+0000] {processor.py:840} INFO - DAG(s) 'dag_with_catchup_backfill_v02' retrieved from /opt/airflow/dags/dag_with_catchup_and_backfill.py
[2024-03-11T15:21:47.974+0000] {logging_mixin.py:188} INFO - [2024-03-11T15:21:47.973+0000] {dag.py:3047} INFO - Sync 1 DAGs
[2024-03-11T15:21:48.035+0000] {logging_mixin.py:188} INFO - [2024-03-11T15:21:48.034+0000] {dag.py:3834} INFO - Setting next_dagrun for dag_with_catchup_backfill_v02 to 2024-03-12 00:00:00+00:00, run_after=2024-03-13 00:00:00+00:00
[2024-03-11T15:21:48.078+0000] {processor.py:183} INFO - Processing /opt/airflow/dags/dag_with_catchup_and_backfill.py took 0.320 seconds
[2024-03-11T15:22:18.826+0000] {processor.py:161} INFO - Started process (PID=6308) to work on /opt/airflow/dags/dag_with_catchup_and_backfill.py
[2024-03-11T15:22:18.832+0000] {processor.py:830} INFO - Processing file /opt/airflow/dags/dag_with_catchup_and_backfill.py for tasks to queue
[2024-03-11T15:22:18.838+0000] {logging_mixin.py:188} INFO - [2024-03-11T15:22:18.836+0000] {dagbag.py:540} INFO - Filling up the DagBag from /opt/airflow/dags/dag_with_catchup_and_backfill.py
[2024-03-11T15:22:18.899+0000] {processor.py:840} INFO - DAG(s) 'dag_with_catchup_backfill_v02' retrieved from /opt/airflow/dags/dag_with_catchup_and_backfill.py
[2024-03-11T15:22:19.005+0000] {logging_mixin.py:188} INFO - [2024-03-11T15:22:19.004+0000] {dag.py:3047} INFO - Sync 1 DAGs
[2024-03-11T15:22:19.051+0000] {logging_mixin.py:188} INFO - [2024-03-11T15:22:19.050+0000] {dag.py:3834} INFO - Setting next_dagrun for dag_with_catchup_backfill_v02 to 2024-03-12 00:00:00+00:00, run_after=2024-03-13 00:00:00+00:00
[2024-03-11T15:22:19.084+0000] {processor.py:183} INFO - Processing /opt/airflow/dags/dag_with_catchup_and_backfill.py took 0.279 seconds
[2024-03-11T15:22:49.211+0000] {processor.py:161} INFO - Started process (PID=6335) to work on /opt/airflow/dags/dag_with_catchup_and_backfill.py
[2024-03-11T15:22:49.216+0000] {processor.py:830} INFO - Processing file /opt/airflow/dags/dag_with_catchup_and_backfill.py for tasks to queue
[2024-03-11T15:22:49.223+0000] {logging_mixin.py:188} INFO - [2024-03-11T15:22:49.221+0000] {dagbag.py:540} INFO - Filling up the DagBag from /opt/airflow/dags/dag_with_catchup_and_backfill.py
[2024-03-11T15:22:49.282+0000] {processor.py:840} INFO - DAG(s) 'dag_with_catchup_backfill_v02' retrieved from /opt/airflow/dags/dag_with_catchup_and_backfill.py
[2024-03-11T15:22:49.404+0000] {logging_mixin.py:188} INFO - [2024-03-11T15:22:49.403+0000] {dag.py:3047} INFO - Sync 1 DAGs
[2024-03-11T15:22:49.473+0000] {logging_mixin.py:188} INFO - [2024-03-11T15:22:49.473+0000] {dag.py:3834} INFO - Setting next_dagrun for dag_with_catchup_backfill_v02 to 2024-03-12 00:00:00+00:00, run_after=2024-03-13 00:00:00+00:00
[2024-03-11T15:22:49.508+0000] {processor.py:183} INFO - Processing /opt/airflow/dags/dag_with_catchup_and_backfill.py took 0.314 seconds
[2024-03-11T15:23:20.250+0000] {processor.py:161} INFO - Started process (PID=6361) to work on /opt/airflow/dags/dag_with_catchup_and_backfill.py
[2024-03-11T15:23:20.253+0000] {processor.py:830} INFO - Processing file /opt/airflow/dags/dag_with_catchup_and_backfill.py for tasks to queue
[2024-03-11T15:23:20.256+0000] {logging_mixin.py:188} INFO - [2024-03-11T15:23:20.256+0000] {dagbag.py:540} INFO - Filling up the DagBag from /opt/airflow/dags/dag_with_catchup_and_backfill.py
[2024-03-11T15:23:20.285+0000] {processor.py:840} INFO - DAG(s) 'dag_with_catchup_backfill_v02' retrieved from /opt/airflow/dags/dag_with_catchup_and_backfill.py
[2024-03-11T15:23:20.348+0000] {logging_mixin.py:188} INFO - [2024-03-11T15:23:20.347+0000] {dag.py:3047} INFO - Sync 1 DAGs
[2024-03-11T15:23:20.402+0000] {logging_mixin.py:188} INFO - [2024-03-11T15:23:20.401+0000] {dag.py:3834} INFO - Setting next_dagrun for dag_with_catchup_backfill_v02 to 2024-03-12 00:00:00+00:00, run_after=2024-03-13 00:00:00+00:00
[2024-03-11T15:23:20.444+0000] {processor.py:183} INFO - Processing /opt/airflow/dags/dag_with_catchup_and_backfill.py took 0.205 seconds
[2024-03-11T15:23:50.931+0000] {processor.py:161} INFO - Started process (PID=6387) to work on /opt/airflow/dags/dag_with_catchup_and_backfill.py
[2024-03-11T15:23:50.934+0000] {processor.py:830} INFO - Processing file /opt/airflow/dags/dag_with_catchup_and_backfill.py for tasks to queue
[2024-03-11T15:23:50.938+0000] {logging_mixin.py:188} INFO - [2024-03-11T15:23:50.937+0000] {dagbag.py:540} INFO - Filling up the DagBag from /opt/airflow/dags/dag_with_catchup_and_backfill.py
[2024-03-11T15:23:50.969+0000] {processor.py:840} INFO - DAG(s) 'dag_with_catchup_backfill_v02' retrieved from /opt/airflow/dags/dag_with_catchup_and_backfill.py
[2024-03-11T15:23:51.024+0000] {logging_mixin.py:188} INFO - [2024-03-11T15:23:51.024+0000] {dag.py:3047} INFO - Sync 1 DAGs
[2024-03-11T15:23:51.067+0000] {logging_mixin.py:188} INFO - [2024-03-11T15:23:51.067+0000] {dag.py:3834} INFO - Setting next_dagrun for dag_with_catchup_backfill_v02 to 2024-03-12 00:00:00+00:00, run_after=2024-03-13 00:00:00+00:00
[2024-03-11T15:23:51.104+0000] {processor.py:183} INFO - Processing /opt/airflow/dags/dag_with_catchup_and_backfill.py took 0.182 seconds
[2024-03-11T15:24:21.644+0000] {processor.py:161} INFO - Started process (PID=6413) to work on /opt/airflow/dags/dag_with_catchup_and_backfill.py
[2024-03-11T15:24:21.650+0000] {processor.py:830} INFO - Processing file /opt/airflow/dags/dag_with_catchup_and_backfill.py for tasks to queue
[2024-03-11T15:24:21.657+0000] {logging_mixin.py:188} INFO - [2024-03-11T15:24:21.655+0000] {dagbag.py:540} INFO - Filling up the DagBag from /opt/airflow/dags/dag_with_catchup_and_backfill.py
[2024-03-11T15:24:21.723+0000] {processor.py:840} INFO - DAG(s) 'dag_with_catchup_backfill_v02' retrieved from /opt/airflow/dags/dag_with_catchup_and_backfill.py
[2024-03-11T15:24:21.834+0000] {logging_mixin.py:188} INFO - [2024-03-11T15:24:21.833+0000] {dag.py:3047} INFO - Sync 1 DAGs
[2024-03-11T15:24:21.880+0000] {logging_mixin.py:188} INFO - [2024-03-11T15:24:21.880+0000] {dag.py:3834} INFO - Setting next_dagrun for dag_with_catchup_backfill_v02 to 2024-03-12 00:00:00+00:00, run_after=2024-03-13 00:00:00+00:00
[2024-03-11T15:24:21.919+0000] {processor.py:183} INFO - Processing /opt/airflow/dags/dag_with_catchup_and_backfill.py took 0.296 seconds
[2024-03-11T15:24:52.029+0000] {processor.py:161} INFO - Started process (PID=6439) to work on /opt/airflow/dags/dag_with_catchup_and_backfill.py
[2024-03-11T15:24:52.035+0000] {processor.py:830} INFO - Processing file /opt/airflow/dags/dag_with_catchup_and_backfill.py for tasks to queue
[2024-03-11T15:24:52.041+0000] {logging_mixin.py:188} INFO - [2024-03-11T15:24:52.039+0000] {dagbag.py:540} INFO - Filling up the DagBag from /opt/airflow/dags/dag_with_catchup_and_backfill.py
[2024-03-11T15:24:52.108+0000] {processor.py:840} INFO - DAG(s) 'dag_with_catchup_backfill_v02' retrieved from /opt/airflow/dags/dag_with_catchup_and_backfill.py
[2024-03-11T15:24:52.217+0000] {logging_mixin.py:188} INFO - [2024-03-11T15:24:52.216+0000] {dag.py:3047} INFO - Sync 1 DAGs
[2024-03-11T15:24:52.312+0000] {logging_mixin.py:188} INFO - [2024-03-11T15:24:52.311+0000] {dag.py:3834} INFO - Setting next_dagrun for dag_with_catchup_backfill_v02 to 2024-03-12 00:00:00+00:00, run_after=2024-03-13 00:00:00+00:00
[2024-03-11T15:24:52.378+0000] {processor.py:183} INFO - Processing /opt/airflow/dags/dag_with_catchup_and_backfill.py took 0.367 seconds
[2024-03-11T15:25:23.125+0000] {processor.py:161} INFO - Started process (PID=6465) to work on /opt/airflow/dags/dag_with_catchup_and_backfill.py
[2024-03-11T15:25:23.130+0000] {processor.py:830} INFO - Processing file /opt/airflow/dags/dag_with_catchup_and_backfill.py for tasks to queue
[2024-03-11T15:25:23.135+0000] {logging_mixin.py:188} INFO - [2024-03-11T15:25:23.133+0000] {dagbag.py:540} INFO - Filling up the DagBag from /opt/airflow/dags/dag_with_catchup_and_backfill.py
[2024-03-11T15:25:23.197+0000] {processor.py:840} INFO - DAG(s) 'dag_with_catchup_backfill_v02' retrieved from /opt/airflow/dags/dag_with_catchup_and_backfill.py
[2024-03-11T15:25:23.314+0000] {logging_mixin.py:188} INFO - [2024-03-11T15:25:23.313+0000] {dag.py:3047} INFO - Sync 1 DAGs
[2024-03-11T15:25:23.420+0000] {logging_mixin.py:188} INFO - [2024-03-11T15:25:23.419+0000] {dag.py:3834} INFO - Setting next_dagrun for dag_with_catchup_backfill_v02 to 2024-03-12 00:00:00+00:00, run_after=2024-03-13 00:00:00+00:00
[2024-03-11T15:25:23.501+0000] {processor.py:183} INFO - Processing /opt/airflow/dags/dag_with_catchup_and_backfill.py took 0.393 seconds
[2024-03-11T15:25:54.146+0000] {processor.py:161} INFO - Started process (PID=6491) to work on /opt/airflow/dags/dag_with_catchup_and_backfill.py
[2024-03-11T15:25:54.151+0000] {processor.py:830} INFO - Processing file /opt/airflow/dags/dag_with_catchup_and_backfill.py for tasks to queue
[2024-03-11T15:25:54.161+0000] {logging_mixin.py:188} INFO - [2024-03-11T15:25:54.159+0000] {dagbag.py:540} INFO - Filling up the DagBag from /opt/airflow/dags/dag_with_catchup_and_backfill.py
[2024-03-11T15:25:54.218+0000] {processor.py:840} INFO - DAG(s) 'dag_with_catchup_backfill_v02' retrieved from /opt/airflow/dags/dag_with_catchup_and_backfill.py
[2024-03-11T15:25:54.307+0000] {logging_mixin.py:188} INFO - [2024-03-11T15:25:54.307+0000] {dag.py:3047} INFO - Sync 1 DAGs
[2024-03-11T15:25:54.347+0000] {logging_mixin.py:188} INFO - [2024-03-11T15:25:54.346+0000] {dag.py:3834} INFO - Setting next_dagrun for dag_with_catchup_backfill_v02 to 2024-03-12 00:00:00+00:00, run_after=2024-03-13 00:00:00+00:00
[2024-03-11T15:25:54.385+0000] {processor.py:183} INFO - Processing /opt/airflow/dags/dag_with_catchup_and_backfill.py took 0.257 seconds
[2024-03-11T15:26:25.060+0000] {processor.py:161} INFO - Started process (PID=6517) to work on /opt/airflow/dags/dag_with_catchup_and_backfill.py
[2024-03-11T15:26:25.064+0000] {processor.py:830} INFO - Processing file /opt/airflow/dags/dag_with_catchup_and_backfill.py for tasks to queue
[2024-03-11T15:26:25.071+0000] {logging_mixin.py:188} INFO - [2024-03-11T15:26:25.069+0000] {dagbag.py:540} INFO - Filling up the DagBag from /opt/airflow/dags/dag_with_catchup_and_backfill.py
[2024-03-11T15:26:25.131+0000] {processor.py:840} INFO - DAG(s) 'dag_with_catchup_backfill_v02' retrieved from /opt/airflow/dags/dag_with_catchup_and_backfill.py
[2024-03-11T15:26:25.251+0000] {logging_mixin.py:188} INFO - [2024-03-11T15:26:25.250+0000] {dag.py:3047} INFO - Sync 1 DAGs
[2024-03-11T15:26:25.370+0000] {logging_mixin.py:188} INFO - [2024-03-11T15:26:25.368+0000] {dag.py:3834} INFO - Setting next_dagrun for dag_with_catchup_backfill_v02 to 2024-03-12 00:00:00+00:00, run_after=2024-03-13 00:00:00+00:00
[2024-03-11T15:26:25.447+0000] {processor.py:183} INFO - Processing /opt/airflow/dags/dag_with_catchup_and_backfill.py took 0.404 seconds
[2024-03-11T15:26:56.219+0000] {processor.py:161} INFO - Started process (PID=6549) to work on /opt/airflow/dags/dag_with_catchup_and_backfill.py
[2024-03-11T15:26:56.224+0000] {processor.py:830} INFO - Processing file /opt/airflow/dags/dag_with_catchup_and_backfill.py for tasks to queue
[2024-03-11T15:26:56.231+0000] {logging_mixin.py:188} INFO - [2024-03-11T15:26:56.229+0000] {dagbag.py:540} INFO - Filling up the DagBag from /opt/airflow/dags/dag_with_catchup_and_backfill.py
[2024-03-11T15:26:56.289+0000] {processor.py:840} INFO - DAG(s) 'dag_with_catchup_backfill_v02' retrieved from /opt/airflow/dags/dag_with_catchup_and_backfill.py
[2024-03-11T15:26:56.404+0000] {logging_mixin.py:188} INFO - [2024-03-11T15:26:56.403+0000] {dag.py:3047} INFO - Sync 1 DAGs
[2024-03-11T15:26:56.520+0000] {logging_mixin.py:188} INFO - [2024-03-11T15:26:56.519+0000] {dag.py:3834} INFO - Setting next_dagrun for dag_with_catchup_backfill_v02 to 2024-03-12 00:00:00+00:00, run_after=2024-03-13 00:00:00+00:00
[2024-03-11T15:26:56.603+0000] {processor.py:183} INFO - Processing /opt/airflow/dags/dag_with_catchup_and_backfill.py took 0.402 seconds
[2024-03-11T15:27:27.031+0000] {processor.py:161} INFO - Started process (PID=6575) to work on /opt/airflow/dags/dag_with_catchup_and_backfill.py
[2024-03-11T15:27:27.037+0000] {processor.py:830} INFO - Processing file /opt/airflow/dags/dag_with_catchup_and_backfill.py for tasks to queue
[2024-03-11T15:27:27.045+0000] {logging_mixin.py:188} INFO - [2024-03-11T15:27:27.042+0000] {dagbag.py:540} INFO - Filling up the DagBag from /opt/airflow/dags/dag_with_catchup_and_backfill.py
[2024-03-11T15:27:27.129+0000] {processor.py:840} INFO - DAG(s) 'dag_with_catchup_backfill_v02' retrieved from /opt/airflow/dags/dag_with_catchup_and_backfill.py
[2024-03-11T15:27:27.198+0000] {logging_mixin.py:188} INFO - [2024-03-11T15:27:27.198+0000] {dag.py:3047} INFO - Sync 1 DAGs
[2024-03-11T15:27:27.240+0000] {logging_mixin.py:188} INFO - [2024-03-11T15:27:27.239+0000] {dag.py:3834} INFO - Setting next_dagrun for dag_with_catchup_backfill_v02 to 2024-03-12 00:00:00+00:00, run_after=2024-03-13 00:00:00+00:00
[2024-03-11T15:27:27.278+0000] {processor.py:183} INFO - Processing /opt/airflow/dags/dag_with_catchup_and_backfill.py took 0.267 seconds
[2024-03-11T15:27:57.946+0000] {processor.py:161} INFO - Started process (PID=6601) to work on /opt/airflow/dags/dag_with_catchup_and_backfill.py
[2024-03-11T15:27:57.950+0000] {processor.py:830} INFO - Processing file /opt/airflow/dags/dag_with_catchup_and_backfill.py for tasks to queue
[2024-03-11T15:27:57.957+0000] {logging_mixin.py:188} INFO - [2024-03-11T15:27:57.955+0000] {dagbag.py:540} INFO - Filling up the DagBag from /opt/airflow/dags/dag_with_catchup_and_backfill.py
[2024-03-11T15:27:58.015+0000] {processor.py:840} INFO - DAG(s) 'dag_with_catchup_backfill_v02' retrieved from /opt/airflow/dags/dag_with_catchup_and_backfill.py
[2024-03-11T15:27:58.080+0000] {logging_mixin.py:188} INFO - [2024-03-11T15:27:58.080+0000] {dag.py:3047} INFO - Sync 1 DAGs
[2024-03-11T15:27:58.128+0000] {logging_mixin.py:188} INFO - [2024-03-11T15:27:58.127+0000] {dag.py:3834} INFO - Setting next_dagrun for dag_with_catchup_backfill_v02 to 2024-03-12 00:00:00+00:00, run_after=2024-03-13 00:00:00+00:00
[2024-03-11T15:27:58.163+0000] {processor.py:183} INFO - Processing /opt/airflow/dags/dag_with_catchup_and_backfill.py took 0.243 seconds
[2024-03-11T15:28:28.760+0000] {processor.py:161} INFO - Started process (PID=6627) to work on /opt/airflow/dags/dag_with_catchup_and_backfill.py
[2024-03-11T15:28:28.764+0000] {processor.py:830} INFO - Processing file /opt/airflow/dags/dag_with_catchup_and_backfill.py for tasks to queue
[2024-03-11T15:28:28.771+0000] {logging_mixin.py:188} INFO - [2024-03-11T15:28:28.769+0000] {dagbag.py:540} INFO - Filling up the DagBag from /opt/airflow/dags/dag_with_catchup_and_backfill.py
[2024-03-11T15:28:28.843+0000] {processor.py:840} INFO - DAG(s) 'dag_with_catchup_backfill_v02' retrieved from /opt/airflow/dags/dag_with_catchup_and_backfill.py
[2024-03-11T15:28:28.950+0000] {logging_mixin.py:188} INFO - [2024-03-11T15:28:28.950+0000] {dag.py:3047} INFO - Sync 1 DAGs
[2024-03-11T15:28:29.004+0000] {logging_mixin.py:188} INFO - [2024-03-11T15:28:29.004+0000] {dag.py:3834} INFO - Setting next_dagrun for dag_with_catchup_backfill_v02 to 2024-03-12 00:00:00+00:00, run_after=2024-03-13 00:00:00+00:00
[2024-03-11T15:28:29.046+0000] {processor.py:183} INFO - Processing /opt/airflow/dags/dag_with_catchup_and_backfill.py took 0.304 seconds
[2024-03-11T15:28:59.600+0000] {processor.py:161} INFO - Started process (PID=6655) to work on /opt/airflow/dags/dag_with_catchup_and_backfill.py
[2024-03-11T15:28:59.607+0000] {processor.py:830} INFO - Processing file /opt/airflow/dags/dag_with_catchup_and_backfill.py for tasks to queue
[2024-03-11T15:28:59.614+0000] {logging_mixin.py:188} INFO - [2024-03-11T15:28:59.611+0000] {dagbag.py:540} INFO - Filling up the DagBag from /opt/airflow/dags/dag_with_catchup_and_backfill.py
[2024-03-11T15:28:59.687+0000] {processor.py:840} INFO - DAG(s) 'dag_with_catchup_backfill_v02' retrieved from /opt/airflow/dags/dag_with_catchup_and_backfill.py
[2024-03-11T15:28:59.820+0000] {logging_mixin.py:188} INFO - [2024-03-11T15:28:59.819+0000] {dag.py:3047} INFO - Sync 1 DAGs
[2024-03-11T15:28:59.935+0000] {logging_mixin.py:188} INFO - [2024-03-11T15:28:59.934+0000] {dag.py:3834} INFO - Setting next_dagrun for dag_with_catchup_backfill_v02 to 2024-03-12 00:00:00+00:00, run_after=2024-03-13 00:00:00+00:00
[2024-03-11T15:29:00.016+0000] {processor.py:183} INFO - Processing /opt/airflow/dags/dag_with_catchup_and_backfill.py took 0.438 seconds
[2024-03-11T15:29:30.609+0000] {processor.py:161} INFO - Started process (PID=6681) to work on /opt/airflow/dags/dag_with_catchup_and_backfill.py
[2024-03-11T15:29:30.614+0000] {processor.py:830} INFO - Processing file /opt/airflow/dags/dag_with_catchup_and_backfill.py for tasks to queue
[2024-03-11T15:29:30.620+0000] {logging_mixin.py:188} INFO - [2024-03-11T15:29:30.618+0000] {dagbag.py:540} INFO - Filling up the DagBag from /opt/airflow/dags/dag_with_catchup_and_backfill.py
[2024-03-11T15:29:30.687+0000] {processor.py:840} INFO - DAG(s) 'dag_with_catchup_backfill_v02' retrieved from /opt/airflow/dags/dag_with_catchup_and_backfill.py
[2024-03-11T15:29:30.805+0000] {logging_mixin.py:188} INFO - [2024-03-11T15:29:30.804+0000] {dag.py:3047} INFO - Sync 1 DAGs
[2024-03-11T15:29:30.870+0000] {logging_mixin.py:188} INFO - [2024-03-11T15:29:30.869+0000] {dag.py:3834} INFO - Setting next_dagrun for dag_with_catchup_backfill_v02 to 2024-03-12 00:00:00+00:00, run_after=2024-03-13 00:00:00+00:00
[2024-03-11T15:29:30.907+0000] {processor.py:183} INFO - Processing /opt/airflow/dags/dag_with_catchup_and_backfill.py took 0.316 seconds
[2024-03-11T15:30:01.485+0000] {processor.py:161} INFO - Started process (PID=6707) to work on /opt/airflow/dags/dag_with_catchup_and_backfill.py
[2024-03-11T15:30:01.490+0000] {processor.py:830} INFO - Processing file /opt/airflow/dags/dag_with_catchup_and_backfill.py for tasks to queue
[2024-03-11T15:30:01.498+0000] {logging_mixin.py:188} INFO - [2024-03-11T15:30:01.496+0000] {dagbag.py:540} INFO - Filling up the DagBag from /opt/airflow/dags/dag_with_catchup_and_backfill.py
[2024-03-11T15:30:01.561+0000] {processor.py:840} INFO - DAG(s) 'dag_with_catchup_backfill_v02' retrieved from /opt/airflow/dags/dag_with_catchup_and_backfill.py
[2024-03-11T15:30:01.686+0000] {logging_mixin.py:188} INFO - [2024-03-11T15:30:01.686+0000] {dag.py:3047} INFO - Sync 1 DAGs
[2024-03-11T15:30:01.753+0000] {logging_mixin.py:188} INFO - [2024-03-11T15:30:01.752+0000] {dag.py:3834} INFO - Setting next_dagrun for dag_with_catchup_backfill_v02 to 2024-03-12 00:00:00+00:00, run_after=2024-03-13 00:00:00+00:00
[2024-03-11T15:30:01.788+0000] {processor.py:183} INFO - Processing /opt/airflow/dags/dag_with_catchup_and_backfill.py took 0.320 seconds
[2024-03-11T15:30:32.220+0000] {processor.py:161} INFO - Started process (PID=6733) to work on /opt/airflow/dags/dag_with_catchup_and_backfill.py
[2024-03-11T15:30:32.222+0000] {processor.py:830} INFO - Processing file /opt/airflow/dags/dag_with_catchup_and_backfill.py for tasks to queue
[2024-03-11T15:30:32.225+0000] {logging_mixin.py:188} INFO - [2024-03-11T15:30:32.224+0000] {dagbag.py:540} INFO - Filling up the DagBag from /opt/airflow/dags/dag_with_catchup_and_backfill.py
[2024-03-11T15:30:32.245+0000] {processor.py:840} INFO - DAG(s) 'dag_with_catchup_backfill_v02' retrieved from /opt/airflow/dags/dag_with_catchup_and_backfill.py
[2024-03-11T15:30:32.294+0000] {logging_mixin.py:188} INFO - [2024-03-11T15:30:32.294+0000] {dag.py:3047} INFO - Sync 1 DAGs
[2024-03-11T15:30:32.353+0000] {logging_mixin.py:188} INFO - [2024-03-11T15:30:32.353+0000] {dag.py:3834} INFO - Setting next_dagrun for dag_with_catchup_backfill_v02 to 2024-03-12 00:00:00+00:00, run_after=2024-03-13 00:00:00+00:00
[2024-03-11T15:30:32.396+0000] {processor.py:183} INFO - Processing /opt/airflow/dags/dag_with_catchup_and_backfill.py took 0.182 seconds
[2024-03-11T15:31:03.146+0000] {processor.py:161} INFO - Started process (PID=6759) to work on /opt/airflow/dags/dag_with_catchup_and_backfill.py
[2024-03-11T15:31:03.150+0000] {processor.py:830} INFO - Processing file /opt/airflow/dags/dag_with_catchup_and_backfill.py for tasks to queue
[2024-03-11T15:31:03.153+0000] {logging_mixin.py:188} INFO - [2024-03-11T15:31:03.152+0000] {dagbag.py:540} INFO - Filling up the DagBag from /opt/airflow/dags/dag_with_catchup_and_backfill.py
[2024-03-11T15:31:03.179+0000] {processor.py:840} INFO - DAG(s) 'dag_with_catchup_backfill_v02' retrieved from /opt/airflow/dags/dag_with_catchup_and_backfill.py
[2024-03-11T15:31:03.238+0000] {logging_mixin.py:188} INFO - [2024-03-11T15:31:03.238+0000] {dag.py:3047} INFO - Sync 1 DAGs
[2024-03-11T15:31:03.283+0000] {logging_mixin.py:188} INFO - [2024-03-11T15:31:03.282+0000] {dag.py:3834} INFO - Setting next_dagrun for dag_with_catchup_backfill_v02 to 2024-03-12 00:00:00+00:00, run_after=2024-03-13 00:00:00+00:00
[2024-03-11T15:31:03.322+0000] {processor.py:183} INFO - Processing /opt/airflow/dags/dag_with_catchup_and_backfill.py took 0.192 seconds
[2024-03-11T15:31:33.942+0000] {processor.py:161} INFO - Started process (PID=6785) to work on /opt/airflow/dags/dag_with_catchup_and_backfill.py
[2024-03-11T15:31:33.948+0000] {processor.py:830} INFO - Processing file /opt/airflow/dags/dag_with_catchup_and_backfill.py for tasks to queue
[2024-03-11T15:31:33.956+0000] {logging_mixin.py:188} INFO - [2024-03-11T15:31:33.953+0000] {dagbag.py:540} INFO - Filling up the DagBag from /opt/airflow/dags/dag_with_catchup_and_backfill.py
[2024-03-11T15:31:34.026+0000] {processor.py:840} INFO - DAG(s) 'dag_with_catchup_backfill_v02' retrieved from /opt/airflow/dags/dag_with_catchup_and_backfill.py
[2024-03-11T15:31:34.166+0000] {logging_mixin.py:188} INFO - [2024-03-11T15:31:34.166+0000] {dag.py:3047} INFO - Sync 1 DAGs
[2024-03-11T15:31:34.210+0000] {logging_mixin.py:188} INFO - [2024-03-11T15:31:34.210+0000] {dag.py:3834} INFO - Setting next_dagrun for dag_with_catchup_backfill_v02 to 2024-03-12 00:00:00+00:00, run_after=2024-03-13 00:00:00+00:00
[2024-03-11T15:31:34.249+0000] {processor.py:183} INFO - Processing /opt/airflow/dags/dag_with_catchup_and_backfill.py took 0.330 seconds
[2024-03-11T15:32:04.726+0000] {processor.py:161} INFO - Started process (PID=6811) to work on /opt/airflow/dags/dag_with_catchup_and_backfill.py
[2024-03-11T15:32:04.732+0000] {processor.py:830} INFO - Processing file /opt/airflow/dags/dag_with_catchup_and_backfill.py for tasks to queue
[2024-03-11T15:32:04.740+0000] {logging_mixin.py:188} INFO - [2024-03-11T15:32:04.738+0000] {dagbag.py:540} INFO - Filling up the DagBag from /opt/airflow/dags/dag_with_catchup_and_backfill.py
[2024-03-11T15:32:04.803+0000] {processor.py:840} INFO - DAG(s) 'dag_with_catchup_backfill_v02' retrieved from /opt/airflow/dags/dag_with_catchup_and_backfill.py
[2024-03-11T15:32:04.863+0000] {logging_mixin.py:188} INFO - [2024-03-11T15:32:04.863+0000] {dag.py:3047} INFO - Sync 1 DAGs
[2024-03-11T15:32:04.911+0000] {logging_mixin.py:188} INFO - [2024-03-11T15:32:04.910+0000] {dag.py:3834} INFO - Setting next_dagrun for dag_with_catchup_backfill_v02 to 2024-03-12 00:00:00+00:00, run_after=2024-03-13 00:00:00+00:00
[2024-03-11T15:32:04.945+0000] {processor.py:183} INFO - Processing /opt/airflow/dags/dag_with_catchup_and_backfill.py took 0.237 seconds
[2024-03-11T15:32:35.524+0000] {processor.py:161} INFO - Started process (PID=6837) to work on /opt/airflow/dags/dag_with_catchup_and_backfill.py
[2024-03-11T15:32:35.529+0000] {processor.py:830} INFO - Processing file /opt/airflow/dags/dag_with_catchup_and_backfill.py for tasks to queue
[2024-03-11T15:32:35.543+0000] {logging_mixin.py:188} INFO - [2024-03-11T15:32:35.540+0000] {dagbag.py:540} INFO - Filling up the DagBag from /opt/airflow/dags/dag_with_catchup_and_backfill.py
[2024-03-11T15:32:35.618+0000] {processor.py:840} INFO - DAG(s) 'dag_with_catchup_backfill_v02' retrieved from /opt/airflow/dags/dag_with_catchup_and_backfill.py
[2024-03-11T15:32:35.678+0000] {logging_mixin.py:188} INFO - [2024-03-11T15:32:35.677+0000] {dag.py:3047} INFO - Sync 1 DAGs
[2024-03-11T15:32:35.723+0000] {logging_mixin.py:188} INFO - [2024-03-11T15:32:35.722+0000] {dag.py:3834} INFO - Setting next_dagrun for dag_with_catchup_backfill_v02 to 2024-03-12 00:00:00+00:00, run_after=2024-03-13 00:00:00+00:00
[2024-03-11T15:32:35.770+0000] {processor.py:183} INFO - Processing /opt/airflow/dags/dag_with_catchup_and_backfill.py took 0.264 seconds
[2024-03-11T15:33:06.303+0000] {processor.py:161} INFO - Started process (PID=6863) to work on /opt/airflow/dags/dag_with_catchup_and_backfill.py
[2024-03-11T15:33:06.306+0000] {processor.py:830} INFO - Processing file /opt/airflow/dags/dag_with_catchup_and_backfill.py for tasks to queue
[2024-03-11T15:33:06.310+0000] {logging_mixin.py:188} INFO - [2024-03-11T15:33:06.308+0000] {dagbag.py:540} INFO - Filling up the DagBag from /opt/airflow/dags/dag_with_catchup_and_backfill.py
[2024-03-11T15:33:06.366+0000] {processor.py:840} INFO - DAG(s) 'dag_with_catchup_backfill_v02' retrieved from /opt/airflow/dags/dag_with_catchup_and_backfill.py
[2024-03-11T15:33:06.483+0000] {logging_mixin.py:188} INFO - [2024-03-11T15:33:06.482+0000] {dag.py:3047} INFO - Sync 1 DAGs
[2024-03-11T15:33:06.592+0000] {logging_mixin.py:188} INFO - [2024-03-11T15:33:06.592+0000] {dag.py:3834} INFO - Setting next_dagrun for dag_with_catchup_backfill_v02 to 2024-03-12 00:00:00+00:00, run_after=2024-03-13 00:00:00+00:00
[2024-03-11T15:33:06.675+0000] {processor.py:183} INFO - Processing /opt/airflow/dags/dag_with_catchup_and_backfill.py took 0.379 seconds
[2024-03-11T15:33:36.944+0000] {processor.py:161} INFO - Started process (PID=6889) to work on /opt/airflow/dags/dag_with_catchup_and_backfill.py
[2024-03-11T15:33:36.953+0000] {processor.py:830} INFO - Processing file /opt/airflow/dags/dag_with_catchup_and_backfill.py for tasks to queue
[2024-03-11T15:33:36.960+0000] {logging_mixin.py:188} INFO - [2024-03-11T15:33:36.958+0000] {dagbag.py:540} INFO - Filling up the DagBag from /opt/airflow/dags/dag_with_catchup_and_backfill.py
[2024-03-11T15:33:37.017+0000] {processor.py:840} INFO - DAG(s) 'dag_with_catchup_backfill_v02' retrieved from /opt/airflow/dags/dag_with_catchup_and_backfill.py
[2024-03-11T15:33:37.081+0000] {logging_mixin.py:188} INFO - [2024-03-11T15:33:37.080+0000] {dag.py:3047} INFO - Sync 1 DAGs
[2024-03-11T15:33:37.123+0000] {logging_mixin.py:188} INFO - [2024-03-11T15:33:37.122+0000] {dag.py:3834} INFO - Setting next_dagrun for dag_with_catchup_backfill_v02 to 2024-03-12 00:00:00+00:00, run_after=2024-03-13 00:00:00+00:00
[2024-03-11T15:33:37.157+0000] {processor.py:183} INFO - Processing /opt/airflow/dags/dag_with_catchup_and_backfill.py took 0.232 seconds
[2024-03-11T15:34:07.740+0000] {processor.py:161} INFO - Started process (PID=6915) to work on /opt/airflow/dags/dag_with_catchup_and_backfill.py
[2024-03-11T15:34:07.746+0000] {processor.py:830} INFO - Processing file /opt/airflow/dags/dag_with_catchup_and_backfill.py for tasks to queue
[2024-03-11T15:34:07.755+0000] {logging_mixin.py:188} INFO - [2024-03-11T15:34:07.753+0000] {dagbag.py:540} INFO - Filling up the DagBag from /opt/airflow/dags/dag_with_catchup_and_backfill.py
[2024-03-11T15:34:07.824+0000] {processor.py:840} INFO - DAG(s) 'dag_with_catchup_backfill_v02' retrieved from /opt/airflow/dags/dag_with_catchup_and_backfill.py
[2024-03-11T15:34:07.884+0000] {logging_mixin.py:188} INFO - [2024-03-11T15:34:07.884+0000] {dag.py:3047} INFO - Sync 1 DAGs
[2024-03-11T15:34:07.930+0000] {logging_mixin.py:188} INFO - [2024-03-11T15:34:07.930+0000] {dag.py:3834} INFO - Setting next_dagrun for dag_with_catchup_backfill_v02 to 2024-03-12 00:00:00+00:00, run_after=2024-03-13 00:00:00+00:00
[2024-03-11T15:34:07.966+0000] {processor.py:183} INFO - Processing /opt/airflow/dags/dag_with_catchup_and_backfill.py took 0.245 seconds
[2024-03-11T15:34:38.704+0000] {processor.py:161} INFO - Started process (PID=6942) to work on /opt/airflow/dags/dag_with_catchup_and_backfill.py
[2024-03-11T15:34:38.709+0000] {processor.py:830} INFO - Processing file /opt/airflow/dags/dag_with_catchup_and_backfill.py for tasks to queue
[2024-03-11T15:34:38.716+0000] {logging_mixin.py:188} INFO - [2024-03-11T15:34:38.714+0000] {dagbag.py:540} INFO - Filling up the DagBag from /opt/airflow/dags/dag_with_catchup_and_backfill.py
[2024-03-11T15:34:38.776+0000] {processor.py:840} INFO - DAG(s) 'dag_with_catchup_backfill_v02' retrieved from /opt/airflow/dags/dag_with_catchup_and_backfill.py
[2024-03-11T15:34:38.893+0000] {logging_mixin.py:188} INFO - [2024-03-11T15:34:38.893+0000] {dag.py:3047} INFO - Sync 1 DAGs
[2024-03-11T15:34:38.966+0000] {logging_mixin.py:188} INFO - [2024-03-11T15:34:38.966+0000] {dag.py:3834} INFO - Setting next_dagrun for dag_with_catchup_backfill_v02 to 2024-03-12 00:00:00+00:00, run_after=2024-03-13 00:00:00+00:00
[2024-03-11T15:34:39.011+0000] {processor.py:183} INFO - Processing /opt/airflow/dags/dag_with_catchup_and_backfill.py took 0.322 seconds
[2024-03-11T15:35:09.480+0000] {processor.py:161} INFO - Started process (PID=6968) to work on /opt/airflow/dags/dag_with_catchup_and_backfill.py
[2024-03-11T15:35:09.485+0000] {processor.py:830} INFO - Processing file /opt/airflow/dags/dag_with_catchup_and_backfill.py for tasks to queue
[2024-03-11T15:35:09.493+0000] {logging_mixin.py:188} INFO - [2024-03-11T15:35:09.490+0000] {dagbag.py:540} INFO - Filling up the DagBag from /opt/airflow/dags/dag_with_catchup_and_backfill.py
[2024-03-11T15:35:09.554+0000] {processor.py:840} INFO - DAG(s) 'dag_with_catchup_backfill_v02' retrieved from /opt/airflow/dags/dag_with_catchup_and_backfill.py
[2024-03-11T15:35:09.627+0000] {logging_mixin.py:188} INFO - [2024-03-11T15:35:09.626+0000] {dag.py:3047} INFO - Sync 1 DAGs
[2024-03-11T15:35:09.718+0000] {logging_mixin.py:188} INFO - [2024-03-11T15:35:09.717+0000] {dag.py:3834} INFO - Setting next_dagrun for dag_with_catchup_backfill_v02 to 2024-03-12 00:00:00+00:00, run_after=2024-03-13 00:00:00+00:00
[2024-03-11T15:35:09.803+0000] {processor.py:183} INFO - Processing /opt/airflow/dags/dag_with_catchup_and_backfill.py took 0.341 seconds
[2024-03-11T15:35:40.349+0000] {processor.py:161} INFO - Started process (PID=6994) to work on /opt/airflow/dags/dag_with_catchup_and_backfill.py
[2024-03-11T15:35:40.354+0000] {processor.py:830} INFO - Processing file /opt/airflow/dags/dag_with_catchup_and_backfill.py for tasks to queue
[2024-03-11T15:35:40.359+0000] {logging_mixin.py:188} INFO - [2024-03-11T15:35:40.357+0000] {dagbag.py:540} INFO - Filling up the DagBag from /opt/airflow/dags/dag_with_catchup_and_backfill.py
[2024-03-11T15:35:40.416+0000] {processor.py:840} INFO - DAG(s) 'dag_with_catchup_backfill_v02' retrieved from /opt/airflow/dags/dag_with_catchup_and_backfill.py
[2024-03-11T15:35:40.523+0000] {logging_mixin.py:188} INFO - [2024-03-11T15:35:40.523+0000] {dag.py:3047} INFO - Sync 1 DAGs
[2024-03-11T15:35:40.581+0000] {logging_mixin.py:188} INFO - [2024-03-11T15:35:40.580+0000] {dag.py:3834} INFO - Setting next_dagrun for dag_with_catchup_backfill_v02 to 2024-03-12 00:00:00+00:00, run_after=2024-03-13 00:00:00+00:00
[2024-03-11T15:35:40.620+0000] {processor.py:183} INFO - Processing /opt/airflow/dags/dag_with_catchup_and_backfill.py took 0.292 seconds
[2024-03-11T15:36:11.160+0000] {processor.py:161} INFO - Started process (PID=7020) to work on /opt/airflow/dags/dag_with_catchup_and_backfill.py
[2024-03-11T15:36:11.166+0000] {processor.py:830} INFO - Processing file /opt/airflow/dags/dag_with_catchup_and_backfill.py for tasks to queue
[2024-03-11T15:36:11.173+0000] {logging_mixin.py:188} INFO - [2024-03-11T15:36:11.171+0000] {dagbag.py:540} INFO - Filling up the DagBag from /opt/airflow/dags/dag_with_catchup_and_backfill.py
[2024-03-11T15:36:11.236+0000] {processor.py:840} INFO - DAG(s) 'dag_with_catchup_backfill_v02' retrieved from /opt/airflow/dags/dag_with_catchup_and_backfill.py
[2024-03-11T15:36:11.317+0000] {logging_mixin.py:188} INFO - [2024-03-11T15:36:11.316+0000] {dag.py:3047} INFO - Sync 1 DAGs
[2024-03-11T15:36:11.360+0000] {logging_mixin.py:188} INFO - [2024-03-11T15:36:11.360+0000] {dag.py:3834} INFO - Setting next_dagrun for dag_with_catchup_backfill_v02 to 2024-03-12 00:00:00+00:00, run_after=2024-03-13 00:00:00+00:00
[2024-03-11T15:36:11.391+0000] {processor.py:183} INFO - Processing /opt/airflow/dags/dag_with_catchup_and_backfill.py took 0.249 seconds
[2024-03-11T15:36:42.078+0000] {processor.py:161} INFO - Started process (PID=7046) to work on /opt/airflow/dags/dag_with_catchup_and_backfill.py
[2024-03-11T15:36:42.083+0000] {processor.py:830} INFO - Processing file /opt/airflow/dags/dag_with_catchup_and_backfill.py for tasks to queue
[2024-03-11T15:36:42.089+0000] {logging_mixin.py:188} INFO - [2024-03-11T15:36:42.087+0000] {dagbag.py:540} INFO - Filling up the DagBag from /opt/airflow/dags/dag_with_catchup_and_backfill.py
[2024-03-11T15:36:42.150+0000] {processor.py:840} INFO - DAG(s) 'dag_with_catchup_backfill_v02' retrieved from /opt/airflow/dags/dag_with_catchup_and_backfill.py
[2024-03-11T15:36:42.268+0000] {logging_mixin.py:188} INFO - [2024-03-11T15:36:42.267+0000] {dag.py:3047} INFO - Sync 1 DAGs
[2024-03-11T15:36:42.377+0000] {logging_mixin.py:188} INFO - [2024-03-11T15:36:42.376+0000] {dag.py:3834} INFO - Setting next_dagrun for dag_with_catchup_backfill_v02 to 2024-03-12 00:00:00+00:00, run_after=2024-03-13 00:00:00+00:00
[2024-03-11T15:36:42.459+0000] {processor.py:183} INFO - Processing /opt/airflow/dags/dag_with_catchup_and_backfill.py took 0.398 seconds
[2024-03-11T15:37:12.912+0000] {processor.py:161} INFO - Started process (PID=7072) to work on /opt/airflow/dags/dag_with_catchup_and_backfill.py
[2024-03-11T15:37:12.918+0000] {processor.py:830} INFO - Processing file /opt/airflow/dags/dag_with_catchup_and_backfill.py for tasks to queue
[2024-03-11T15:37:12.924+0000] {logging_mixin.py:188} INFO - [2024-03-11T15:37:12.922+0000] {dagbag.py:540} INFO - Filling up the DagBag from /opt/airflow/dags/dag_with_catchup_and_backfill.py
[2024-03-11T15:37:12.988+0000] {processor.py:840} INFO - DAG(s) 'dag_with_catchup_backfill_v02' retrieved from /opt/airflow/dags/dag_with_catchup_and_backfill.py
[2024-03-11T15:37:13.093+0000] {logging_mixin.py:188} INFO - [2024-03-11T15:37:13.092+0000] {dag.py:3047} INFO - Sync 1 DAGs
[2024-03-11T15:37:13.190+0000] {logging_mixin.py:188} INFO - [2024-03-11T15:37:13.189+0000] {dag.py:3834} INFO - Setting next_dagrun for dag_with_catchup_backfill_v02 to 2024-03-12 00:00:00+00:00, run_after=2024-03-13 00:00:00+00:00
[2024-03-11T15:37:13.256+0000] {processor.py:183} INFO - Processing /opt/airflow/dags/dag_with_catchup_and_backfill.py took 0.362 seconds
[2024-03-11T15:37:43.872+0000] {processor.py:161} INFO - Started process (PID=7098) to work on /opt/airflow/dags/dag_with_catchup_and_backfill.py
[2024-03-11T15:37:43.875+0000] {processor.py:830} INFO - Processing file /opt/airflow/dags/dag_with_catchup_and_backfill.py for tasks to queue
[2024-03-11T15:37:43.878+0000] {logging_mixin.py:188} INFO - [2024-03-11T15:37:43.876+0000] {dagbag.py:540} INFO - Filling up the DagBag from /opt/airflow/dags/dag_with_catchup_and_backfill.py
[2024-03-11T15:37:43.903+0000] {processor.py:840} INFO - DAG(s) 'dag_with_catchup_backfill_v02' retrieved from /opt/airflow/dags/dag_with_catchup_and_backfill.py
[2024-03-11T15:37:43.959+0000] {logging_mixin.py:188} INFO - [2024-03-11T15:37:43.958+0000] {dag.py:3047} INFO - Sync 1 DAGs
[2024-03-11T15:37:44.019+0000] {logging_mixin.py:188} INFO - [2024-03-11T15:37:44.018+0000] {dag.py:3834} INFO - Setting next_dagrun for dag_with_catchup_backfill_v02 to 2024-03-12 00:00:00+00:00, run_after=2024-03-13 00:00:00+00:00
[2024-03-11T15:37:44.061+0000] {processor.py:183} INFO - Processing /opt/airflow/dags/dag_with_catchup_and_backfill.py took 0.197 seconds
[2024-03-11T15:38:14.580+0000] {processor.py:161} INFO - Started process (PID=7124) to work on /opt/airflow/dags/dag_with_catchup_and_backfill.py
[2024-03-11T15:38:14.586+0000] {processor.py:830} INFO - Processing file /opt/airflow/dags/dag_with_catchup_and_backfill.py for tasks to queue
[2024-03-11T15:38:14.593+0000] {logging_mixin.py:188} INFO - [2024-03-11T15:38:14.590+0000] {dagbag.py:540} INFO - Filling up the DagBag from /opt/airflow/dags/dag_with_catchup_and_backfill.py
[2024-03-11T15:38:14.657+0000] {processor.py:840} INFO - DAG(s) 'dag_with_catchup_backfill_v02' retrieved from /opt/airflow/dags/dag_with_catchup_and_backfill.py
[2024-03-11T15:38:14.787+0000] {logging_mixin.py:188} INFO - [2024-03-11T15:38:14.786+0000] {dag.py:3047} INFO - Sync 1 DAGs
[2024-03-11T15:38:14.848+0000] {logging_mixin.py:188} INFO - [2024-03-11T15:38:14.848+0000] {dag.py:3834} INFO - Setting next_dagrun for dag_with_catchup_backfill_v02 to 2024-03-12 00:00:00+00:00, run_after=2024-03-13 00:00:00+00:00
[2024-03-11T15:38:14.879+0000] {processor.py:183} INFO - Processing /opt/airflow/dags/dag_with_catchup_and_backfill.py took 0.317 seconds
[2024-03-11T15:38:45.553+0000] {processor.py:161} INFO - Started process (PID=7150) to work on /opt/airflow/dags/dag_with_catchup_and_backfill.py
[2024-03-11T15:38:45.558+0000] {processor.py:830} INFO - Processing file /opt/airflow/dags/dag_with_catchup_and_backfill.py for tasks to queue
[2024-03-11T15:38:45.565+0000] {logging_mixin.py:188} INFO - [2024-03-11T15:38:45.563+0000] {dagbag.py:540} INFO - Filling up the DagBag from /opt/airflow/dags/dag_with_catchup_and_backfill.py
[2024-03-11T15:38:45.631+0000] {processor.py:840} INFO - DAG(s) 'dag_with_catchup_backfill_v02' retrieved from /opt/airflow/dags/dag_with_catchup_and_backfill.py
[2024-03-11T15:38:45.741+0000] {logging_mixin.py:188} INFO - [2024-03-11T15:38:45.741+0000] {dag.py:3047} INFO - Sync 1 DAGs
[2024-03-11T15:38:45.783+0000] {logging_mixin.py:188} INFO - [2024-03-11T15:38:45.782+0000] {dag.py:3834} INFO - Setting next_dagrun for dag_with_catchup_backfill_v02 to 2024-03-12 00:00:00+00:00, run_after=2024-03-13 00:00:00+00:00
[2024-03-11T15:38:45.820+0000] {processor.py:183} INFO - Processing /opt/airflow/dags/dag_with_catchup_and_backfill.py took 0.284 seconds
