[2024-03-11T14:59:34.291+0000] {processor.py:161} INFO - Started process (PID=4985) to work on /opt/airflow/dags/dag_with_taskflow_api.py
[2024-03-11T14:59:34.295+0000] {processor.py:830} INFO - Processing file /opt/airflow/dags/dag_with_taskflow_api.py for tasks to queue
[2024-03-11T14:59:34.298+0000] {logging_mixin.py:188} INFO - [2024-03-11T14:59:34.297+0000] {dagbag.py:540} INFO - Filling up the DagBag from /opt/airflow/dags/dag_with_taskflow_api.py
[2024-03-11T14:59:34.312+0000] {processor.py:842} WARNING - No viable dags retrieved from /opt/airflow/dags/dag_with_taskflow_api.py
[2024-03-11T14:59:34.353+0000] {processor.py:183} INFO - Processing /opt/airflow/dags/dag_with_taskflow_api.py took 0.072 seconds
[2024-03-11T15:00:02.029+0000] {processor.py:161} INFO - Started process (PID=5006) to work on /opt/airflow/dags/dag_with_taskflow_api.py
[2024-03-11T15:00:02.036+0000] {processor.py:830} INFO - Processing file /opt/airflow/dags/dag_with_taskflow_api.py for tasks to queue
[2024-03-11T15:00:02.046+0000] {logging_mixin.py:188} INFO - [2024-03-11T15:00:02.042+0000] {dagbag.py:540} INFO - Filling up the DagBag from /opt/airflow/dags/dag_with_taskflow_api.py
[2024-03-11T15:00:02.174+0000] {processor.py:840} INFO - DAG(s) 'dag_with_taskflow_api_v01' retrieved from /opt/airflow/dags/dag_with_taskflow_api.py
[2024-03-11T15:00:03.025+0000] {logging_mixin.py:188} INFO - [2024-03-11T15:00:03.023+0000] {override.py:1769} INFO - Created Permission View: can read on DAG:dag_with_taskflow_api_v01
[2024-03-11T15:00:03.106+0000] {logging_mixin.py:188} INFO - [2024-03-11T15:00:03.102+0000] {override.py:1769} INFO - Created Permission View: can delete on DAG:dag_with_taskflow_api_v01
[2024-03-11T15:00:03.165+0000] {logging_mixin.py:188} INFO - [2024-03-11T15:00:03.162+0000] {override.py:1769} INFO - Created Permission View: can edit on DAG:dag_with_taskflow_api_v01
[2024-03-11T15:00:03.168+0000] {logging_mixin.py:188} INFO - [2024-03-11T15:00:03.167+0000] {dag.py:3047} INFO - Sync 1 DAGs
[2024-03-11T15:00:03.277+0000] {logging_mixin.py:188} INFO - [2024-03-11T15:00:03.274+0000] {dag.py:3069} INFO - Creating ORM DAG for dag_with_taskflow_api_v01
[2024-03-11T15:00:03.375+0000] {logging_mixin.py:188} INFO - [2024-03-11T15:00:03.374+0000] {dag.py:3834} INFO - Setting next_dagrun for dag_with_taskflow_api_v01 to 2024-03-11 00:00:00+00:00, run_after=2024-03-12 00:00:00+00:00
[2024-03-11T15:00:03.545+0000] {processor.py:183} INFO - Processing /opt/airflow/dags/dag_with_taskflow_api.py took 1.541 seconds
[2024-03-11T15:00:34.202+0000] {processor.py:161} INFO - Started process (PID=5032) to work on /opt/airflow/dags/dag_with_taskflow_api.py
[2024-03-11T15:00:34.213+0000] {processor.py:830} INFO - Processing file /opt/airflow/dags/dag_with_taskflow_api.py for tasks to queue
[2024-03-11T15:00:34.224+0000] {logging_mixin.py:188} INFO - [2024-03-11T15:00:34.221+0000] {dagbag.py:540} INFO - Filling up the DagBag from /opt/airflow/dags/dag_with_taskflow_api.py
[2024-03-11T15:00:34.390+0000] {processor.py:840} INFO - DAG(s) 'dag_with_taskflow_api_v01' retrieved from /opt/airflow/dags/dag_with_taskflow_api.py
[2024-03-11T15:00:34.622+0000] {logging_mixin.py:188} INFO - [2024-03-11T15:00:34.621+0000] {dag.py:3047} INFO - Sync 1 DAGs
[2024-03-11T15:00:34.729+0000] {logging_mixin.py:188} INFO - [2024-03-11T15:00:34.728+0000] {dag.py:3834} INFO - Setting next_dagrun for dag_with_taskflow_api_v01 to 2024-03-11 00:00:00+00:00, run_after=2024-03-12 00:00:00+00:00
[2024-03-11T15:00:34.829+0000] {processor.py:183} INFO - Processing /opt/airflow/dags/dag_with_taskflow_api.py took 0.652 seconds
[2024-03-11T15:01:05.609+0000] {processor.py:161} INFO - Started process (PID=5053) to work on /opt/airflow/dags/dag_with_taskflow_api.py
[2024-03-11T15:01:05.632+0000] {processor.py:830} INFO - Processing file /opt/airflow/dags/dag_with_taskflow_api.py for tasks to queue
[2024-03-11T15:01:05.659+0000] {logging_mixin.py:188} INFO - [2024-03-11T15:01:05.648+0000] {dagbag.py:540} INFO - Filling up the DagBag from /opt/airflow/dags/dag_with_taskflow_api.py
[2024-03-11T15:01:05.865+0000] {processor.py:840} INFO - DAG(s) 'dag_with_taskflow_api_v01' retrieved from /opt/airflow/dags/dag_with_taskflow_api.py
[2024-03-11T15:01:06.192+0000] {logging_mixin.py:188} INFO - [2024-03-11T15:01:06.188+0000] {dag.py:3047} INFO - Sync 1 DAGs
[2024-03-11T15:01:06.465+0000] {logging_mixin.py:188} INFO - [2024-03-11T15:01:06.463+0000] {dag.py:3834} INFO - Setting next_dagrun for dag_with_taskflow_api_v01 to 2024-03-11 00:00:00+00:00, run_after=2024-03-12 00:00:00+00:00
[2024-03-11T15:01:06.722+0000] {processor.py:183} INFO - Processing /opt/airflow/dags/dag_with_taskflow_api.py took 1.182 seconds
[2024-03-11T15:01:37.392+0000] {processor.py:161} INFO - Started process (PID=5074) to work on /opt/airflow/dags/dag_with_taskflow_api.py
[2024-03-11T15:01:37.395+0000] {processor.py:830} INFO - Processing file /opt/airflow/dags/dag_with_taskflow_api.py for tasks to queue
[2024-03-11T15:01:37.400+0000] {logging_mixin.py:188} INFO - [2024-03-11T15:01:37.399+0000] {dagbag.py:540} INFO - Filling up the DagBag from /opt/airflow/dags/dag_with_taskflow_api.py
[2024-03-11T15:01:37.455+0000] {processor.py:840} INFO - DAG(s) 'dag_with_taskflow_api_v01' retrieved from /opt/airflow/dags/dag_with_taskflow_api.py
[2024-03-11T15:01:37.564+0000] {logging_mixin.py:188} INFO - [2024-03-11T15:01:37.563+0000] {dag.py:3047} INFO - Sync 1 DAGs
[2024-03-11T15:01:37.685+0000] {logging_mixin.py:188} INFO - [2024-03-11T15:01:37.684+0000] {dag.py:3834} INFO - Setting next_dagrun for dag_with_taskflow_api_v01 to 2024-03-11 00:00:00+00:00, run_after=2024-03-12 00:00:00+00:00
[2024-03-11T15:01:37.780+0000] {processor.py:183} INFO - Processing /opt/airflow/dags/dag_with_taskflow_api.py took 0.399 seconds
[2024-03-11T15:02:08.113+0000] {processor.py:161} INFO - Started process (PID=5095) to work on /opt/airflow/dags/dag_with_taskflow_api.py
[2024-03-11T15:02:08.118+0000] {processor.py:830} INFO - Processing file /opt/airflow/dags/dag_with_taskflow_api.py for tasks to queue
[2024-03-11T15:02:08.125+0000] {logging_mixin.py:188} INFO - [2024-03-11T15:02:08.123+0000] {dagbag.py:540} INFO - Filling up the DagBag from /opt/airflow/dags/dag_with_taskflow_api.py
[2024-03-11T15:02:08.200+0000] {processor.py:840} INFO - DAG(s) 'dag_with_taskflow_api_v01' retrieved from /opt/airflow/dags/dag_with_taskflow_api.py
[2024-03-11T15:02:08.334+0000] {logging_mixin.py:188} INFO - [2024-03-11T15:02:08.333+0000] {dag.py:3047} INFO - Sync 1 DAGs
[2024-03-11T15:02:08.388+0000] {logging_mixin.py:188} INFO - [2024-03-11T15:02:08.387+0000] {dag.py:3834} INFO - Setting next_dagrun for dag_with_taskflow_api_v01 to 2024-03-11 00:00:00+00:00, run_after=2024-03-12 00:00:00+00:00
[2024-03-11T15:02:08.419+0000] {processor.py:183} INFO - Processing /opt/airflow/dags/dag_with_taskflow_api.py took 0.324 seconds
[2024-03-11T15:02:39.146+0000] {processor.py:161} INFO - Started process (PID=5116) to work on /opt/airflow/dags/dag_with_taskflow_api.py
[2024-03-11T15:02:39.155+0000] {processor.py:830} INFO - Processing file /opt/airflow/dags/dag_with_taskflow_api.py for tasks to queue
[2024-03-11T15:02:39.162+0000] {logging_mixin.py:188} INFO - [2024-03-11T15:02:39.160+0000] {dagbag.py:540} INFO - Filling up the DagBag from /opt/airflow/dags/dag_with_taskflow_api.py
[2024-03-11T15:02:39.276+0000] {logging_mixin.py:188} INFO - [2024-03-11T15:02:39.253+0000] {dagbag.py:350} ERROR - Failed to import: /opt/airflow/dags/dag_with_taskflow_api.py
Traceback (most recent call last):
  File "/home/airflow/.local/lib/python3.8/site-packages/airflow/models/dagbag.py", line 346, in parse
    loader.exec_module(new_module)
  File "<frozen importlib._bootstrap_external>", line 843, in exec_module
  File "<frozen importlib._bootstrap>", line 219, in _call_with_frames_removed
  File "/opt/airflow/dags/dag_with_taskflow_api.py", line 35, in <module>
    greet_dag = hello_world_etl()
  File "/home/airflow/.local/lib/python3.8/site-packages/airflow/models/dag.py", line 3955, in factory
    f(**f_kwargs)
  File "/opt/airflow/dags/dag_with_taskflow_api.py", line 32, in hello_world_etl
    greet(name=name, age=age)
  File "/home/airflow/.local/lib/python3.8/site-packages/airflow/decorators/base.py", line 366, in __call__
    op = self.operator_class(
  File "/home/airflow/.local/lib/python3.8/site-packages/airflow/models/baseoperator.py", line 437, in apply_defaults
    result = func(self, **kwargs, default_args=default_args)
  File "/home/airflow/.local/lib/python3.8/site-packages/airflow/decorators/python.py", line 52, in __init__
    super().__init__(
  File "/home/airflow/.local/lib/python3.8/site-packages/airflow/models/baseoperator.py", line 437, in apply_defaults
    result = func(self, **kwargs, default_args=default_args)
  File "/home/airflow/.local/lib/python3.8/site-packages/airflow/decorators/base.py", line 228, in __init__
    signature.bind(*op_args, **op_kwargs)
  File "/usr/local/lib/python3.8/inspect.py", line 3037, in bind
    return self._bind(args, kwargs)
  File "/usr/local/lib/python3.8/inspect.py", line 2952, in _bind
    raise TypeError(msg) from None
TypeError: missing a required argument: 'first_name'
[2024-03-11T15:02:39.280+0000] {processor.py:842} WARNING - No viable dags retrieved from /opt/airflow/dags/dag_with_taskflow_api.py
[2024-03-11T15:02:39.402+0000] {processor.py:183} INFO - Processing /opt/airflow/dags/dag_with_taskflow_api.py took 0.281 seconds
[2024-03-11T15:03:10.073+0000] {processor.py:161} INFO - Started process (PID=5137) to work on /opt/airflow/dags/dag_with_taskflow_api.py
[2024-03-11T15:03:10.082+0000] {processor.py:830} INFO - Processing file /opt/airflow/dags/dag_with_taskflow_api.py for tasks to queue
[2024-03-11T15:03:10.100+0000] {logging_mixin.py:188} INFO - [2024-03-11T15:03:10.097+0000] {dagbag.py:540} INFO - Filling up the DagBag from /opt/airflow/dags/dag_with_taskflow_api.py
[2024-03-11T15:03:10.261+0000] {logging_mixin.py:188} INFO - [2024-03-11T15:03:10.216+0000] {dagbag.py:350} ERROR - Failed to import: /opt/airflow/dags/dag_with_taskflow_api.py
Traceback (most recent call last):
  File "/home/airflow/.local/lib/python3.8/site-packages/airflow/models/dagbag.py", line 346, in parse
    loader.exec_module(new_module)
  File "<frozen importlib._bootstrap_external>", line 843, in exec_module
  File "<frozen importlib._bootstrap>", line 219, in _call_with_frames_removed
  File "/opt/airflow/dags/dag_with_taskflow_api.py", line 35, in <module>
    greet_dag = hello_world_etl()
  File "/home/airflow/.local/lib/python3.8/site-packages/airflow/models/dag.py", line 3955, in factory
    f(**f_kwargs)
  File "/opt/airflow/dags/dag_with_taskflow_api.py", line 32, in hello_world_etl
    greet(name=name, age=age)
  File "/home/airflow/.local/lib/python3.8/site-packages/airflow/decorators/base.py", line 366, in __call__
    op = self.operator_class(
  File "/home/airflow/.local/lib/python3.8/site-packages/airflow/models/baseoperator.py", line 437, in apply_defaults
    result = func(self, **kwargs, default_args=default_args)
  File "/home/airflow/.local/lib/python3.8/site-packages/airflow/decorators/python.py", line 52, in __init__
    super().__init__(
  File "/home/airflow/.local/lib/python3.8/site-packages/airflow/models/baseoperator.py", line 437, in apply_defaults
    result = func(self, **kwargs, default_args=default_args)
  File "/home/airflow/.local/lib/python3.8/site-packages/airflow/decorators/base.py", line 228, in __init__
    signature.bind(*op_args, **op_kwargs)
  File "/usr/local/lib/python3.8/inspect.py", line 3037, in bind
    return self._bind(args, kwargs)
  File "/usr/local/lib/python3.8/inspect.py", line 2952, in _bind
    raise TypeError(msg) from None
TypeError: missing a required argument: 'first_name'
[2024-03-11T15:03:10.265+0000] {processor.py:842} WARNING - No viable dags retrieved from /opt/airflow/dags/dag_with_taskflow_api.py
[2024-03-11T15:03:10.349+0000] {processor.py:183} INFO - Processing /opt/airflow/dags/dag_with_taskflow_api.py took 0.299 seconds
[2024-03-11T15:03:14.337+0000] {processor.py:161} INFO - Started process (PID=5142) to work on /opt/airflow/dags/dag_with_taskflow_api.py
[2024-03-11T15:03:14.344+0000] {processor.py:830} INFO - Processing file /opt/airflow/dags/dag_with_taskflow_api.py for tasks to queue
[2024-03-11T15:03:14.353+0000] {logging_mixin.py:188} INFO - [2024-03-11T15:03:14.351+0000] {dagbag.py:540} INFO - Filling up the DagBag from /opt/airflow/dags/dag_with_taskflow_api.py
[2024-03-11T15:03:14.445+0000] {processor.py:840} INFO - DAG(s) 'dag_with_taskflow_api_v01' retrieved from /opt/airflow/dags/dag_with_taskflow_api.py
[2024-03-11T15:03:14.845+0000] {logging_mixin.py:188} INFO - [2024-03-11T15:03:14.845+0000] {dag.py:3047} INFO - Sync 1 DAGs
[2024-03-11T15:03:14.884+0000] {logging_mixin.py:188} INFO - [2024-03-11T15:03:14.884+0000] {dag.py:3834} INFO - Setting next_dagrun for dag_with_taskflow_api_v01 to 2024-03-11 00:00:00+00:00, run_after=2024-03-12 00:00:00+00:00
[2024-03-11T15:03:14.927+0000] {processor.py:183} INFO - Processing /opt/airflow/dags/dag_with_taskflow_api.py took 0.610 seconds
[2024-03-11T15:03:24.686+0000] {processor.py:161} INFO - Started process (PID=5153) to work on /opt/airflow/dags/dag_with_taskflow_api.py
[2024-03-11T15:03:24.694+0000] {processor.py:830} INFO - Processing file /opt/airflow/dags/dag_with_taskflow_api.py for tasks to queue
[2024-03-11T15:03:24.705+0000] {logging_mixin.py:188} INFO - [2024-03-11T15:03:24.700+0000] {dagbag.py:540} INFO - Filling up the DagBag from /opt/airflow/dags/dag_with_taskflow_api.py
[2024-03-11T15:03:24.847+0000] {processor.py:840} INFO - DAG(s) 'dag_with_taskflow_api_v02' retrieved from /opt/airflow/dags/dag_with_taskflow_api.py
[2024-03-11T15:03:25.521+0000] {logging_mixin.py:188} INFO - [2024-03-11T15:03:25.519+0000] {override.py:1769} INFO - Created Permission View: can read on DAG:dag_with_taskflow_api_v02
[2024-03-11T15:03:25.559+0000] {logging_mixin.py:188} INFO - [2024-03-11T15:03:25.557+0000] {override.py:1769} INFO - Created Permission View: can delete on DAG:dag_with_taskflow_api_v02
[2024-03-11T15:03:25.610+0000] {logging_mixin.py:188} INFO - [2024-03-11T15:03:25.606+0000] {override.py:1769} INFO - Created Permission View: can edit on DAG:dag_with_taskflow_api_v02
[2024-03-11T15:03:25.616+0000] {logging_mixin.py:188} INFO - [2024-03-11T15:03:25.613+0000] {dag.py:3047} INFO - Sync 1 DAGs
[2024-03-11T15:03:25.749+0000] {logging_mixin.py:188} INFO - [2024-03-11T15:03:25.746+0000] {dag.py:3069} INFO - Creating ORM DAG for dag_with_taskflow_api_v02
[2024-03-11T15:03:25.866+0000] {logging_mixin.py:188} INFO - [2024-03-11T15:03:25.864+0000] {dag.py:3834} INFO - Setting next_dagrun for dag_with_taskflow_api_v02 to 2024-03-11 00:00:00+00:00, run_after=2024-03-12 00:00:00+00:00
[2024-03-11T15:03:26.043+0000] {processor.py:183} INFO - Processing /opt/airflow/dags/dag_with_taskflow_api.py took 1.387 seconds
[2024-03-11T15:03:56.461+0000] {processor.py:161} INFO - Started process (PID=5180) to work on /opt/airflow/dags/dag_with_taskflow_api.py
[2024-03-11T15:03:56.467+0000] {processor.py:830} INFO - Processing file /opt/airflow/dags/dag_with_taskflow_api.py for tasks to queue
[2024-03-11T15:03:56.478+0000] {logging_mixin.py:188} INFO - [2024-03-11T15:03:56.475+0000] {dagbag.py:540} INFO - Filling up the DagBag from /opt/airflow/dags/dag_with_taskflow_api.py
[2024-03-11T15:03:56.578+0000] {processor.py:840} INFO - DAG(s) 'dag_with_taskflow_api_v02' retrieved from /opt/airflow/dags/dag_with_taskflow_api.py
[2024-03-11T15:03:56.754+0000] {logging_mixin.py:188} INFO - [2024-03-11T15:03:56.752+0000] {dag.py:3047} INFO - Sync 1 DAGs
[2024-03-11T15:03:56.904+0000] {logging_mixin.py:188} INFO - [2024-03-11T15:03:56.902+0000] {dag.py:3834} INFO - Setting next_dagrun for dag_with_taskflow_api_v02 to 2024-03-11 00:00:00+00:00, run_after=2024-03-12 00:00:00+00:00
[2024-03-11T15:03:57.029+0000] {processor.py:183} INFO - Processing /opt/airflow/dags/dag_with_taskflow_api.py took 0.594 seconds
[2024-03-11T15:04:27.440+0000] {processor.py:161} INFO - Started process (PID=5201) to work on /opt/airflow/dags/dag_with_taskflow_api.py
[2024-03-11T15:04:27.447+0000] {processor.py:830} INFO - Processing file /opt/airflow/dags/dag_with_taskflow_api.py for tasks to queue
[2024-03-11T15:04:27.454+0000] {logging_mixin.py:188} INFO - [2024-03-11T15:04:27.452+0000] {dagbag.py:540} INFO - Filling up the DagBag from /opt/airflow/dags/dag_with_taskflow_api.py
[2024-03-11T15:04:27.507+0000] {processor.py:840} INFO - DAG(s) 'dag_with_taskflow_api_v02' retrieved from /opt/airflow/dags/dag_with_taskflow_api.py
[2024-03-11T15:04:27.625+0000] {logging_mixin.py:188} INFO - [2024-03-11T15:04:27.624+0000] {dag.py:3047} INFO - Sync 1 DAGs
[2024-03-11T15:04:27.791+0000] {logging_mixin.py:188} INFO - [2024-03-11T15:04:27.790+0000] {dag.py:3834} INFO - Setting next_dagrun for dag_with_taskflow_api_v02 to 2024-03-11 00:00:00+00:00, run_after=2024-03-12 00:00:00+00:00
[2024-03-11T15:04:27.969+0000] {processor.py:183} INFO - Processing /opt/airflow/dags/dag_with_taskflow_api.py took 0.548 seconds
[2024-03-11T15:04:58.262+0000] {processor.py:161} INFO - Started process (PID=5222) to work on /opt/airflow/dags/dag_with_taskflow_api.py
[2024-03-11T15:04:58.268+0000] {processor.py:830} INFO - Processing file /opt/airflow/dags/dag_with_taskflow_api.py for tasks to queue
[2024-03-11T15:04:58.276+0000] {logging_mixin.py:188} INFO - [2024-03-11T15:04:58.274+0000] {dagbag.py:540} INFO - Filling up the DagBag from /opt/airflow/dags/dag_with_taskflow_api.py
[2024-03-11T15:04:58.380+0000] {processor.py:840} INFO - DAG(s) 'dag_with_taskflow_api_v02' retrieved from /opt/airflow/dags/dag_with_taskflow_api.py
[2024-03-11T15:04:58.542+0000] {logging_mixin.py:188} INFO - [2024-03-11T15:04:58.541+0000] {dag.py:3047} INFO - Sync 1 DAGs
[2024-03-11T15:04:58.710+0000] {logging_mixin.py:188} INFO - [2024-03-11T15:04:58.709+0000] {dag.py:3834} INFO - Setting next_dagrun for dag_with_taskflow_api_v02 to 2024-03-11 00:00:00+00:00, run_after=2024-03-12 00:00:00+00:00
[2024-03-11T15:04:58.834+0000] {processor.py:183} INFO - Processing /opt/airflow/dags/dag_with_taskflow_api.py took 0.597 seconds
[2024-03-11T15:05:29.271+0000] {processor.py:161} INFO - Started process (PID=5244) to work on /opt/airflow/dags/dag_with_taskflow_api.py
[2024-03-11T15:05:29.275+0000] {processor.py:830} INFO - Processing file /opt/airflow/dags/dag_with_taskflow_api.py for tasks to queue
[2024-03-11T15:05:29.281+0000] {logging_mixin.py:188} INFO - [2024-03-11T15:05:29.279+0000] {dagbag.py:540} INFO - Filling up the DagBag from /opt/airflow/dags/dag_with_taskflow_api.py
[2024-03-11T15:05:29.332+0000] {processor.py:840} INFO - DAG(s) 'dag_with_taskflow_api_v02' retrieved from /opt/airflow/dags/dag_with_taskflow_api.py
[2024-03-11T15:05:29.446+0000] {logging_mixin.py:188} INFO - [2024-03-11T15:05:29.445+0000] {dag.py:3047} INFO - Sync 1 DAGs
[2024-03-11T15:05:29.558+0000] {logging_mixin.py:188} INFO - [2024-03-11T15:05:29.557+0000] {dag.py:3834} INFO - Setting next_dagrun for dag_with_taskflow_api_v02 to 2024-03-11 00:00:00+00:00, run_after=2024-03-12 00:00:00+00:00
[2024-03-11T15:05:29.636+0000] {processor.py:183} INFO - Processing /opt/airflow/dags/dag_with_taskflow_api.py took 0.379 seconds
[2024-03-11T15:05:59.876+0000] {processor.py:161} INFO - Started process (PID=5265) to work on /opt/airflow/dags/dag_with_taskflow_api.py
[2024-03-11T15:05:59.883+0000] {processor.py:830} INFO - Processing file /opt/airflow/dags/dag_with_taskflow_api.py for tasks to queue
[2024-03-11T15:05:59.891+0000] {logging_mixin.py:188} INFO - [2024-03-11T15:05:59.888+0000] {dagbag.py:540} INFO - Filling up the DagBag from /opt/airflow/dags/dag_with_taskflow_api.py
[2024-03-11T15:06:00.000+0000] {processor.py:840} INFO - DAG(s) 'dag_with_taskflow_api_v02' retrieved from /opt/airflow/dags/dag_with_taskflow_api.py
[2024-03-11T15:06:00.133+0000] {logging_mixin.py:188} INFO - [2024-03-11T15:06:00.132+0000] {dag.py:3047} INFO - Sync 1 DAGs
[2024-03-11T15:06:00.196+0000] {logging_mixin.py:188} INFO - [2024-03-11T15:06:00.196+0000] {dag.py:3834} INFO - Setting next_dagrun for dag_with_taskflow_api_v02 to 2024-03-11 00:00:00+00:00, run_after=2024-03-12 00:00:00+00:00
[2024-03-11T15:06:00.244+0000] {processor.py:183} INFO - Processing /opt/airflow/dags/dag_with_taskflow_api.py took 0.393 seconds
[2024-03-11T15:06:30.547+0000] {processor.py:161} INFO - Started process (PID=5286) to work on /opt/airflow/dags/dag_with_taskflow_api.py
[2024-03-11T15:06:30.556+0000] {processor.py:830} INFO - Processing file /opt/airflow/dags/dag_with_taskflow_api.py for tasks to queue
[2024-03-11T15:06:30.572+0000] {logging_mixin.py:188} INFO - [2024-03-11T15:06:30.564+0000] {dagbag.py:540} INFO - Filling up the DagBag from /opt/airflow/dags/dag_with_taskflow_api.py
[2024-03-11T15:06:30.666+0000] {processor.py:840} INFO - DAG(s) 'dag_with_taskflow_api_v02' retrieved from /opt/airflow/dags/dag_with_taskflow_api.py
[2024-03-11T15:06:30.840+0000] {logging_mixin.py:188} INFO - [2024-03-11T15:06:30.839+0000] {dag.py:3047} INFO - Sync 1 DAGs
[2024-03-11T15:06:31.003+0000] {logging_mixin.py:188} INFO - [2024-03-11T15:06:31.001+0000] {dag.py:3834} INFO - Setting next_dagrun for dag_with_taskflow_api_v02 to 2024-03-11 00:00:00+00:00, run_after=2024-03-12 00:00:00+00:00
[2024-03-11T15:06:31.116+0000] {processor.py:183} INFO - Processing /opt/airflow/dags/dag_with_taskflow_api.py took 0.594 seconds
[2024-03-11T15:07:01.788+0000] {processor.py:161} INFO - Started process (PID=5307) to work on /opt/airflow/dags/dag_with_taskflow_api.py
[2024-03-11T15:07:01.803+0000] {processor.py:830} INFO - Processing file /opt/airflow/dags/dag_with_taskflow_api.py for tasks to queue
[2024-03-11T15:07:01.819+0000] {logging_mixin.py:188} INFO - [2024-03-11T15:07:01.816+0000] {dagbag.py:540} INFO - Filling up the DagBag from /opt/airflow/dags/dag_with_taskflow_api.py
[2024-03-11T15:07:02.013+0000] {processor.py:840} INFO - DAG(s) 'dag_with_taskflow_api_v02' retrieved from /opt/airflow/dags/dag_with_taskflow_api.py
[2024-03-11T15:07:02.247+0000] {logging_mixin.py:188} INFO - [2024-03-11T15:07:02.245+0000] {dag.py:3047} INFO - Sync 1 DAGs
[2024-03-11T15:07:02.421+0000] {logging_mixin.py:188} INFO - [2024-03-11T15:07:02.420+0000] {dag.py:3834} INFO - Setting next_dagrun for dag_with_taskflow_api_v02 to 2024-03-11 00:00:00+00:00, run_after=2024-03-12 00:00:00+00:00
[2024-03-11T15:07:02.561+0000] {processor.py:183} INFO - Processing /opt/airflow/dags/dag_with_taskflow_api.py took 0.817 seconds
[2024-03-11T15:07:33.260+0000] {processor.py:161} INFO - Started process (PID=5328) to work on /opt/airflow/dags/dag_with_taskflow_api.py
[2024-03-11T15:07:33.267+0000] {processor.py:830} INFO - Processing file /opt/airflow/dags/dag_with_taskflow_api.py for tasks to queue
[2024-03-11T15:07:33.277+0000] {logging_mixin.py:188} INFO - [2024-03-11T15:07:33.274+0000] {dagbag.py:540} INFO - Filling up the DagBag from /opt/airflow/dags/dag_with_taskflow_api.py
[2024-03-11T15:07:33.414+0000] {processor.py:840} INFO - DAG(s) 'dag_with_taskflow_api_v02' retrieved from /opt/airflow/dags/dag_with_taskflow_api.py
[2024-03-11T15:07:33.610+0000] {logging_mixin.py:188} INFO - [2024-03-11T15:07:33.609+0000] {dag.py:3047} INFO - Sync 1 DAGs
[2024-03-11T15:07:33.718+0000] {logging_mixin.py:188} INFO - [2024-03-11T15:07:33.717+0000] {dag.py:3834} INFO - Setting next_dagrun for dag_with_taskflow_api_v02 to 2024-03-11 00:00:00+00:00, run_after=2024-03-12 00:00:00+00:00
[2024-03-11T15:07:33.802+0000] {processor.py:183} INFO - Processing /opt/airflow/dags/dag_with_taskflow_api.py took 0.577 seconds
[2024-03-11T15:08:04.252+0000] {processor.py:161} INFO - Started process (PID=5352) to work on /opt/airflow/dags/dag_with_taskflow_api.py
[2024-03-11T15:08:04.258+0000] {processor.py:830} INFO - Processing file /opt/airflow/dags/dag_with_taskflow_api.py for tasks to queue
[2024-03-11T15:08:04.265+0000] {logging_mixin.py:188} INFO - [2024-03-11T15:08:04.263+0000] {dagbag.py:540} INFO - Filling up the DagBag from /opt/airflow/dags/dag_with_taskflow_api.py
[2024-03-11T15:08:04.331+0000] {processor.py:840} INFO - DAG(s) 'dag_with_taskflow_api_v02' retrieved from /opt/airflow/dags/dag_with_taskflow_api.py
[2024-03-11T15:08:04.445+0000] {logging_mixin.py:188} INFO - [2024-03-11T15:08:04.444+0000] {dag.py:3047} INFO - Sync 1 DAGs
[2024-03-11T15:08:04.535+0000] {logging_mixin.py:188} INFO - [2024-03-11T15:08:04.535+0000] {dag.py:3834} INFO - Setting next_dagrun for dag_with_taskflow_api_v02 to 2024-03-11 00:00:00+00:00, run_after=2024-03-12 00:00:00+00:00
[2024-03-11T15:08:04.602+0000] {processor.py:183} INFO - Processing /opt/airflow/dags/dag_with_taskflow_api.py took 0.374 seconds
[2024-03-11T15:08:35.137+0000] {processor.py:161} INFO - Started process (PID=5373) to work on /opt/airflow/dags/dag_with_taskflow_api.py
[2024-03-11T15:08:35.142+0000] {processor.py:830} INFO - Processing file /opt/airflow/dags/dag_with_taskflow_api.py for tasks to queue
[2024-03-11T15:08:35.146+0000] {logging_mixin.py:188} INFO - [2024-03-11T15:08:35.144+0000] {dagbag.py:540} INFO - Filling up the DagBag from /opt/airflow/dags/dag_with_taskflow_api.py
[2024-03-11T15:08:35.213+0000] {processor.py:840} INFO - DAG(s) 'dag_with_taskflow_api_v02' retrieved from /opt/airflow/dags/dag_with_taskflow_api.py
[2024-03-11T15:08:35.308+0000] {logging_mixin.py:188} INFO - [2024-03-11T15:08:35.307+0000] {dag.py:3047} INFO - Sync 1 DAGs
[2024-03-11T15:08:35.425+0000] {logging_mixin.py:188} INFO - [2024-03-11T15:08:35.424+0000] {dag.py:3834} INFO - Setting next_dagrun for dag_with_taskflow_api_v02 to 2024-03-11 00:00:00+00:00, run_after=2024-03-12 00:00:00+00:00
[2024-03-11T15:08:35.548+0000] {processor.py:183} INFO - Processing /opt/airflow/dags/dag_with_taskflow_api.py took 0.425 seconds
[2024-03-11T15:09:05.957+0000] {processor.py:161} INFO - Started process (PID=5396) to work on /opt/airflow/dags/dag_with_taskflow_api.py
[2024-03-11T15:09:05.961+0000] {processor.py:830} INFO - Processing file /opt/airflow/dags/dag_with_taskflow_api.py for tasks to queue
[2024-03-11T15:09:05.967+0000] {logging_mixin.py:188} INFO - [2024-03-11T15:09:05.966+0000] {dagbag.py:540} INFO - Filling up the DagBag from /opt/airflow/dags/dag_with_taskflow_api.py
[2024-03-11T15:09:06.016+0000] {processor.py:840} INFO - DAG(s) 'dag_with_taskflow_api_v02' retrieved from /opt/airflow/dags/dag_with_taskflow_api.py
[2024-03-11T15:09:06.092+0000] {logging_mixin.py:188} INFO - [2024-03-11T15:09:06.092+0000] {dag.py:3047} INFO - Sync 1 DAGs
[2024-03-11T15:09:06.140+0000] {logging_mixin.py:188} INFO - [2024-03-11T15:09:06.140+0000] {dag.py:3834} INFO - Setting next_dagrun for dag_with_taskflow_api_v02 to 2024-03-11 00:00:00+00:00, run_after=2024-03-12 00:00:00+00:00
[2024-03-11T15:09:06.176+0000] {processor.py:183} INFO - Processing /opt/airflow/dags/dag_with_taskflow_api.py took 0.233 seconds
[2024-03-11T15:09:36.552+0000] {processor.py:161} INFO - Started process (PID=5422) to work on /opt/airflow/dags/dag_with_taskflow_api.py
[2024-03-11T15:09:36.557+0000] {processor.py:830} INFO - Processing file /opt/airflow/dags/dag_with_taskflow_api.py for tasks to queue
[2024-03-11T15:09:36.563+0000] {logging_mixin.py:188} INFO - [2024-03-11T15:09:36.562+0000] {dagbag.py:540} INFO - Filling up the DagBag from /opt/airflow/dags/dag_with_taskflow_api.py
[2024-03-11T15:09:36.625+0000] {processor.py:840} INFO - DAG(s) 'dag_with_taskflow_api_v02' retrieved from /opt/airflow/dags/dag_with_taskflow_api.py
[2024-03-11T15:09:36.751+0000] {logging_mixin.py:188} INFO - [2024-03-11T15:09:36.750+0000] {dag.py:3047} INFO - Sync 1 DAGs
[2024-03-11T15:09:36.834+0000] {logging_mixin.py:188} INFO - [2024-03-11T15:09:36.834+0000] {dag.py:3834} INFO - Setting next_dagrun for dag_with_taskflow_api_v02 to 2024-03-11 00:00:00+00:00, run_after=2024-03-12 00:00:00+00:00
[2024-03-11T15:09:36.887+0000] {processor.py:183} INFO - Processing /opt/airflow/dags/dag_with_taskflow_api.py took 0.344 seconds
[2024-03-11T15:10:07.444+0000] {processor.py:161} INFO - Started process (PID=5450) to work on /opt/airflow/dags/dag_with_taskflow_api.py
[2024-03-11T15:10:07.454+0000] {processor.py:830} INFO - Processing file /opt/airflow/dags/dag_with_taskflow_api.py for tasks to queue
[2024-03-11T15:10:07.469+0000] {logging_mixin.py:188} INFO - [2024-03-11T15:10:07.461+0000] {dagbag.py:540} INFO - Filling up the DagBag from /opt/airflow/dags/dag_with_taskflow_api.py
[2024-03-11T15:10:07.569+0000] {processor.py:840} INFO - DAG(s) 'dag_with_taskflow_api_v02' retrieved from /opt/airflow/dags/dag_with_taskflow_api.py
[2024-03-11T15:10:07.722+0000] {logging_mixin.py:188} INFO - [2024-03-11T15:10:07.721+0000] {dag.py:3047} INFO - Sync 1 DAGs
[2024-03-11T15:10:07.808+0000] {logging_mixin.py:188} INFO - [2024-03-11T15:10:07.807+0000] {dag.py:3834} INFO - Setting next_dagrun for dag_with_taskflow_api_v02 to 2024-03-11 00:00:00+00:00, run_after=2024-03-12 00:00:00+00:00
[2024-03-11T15:10:07.862+0000] {processor.py:183} INFO - Processing /opt/airflow/dags/dag_with_taskflow_api.py took 0.443 seconds
[2024-03-11T15:10:38.473+0000] {processor.py:161} INFO - Started process (PID=5476) to work on /opt/airflow/dags/dag_with_taskflow_api.py
[2024-03-11T15:10:38.485+0000] {processor.py:830} INFO - Processing file /opt/airflow/dags/dag_with_taskflow_api.py for tasks to queue
[2024-03-11T15:10:38.496+0000] {logging_mixin.py:188} INFO - [2024-03-11T15:10:38.493+0000] {dagbag.py:540} INFO - Filling up the DagBag from /opt/airflow/dags/dag_with_taskflow_api.py
[2024-03-11T15:10:38.610+0000] {processor.py:840} INFO - DAG(s) 'dag_with_taskflow_api_v02' retrieved from /opt/airflow/dags/dag_with_taskflow_api.py
[2024-03-11T15:10:38.736+0000] {logging_mixin.py:188} INFO - [2024-03-11T15:10:38.735+0000] {dag.py:3047} INFO - Sync 1 DAGs
[2024-03-11T15:10:38.813+0000] {logging_mixin.py:188} INFO - [2024-03-11T15:10:38.812+0000] {dag.py:3834} INFO - Setting next_dagrun for dag_with_taskflow_api_v02 to 2024-03-11 00:00:00+00:00, run_after=2024-03-12 00:00:00+00:00
[2024-03-11T15:10:38.873+0000] {processor.py:183} INFO - Processing /opt/airflow/dags/dag_with_taskflow_api.py took 0.435 seconds
[2024-03-11T15:11:09.265+0000] {processor.py:161} INFO - Started process (PID=5507) to work on /opt/airflow/dags/dag_with_taskflow_api.py
[2024-03-11T15:11:09.273+0000] {processor.py:830} INFO - Processing file /opt/airflow/dags/dag_with_taskflow_api.py for tasks to queue
[2024-03-11T15:11:09.285+0000] {logging_mixin.py:188} INFO - [2024-03-11T15:11:09.282+0000] {dagbag.py:540} INFO - Filling up the DagBag from /opt/airflow/dags/dag_with_taskflow_api.py
[2024-03-11T15:11:09.389+0000] {processor.py:840} INFO - DAG(s) 'dag_with_taskflow_api_v02' retrieved from /opt/airflow/dags/dag_with_taskflow_api.py
[2024-03-11T15:11:09.557+0000] {logging_mixin.py:188} INFO - [2024-03-11T15:11:09.556+0000] {dag.py:3047} INFO - Sync 1 DAGs
[2024-03-11T15:11:09.619+0000] {logging_mixin.py:188} INFO - [2024-03-11T15:11:09.619+0000] {dag.py:3834} INFO - Setting next_dagrun for dag_with_taskflow_api_v02 to 2024-03-11 00:00:00+00:00, run_after=2024-03-12 00:00:00+00:00
[2024-03-11T15:11:09.668+0000] {processor.py:183} INFO - Processing /opt/airflow/dags/dag_with_taskflow_api.py took 0.431 seconds
[2024-03-11T15:11:40.218+0000] {processor.py:161} INFO - Started process (PID=5539) to work on /opt/airflow/dags/dag_with_taskflow_api.py
[2024-03-11T15:11:40.228+0000] {processor.py:830} INFO - Processing file /opt/airflow/dags/dag_with_taskflow_api.py for tasks to queue
[2024-03-11T15:11:40.237+0000] {logging_mixin.py:188} INFO - [2024-03-11T15:11:40.234+0000] {dagbag.py:540} INFO - Filling up the DagBag from /opt/airflow/dags/dag_with_taskflow_api.py
[2024-03-11T15:11:40.335+0000] {processor.py:840} INFO - DAG(s) 'dag_with_taskflow_api_v02' retrieved from /opt/airflow/dags/dag_with_taskflow_api.py
[2024-03-11T15:11:40.483+0000] {logging_mixin.py:188} INFO - [2024-03-11T15:11:40.482+0000] {dag.py:3047} INFO - Sync 1 DAGs
[2024-03-11T15:11:40.543+0000] {logging_mixin.py:188} INFO - [2024-03-11T15:11:40.542+0000] {dag.py:3834} INFO - Setting next_dagrun for dag_with_taskflow_api_v02 to 2024-03-11 00:00:00+00:00, run_after=2024-03-12 00:00:00+00:00
[2024-03-11T15:11:40.593+0000] {processor.py:183} INFO - Processing /opt/airflow/dags/dag_with_taskflow_api.py took 0.399 seconds
[2024-03-11T15:12:11.192+0000] {processor.py:161} INFO - Started process (PID=5565) to work on /opt/airflow/dags/dag_with_taskflow_api.py
[2024-03-11T15:12:11.199+0000] {processor.py:830} INFO - Processing file /opt/airflow/dags/dag_with_taskflow_api.py for tasks to queue
[2024-03-11T15:12:11.211+0000] {logging_mixin.py:188} INFO - [2024-03-11T15:12:11.208+0000] {dagbag.py:540} INFO - Filling up the DagBag from /opt/airflow/dags/dag_with_taskflow_api.py
[2024-03-11T15:12:11.302+0000] {processor.py:840} INFO - DAG(s) 'dag_with_taskflow_api_v02' retrieved from /opt/airflow/dags/dag_with_taskflow_api.py
[2024-03-11T15:12:11.471+0000] {logging_mixin.py:188} INFO - [2024-03-11T15:12:11.470+0000] {dag.py:3047} INFO - Sync 1 DAGs
[2024-03-11T15:12:11.612+0000] {logging_mixin.py:188} INFO - [2024-03-11T15:12:11.611+0000] {dag.py:3834} INFO - Setting next_dagrun for dag_with_taskflow_api_v02 to 2024-03-11 00:00:00+00:00, run_after=2024-03-12 00:00:00+00:00
[2024-03-11T15:12:11.747+0000] {processor.py:183} INFO - Processing /opt/airflow/dags/dag_with_taskflow_api.py took 0.577 seconds
[2024-03-11T15:12:42.552+0000] {processor.py:161} INFO - Started process (PID=5591) to work on /opt/airflow/dags/dag_with_taskflow_api.py
[2024-03-11T15:12:42.560+0000] {processor.py:830} INFO - Processing file /opt/airflow/dags/dag_with_taskflow_api.py for tasks to queue
[2024-03-11T15:12:42.569+0000] {logging_mixin.py:188} INFO - [2024-03-11T15:12:42.566+0000] {dagbag.py:540} INFO - Filling up the DagBag from /opt/airflow/dags/dag_with_taskflow_api.py
[2024-03-11T15:12:42.678+0000] {processor.py:840} INFO - DAG(s) 'dag_with_taskflow_api_v02' retrieved from /opt/airflow/dags/dag_with_taskflow_api.py
[2024-03-11T15:12:42.858+0000] {logging_mixin.py:188} INFO - [2024-03-11T15:12:42.857+0000] {dag.py:3047} INFO - Sync 1 DAGs
[2024-03-11T15:12:43.052+0000] {logging_mixin.py:188} INFO - [2024-03-11T15:12:43.051+0000] {dag.py:3834} INFO - Setting next_dagrun for dag_with_taskflow_api_v02 to 2024-03-11 00:00:00+00:00, run_after=2024-03-12 00:00:00+00:00
[2024-03-11T15:12:43.100+0000] {processor.py:183} INFO - Processing /opt/airflow/dags/dag_with_taskflow_api.py took 0.573 seconds
[2024-03-11T15:13:13.704+0000] {processor.py:161} INFO - Started process (PID=5624) to work on /opt/airflow/dags/dag_with_taskflow_api.py
[2024-03-11T15:13:13.712+0000] {processor.py:830} INFO - Processing file /opt/airflow/dags/dag_with_taskflow_api.py for tasks to queue
[2024-03-11T15:13:13.720+0000] {logging_mixin.py:188} INFO - [2024-03-11T15:13:13.718+0000] {dagbag.py:540} INFO - Filling up the DagBag from /opt/airflow/dags/dag_with_taskflow_api.py
[2024-03-11T15:13:13.830+0000] {processor.py:840} INFO - DAG(s) 'dag_with_taskflow_api_v02' retrieved from /opt/airflow/dags/dag_with_taskflow_api.py
[2024-03-11T15:13:14.037+0000] {logging_mixin.py:188} INFO - [2024-03-11T15:13:14.036+0000] {dag.py:3047} INFO - Sync 1 DAGs
[2024-03-11T15:13:14.199+0000] {logging_mixin.py:188} INFO - [2024-03-11T15:13:14.198+0000] {dag.py:3834} INFO - Setting next_dagrun for dag_with_taskflow_api_v02 to 2024-03-11 00:00:00+00:00, run_after=2024-03-12 00:00:00+00:00
[2024-03-11T15:13:14.278+0000] {processor.py:183} INFO - Processing /opt/airflow/dags/dag_with_taskflow_api.py took 0.606 seconds
[2024-03-11T15:13:44.476+0000] {processor.py:161} INFO - Started process (PID=5650) to work on /opt/airflow/dags/dag_with_taskflow_api.py
[2024-03-11T15:13:44.483+0000] {processor.py:830} INFO - Processing file /opt/airflow/dags/dag_with_taskflow_api.py for tasks to queue
[2024-03-11T15:13:44.490+0000] {logging_mixin.py:188} INFO - [2024-03-11T15:13:44.487+0000] {dagbag.py:540} INFO - Filling up the DagBag from /opt/airflow/dags/dag_with_taskflow_api.py
[2024-03-11T15:13:44.559+0000] {processor.py:840} INFO - DAG(s) 'dag_with_taskflow_api_v02' retrieved from /opt/airflow/dags/dag_with_taskflow_api.py
[2024-03-11T15:13:44.658+0000] {logging_mixin.py:188} INFO - [2024-03-11T15:13:44.658+0000] {dag.py:3047} INFO - Sync 1 DAGs
[2024-03-11T15:13:44.703+0000] {logging_mixin.py:188} INFO - [2024-03-11T15:13:44.703+0000] {dag.py:3834} INFO - Setting next_dagrun for dag_with_taskflow_api_v02 to 2024-03-11 00:00:00+00:00, run_after=2024-03-12 00:00:00+00:00
[2024-03-11T15:13:44.743+0000] {processor.py:183} INFO - Processing /opt/airflow/dags/dag_with_taskflow_api.py took 0.291 seconds
[2024-03-11T15:14:15.295+0000] {processor.py:161} INFO - Started process (PID=5676) to work on /opt/airflow/dags/dag_with_taskflow_api.py
[2024-03-11T15:14:15.307+0000] {processor.py:830} INFO - Processing file /opt/airflow/dags/dag_with_taskflow_api.py for tasks to queue
[2024-03-11T15:14:15.326+0000] {logging_mixin.py:188} INFO - [2024-03-11T15:14:15.321+0000] {dagbag.py:540} INFO - Filling up the DagBag from /opt/airflow/dags/dag_with_taskflow_api.py
[2024-03-11T15:14:15.495+0000] {processor.py:840} INFO - DAG(s) 'dag_with_taskflow_api_v02' retrieved from /opt/airflow/dags/dag_with_taskflow_api.py
[2024-03-11T15:14:15.614+0000] {logging_mixin.py:188} INFO - [2024-03-11T15:14:15.612+0000] {dag.py:3047} INFO - Sync 1 DAGs
[2024-03-11T15:14:15.700+0000] {logging_mixin.py:188} INFO - [2024-03-11T15:14:15.699+0000] {dag.py:3834} INFO - Setting next_dagrun for dag_with_taskflow_api_v02 to 2024-03-11 00:00:00+00:00, run_after=2024-03-12 00:00:00+00:00
[2024-03-11T15:14:15.770+0000] {processor.py:183} INFO - Processing /opt/airflow/dags/dag_with_taskflow_api.py took 0.501 seconds
[2024-03-11T15:14:46.340+0000] {processor.py:161} INFO - Started process (PID=5702) to work on /opt/airflow/dags/dag_with_taskflow_api.py
[2024-03-11T15:14:46.347+0000] {processor.py:830} INFO - Processing file /opt/airflow/dags/dag_with_taskflow_api.py for tasks to queue
[2024-03-11T15:14:46.359+0000] {logging_mixin.py:188} INFO - [2024-03-11T15:14:46.356+0000] {dagbag.py:540} INFO - Filling up the DagBag from /opt/airflow/dags/dag_with_taskflow_api.py
[2024-03-11T15:14:46.445+0000] {processor.py:840} INFO - DAG(s) 'dag_with_taskflow_api_v02' retrieved from /opt/airflow/dags/dag_with_taskflow_api.py
[2024-03-11T15:14:46.609+0000] {logging_mixin.py:188} INFO - [2024-03-11T15:14:46.607+0000] {dag.py:3047} INFO - Sync 1 DAGs
[2024-03-11T15:14:46.755+0000] {logging_mixin.py:188} INFO - [2024-03-11T15:14:46.753+0000] {dag.py:3834} INFO - Setting next_dagrun for dag_with_taskflow_api_v02 to 2024-03-11 00:00:00+00:00, run_after=2024-03-12 00:00:00+00:00
[2024-03-11T15:14:46.867+0000] {processor.py:183} INFO - Processing /opt/airflow/dags/dag_with_taskflow_api.py took 0.549 seconds
[2024-03-11T15:15:17.710+0000] {processor.py:161} INFO - Started process (PID=5948) to work on /opt/airflow/dags/dag_with_taskflow_api.py
[2024-03-11T15:15:17.721+0000] {processor.py:830} INFO - Processing file /opt/airflow/dags/dag_with_taskflow_api.py for tasks to queue
[2024-03-11T15:15:17.734+0000] {logging_mixin.py:188} INFO - [2024-03-11T15:15:17.730+0000] {dagbag.py:540} INFO - Filling up the DagBag from /opt/airflow/dags/dag_with_taskflow_api.py
[2024-03-11T15:15:17.913+0000] {processor.py:840} INFO - DAG(s) 'dag_with_taskflow_api_v02' retrieved from /opt/airflow/dags/dag_with_taskflow_api.py
[2024-03-11T15:15:18.144+0000] {logging_mixin.py:188} INFO - [2024-03-11T15:15:18.142+0000] {dag.py:3047} INFO - Sync 1 DAGs
[2024-03-11T15:15:18.308+0000] {logging_mixin.py:188} INFO - [2024-03-11T15:15:18.306+0000] {dag.py:3834} INFO - Setting next_dagrun for dag_with_taskflow_api_v02 to 2024-03-11 00:00:00+00:00, run_after=2024-03-12 00:00:00+00:00
[2024-03-11T15:15:18.441+0000] {processor.py:183} INFO - Processing /opt/airflow/dags/dag_with_taskflow_api.py took 0.763 seconds
[2024-03-11T15:15:48.807+0000] {processor.py:161} INFO - Started process (PID=5974) to work on /opt/airflow/dags/dag_with_taskflow_api.py
[2024-03-11T15:15:48.816+0000] {processor.py:830} INFO - Processing file /opt/airflow/dags/dag_with_taskflow_api.py for tasks to queue
[2024-03-11T15:15:48.826+0000] {logging_mixin.py:188} INFO - [2024-03-11T15:15:48.823+0000] {dagbag.py:540} INFO - Filling up the DagBag from /opt/airflow/dags/dag_with_taskflow_api.py
[2024-03-11T15:15:48.933+0000] {processor.py:840} INFO - DAG(s) 'dag_with_taskflow_api_v02' retrieved from /opt/airflow/dags/dag_with_taskflow_api.py
[2024-03-11T15:15:49.142+0000] {logging_mixin.py:188} INFO - [2024-03-11T15:15:49.140+0000] {dag.py:3047} INFO - Sync 1 DAGs
[2024-03-11T15:15:49.288+0000] {logging_mixin.py:188} INFO - [2024-03-11T15:15:49.287+0000] {dag.py:3834} INFO - Setting next_dagrun for dag_with_taskflow_api_v02 to 2024-03-11 00:00:00+00:00, run_after=2024-03-12 00:00:00+00:00
[2024-03-11T15:15:49.340+0000] {processor.py:183} INFO - Processing /opt/airflow/dags/dag_with_taskflow_api.py took 0.564 seconds
[2024-03-11T15:16:19.544+0000] {processor.py:161} INFO - Started process (PID=5999) to work on /opt/airflow/dags/dag_with_taskflow_api.py
[2024-03-11T15:16:19.554+0000] {processor.py:830} INFO - Processing file /opt/airflow/dags/dag_with_taskflow_api.py for tasks to queue
[2024-03-11T15:16:19.563+0000] {logging_mixin.py:188} INFO - [2024-03-11T15:16:19.560+0000] {dagbag.py:540} INFO - Filling up the DagBag from /opt/airflow/dags/dag_with_taskflow_api.py
[2024-03-11T15:16:19.747+0000] {processor.py:840} INFO - DAG(s) 'dag_with_taskflow_api_v02' retrieved from /opt/airflow/dags/dag_with_taskflow_api.py
[2024-03-11T15:16:19.937+0000] {logging_mixin.py:188} INFO - [2024-03-11T15:16:19.936+0000] {dag.py:3047} INFO - Sync 1 DAGs
[2024-03-11T15:16:20.039+0000] {logging_mixin.py:188} INFO - [2024-03-11T15:16:20.038+0000] {dag.py:3834} INFO - Setting next_dagrun for dag_with_taskflow_api_v02 to 2024-03-11 00:00:00+00:00, run_after=2024-03-12 00:00:00+00:00
[2024-03-11T15:16:20.116+0000] {processor.py:183} INFO - Processing /opt/airflow/dags/dag_with_taskflow_api.py took 0.609 seconds
[2024-03-11T15:16:50.665+0000] {processor.py:161} INFO - Started process (PID=6026) to work on /opt/airflow/dags/dag_with_taskflow_api.py
[2024-03-11T15:16:50.671+0000] {processor.py:830} INFO - Processing file /opt/airflow/dags/dag_with_taskflow_api.py for tasks to queue
[2024-03-11T15:16:50.678+0000] {logging_mixin.py:188} INFO - [2024-03-11T15:16:50.676+0000] {dagbag.py:540} INFO - Filling up the DagBag from /opt/airflow/dags/dag_with_taskflow_api.py
[2024-03-11T15:16:50.733+0000] {processor.py:840} INFO - DAG(s) 'dag_with_taskflow_api_v02' retrieved from /opt/airflow/dags/dag_with_taskflow_api.py
[2024-03-11T15:16:50.788+0000] {logging_mixin.py:188} INFO - [2024-03-11T15:16:50.787+0000] {dag.py:3047} INFO - Sync 1 DAGs
[2024-03-11T15:16:50.834+0000] {logging_mixin.py:188} INFO - [2024-03-11T15:16:50.834+0000] {dag.py:3834} INFO - Setting next_dagrun for dag_with_taskflow_api_v02 to 2024-03-11 00:00:00+00:00, run_after=2024-03-12 00:00:00+00:00
[2024-03-11T15:16:50.873+0000] {processor.py:183} INFO - Processing /opt/airflow/dags/dag_with_taskflow_api.py took 0.229 seconds
[2024-03-11T15:17:21.616+0000] {processor.py:161} INFO - Started process (PID=6052) to work on /opt/airflow/dags/dag_with_taskflow_api.py
[2024-03-11T15:17:21.621+0000] {processor.py:830} INFO - Processing file /opt/airflow/dags/dag_with_taskflow_api.py for tasks to queue
[2024-03-11T15:17:21.628+0000] {logging_mixin.py:188} INFO - [2024-03-11T15:17:21.625+0000] {dagbag.py:540} INFO - Filling up the DagBag from /opt/airflow/dags/dag_with_taskflow_api.py
[2024-03-11T15:17:21.694+0000] {processor.py:840} INFO - DAG(s) 'dag_with_taskflow_api_v02' retrieved from /opt/airflow/dags/dag_with_taskflow_api.py
[2024-03-11T15:17:21.766+0000] {logging_mixin.py:188} INFO - [2024-03-11T15:17:21.766+0000] {dag.py:3047} INFO - Sync 1 DAGs
[2024-03-11T15:17:21.819+0000] {logging_mixin.py:188} INFO - [2024-03-11T15:17:21.818+0000] {dag.py:3834} INFO - Setting next_dagrun for dag_with_taskflow_api_v02 to 2024-03-11 00:00:00+00:00, run_after=2024-03-12 00:00:00+00:00
[2024-03-11T15:17:21.857+0000] {processor.py:183} INFO - Processing /opt/airflow/dags/dag_with_taskflow_api.py took 0.258 seconds
[2024-03-11T15:17:52.563+0000] {processor.py:161} INFO - Started process (PID=6084) to work on /opt/airflow/dags/dag_with_taskflow_api.py
[2024-03-11T15:17:52.568+0000] {processor.py:830} INFO - Processing file /opt/airflow/dags/dag_with_taskflow_api.py for tasks to queue
[2024-03-11T15:17:52.574+0000] {logging_mixin.py:188} INFO - [2024-03-11T15:17:52.572+0000] {dagbag.py:540} INFO - Filling up the DagBag from /opt/airflow/dags/dag_with_taskflow_api.py
[2024-03-11T15:17:52.606+0000] {processor.py:840} INFO - DAG(s) 'dag_with_taskflow_api_v02' retrieved from /opt/airflow/dags/dag_with_taskflow_api.py
[2024-03-11T15:17:52.655+0000] {logging_mixin.py:188} INFO - [2024-03-11T15:17:52.654+0000] {dag.py:3047} INFO - Sync 1 DAGs
[2024-03-11T15:17:52.695+0000] {logging_mixin.py:188} INFO - [2024-03-11T15:17:52.695+0000] {dag.py:3834} INFO - Setting next_dagrun for dag_with_taskflow_api_v02 to 2024-03-11 00:00:00+00:00, run_after=2024-03-12 00:00:00+00:00
[2024-03-11T15:17:52.740+0000] {processor.py:183} INFO - Processing /opt/airflow/dags/dag_with_taskflow_api.py took 0.189 seconds
[2024-03-11T15:18:23.309+0000] {processor.py:161} INFO - Started process (PID=6110) to work on /opt/airflow/dags/dag_with_taskflow_api.py
[2024-03-11T15:18:23.315+0000] {processor.py:830} INFO - Processing file /opt/airflow/dags/dag_with_taskflow_api.py for tasks to queue
[2024-03-11T15:18:23.322+0000] {logging_mixin.py:188} INFO - [2024-03-11T15:18:23.319+0000] {dagbag.py:540} INFO - Filling up the DagBag from /opt/airflow/dags/dag_with_taskflow_api.py
[2024-03-11T15:18:23.397+0000] {processor.py:840} INFO - DAG(s) 'dag_with_taskflow_api_v02' retrieved from /opt/airflow/dags/dag_with_taskflow_api.py
[2024-03-11T15:18:23.536+0000] {logging_mixin.py:188} INFO - [2024-03-11T15:18:23.535+0000] {dag.py:3047} INFO - Sync 1 DAGs
[2024-03-11T15:18:23.610+0000] {logging_mixin.py:188} INFO - [2024-03-11T15:18:23.610+0000] {dag.py:3834} INFO - Setting next_dagrun for dag_with_taskflow_api_v02 to 2024-03-11 00:00:00+00:00, run_after=2024-03-12 00:00:00+00:00
[2024-03-11T15:18:23.652+0000] {processor.py:183} INFO - Processing /opt/airflow/dags/dag_with_taskflow_api.py took 0.360 seconds
[2024-03-11T15:18:54.134+0000] {processor.py:161} INFO - Started process (PID=6136) to work on /opt/airflow/dags/dag_with_taskflow_api.py
[2024-03-11T15:18:54.139+0000] {processor.py:830} INFO - Processing file /opt/airflow/dags/dag_with_taskflow_api.py for tasks to queue
[2024-03-11T15:18:54.146+0000] {logging_mixin.py:188} INFO - [2024-03-11T15:18:54.143+0000] {dagbag.py:540} INFO - Filling up the DagBag from /opt/airflow/dags/dag_with_taskflow_api.py
[2024-03-11T15:18:54.220+0000] {processor.py:840} INFO - DAG(s) 'dag_with_taskflow_api_v02' retrieved from /opt/airflow/dags/dag_with_taskflow_api.py
[2024-03-11T15:18:54.288+0000] {logging_mixin.py:188} INFO - [2024-03-11T15:18:54.288+0000] {dag.py:3047} INFO - Sync 1 DAGs
[2024-03-11T15:18:54.332+0000] {logging_mixin.py:188} INFO - [2024-03-11T15:18:54.331+0000] {dag.py:3834} INFO - Setting next_dagrun for dag_with_taskflow_api_v02 to 2024-03-11 00:00:00+00:00, run_after=2024-03-12 00:00:00+00:00
[2024-03-11T15:18:54.369+0000] {processor.py:183} INFO - Processing /opt/airflow/dags/dag_with_taskflow_api.py took 0.252 seconds
[2024-03-11T15:19:24.795+0000] {processor.py:161} INFO - Started process (PID=6162) to work on /opt/airflow/dags/dag_with_taskflow_api.py
[2024-03-11T15:19:24.798+0000] {processor.py:830} INFO - Processing file /opt/airflow/dags/dag_with_taskflow_api.py for tasks to queue
[2024-03-11T15:19:24.802+0000] {logging_mixin.py:188} INFO - [2024-03-11T15:19:24.801+0000] {dagbag.py:540} INFO - Filling up the DagBag from /opt/airflow/dags/dag_with_taskflow_api.py
[2024-03-11T15:19:24.829+0000] {processor.py:840} INFO - DAG(s) 'dag_with_taskflow_api_v02' retrieved from /opt/airflow/dags/dag_with_taskflow_api.py
[2024-03-11T15:19:24.882+0000] {logging_mixin.py:188} INFO - [2024-03-11T15:19:24.881+0000] {dag.py:3047} INFO - Sync 1 DAGs
[2024-03-11T15:19:24.929+0000] {logging_mixin.py:188} INFO - [2024-03-11T15:19:24.928+0000] {dag.py:3834} INFO - Setting next_dagrun for dag_with_taskflow_api_v02 to 2024-03-11 00:00:00+00:00, run_after=2024-03-12 00:00:00+00:00
[2024-03-11T15:19:24.972+0000] {processor.py:183} INFO - Processing /opt/airflow/dags/dag_with_taskflow_api.py took 0.184 seconds
[2024-03-11T15:19:55.626+0000] {processor.py:161} INFO - Started process (PID=6188) to work on /opt/airflow/dags/dag_with_taskflow_api.py
[2024-03-11T15:19:55.629+0000] {processor.py:830} INFO - Processing file /opt/airflow/dags/dag_with_taskflow_api.py for tasks to queue
[2024-03-11T15:19:55.632+0000] {logging_mixin.py:188} INFO - [2024-03-11T15:19:55.631+0000] {dagbag.py:540} INFO - Filling up the DagBag from /opt/airflow/dags/dag_with_taskflow_api.py
[2024-03-11T15:19:55.660+0000] {processor.py:840} INFO - DAG(s) 'dag_with_taskflow_api_v02' retrieved from /opt/airflow/dags/dag_with_taskflow_api.py
[2024-03-11T15:19:55.711+0000] {logging_mixin.py:188} INFO - [2024-03-11T15:19:55.710+0000] {dag.py:3047} INFO - Sync 1 DAGs
[2024-03-11T15:19:55.753+0000] {logging_mixin.py:188} INFO - [2024-03-11T15:19:55.753+0000] {dag.py:3834} INFO - Setting next_dagrun for dag_with_taskflow_api_v02 to 2024-03-11 00:00:00+00:00, run_after=2024-03-12 00:00:00+00:00
[2024-03-11T15:19:55.791+0000] {processor.py:183} INFO - Processing /opt/airflow/dags/dag_with_taskflow_api.py took 0.174 seconds
[2024-03-11T15:20:26.500+0000] {processor.py:161} INFO - Started process (PID=6215) to work on /opt/airflow/dags/dag_with_taskflow_api.py
[2024-03-11T15:20:26.510+0000] {processor.py:830} INFO - Processing file /opt/airflow/dags/dag_with_taskflow_api.py for tasks to queue
[2024-03-11T15:20:26.519+0000] {logging_mixin.py:188} INFO - [2024-03-11T15:20:26.517+0000] {dagbag.py:540} INFO - Filling up the DagBag from /opt/airflow/dags/dag_with_taskflow_api.py
[2024-03-11T15:20:26.597+0000] {processor.py:840} INFO - DAG(s) 'dag_with_taskflow_api_v02' retrieved from /opt/airflow/dags/dag_with_taskflow_api.py
[2024-03-11T15:20:26.737+0000] {logging_mixin.py:188} INFO - [2024-03-11T15:20:26.736+0000] {dag.py:3047} INFO - Sync 1 DAGs
[2024-03-11T15:20:26.822+0000] {logging_mixin.py:188} INFO - [2024-03-11T15:20:26.822+0000] {dag.py:3834} INFO - Setting next_dagrun for dag_with_taskflow_api_v02 to 2024-03-11 00:00:00+00:00, run_after=2024-03-12 00:00:00+00:00
[2024-03-11T15:20:26.863+0000] {processor.py:183} INFO - Processing /opt/airflow/dags/dag_with_taskflow_api.py took 0.381 seconds
[2024-03-11T15:20:57.304+0000] {processor.py:161} INFO - Started process (PID=6241) to work on /opt/airflow/dags/dag_with_taskflow_api.py
[2024-03-11T15:20:57.310+0000] {processor.py:830} INFO - Processing file /opt/airflow/dags/dag_with_taskflow_api.py for tasks to queue
[2024-03-11T15:20:57.318+0000] {logging_mixin.py:188} INFO - [2024-03-11T15:20:57.315+0000] {dagbag.py:540} INFO - Filling up the DagBag from /opt/airflow/dags/dag_with_taskflow_api.py
[2024-03-11T15:20:57.386+0000] {processor.py:840} INFO - DAG(s) 'dag_with_taskflow_api_v02' retrieved from /opt/airflow/dags/dag_with_taskflow_api.py
[2024-03-11T15:20:57.456+0000] {logging_mixin.py:188} INFO - [2024-03-11T15:20:57.456+0000] {dag.py:3047} INFO - Sync 1 DAGs
[2024-03-11T15:20:57.502+0000] {logging_mixin.py:188} INFO - [2024-03-11T15:20:57.501+0000] {dag.py:3834} INFO - Setting next_dagrun for dag_with_taskflow_api_v02 to 2024-03-11 00:00:00+00:00, run_after=2024-03-12 00:00:00+00:00
[2024-03-11T15:20:57.541+0000] {processor.py:183} INFO - Processing /opt/airflow/dags/dag_with_taskflow_api.py took 0.261 seconds
[2024-03-11T15:21:28.225+0000] {processor.py:161} INFO - Started process (PID=6267) to work on /opt/airflow/dags/dag_with_taskflow_api.py
[2024-03-11T15:21:28.233+0000] {processor.py:830} INFO - Processing file /opt/airflow/dags/dag_with_taskflow_api.py for tasks to queue
[2024-03-11T15:21:28.240+0000] {logging_mixin.py:188} INFO - [2024-03-11T15:21:28.238+0000] {dagbag.py:540} INFO - Filling up the DagBag from /opt/airflow/dags/dag_with_taskflow_api.py
[2024-03-11T15:21:28.319+0000] {processor.py:840} INFO - DAG(s) 'dag_with_taskflow_api_v02' retrieved from /opt/airflow/dags/dag_with_taskflow_api.py
[2024-03-11T15:21:28.388+0000] {logging_mixin.py:188} INFO - [2024-03-11T15:21:28.387+0000] {dag.py:3047} INFO - Sync 1 DAGs
[2024-03-11T15:21:28.434+0000] {logging_mixin.py:188} INFO - [2024-03-11T15:21:28.434+0000] {dag.py:3834} INFO - Setting next_dagrun for dag_with_taskflow_api_v02 to 2024-03-11 00:00:00+00:00, run_after=2024-03-12 00:00:00+00:00
[2024-03-11T15:21:28.473+0000] {processor.py:183} INFO - Processing /opt/airflow/dags/dag_with_taskflow_api.py took 0.276 seconds
[2024-03-11T15:21:59.167+0000] {processor.py:161} INFO - Started process (PID=6293) to work on /opt/airflow/dags/dag_with_taskflow_api.py
[2024-03-11T15:21:59.175+0000] {processor.py:830} INFO - Processing file /opt/airflow/dags/dag_with_taskflow_api.py for tasks to queue
[2024-03-11T15:21:59.184+0000] {logging_mixin.py:188} INFO - [2024-03-11T15:21:59.181+0000] {dagbag.py:540} INFO - Filling up the DagBag from /opt/airflow/dags/dag_with_taskflow_api.py
[2024-03-11T15:21:59.280+0000] {processor.py:840} INFO - DAG(s) 'dag_with_taskflow_api_v02' retrieved from /opt/airflow/dags/dag_with_taskflow_api.py
[2024-03-11T15:21:59.414+0000] {logging_mixin.py:188} INFO - [2024-03-11T15:21:59.414+0000] {dag.py:3047} INFO - Sync 1 DAGs
[2024-03-11T15:21:59.464+0000] {logging_mixin.py:188} INFO - [2024-03-11T15:21:59.463+0000] {dag.py:3834} INFO - Setting next_dagrun for dag_with_taskflow_api_v02 to 2024-03-11 00:00:00+00:00, run_after=2024-03-12 00:00:00+00:00
[2024-03-11T15:21:59.497+0000] {processor.py:183} INFO - Processing /opt/airflow/dags/dag_with_taskflow_api.py took 0.353 seconds
[2024-03-11T15:22:30.225+0000] {processor.py:161} INFO - Started process (PID=6320) to work on /opt/airflow/dags/dag_with_taskflow_api.py
[2024-03-11T15:22:30.231+0000] {processor.py:830} INFO - Processing file /opt/airflow/dags/dag_with_taskflow_api.py for tasks to queue
[2024-03-11T15:22:30.237+0000] {logging_mixin.py:188} INFO - [2024-03-11T15:22:30.235+0000] {dagbag.py:540} INFO - Filling up the DagBag from /opt/airflow/dags/dag_with_taskflow_api.py
[2024-03-11T15:22:30.295+0000] {processor.py:840} INFO - DAG(s) 'dag_with_taskflow_api_v02' retrieved from /opt/airflow/dags/dag_with_taskflow_api.py
[2024-03-11T15:22:30.351+0000] {logging_mixin.py:188} INFO - [2024-03-11T15:22:30.350+0000] {dag.py:3047} INFO - Sync 1 DAGs
[2024-03-11T15:22:30.403+0000] {logging_mixin.py:188} INFO - [2024-03-11T15:22:30.402+0000] {dag.py:3834} INFO - Setting next_dagrun for dag_with_taskflow_api_v02 to 2024-03-11 00:00:00+00:00, run_after=2024-03-12 00:00:00+00:00
[2024-03-11T15:22:30.445+0000] {processor.py:183} INFO - Processing /opt/airflow/dags/dag_with_taskflow_api.py took 0.240 seconds
[2024-03-11T15:23:00.704+0000] {processor.py:161} INFO - Started process (PID=6346) to work on /opt/airflow/dags/dag_with_taskflow_api.py
[2024-03-11T15:23:00.709+0000] {processor.py:830} INFO - Processing file /opt/airflow/dags/dag_with_taskflow_api.py for tasks to queue
[2024-03-11T15:23:00.719+0000] {logging_mixin.py:188} INFO - [2024-03-11T15:23:00.717+0000] {dagbag.py:540} INFO - Filling up the DagBag from /opt/airflow/dags/dag_with_taskflow_api.py
[2024-03-11T15:23:00.784+0000] {processor.py:840} INFO - DAG(s) 'dag_with_taskflow_api_v02' retrieved from /opt/airflow/dags/dag_with_taskflow_api.py
[2024-03-11T15:23:00.868+0000] {logging_mixin.py:188} INFO - [2024-03-11T15:23:00.867+0000] {dag.py:3047} INFO - Sync 1 DAGs
[2024-03-11T15:23:00.912+0000] {logging_mixin.py:188} INFO - [2024-03-11T15:23:00.911+0000] {dag.py:3834} INFO - Setting next_dagrun for dag_with_taskflow_api_v02 to 2024-03-11 00:00:00+00:00, run_after=2024-03-12 00:00:00+00:00
[2024-03-11T15:23:00.955+0000] {processor.py:183} INFO - Processing /opt/airflow/dags/dag_with_taskflow_api.py took 0.268 seconds
[2024-03-11T15:23:31.409+0000] {processor.py:161} INFO - Started process (PID=6372) to work on /opt/airflow/dags/dag_with_taskflow_api.py
[2024-03-11T15:23:31.414+0000] {processor.py:830} INFO - Processing file /opt/airflow/dags/dag_with_taskflow_api.py for tasks to queue
[2024-03-11T15:23:31.421+0000] {logging_mixin.py:188} INFO - [2024-03-11T15:23:31.419+0000] {dagbag.py:540} INFO - Filling up the DagBag from /opt/airflow/dags/dag_with_taskflow_api.py
[2024-03-11T15:23:31.488+0000] {processor.py:840} INFO - DAG(s) 'dag_with_taskflow_api_v02' retrieved from /opt/airflow/dags/dag_with_taskflow_api.py
[2024-03-11T15:23:31.548+0000] {logging_mixin.py:188} INFO - [2024-03-11T15:23:31.547+0000] {dag.py:3047} INFO - Sync 1 DAGs
[2024-03-11T15:23:31.597+0000] {logging_mixin.py:188} INFO - [2024-03-11T15:23:31.597+0000] {dag.py:3834} INFO - Setting next_dagrun for dag_with_taskflow_api_v02 to 2024-03-11 00:00:00+00:00, run_after=2024-03-12 00:00:00+00:00
[2024-03-11T15:23:31.642+0000] {processor.py:183} INFO - Processing /opt/airflow/dags/dag_with_taskflow_api.py took 0.251 seconds
[2024-03-11T15:24:02.299+0000] {processor.py:161} INFO - Started process (PID=6398) to work on /opt/airflow/dags/dag_with_taskflow_api.py
[2024-03-11T15:24:02.306+0000] {processor.py:830} INFO - Processing file /opt/airflow/dags/dag_with_taskflow_api.py for tasks to queue
[2024-03-11T15:24:02.316+0000] {logging_mixin.py:188} INFO - [2024-03-11T15:24:02.313+0000] {dagbag.py:540} INFO - Filling up the DagBag from /opt/airflow/dags/dag_with_taskflow_api.py
[2024-03-11T15:24:02.427+0000] {processor.py:840} INFO - DAG(s) 'dag_with_taskflow_api_v02' retrieved from /opt/airflow/dags/dag_with_taskflow_api.py
[2024-03-11T15:24:02.609+0000] {logging_mixin.py:188} INFO - [2024-03-11T15:24:02.607+0000] {dag.py:3047} INFO - Sync 1 DAGs
[2024-03-11T15:24:02.765+0000] {logging_mixin.py:188} INFO - [2024-03-11T15:24:02.764+0000] {dag.py:3834} INFO - Setting next_dagrun for dag_with_taskflow_api_v02 to 2024-03-11 00:00:00+00:00, run_after=2024-03-12 00:00:00+00:00
[2024-03-11T15:24:02.813+0000] {processor.py:183} INFO - Processing /opt/airflow/dags/dag_with_taskflow_api.py took 0.542 seconds
[2024-03-11T15:24:33.020+0000] {processor.py:161} INFO - Started process (PID=6424) to work on /opt/airflow/dags/dag_with_taskflow_api.py
[2024-03-11T15:24:33.025+0000] {processor.py:830} INFO - Processing file /opt/airflow/dags/dag_with_taskflow_api.py for tasks to queue
[2024-03-11T15:24:33.033+0000] {logging_mixin.py:188} INFO - [2024-03-11T15:24:33.030+0000] {dagbag.py:540} INFO - Filling up the DagBag from /opt/airflow/dags/dag_with_taskflow_api.py
[2024-03-11T15:24:33.094+0000] {processor.py:840} INFO - DAG(s) 'dag_with_taskflow_api_v02' retrieved from /opt/airflow/dags/dag_with_taskflow_api.py
[2024-03-11T15:24:33.148+0000] {logging_mixin.py:188} INFO - [2024-03-11T15:24:33.147+0000] {dag.py:3047} INFO - Sync 1 DAGs
[2024-03-11T15:24:33.190+0000] {logging_mixin.py:188} INFO - [2024-03-11T15:24:33.190+0000] {dag.py:3834} INFO - Setting next_dagrun for dag_with_taskflow_api_v02 to 2024-03-11 00:00:00+00:00, run_after=2024-03-12 00:00:00+00:00
[2024-03-11T15:24:33.230+0000] {processor.py:183} INFO - Processing /opt/airflow/dags/dag_with_taskflow_api.py took 0.227 seconds
[2024-03-11T15:25:03.564+0000] {processor.py:161} INFO - Started process (PID=6450) to work on /opt/airflow/dags/dag_with_taskflow_api.py
[2024-03-11T15:25:03.571+0000] {processor.py:830} INFO - Processing file /opt/airflow/dags/dag_with_taskflow_api.py for tasks to queue
[2024-03-11T15:25:03.580+0000] {logging_mixin.py:188} INFO - [2024-03-11T15:25:03.578+0000] {dagbag.py:540} INFO - Filling up the DagBag from /opt/airflow/dags/dag_with_taskflow_api.py
[2024-03-11T15:25:03.665+0000] {processor.py:840} INFO - DAG(s) 'dag_with_taskflow_api_v02' retrieved from /opt/airflow/dags/dag_with_taskflow_api.py
[2024-03-11T15:25:03.742+0000] {logging_mixin.py:188} INFO - [2024-03-11T15:25:03.741+0000] {dag.py:3047} INFO - Sync 1 DAGs
[2024-03-11T15:25:03.785+0000] {logging_mixin.py:188} INFO - [2024-03-11T15:25:03.784+0000] {dag.py:3834} INFO - Setting next_dagrun for dag_with_taskflow_api_v02 to 2024-03-11 00:00:00+00:00, run_after=2024-03-12 00:00:00+00:00
[2024-03-11T15:25:03.821+0000] {processor.py:183} INFO - Processing /opt/airflow/dags/dag_with_taskflow_api.py took 0.281 seconds
[2024-03-11T15:25:34.564+0000] {processor.py:161} INFO - Started process (PID=6476) to work on /opt/airflow/dags/dag_with_taskflow_api.py
[2024-03-11T15:25:34.569+0000] {processor.py:830} INFO - Processing file /opt/airflow/dags/dag_with_taskflow_api.py for tasks to queue
[2024-03-11T15:25:34.576+0000] {logging_mixin.py:188} INFO - [2024-03-11T15:25:34.574+0000] {dagbag.py:540} INFO - Filling up the DagBag from /opt/airflow/dags/dag_with_taskflow_api.py
[2024-03-11T15:25:34.651+0000] {processor.py:840} INFO - DAG(s) 'dag_with_taskflow_api_v02' retrieved from /opt/airflow/dags/dag_with_taskflow_api.py
[2024-03-11T15:25:34.716+0000] {logging_mixin.py:188} INFO - [2024-03-11T15:25:34.716+0000] {dag.py:3047} INFO - Sync 1 DAGs
[2024-03-11T15:25:34.760+0000] {logging_mixin.py:188} INFO - [2024-03-11T15:25:34.760+0000] {dag.py:3834} INFO - Setting next_dagrun for dag_with_taskflow_api_v02 to 2024-03-11 00:00:00+00:00, run_after=2024-03-12 00:00:00+00:00
[2024-03-11T15:25:34.801+0000] {processor.py:183} INFO - Processing /opt/airflow/dags/dag_with_taskflow_api.py took 0.259 seconds
[2024-03-11T15:26:05.528+0000] {processor.py:161} INFO - Started process (PID=6502) to work on /opt/airflow/dags/dag_with_taskflow_api.py
[2024-03-11T15:26:05.532+0000] {processor.py:830} INFO - Processing file /opt/airflow/dags/dag_with_taskflow_api.py for tasks to queue
[2024-03-11T15:26:05.537+0000] {logging_mixin.py:188} INFO - [2024-03-11T15:26:05.535+0000] {dagbag.py:540} INFO - Filling up the DagBag from /opt/airflow/dags/dag_with_taskflow_api.py
[2024-03-11T15:26:05.571+0000] {processor.py:840} INFO - DAG(s) 'dag_with_taskflow_api_v02' retrieved from /opt/airflow/dags/dag_with_taskflow_api.py
[2024-03-11T15:26:05.622+0000] {logging_mixin.py:188} INFO - [2024-03-11T15:26:05.622+0000] {dag.py:3047} INFO - Sync 1 DAGs
[2024-03-11T15:26:05.663+0000] {logging_mixin.py:188} INFO - [2024-03-11T15:26:05.663+0000] {dag.py:3834} INFO - Setting next_dagrun for dag_with_taskflow_api_v02 to 2024-03-11 00:00:00+00:00, run_after=2024-03-12 00:00:00+00:00
[2024-03-11T15:26:05.704+0000] {processor.py:183} INFO - Processing /opt/airflow/dags/dag_with_taskflow_api.py took 0.187 seconds
[2024-03-11T15:26:36.478+0000] {processor.py:161} INFO - Started process (PID=6528) to work on /opt/airflow/dags/dag_with_taskflow_api.py
[2024-03-11T15:26:36.483+0000] {processor.py:830} INFO - Processing file /opt/airflow/dags/dag_with_taskflow_api.py for tasks to queue
[2024-03-11T15:26:36.489+0000] {logging_mixin.py:188} INFO - [2024-03-11T15:26:36.487+0000] {dagbag.py:540} INFO - Filling up the DagBag from /opt/airflow/dags/dag_with_taskflow_api.py
[2024-03-11T15:26:36.562+0000] {processor.py:840} INFO - DAG(s) 'dag_with_taskflow_api_v02' retrieved from /opt/airflow/dags/dag_with_taskflow_api.py
[2024-03-11T15:26:36.688+0000] {logging_mixin.py:188} INFO - [2024-03-11T15:26:36.688+0000] {dag.py:3047} INFO - Sync 1 DAGs
[2024-03-11T15:26:36.800+0000] {logging_mixin.py:188} INFO - [2024-03-11T15:26:36.798+0000] {dag.py:3834} INFO - Setting next_dagrun for dag_with_taskflow_api_v02 to 2024-03-11 00:00:00+00:00, run_after=2024-03-12 00:00:00+00:00
[2024-03-11T15:26:36.893+0000] {processor.py:183} INFO - Processing /opt/airflow/dags/dag_with_taskflow_api.py took 0.432 seconds
[2024-03-11T15:27:07.424+0000] {processor.py:161} INFO - Started process (PID=6554) to work on /opt/airflow/dags/dag_with_taskflow_api.py
[2024-03-11T15:27:07.429+0000] {processor.py:830} INFO - Processing file /opt/airflow/dags/dag_with_taskflow_api.py for tasks to queue
[2024-03-11T15:27:07.435+0000] {logging_mixin.py:188} INFO - [2024-03-11T15:27:07.433+0000] {dagbag.py:540} INFO - Filling up the DagBag from /opt/airflow/dags/dag_with_taskflow_api.py
[2024-03-11T15:27:07.503+0000] {processor.py:840} INFO - DAG(s) 'dag_with_taskflow_api_v02' retrieved from /opt/airflow/dags/dag_with_taskflow_api.py
[2024-03-11T15:27:07.585+0000] {logging_mixin.py:188} INFO - [2024-03-11T15:27:07.584+0000] {dag.py:3047} INFO - Sync 1 DAGs
[2024-03-11T15:27:07.636+0000] {logging_mixin.py:188} INFO - [2024-03-11T15:27:07.635+0000] {dag.py:3834} INFO - Setting next_dagrun for dag_with_taskflow_api_v02 to 2024-03-11 00:00:00+00:00, run_after=2024-03-12 00:00:00+00:00
[2024-03-11T15:27:07.685+0000] {processor.py:183} INFO - Processing /opt/airflow/dags/dag_with_taskflow_api.py took 0.276 seconds
[2024-03-11T15:27:38.430+0000] {processor.py:161} INFO - Started process (PID=6580) to work on /opt/airflow/dags/dag_with_taskflow_api.py
[2024-03-11T15:27:38.436+0000] {processor.py:830} INFO - Processing file /opt/airflow/dags/dag_with_taskflow_api.py for tasks to queue
[2024-03-11T15:27:38.441+0000] {logging_mixin.py:188} INFO - [2024-03-11T15:27:38.439+0000] {dagbag.py:540} INFO - Filling up the DagBag from /opt/airflow/dags/dag_with_taskflow_api.py
[2024-03-11T15:27:38.511+0000] {processor.py:840} INFO - DAG(s) 'dag_with_taskflow_api_v02' retrieved from /opt/airflow/dags/dag_with_taskflow_api.py
[2024-03-11T15:27:38.569+0000] {logging_mixin.py:188} INFO - [2024-03-11T15:27:38.569+0000] {dag.py:3047} INFO - Sync 1 DAGs
[2024-03-11T15:27:38.614+0000] {logging_mixin.py:188} INFO - [2024-03-11T15:27:38.613+0000] {dag.py:3834} INFO - Setting next_dagrun for dag_with_taskflow_api_v02 to 2024-03-11 00:00:00+00:00, run_after=2024-03-12 00:00:00+00:00
[2024-03-11T15:27:38.654+0000] {processor.py:183} INFO - Processing /opt/airflow/dags/dag_with_taskflow_api.py took 0.247 seconds
[2024-03-11T15:28:09.224+0000] {processor.py:161} INFO - Started process (PID=6606) to work on /opt/airflow/dags/dag_with_taskflow_api.py
[2024-03-11T15:28:09.230+0000] {processor.py:830} INFO - Processing file /opt/airflow/dags/dag_with_taskflow_api.py for tasks to queue
[2024-03-11T15:28:09.237+0000] {logging_mixin.py:188} INFO - [2024-03-11T15:28:09.234+0000] {dagbag.py:540} INFO - Filling up the DagBag from /opt/airflow/dags/dag_with_taskflow_api.py
[2024-03-11T15:28:09.314+0000] {processor.py:840} INFO - DAG(s) 'dag_with_taskflow_api_v02' retrieved from /opt/airflow/dags/dag_with_taskflow_api.py
[2024-03-11T15:28:09.374+0000] {logging_mixin.py:188} INFO - [2024-03-11T15:28:09.374+0000] {dag.py:3047} INFO - Sync 1 DAGs
[2024-03-11T15:28:09.416+0000] {logging_mixin.py:188} INFO - [2024-03-11T15:28:09.415+0000] {dag.py:3834} INFO - Setting next_dagrun for dag_with_taskflow_api_v02 to 2024-03-11 00:00:00+00:00, run_after=2024-03-12 00:00:00+00:00
[2024-03-11T15:28:09.455+0000] {processor.py:183} INFO - Processing /opt/airflow/dags/dag_with_taskflow_api.py took 0.251 seconds
[2024-03-11T15:28:40.050+0000] {processor.py:161} INFO - Started process (PID=6632) to work on /opt/airflow/dags/dag_with_taskflow_api.py
[2024-03-11T15:28:40.055+0000] {processor.py:830} INFO - Processing file /opt/airflow/dags/dag_with_taskflow_api.py for tasks to queue
[2024-03-11T15:28:40.065+0000] {logging_mixin.py:188} INFO - [2024-03-11T15:28:40.063+0000] {dagbag.py:540} INFO - Filling up the DagBag from /opt/airflow/dags/dag_with_taskflow_api.py
[2024-03-11T15:28:40.131+0000] {processor.py:840} INFO - DAG(s) 'dag_with_taskflow_api_v02' retrieved from /opt/airflow/dags/dag_with_taskflow_api.py
[2024-03-11T15:28:40.192+0000] {logging_mixin.py:188} INFO - [2024-03-11T15:28:40.191+0000] {dag.py:3047} INFO - Sync 1 DAGs
[2024-03-11T15:28:40.237+0000] {logging_mixin.py:188} INFO - [2024-03-11T15:28:40.236+0000] {dag.py:3834} INFO - Setting next_dagrun for dag_with_taskflow_api_v02 to 2024-03-11 00:00:00+00:00, run_after=2024-03-12 00:00:00+00:00
[2024-03-11T15:28:40.281+0000] {processor.py:183} INFO - Processing /opt/airflow/dags/dag_with_taskflow_api.py took 0.248 seconds
[2024-03-11T15:29:11.108+0000] {processor.py:161} INFO - Started process (PID=6660) to work on /opt/airflow/dags/dag_with_taskflow_api.py
[2024-03-11T15:29:11.116+0000] {processor.py:830} INFO - Processing file /opt/airflow/dags/dag_with_taskflow_api.py for tasks to queue
[2024-03-11T15:29:11.125+0000] {logging_mixin.py:188} INFO - [2024-03-11T15:29:11.122+0000] {dagbag.py:540} INFO - Filling up the DagBag from /opt/airflow/dags/dag_with_taskflow_api.py
[2024-03-11T15:29:11.187+0000] {processor.py:840} INFO - DAG(s) 'dag_with_taskflow_api_v02' retrieved from /opt/airflow/dags/dag_with_taskflow_api.py
[2024-03-11T15:29:11.243+0000] {logging_mixin.py:188} INFO - [2024-03-11T15:29:11.243+0000] {dag.py:3047} INFO - Sync 1 DAGs
[2024-03-11T15:29:11.289+0000] {logging_mixin.py:188} INFO - [2024-03-11T15:29:11.289+0000] {dag.py:3834} INFO - Setting next_dagrun for dag_with_taskflow_api_v02 to 2024-03-11 00:00:00+00:00, run_after=2024-03-12 00:00:00+00:00
[2024-03-11T15:29:11.330+0000] {processor.py:183} INFO - Processing /opt/airflow/dags/dag_with_taskflow_api.py took 0.252 seconds
[2024-03-11T15:29:41.934+0000] {processor.py:161} INFO - Started process (PID=6686) to work on /opt/airflow/dags/dag_with_taskflow_api.py
[2024-03-11T15:29:41.941+0000] {processor.py:830} INFO - Processing file /opt/airflow/dags/dag_with_taskflow_api.py for tasks to queue
[2024-03-11T15:29:41.949+0000] {logging_mixin.py:188} INFO - [2024-03-11T15:29:41.946+0000] {dagbag.py:540} INFO - Filling up the DagBag from /opt/airflow/dags/dag_with_taskflow_api.py
[2024-03-11T15:29:42.029+0000] {processor.py:840} INFO - DAG(s) 'dag_with_taskflow_api_v02' retrieved from /opt/airflow/dags/dag_with_taskflow_api.py
[2024-03-11T15:29:42.086+0000] {logging_mixin.py:188} INFO - [2024-03-11T15:29:42.085+0000] {dag.py:3047} INFO - Sync 1 DAGs
[2024-03-11T15:29:42.128+0000] {logging_mixin.py:188} INFO - [2024-03-11T15:29:42.127+0000] {dag.py:3834} INFO - Setting next_dagrun for dag_with_taskflow_api_v02 to 2024-03-11 00:00:00+00:00, run_after=2024-03-12 00:00:00+00:00
[2024-03-11T15:29:42.167+0000] {processor.py:183} INFO - Processing /opt/airflow/dags/dag_with_taskflow_api.py took 0.258 seconds
[2024-03-11T15:30:12.954+0000] {processor.py:161} INFO - Started process (PID=6712) to work on /opt/airflow/dags/dag_with_taskflow_api.py
[2024-03-11T15:30:12.959+0000] {processor.py:830} INFO - Processing file /opt/airflow/dags/dag_with_taskflow_api.py for tasks to queue
[2024-03-11T15:30:12.969+0000] {logging_mixin.py:188} INFO - [2024-03-11T15:30:12.967+0000] {dagbag.py:540} INFO - Filling up the DagBag from /opt/airflow/dags/dag_with_taskflow_api.py
[2024-03-11T15:30:13.069+0000] {processor.py:840} INFO - DAG(s) 'dag_with_taskflow_api_v02' retrieved from /opt/airflow/dags/dag_with_taskflow_api.py
[2024-03-11T15:30:13.251+0000] {logging_mixin.py:188} INFO - [2024-03-11T15:30:13.251+0000] {dag.py:3047} INFO - Sync 1 DAGs
[2024-03-11T15:30:13.298+0000] {logging_mixin.py:188} INFO - [2024-03-11T15:30:13.297+0000] {dag.py:3834} INFO - Setting next_dagrun for dag_with_taskflow_api_v02 to 2024-03-11 00:00:00+00:00, run_after=2024-03-12 00:00:00+00:00
[2024-03-11T15:30:13.338+0000] {processor.py:183} INFO - Processing /opt/airflow/dags/dag_with_taskflow_api.py took 0.402 seconds
[2024-03-11T15:30:43.613+0000] {processor.py:161} INFO - Started process (PID=6738) to work on /opt/airflow/dags/dag_with_taskflow_api.py
[2024-03-11T15:30:43.618+0000] {processor.py:830} INFO - Processing file /opt/airflow/dags/dag_with_taskflow_api.py for tasks to queue
[2024-03-11T15:30:43.625+0000] {logging_mixin.py:188} INFO - [2024-03-11T15:30:43.623+0000] {dagbag.py:540} INFO - Filling up the DagBag from /opt/airflow/dags/dag_with_taskflow_api.py
[2024-03-11T15:30:43.690+0000] {processor.py:840} INFO - DAG(s) 'dag_with_taskflow_api_v02' retrieved from /opt/airflow/dags/dag_with_taskflow_api.py
[2024-03-11T15:30:43.747+0000] {logging_mixin.py:188} INFO - [2024-03-11T15:30:43.746+0000] {dag.py:3047} INFO - Sync 1 DAGs
[2024-03-11T15:30:43.791+0000] {logging_mixin.py:188} INFO - [2024-03-11T15:30:43.790+0000] {dag.py:3834} INFO - Setting next_dagrun for dag_with_taskflow_api_v02 to 2024-03-11 00:00:00+00:00, run_after=2024-03-12 00:00:00+00:00
[2024-03-11T15:30:43.834+0000] {processor.py:183} INFO - Processing /opt/airflow/dags/dag_with_taskflow_api.py took 0.248 seconds
[2024-03-11T15:31:14.404+0000] {processor.py:161} INFO - Started process (PID=6764) to work on /opt/airflow/dags/dag_with_taskflow_api.py
[2024-03-11T15:31:14.410+0000] {processor.py:830} INFO - Processing file /opt/airflow/dags/dag_with_taskflow_api.py for tasks to queue
[2024-03-11T15:31:14.418+0000] {logging_mixin.py:188} INFO - [2024-03-11T15:31:14.416+0000] {dagbag.py:540} INFO - Filling up the DagBag from /opt/airflow/dags/dag_with_taskflow_api.py
[2024-03-11T15:31:14.467+0000] {processor.py:840} INFO - DAG(s) 'dag_with_taskflow_api_v02' retrieved from /opt/airflow/dags/dag_with_taskflow_api.py
[2024-03-11T15:31:14.522+0000] {logging_mixin.py:188} INFO - [2024-03-11T15:31:14.522+0000] {dag.py:3047} INFO - Sync 1 DAGs
[2024-03-11T15:31:14.568+0000] {logging_mixin.py:188} INFO - [2024-03-11T15:31:14.568+0000] {dag.py:3834} INFO - Setting next_dagrun for dag_with_taskflow_api_v02 to 2024-03-11 00:00:00+00:00, run_after=2024-03-12 00:00:00+00:00
[2024-03-11T15:31:14.614+0000] {processor.py:183} INFO - Processing /opt/airflow/dags/dag_with_taskflow_api.py took 0.233 seconds
[2024-03-11T15:31:45.100+0000] {processor.py:161} INFO - Started process (PID=6790) to work on /opt/airflow/dags/dag_with_taskflow_api.py
[2024-03-11T15:31:45.106+0000] {processor.py:830} INFO - Processing file /opt/airflow/dags/dag_with_taskflow_api.py for tasks to queue
[2024-03-11T15:31:45.115+0000] {logging_mixin.py:188} INFO - [2024-03-11T15:31:45.112+0000] {dagbag.py:540} INFO - Filling up the DagBag from /opt/airflow/dags/dag_with_taskflow_api.py
[2024-03-11T15:31:45.197+0000] {processor.py:840} INFO - DAG(s) 'dag_with_taskflow_api_v02' retrieved from /opt/airflow/dags/dag_with_taskflow_api.py
[2024-03-11T15:31:45.315+0000] {logging_mixin.py:188} INFO - [2024-03-11T15:31:45.314+0000] {dag.py:3047} INFO - Sync 1 DAGs
[2024-03-11T15:31:45.371+0000] {logging_mixin.py:188} INFO - [2024-03-11T15:31:45.371+0000] {dag.py:3834} INFO - Setting next_dagrun for dag_with_taskflow_api_v02 to 2024-03-11 00:00:00+00:00, run_after=2024-03-12 00:00:00+00:00
[2024-03-11T15:31:45.413+0000] {processor.py:183} INFO - Processing /opt/airflow/dags/dag_with_taskflow_api.py took 0.333 seconds
[2024-03-11T15:32:15.994+0000] {processor.py:161} INFO - Started process (PID=6816) to work on /opt/airflow/dags/dag_with_taskflow_api.py
[2024-03-11T15:32:15.998+0000] {processor.py:830} INFO - Processing file /opt/airflow/dags/dag_with_taskflow_api.py for tasks to queue
[2024-03-11T15:32:16.002+0000] {logging_mixin.py:188} INFO - [2024-03-11T15:32:16.001+0000] {dagbag.py:540} INFO - Filling up the DagBag from /opt/airflow/dags/dag_with_taskflow_api.py
[2024-03-11T15:32:16.048+0000] {processor.py:840} INFO - DAG(s) 'dag_with_taskflow_api_v02' retrieved from /opt/airflow/dags/dag_with_taskflow_api.py
[2024-03-11T15:32:16.116+0000] {logging_mixin.py:188} INFO - [2024-03-11T15:32:16.115+0000] {dag.py:3047} INFO - Sync 1 DAGs
[2024-03-11T15:32:16.171+0000] {logging_mixin.py:188} INFO - [2024-03-11T15:32:16.170+0000] {dag.py:3834} INFO - Setting next_dagrun for dag_with_taskflow_api_v02 to 2024-03-11 00:00:00+00:00, run_after=2024-03-12 00:00:00+00:00
[2024-03-11T15:32:16.210+0000] {processor.py:183} INFO - Processing /opt/airflow/dags/dag_with_taskflow_api.py took 0.238 seconds
[2024-03-11T15:32:46.838+0000] {processor.py:161} INFO - Started process (PID=6842) to work on /opt/airflow/dags/dag_with_taskflow_api.py
[2024-03-11T15:32:46.843+0000] {processor.py:830} INFO - Processing file /opt/airflow/dags/dag_with_taskflow_api.py for tasks to queue
[2024-03-11T15:32:46.850+0000] {logging_mixin.py:188} INFO - [2024-03-11T15:32:46.848+0000] {dagbag.py:540} INFO - Filling up the DagBag from /opt/airflow/dags/dag_with_taskflow_api.py
[2024-03-11T15:32:46.925+0000] {processor.py:840} INFO - DAG(s) 'dag_with_taskflow_api_v02' retrieved from /opt/airflow/dags/dag_with_taskflow_api.py
[2024-03-11T15:32:46.985+0000] {logging_mixin.py:188} INFO - [2024-03-11T15:32:46.985+0000] {dag.py:3047} INFO - Sync 1 DAGs
[2024-03-11T15:32:47.027+0000] {logging_mixin.py:188} INFO - [2024-03-11T15:32:47.027+0000] {dag.py:3834} INFO - Setting next_dagrun for dag_with_taskflow_api_v02 to 2024-03-11 00:00:00+00:00, run_after=2024-03-12 00:00:00+00:00
[2024-03-11T15:32:47.059+0000] {processor.py:183} INFO - Processing /opt/airflow/dags/dag_with_taskflow_api.py took 0.238 seconds
[2024-03-11T15:33:17.431+0000] {processor.py:161} INFO - Started process (PID=6868) to work on /opt/airflow/dags/dag_with_taskflow_api.py
[2024-03-11T15:33:17.434+0000] {processor.py:830} INFO - Processing file /opt/airflow/dags/dag_with_taskflow_api.py for tasks to queue
[2024-03-11T15:33:17.438+0000] {logging_mixin.py:188} INFO - [2024-03-11T15:33:17.437+0000] {dagbag.py:540} INFO - Filling up the DagBag from /opt/airflow/dags/dag_with_taskflow_api.py
[2024-03-11T15:33:17.471+0000] {processor.py:840} INFO - DAG(s) 'dag_with_taskflow_api_v02' retrieved from /opt/airflow/dags/dag_with_taskflow_api.py
[2024-03-11T15:33:17.524+0000] {logging_mixin.py:188} INFO - [2024-03-11T15:33:17.524+0000] {dag.py:3047} INFO - Sync 1 DAGs
[2024-03-11T15:33:17.566+0000] {logging_mixin.py:188} INFO - [2024-03-11T15:33:17.566+0000] {dag.py:3834} INFO - Setting next_dagrun for dag_with_taskflow_api_v02 to 2024-03-11 00:00:00+00:00, run_after=2024-03-12 00:00:00+00:00
[2024-03-11T15:33:17.610+0000] {processor.py:183} INFO - Processing /opt/airflow/dags/dag_with_taskflow_api.py took 0.188 seconds
[2024-03-11T15:33:48.229+0000] {processor.py:161} INFO - Started process (PID=6894) to work on /opt/airflow/dags/dag_with_taskflow_api.py
[2024-03-11T15:33:48.235+0000] {processor.py:830} INFO - Processing file /opt/airflow/dags/dag_with_taskflow_api.py for tasks to queue
[2024-03-11T15:33:48.242+0000] {logging_mixin.py:188} INFO - [2024-03-11T15:33:48.239+0000] {dagbag.py:540} INFO - Filling up the DagBag from /opt/airflow/dags/dag_with_taskflow_api.py
[2024-03-11T15:33:48.321+0000] {processor.py:840} INFO - DAG(s) 'dag_with_taskflow_api_v02' retrieved from /opt/airflow/dags/dag_with_taskflow_api.py
[2024-03-11T15:33:48.379+0000] {logging_mixin.py:188} INFO - [2024-03-11T15:33:48.379+0000] {dag.py:3047} INFO - Sync 1 DAGs
[2024-03-11T15:33:48.422+0000] {logging_mixin.py:188} INFO - [2024-03-11T15:33:48.421+0000] {dag.py:3834} INFO - Setting next_dagrun for dag_with_taskflow_api_v02 to 2024-03-11 00:00:00+00:00, run_after=2024-03-12 00:00:00+00:00
[2024-03-11T15:33:48.459+0000] {processor.py:183} INFO - Processing /opt/airflow/dags/dag_with_taskflow_api.py took 0.249 seconds
[2024-03-11T15:34:19.115+0000] {processor.py:161} INFO - Started process (PID=6920) to work on /opt/airflow/dags/dag_with_taskflow_api.py
[2024-03-11T15:34:19.121+0000] {processor.py:830} INFO - Processing file /opt/airflow/dags/dag_with_taskflow_api.py for tasks to queue
[2024-03-11T15:34:19.126+0000] {logging_mixin.py:188} INFO - [2024-03-11T15:34:19.125+0000] {dagbag.py:540} INFO - Filling up the DagBag from /opt/airflow/dags/dag_with_taskflow_api.py
[2024-03-11T15:34:19.176+0000] {processor.py:840} INFO - DAG(s) 'dag_with_taskflow_api_v02' retrieved from /opt/airflow/dags/dag_with_taskflow_api.py
[2024-03-11T15:34:19.239+0000] {logging_mixin.py:188} INFO - [2024-03-11T15:34:19.238+0000] {dag.py:3047} INFO - Sync 1 DAGs
[2024-03-11T15:34:19.292+0000] {logging_mixin.py:188} INFO - [2024-03-11T15:34:19.291+0000] {dag.py:3834} INFO - Setting next_dagrun for dag_with_taskflow_api_v02 to 2024-03-11 00:00:00+00:00, run_after=2024-03-12 00:00:00+00:00
[2024-03-11T15:34:19.341+0000] {processor.py:183} INFO - Processing /opt/airflow/dags/dag_with_taskflow_api.py took 0.256 seconds
[2024-03-11T15:34:49.890+0000] {processor.py:161} INFO - Started process (PID=6947) to work on /opt/airflow/dags/dag_with_taskflow_api.py
[2024-03-11T15:34:49.896+0000] {processor.py:830} INFO - Processing file /opt/airflow/dags/dag_with_taskflow_api.py for tasks to queue
[2024-03-11T15:34:49.904+0000] {logging_mixin.py:188} INFO - [2024-03-11T15:34:49.902+0000] {dagbag.py:540} INFO - Filling up the DagBag from /opt/airflow/dags/dag_with_taskflow_api.py
[2024-03-11T15:34:50.002+0000] {processor.py:840} INFO - DAG(s) 'dag_with_taskflow_api_v02' retrieved from /opt/airflow/dags/dag_with_taskflow_api.py
[2024-03-11T15:34:50.087+0000] {logging_mixin.py:188} INFO - [2024-03-11T15:34:50.087+0000] {dag.py:3047} INFO - Sync 1 DAGs
[2024-03-11T15:34:50.135+0000] {logging_mixin.py:188} INFO - [2024-03-11T15:34:50.134+0000] {dag.py:3834} INFO - Setting next_dagrun for dag_with_taskflow_api_v02 to 2024-03-11 00:00:00+00:00, run_after=2024-03-12 00:00:00+00:00
[2024-03-11T15:34:50.173+0000] {processor.py:183} INFO - Processing /opt/airflow/dags/dag_with_taskflow_api.py took 0.304 seconds
[2024-03-11T15:35:20.814+0000] {processor.py:161} INFO - Started process (PID=6973) to work on /opt/airflow/dags/dag_with_taskflow_api.py
[2024-03-11T15:35:20.822+0000] {processor.py:830} INFO - Processing file /opt/airflow/dags/dag_with_taskflow_api.py for tasks to queue
[2024-03-11T15:35:20.828+0000] {logging_mixin.py:188} INFO - [2024-03-11T15:35:20.826+0000] {dagbag.py:540} INFO - Filling up the DagBag from /opt/airflow/dags/dag_with_taskflow_api.py
[2024-03-11T15:35:20.936+0000] {processor.py:840} INFO - DAG(s) 'dag_with_taskflow_api_v02' retrieved from /opt/airflow/dags/dag_with_taskflow_api.py
[2024-03-11T15:35:21.004+0000] {logging_mixin.py:188} INFO - [2024-03-11T15:35:21.004+0000] {dag.py:3047} INFO - Sync 1 DAGs
[2024-03-11T15:35:21.058+0000] {logging_mixin.py:188} INFO - [2024-03-11T15:35:21.057+0000] {dag.py:3834} INFO - Setting next_dagrun for dag_with_taskflow_api_v02 to 2024-03-11 00:00:00+00:00, run_after=2024-03-12 00:00:00+00:00
[2024-03-11T15:35:21.092+0000] {processor.py:183} INFO - Processing /opt/airflow/dags/dag_with_taskflow_api.py took 0.300 seconds
[2024-03-11T15:35:51.561+0000] {processor.py:161} INFO - Started process (PID=6999) to work on /opt/airflow/dags/dag_with_taskflow_api.py
[2024-03-11T15:35:51.566+0000] {processor.py:830} INFO - Processing file /opt/airflow/dags/dag_with_taskflow_api.py for tasks to queue
[2024-03-11T15:35:51.573+0000] {logging_mixin.py:188} INFO - [2024-03-11T15:35:51.571+0000] {dagbag.py:540} INFO - Filling up the DagBag from /opt/airflow/dags/dag_with_taskflow_api.py
[2024-03-11T15:35:51.657+0000] {processor.py:840} INFO - DAG(s) 'dag_with_taskflow_api_v02' retrieved from /opt/airflow/dags/dag_with_taskflow_api.py
[2024-03-11T15:35:51.722+0000] {logging_mixin.py:188} INFO - [2024-03-11T15:35:51.722+0000] {dag.py:3047} INFO - Sync 1 DAGs
[2024-03-11T15:35:51.782+0000] {logging_mixin.py:188} INFO - [2024-03-11T15:35:51.781+0000] {dag.py:3834} INFO - Setting next_dagrun for dag_with_taskflow_api_v02 to 2024-03-11 00:00:00+00:00, run_after=2024-03-12 00:00:00+00:00
[2024-03-11T15:35:51.833+0000] {processor.py:183} INFO - Processing /opt/airflow/dags/dag_with_taskflow_api.py took 0.295 seconds
[2024-03-11T15:36:22.569+0000] {processor.py:161} INFO - Started process (PID=7025) to work on /opt/airflow/dags/dag_with_taskflow_api.py
[2024-03-11T15:36:22.574+0000] {processor.py:830} INFO - Processing file /opt/airflow/dags/dag_with_taskflow_api.py for tasks to queue
[2024-03-11T15:36:22.581+0000] {logging_mixin.py:188} INFO - [2024-03-11T15:36:22.579+0000] {dagbag.py:540} INFO - Filling up the DagBag from /opt/airflow/dags/dag_with_taskflow_api.py
[2024-03-11T15:36:22.652+0000] {processor.py:840} INFO - DAG(s) 'dag_with_taskflow_api_v02' retrieved from /opt/airflow/dags/dag_with_taskflow_api.py
[2024-03-11T15:36:22.725+0000] {logging_mixin.py:188} INFO - [2024-03-11T15:36:22.724+0000] {dag.py:3047} INFO - Sync 1 DAGs
[2024-03-11T15:36:22.768+0000] {logging_mixin.py:188} INFO - [2024-03-11T15:36:22.768+0000] {dag.py:3834} INFO - Setting next_dagrun for dag_with_taskflow_api_v02 to 2024-03-11 00:00:00+00:00, run_after=2024-03-12 00:00:00+00:00
[2024-03-11T15:36:22.809+0000] {processor.py:183} INFO - Processing /opt/airflow/dags/dag_with_taskflow_api.py took 0.258 seconds
[2024-03-11T15:36:53.385+0000] {processor.py:161} INFO - Started process (PID=7051) to work on /opt/airflow/dags/dag_with_taskflow_api.py
[2024-03-11T15:36:53.390+0000] {processor.py:830} INFO - Processing file /opt/airflow/dags/dag_with_taskflow_api.py for tasks to queue
[2024-03-11T15:36:53.396+0000] {logging_mixin.py:188} INFO - [2024-03-11T15:36:53.394+0000] {dagbag.py:540} INFO - Filling up the DagBag from /opt/airflow/dags/dag_with_taskflow_api.py
[2024-03-11T15:36:53.465+0000] {processor.py:840} INFO - DAG(s) 'dag_with_taskflow_api_v02' retrieved from /opt/airflow/dags/dag_with_taskflow_api.py
[2024-03-11T15:36:53.529+0000] {logging_mixin.py:188} INFO - [2024-03-11T15:36:53.528+0000] {dag.py:3047} INFO - Sync 1 DAGs
[2024-03-11T15:36:53.574+0000] {logging_mixin.py:188} INFO - [2024-03-11T15:36:53.574+0000] {dag.py:3834} INFO - Setting next_dagrun for dag_with_taskflow_api_v02 to 2024-03-11 00:00:00+00:00, run_after=2024-03-12 00:00:00+00:00
[2024-03-11T15:36:53.617+0000] {processor.py:183} INFO - Processing /opt/airflow/dags/dag_with_taskflow_api.py took 0.249 seconds
[2024-03-11T15:37:24.260+0000] {processor.py:161} INFO - Started process (PID=7077) to work on /opt/airflow/dags/dag_with_taskflow_api.py
[2024-03-11T15:37:24.265+0000] {processor.py:830} INFO - Processing file /opt/airflow/dags/dag_with_taskflow_api.py for tasks to queue
[2024-03-11T15:37:24.274+0000] {logging_mixin.py:188} INFO - [2024-03-11T15:37:24.271+0000] {dagbag.py:540} INFO - Filling up the DagBag from /opt/airflow/dags/dag_with_taskflow_api.py
[2024-03-11T15:37:24.348+0000] {processor.py:840} INFO - DAG(s) 'dag_with_taskflow_api_v02' retrieved from /opt/airflow/dags/dag_with_taskflow_api.py
[2024-03-11T15:37:24.480+0000] {logging_mixin.py:188} INFO - [2024-03-11T15:37:24.479+0000] {dag.py:3047} INFO - Sync 1 DAGs
[2024-03-11T15:37:24.526+0000] {logging_mixin.py:188} INFO - [2024-03-11T15:37:24.526+0000] {dag.py:3834} INFO - Setting next_dagrun for dag_with_taskflow_api_v02 to 2024-03-11 00:00:00+00:00, run_after=2024-03-12 00:00:00+00:00
[2024-03-11T15:37:24.565+0000] {processor.py:183} INFO - Processing /opt/airflow/dags/dag_with_taskflow_api.py took 0.322 seconds
[2024-03-11T15:37:55.023+0000] {processor.py:161} INFO - Started process (PID=7103) to work on /opt/airflow/dags/dag_with_taskflow_api.py
[2024-03-11T15:37:55.028+0000] {processor.py:830} INFO - Processing file /opt/airflow/dags/dag_with_taskflow_api.py for tasks to queue
[2024-03-11T15:37:55.036+0000] {logging_mixin.py:188} INFO - [2024-03-11T15:37:55.034+0000] {dagbag.py:540} INFO - Filling up the DagBag from /opt/airflow/dags/dag_with_taskflow_api.py
[2024-03-11T15:37:55.092+0000] {processor.py:840} INFO - DAG(s) 'dag_with_taskflow_api_v02' retrieved from /opt/airflow/dags/dag_with_taskflow_api.py
[2024-03-11T15:37:55.143+0000] {logging_mixin.py:188} INFO - [2024-03-11T15:37:55.142+0000] {dag.py:3047} INFO - Sync 1 DAGs
[2024-03-11T15:37:55.188+0000] {logging_mixin.py:188} INFO - [2024-03-11T15:37:55.187+0000] {dag.py:3834} INFO - Setting next_dagrun for dag_with_taskflow_api_v02 to 2024-03-11 00:00:00+00:00, run_after=2024-03-12 00:00:00+00:00
[2024-03-11T15:37:55.228+0000] {processor.py:183} INFO - Processing /opt/airflow/dags/dag_with_taskflow_api.py took 0.222 seconds
[2024-03-11T15:38:25.996+0000] {processor.py:161} INFO - Started process (PID=7129) to work on /opt/airflow/dags/dag_with_taskflow_api.py
[2024-03-11T15:38:26.002+0000] {processor.py:830} INFO - Processing file /opt/airflow/dags/dag_with_taskflow_api.py for tasks to queue
[2024-03-11T15:38:26.010+0000] {logging_mixin.py:188} INFO - [2024-03-11T15:38:26.007+0000] {dagbag.py:540} INFO - Filling up the DagBag from /opt/airflow/dags/dag_with_taskflow_api.py
[2024-03-11T15:38:26.069+0000] {processor.py:840} INFO - DAG(s) 'dag_with_taskflow_api_v02' retrieved from /opt/airflow/dags/dag_with_taskflow_api.py
[2024-03-11T15:38:26.122+0000] {logging_mixin.py:188} INFO - [2024-03-11T15:38:26.122+0000] {dag.py:3047} INFO - Sync 1 DAGs
[2024-03-11T15:38:26.164+0000] {logging_mixin.py:188} INFO - [2024-03-11T15:38:26.163+0000] {dag.py:3834} INFO - Setting next_dagrun for dag_with_taskflow_api_v02 to 2024-03-11 00:00:00+00:00, run_after=2024-03-12 00:00:00+00:00
[2024-03-11T15:38:26.202+0000] {processor.py:183} INFO - Processing /opt/airflow/dags/dag_with_taskflow_api.py took 0.226 seconds
[2024-03-11T15:38:56.984+0000] {processor.py:161} INFO - Started process (PID=7155) to work on /opt/airflow/dags/dag_with_taskflow_api.py
[2024-03-11T15:38:56.994+0000] {processor.py:830} INFO - Processing file /opt/airflow/dags/dag_with_taskflow_api.py for tasks to queue
[2024-03-11T15:38:57.002+0000] {logging_mixin.py:188} INFO - [2024-03-11T15:38:56.999+0000] {dagbag.py:540} INFO - Filling up the DagBag from /opt/airflow/dags/dag_with_taskflow_api.py
[2024-03-11T15:38:57.090+0000] {processor.py:840} INFO - DAG(s) 'dag_with_taskflow_api_v02' retrieved from /opt/airflow/dags/dag_with_taskflow_api.py
[2024-03-11T15:38:57.236+0000] {logging_mixin.py:188} INFO - [2024-03-11T15:38:57.235+0000] {dag.py:3047} INFO - Sync 1 DAGs
[2024-03-11T15:38:57.306+0000] {logging_mixin.py:188} INFO - [2024-03-11T15:38:57.306+0000] {dag.py:3834} INFO - Setting next_dagrun for dag_with_taskflow_api_v02 to 2024-03-11 00:00:00+00:00, run_after=2024-03-12 00:00:00+00:00
[2024-03-11T15:38:57.339+0000] {processor.py:183} INFO - Processing /opt/airflow/dags/dag_with_taskflow_api.py took 0.376 seconds
