[2024-03-25T15:26:12.555+0000] {taskinstance.py:1979} INFO - Dependencies all met for dep_context=non-requeueable deps ti=<TaskInstance: dag_with_postgres_operator_v02.delete_data_from_table scheduled__2024-03-17T00:00:00+00:00 [queued]>
[2024-03-25T15:26:12.684+0000] {taskinstance.py:1979} INFO - Dependencies all met for dep_context=requeueable deps ti=<TaskInstance: dag_with_postgres_operator_v02.delete_data_from_table scheduled__2024-03-17T00:00:00+00:00 [queued]>
[2024-03-25T15:26:12.697+0000] {taskinstance.py:2193} INFO - Starting attempt 1 of 6
[2024-03-25T15:26:12.892+0000] {taskinstance.py:2214} INFO - Executing <Task(PostgresOperator): delete_data_from_table> on 2024-03-17 00:00:00+00:00
[2024-03-25T15:26:12.949+0000] {standard_task_runner.py:60} INFO - Started process 1198 to run task
[2024-03-25T15:26:13.033+0000] {standard_task_runner.py:87} INFO - Running: ['***', 'tasks', 'run', 'dag_with_postgres_operator_v02', 'delete_data_from_table', 'scheduled__2024-03-17T00:00:00+00:00', '--job-id', '1022', '--raw', '--subdir', 'DAGS_FOLDER/dag_with_postgres_operator.py', '--cfg-path', '/tmp/tmpe3p576aa']
[2024-03-25T15:26:13.084+0000] {standard_task_runner.py:88} INFO - Job 1022: Subtask delete_data_from_table
[2024-03-25T15:26:13.527+0000] {task_command.py:423} INFO - Running <TaskInstance: dag_with_postgres_operator_v02.delete_data_from_table scheduled__2024-03-17T00:00:00+00:00 [running]> on host 932f824b7ebb
[2024-03-25T15:26:14.210+0000] {taskinstance.py:2510} INFO - Exporting env vars: AIRFLOW_CTX_DAG_OWNER='daniel' AIRFLOW_CTX_DAG_ID='dag_with_postgres_operator_v02' AIRFLOW_CTX_TASK_ID='delete_data_from_table' AIRFLOW_CTX_EXECUTION_DATE='2024-03-17T00:00:00+00:00' AIRFLOW_CTX_TRY_NUMBER='1' AIRFLOW_CTX_DAG_RUN_ID='scheduled__2024-03-17T00:00:00+00:00'
[2024-03-25T15:26:14.220+0000] {sql.py:276} INFO - Executing: 
            delete from dag_runs where dt = '2024-03-17' and dag_id = 'dag_with_postgres_operator_v02';
        
[2024-03-25T15:26:14.280+0000] {base.py:83} INFO - Using connection ID 'postgres_localhost' for task execution.
[2024-03-25T15:26:14.335+0000] {base.py:83} INFO - Using connection ID 'postgres_localhost' for task execution.
[2024-03-25T15:26:14.397+0000] {sql.py:457} INFO - Running statement: 
            delete from dag_runs where dt = '2024-03-17' and dag_id = 'dag_with_postgres_operator_v02';
        , parameters: None
[2024-03-25T15:26:14.431+0000] {sql.py:466} INFO - Rows affected: 0
[2024-03-25T15:26:14.512+0000] {logging_mixin.py:188} WARNING - /home/***/.local/lib/python3.8/site-packages/***/providers/common/sql/hooks/sql.py:407 AirflowProviderDeprecationWarning: Call to deprecated method _make_common_data_structure. (The `_make_serializable` method is deprecated and support will be removed in a future version of the common.sql provider. Please update the DbApiHook's provider to a version based on common.sql >= 1.9.1.)
[2024-03-25T15:26:14.567+0000] {taskinstance.py:1149} INFO - Marking task as SUCCESS. dag_id=dag_with_postgres_operator_v02, task_id=delete_data_from_table, execution_date=20240317T000000, start_date=20240325T152612, end_date=20240325T152614
[2024-03-25T15:26:14.685+0000] {local_task_job_runner.py:234} INFO - Task exited with return code 0
[2024-03-25T15:26:15.201+0000] {logging_mixin.py:188} WARNING - /home/***/.local/lib/python3.8/site-packages/***/models/baseoperator.py:1201 AirflowProviderDeprecationWarning: Call to deprecated class PostgresOperator. (Please use `***.providers.common.sql.operators.sql.SQLExecuteQueryOperator`.Also, you can provide `hook_params={'schema': <database>}`.)
[2024-03-25T15:26:15.325+0000] {taskinstance.py:3309} INFO - 1 downstream tasks scheduled from follow-on schedule check
