[2024-03-12T11:09:12.320+0000] {taskinstance.py:1979} INFO - Dependencies all met for dep_context=non-requeueable deps ti=<TaskInstance: dag_with_postgres_operator_v02.create_postgres_table manual__2024-03-12T11:09:11.280916+00:00 [queued]>
[2024-03-12T11:09:12.345+0000] {taskinstance.py:1979} INFO - Dependencies all met for dep_context=requeueable deps ti=<TaskInstance: dag_with_postgres_operator_v02.create_postgres_table manual__2024-03-12T11:09:11.280916+00:00 [queued]>
[2024-03-12T11:09:12.347+0000] {taskinstance.py:2193} INFO - Starting attempt 1 of 6
[2024-03-12T11:09:12.380+0000] {taskinstance.py:2214} INFO - Executing <Task(PostgresOperator): create_postgres_table> on 2024-03-12 11:09:11.280916+00:00
[2024-03-12T11:09:12.394+0000] {standard_task_runner.py:60} INFO - Started process 2061 to run task
[2024-03-12T11:09:12.408+0000] {standard_task_runner.py:87} INFO - Running: ['***', 'tasks', 'run', 'dag_with_postgres_operator_v02', 'create_postgres_table', 'manual__2024-03-12T11:09:11.280916+00:00', '--job-id', '879', '--raw', '--subdir', 'DAGS_FOLDER/dag_with_postgres_operator.py', '--cfg-path', '/tmp/tmp7gv5b8bd']
[2024-03-12T11:09:12.416+0000] {standard_task_runner.py:88} INFO - Job 879: Subtask create_postgres_table
[2024-03-12T11:09:12.540+0000] {task_command.py:423} INFO - Running <TaskInstance: dag_with_postgres_operator_v02.create_postgres_table manual__2024-03-12T11:09:11.280916+00:00 [running]> on host 26e63b1d0d39
[2024-03-12T11:09:12.707+0000] {taskinstance.py:2510} INFO - Exporting env vars: AIRFLOW_CTX_DAG_OWNER='daniel' AIRFLOW_CTX_DAG_ID='dag_with_postgres_operator_v02' AIRFLOW_CTX_TASK_ID='create_postgres_table' AIRFLOW_CTX_EXECUTION_DATE='2024-03-12T11:09:11.280916+00:00' AIRFLOW_CTX_TRY_NUMBER='1' AIRFLOW_CTX_DAG_RUN_ID='manual__2024-03-12T11:09:11.280916+00:00'
[2024-03-12T11:09:12.709+0000] {sql.py:276} INFO - Executing:  create table if not exists dag_runs(
                dt date,
                dag_id character varying,
                primary key (dt,dag_id)

        )
[2024-03-12T11:09:12.729+0000] {base.py:83} INFO - Using connection ID 'postgres_localhost' for task execution.
[2024-03-12T11:09:12.753+0000] {base.py:83} INFO - Using connection ID 'postgres_localhost' for task execution.
[2024-03-12T11:09:12.769+0000] {sql.py:457} INFO - Running statement:  create table if not exists dag_runs(
                dt date,
                dag_id character varying,
                primary key (dt,dag_id)

        ), parameters: None
[2024-03-12T11:09:12.785+0000] {logging_mixin.py:188} WARNING - /home/***/.local/lib/python3.8/site-packages/***/providers/common/sql/hooks/sql.py:407 AirflowProviderDeprecationWarning: Call to deprecated method _make_common_data_structure. (The `_make_serializable` method is deprecated and support will be removed in a future version of the common.sql provider. Please update the DbApiHook's provider to a version based on common.sql >= 1.9.1.)
[2024-03-12T11:09:12.806+0000] {taskinstance.py:1149} INFO - Marking task as SUCCESS. dag_id=dag_with_postgres_operator_v02, task_id=create_postgres_table, execution_date=20240312T110911, start_date=20240312T110912, end_date=20240312T110912
[2024-03-12T11:09:12.863+0000] {local_task_job_runner.py:234} INFO - Task exited with return code 0
[2024-03-12T11:09:12.899+0000] {logging_mixin.py:188} WARNING - /home/***/.local/lib/python3.8/site-packages/***/models/baseoperator.py:1201 AirflowProviderDeprecationWarning: Call to deprecated class PostgresOperator. (Please use `***.providers.common.sql.operators.sql.SQLExecuteQueryOperator`.Also, you can provide `hook_params={'schema': <database>}`.)
[2024-03-12T11:09:12.924+0000] {taskinstance.py:3309} INFO - 1 downstream tasks scheduled from follow-on schedule check
